#
# A fatal error has been detected by the Java Runtime Environment:
#
#  SIGSEGV (0xb) at pc=0x00000001332a0449, pid=11952, tid=147011
#
# JRE version: Java(TM) SE Runtime Environment (8.0_45-b14) (build 1.8.0_45-b14)
# Java VM: Java HotSpot(TM) 64-Bit Server VM (25.45-b02 mixed mode bsd-amd64 compressed oops)
# Problematic frame:
# C  [libkdu_v75R.dylib+0x44449]  _ZN8kdu_core11kdu_subband11close_blockEPNS_9kdu_blockEPNS_14kdu_thread_envE+0x199
#
# Failed to write core dump. Core dumps have been disabled. To enable core dumping, try "ulimit -c unlimited" before starting Java again
#
# If you would like to submit a bug report, please visit:
#   http://bugreport.java.com/bugreport/crash.jsp
# The crash happened outside the Java Virtual Machine in native code.
# See problematic frame for where to report the bug.
#

---------------  T H R E A D  ---------------

Current thread (0x00007fa703020000):  JavaThread "Decoding-Data" [_thread_in_native, id=147011, stack(0x0000000148039000,0x0000000148139000)]

siginfo: si_signo: 11 (SIGSEGV), si_code: 1 (SEGV_MAPERR), si_addr: 0x0000000000000020

Registers:
RAX=0xffffffffffffffff, RBX=0x00007fa6fbce2440, RCX=0x0000000000000080, RDX=0x00007fa6fbce2440
RSP=0x0000000148137e80, RBP=0x0000000148137ed0, RSI=0x00007fa703020800, RDI=0x000000014bac2d50
R8 =0x0000000000000000, R9 =0x0000000000001fa2, R10=0x0000000000000040, R11=0x0000000000000100
R12=0x0000000000000000, R13=0x00007fa6fbce2f98, R14=0x0000000000000001, R15=0x00007fa6fc9243d0
RIP=0x00000001332a0449, EFLAGS=0x0000000000010297, ERR=0x0000000000000006
  TRAPNO=0x000000000000000e

Top of Stack: (sp=0x0000000148137e80)
0x0000000148137e80:   0000000000540101 0000000133330bc0
0x0000000148137e90:   0000000000008501 00000001333311c0
0x0000000148137ea0:   1000be709cd23882 00007fa6fbce2440
0x0000000148137eb0:   0000000000000040 0000000000000040
0x0000000148137ec0:   000000014bac2d50 0000000000000013
0x0000000148137ed0:   0000000148137ff0 0000000133267570
0x0000000148137ee0:   0000000000000000 3a22b88700000006
0x0000000148137ef0:   0000000140a2b887 0000000000000000
0x0000000148137f00:   0000000000000001 01007fa64722b887
0x0000000148137f10:   3722b88730a2b887 00007fa702647990
0x0000000148137f20:   00000001000001c0 000000014bac2d50
0x0000000148137f30:   01007fa70000000c 00007fa6fbce2440
0x0000000148137f40:   0000000000000004 000000000000000c
0x0000000148137f50:   000000014bac2d40 00000001fbce2440
0x0000000148137f60:   0000000000000003 0000000000000040
0x0000000148137f70:   00007fa6fbce2f98 00007fa703820800
0x0000000148137f80:   00000000000000c0 00007fa7022864e0
0x0000000148137f90:   0000000000010000 0000000000000001
0x0000000148137fa0:   0000000148137ff0 00000001332e483c
0x0000000148137fb0:   000000013332f740 0000000100001004
0x0000000148137fc0:   00007fa6fbce2440 00007fa6fbce2ef0
0x0000000148137fd0:   0000000000000000 0000000000000000
0x0000000148137fe0:   00007fa6fbce2440 0000000000000000
0x0000000148137ff0:   0000000148138090 00000001332db0a5
0x0000000148138000:   0000000003020800 00007fff7b5bb1b0
0x0000000148138010:   0000000000000000 0000000000000001
0x0000000148138020:   0100000108b94000 0000000000000000
0x0000000148138030:   0000000000138060 0000000000000000
0x0000000148138040:   0100000108bc4000 0000000000000000
0x0000000148138050:   00007fa6fbce2ef0 00007fa6fbce2440
0x0000000148138060:   0000000148138080 00007fa6fbce2ef0
0x0000000148138070:   00007fa6fbce2440 00007fa702286410 

Instructions: (pc=0x00000001332a0449)
0x00000001332a0429:   c6 47 12 ff 4c 8b 65 c0 44 8b 75 d0 48 8b 75 b8
0x00000001332a0439:   45 85 f6 0f 8e 98 08 00 00 44 89 f0 f7 d8 48 98
0x00000001332a0449:   f0 49 0f c1 44 24 20 44 39 f0 0f 85 81 08 00 00
0x00000001332a0459:   48 81 c6 c8 04 00 00 48 8b 0e 49 89 4c 24 38 48 

Register to memory mapping:

RAX=0xffffffffffffffff is an unknown value
RBX=0x00007fa6fbce2440 is an unknown value
RCX=0x0000000000000080 is an unknown value
RDX=0x00007fa6fbce2440 is an unknown value
RSP=0x0000000148137e80 is pointing into the stack for thread: 0x00007fa703020000
RBP=0x0000000148137ed0 is pointing into the stack for thread: 0x00007fa703020000
RSI=0x00007fa703020800 is an unknown value
RDI=0x000000014bac2d50 is an unknown value
R8 =0x0000000000000000 is an unknown value
R9 =0x0000000000001fa2 is an unknown value
R10=0x0000000000000040 is an unknown value
R11=0x0000000000000100 is an unknown value
R12=0x0000000000000000 is an unknown value
R13=0x00007fa6fbce2f98 is an unknown value
R14=0x0000000000000001 is an unknown value
R15=0x00007fa6fc9243d0 is an unknown value


Stack: [0x0000000148039000,0x0000000148139000],  sp=0x0000000148137e80,  free space=1019k
Native frames: (J=compiled Java code, j=interpreted, Vv=VM code, C=native code)
C  [libkdu_v75R.dylib+0x44449]  _ZN8kdu_core11kdu_subband11close_blockEPNS_9kdu_blockEPNS_14kdu_thread_envE+0x199
C  [libkdu_v75R.dylib+0xb570]  _ZN13kd_core_local14kd_decoder_job13decode_blocksEPS0_PN8kdu_core14kdu_thread_envE+0xc00
C  [libkdu_v75R.dylib+0x7f0a5]  _ZN8kdu_core17kdu_thread_entity12process_jobsEPNS_27kdu_thread_entity_conditionE+0x735
C  [libkdu_v75R.dylib+0x7e048]  _ZN8kdu_core17kdu_thread_entity18wait_for_conditionEPKc+0x38
C  [libkdu_v75R.dylib+0x896ce]  _ZN13kd_core_local18kd_multi_component26get_new_synthesized_stripeEPN8kdu_core14kdu_thread_envE+0x10e
C  [libkdu_v75R.dylib+0x8cef3]  _ZN13kd_core_local18kd_multi_synthesis8get_lineEPNS_13kd_multi_lineEiPN8kdu_core14kdu_thread_envE+0x153
C  [libkdu_v75R.dylib+0x8cd7a]  _ZN13kd_core_local18kd_multi_synthesis8get_lineEiPN8kdu_core14kdu_thread_envE+0x5a
C  [libkdu_a75R.dylib+0x82074]  _ZN8kdu_supp23kdu_region_decompressor15process_genericEiiN8kdu_core10kdu_coordsEiiiRNS1_8kdu_dimsES4_ii+0x71e
C  [libkdu_a75R.dylib+0x85ded]  _ZN8kdu_supp23kdu_region_decompressor7processEPhPiiN8kdu_core10kdu_coordsEiiiRNS3_8kdu_dimsES6_ibiii+0x1cd
C  [libkdu_a75R.dylib+0x6d020]  _ZN13kd_supp_local11kdrc_stream7processEiRN8kdu_core8kdu_dimsERi+0x746
C  [libkdu_a75R.dylib+0x777dd]  _ZN8kdu_supp21kdu_region_compositor7processEiRN8kdu_core8kdu_dimsEi+0x1f3
C  [libkdu_jni.jnilib+0x5db2d]  Java_kdu_1jni_Kdu_1region_1compositor_Process+0xa1
j  kdu_jni.Kdu_region_compositor.Process(ILkdu_jni/Kdu_dims;I)Z+0
j  kdu_jni.Kdu_region_compositor.Process(ILkdu_jni/Kdu_dims;)Z+4
j  org.helioviewer.jhv.viewmodel.view.jp2view.newjpx.KakaduRender.getImage(IIFLjava/awt/Rectangle;)Ljava/nio/ByteBuffer;+253
j  org.helioviewer.jhv.viewmodel.view.jp2view.newjpx.UltimateLayer.getImageData(Ljava/time/LocalDateTime;Lorg/helioviewer/jhv/base/ImageRegion;Lorg/helioviewer/jhv/viewmodel/metadata/MetaData;Z)Ljava/nio/ByteBuffer;+238
j  org.helioviewer.jhv.layers.ImageLayer$1.run()V+125
j  java.lang.Thread.run()V+11
v  ~StubRoutines::call_stub
V  [libjvm.dylib+0x2e032a]
V  [libjvm.dylib+0x2e0ab8]
V  [libjvm.dylib+0x2e0c64]
V  [libjvm.dylib+0x3331a5]
V  [libjvm.dylib+0x549acf]
V  [libjvm.dylib+0x54b1c0]
V  [libjvm.dylib+0x46ea7e]
C  [libsystem_pthread.dylib+0x3268]  _pthread_body+0x83
C  [libsystem_pthread.dylib+0x31e5]  _pthread_body+0x0
C  [libsystem_pthread.dylib+0x141d]  thread_start+0xd
C  0x0000000000000000

Java frames: (J=compiled Java code, j=interpreted, Vv=VM code)
j  kdu_jni.Kdu_region_compositor.Process(ILkdu_jni/Kdu_dims;I)Z+0
j  kdu_jni.Kdu_region_compositor.Process(ILkdu_jni/Kdu_dims;)Z+4
j  org.helioviewer.jhv.viewmodel.view.jp2view.newjpx.KakaduRender.getImage(IIFLjava/awt/Rectangle;)Ljava/nio/ByteBuffer;+253
j  org.helioviewer.jhv.viewmodel.view.jp2view.newjpx.UltimateLayer.getImageData(Ljava/time/LocalDateTime;Lorg/helioviewer/jhv/base/ImageRegion;Lorg/helioviewer/jhv/viewmodel/metadata/MetaData;Z)Ljava/nio/ByteBuffer;+238
j  org.helioviewer.jhv.layers.ImageLayer$1.run()V+125
j  java.lang.Thread.run()V+11
v  ~StubRoutines::call_stub

---------------  P R O C E S S  ---------------

Java Threads: ( => current thread )
=>0x00007fa703020000 JavaThread "Decoding-Data" [_thread_in_native, id=147011, stack(0x0000000148039000,0x0000000148139000)]
  0x00007fa6fc227800 JavaThread "UI latency watchdog" daemon [_thread_blocked, id=85519, stack(0x00000001324a6000,0x00000001325a6000)]
  0x00007fa6fb473800 JavaThread "DestroyJavaVM" [_thread_blocked, id=4867, stack(0x0000000108c90000,0x0000000108d90000)]
  0x00007fa6fadcf800 JavaThread "Download-Thread-5" [_thread_blocked, id=82435, stack(0x000000013b485000,0x000000013b585000)]
  0x00007fa6fadce800 JavaThread "Download-Thread-4" [_thread_blocked, id=81923, stack(0x000000013b382000,0x000000013b482000)]
  0x00007fa6fadce000 JavaThread "Download-Thread-3" [_thread_blocked, id=81411, stack(0x000000013b27f000,0x000000013b37f000)]
  0x00007fa6fadcd000 JavaThread "Download-Thread-2" [_thread_blocked, id=80899, stack(0x000000013b17c000,0x000000013b27c000)]
  0x00007fa6fad5e800 JavaThread "Download-Thread-1" [_thread_blocked, id=80387, stack(0x000000013b079000,0x000000013b179000)]
  0x00007fa6fad5e000 JavaThread "Download-Thread-0" [_thread_blocked, id=79875, stack(0x000000013af76000,0x000000013b076000)]
  0x00007fa6fd011000 JavaThread "Image Fetcher 1" daemon [_thread_blocked, id=78867, stack(0x0000000138cfc000,0x0000000138dfc000)]
  0x00007fa6fba36000 JavaThread "Image Fetcher 0" daemon [_thread_blocked, id=71943, stack(0x0000000131048000,0x0000000131148000)]
  0x00007fa6fd80e800 JavaThread "Thread-6" daemon [_thread_in_native, id=69635, stack(0x0000000130199000,0x0000000130219000)]
  0x00007fa6faa81800 JavaThread "Thread-5" daemon [_thread_blocked, id=63759, stack(0x000000012b856000,0x000000012b956000)]
  0x00007fa6fa8d5000 JavaThread "QuantumRenderer-0" daemon [_thread_blocked, id=64263, stack(0x000000012af8e000,0x000000012b08e000)]
  0x00007fa6faaac000 JavaThread "Timer-0" daemon [_thread_blocked, id=65807, stack(0x000000012b1f3000,0x000000012b2f3000)]
  0x00007fa6fc229800 JavaThread "TimerQueue" daemon [_thread_blocked, id=68179, stack(0x0000000130094000,0x0000000130194000)]
  0x00007fa6fb114800 JavaThread "AWT-EventQueue-0" [_thread_blocked, id=56579, stack(0x000000012990f000,0x0000000129a0f000)]
  0x00007fa6fa9e8000 JavaThread "Java2D Disposer" daemon [_thread_blocked, id=56075, stack(0x0000000129796000,0x0000000129896000)]
  0x00007fa6fa9e2000 JavaThread "Java2D Queue Flusher" daemon [_thread_blocked, id=52999, stack(0x0000000128980000,0x0000000128a80000)]
  0x00007fa6fa9c1800 JavaThread "AWT-Shutdown" [_thread_blocked, id=30739, stack(0x0000000125984000,0x0000000125a84000)]
  0x00007fa6fc008800 JavaThread "AWT-AppKit" daemon [_thread_in_native, id=1811, stack(0x00007fff56887000,0x00007fff57087000)]
  0x00007fa6fb839000 JavaThread "Service Thread" daemon [_thread_blocked, id=20739, stack(0x0000000123c87000,0x0000000123d87000)]
  0x00007fa6fb83b000 JavaThread "C1 CompilerThread3" daemon [_thread_blocked, id=20227, stack(0x0000000123b84000,0x0000000123c84000)]
  0x00007fa6fc00a800 JavaThread "C2 CompilerThread2" daemon [_thread_blocked, id=19715, stack(0x0000000123a81000,0x0000000123b81000)]
  0x00007fa6fb801000 JavaThread "C2 CompilerThread1" daemon [_thread_blocked, id=19203, stack(0x000000012397e000,0x0000000123a7e000)]
  0x00007fa6fa82e000 JavaThread "C2 CompilerThread0" daemon [_thread_blocked, id=18691, stack(0x000000012387b000,0x000000012397b000)]
  0x00007fa6fa83c000 JavaThread "Signal Dispatcher" daemon [_thread_blocked, id=14611, stack(0x0000000123778000,0x0000000123878000)]
  0x00007fa6fb015800 JavaThread "Finalizer" daemon [_thread_blocked, id=13571, stack(0x0000000121d6a000,0x0000000121e6a000)]
  0x00007fa6fb015000 JavaThread "Reference Handler" daemon [_thread_blocked, id=13059, stack(0x0000000121c67000,0x0000000121d67000)]

Other Threads:
  0x00007fa6fa817800 VMThread [stack: 0x0000000121b64000,0x0000000121c64000] [id=12547]
  0x00007fa6fc012000 WatcherThread [stack: 0x0000000123d8a000,0x0000000123e8a000] [id=21251]

VM state:not at safepoint (normal execution)

VM Mutex/Monitor currently owned by a thread: None

Heap:
 PSYoungGen      total 76288K, used 56021K [0x0000000795580000, 0x000000079aa80000, 0x00000007c0000000)
  eden space 65536K, 69% used [0x0000000795580000,0x00000007981bc8e0,0x0000000799580000)
  from space 10752K, 99% used [0x000000079a000000,0x000000079aa78f18,0x000000079aa80000)
  to   space 10752K, 0% used [0x0000000799580000,0x0000000799580000,0x000000079a000000)
 ParOldGen       total 74752K, used 14585K [0x0000000740000000, 0x0000000744900000, 0x0000000795580000)
  object space 74752K, 19% used [0x0000000740000000,0x0000000740e3e538,0x0000000744900000)
 Metaspace       used 33012K, capacity 33489K, committed 33920K, reserved 1079296K
  class space    used 4004K, capacity 4145K, committed 4224K, reserved 1048576K

Card table byte_map: [0x000000011a129000,0x000000011a52a000] byte_map_base: 0x0000000116729000

Marking Bits: (ParMarkBitMap*) 0x000000010a6c27a0
 Begin Bits: [0x000000011afed000, 0x000000011cfed000)
 End Bits:   [0x000000011cfed000, 0x000000011efed000)

Polling page: 0x0000000108dd5000

CodeCache: size=245760Kb used=9716Kb max_used=10089Kb free=236043Kb
 bounds [0x000000010ad69000, 0x000000010b759000, 0x0000000119d69000]
 total_blobs=4128 nmethods=3092 adapters=947
 compilation: enabled

Compilation events (10 events):
Event: 10.555 Thread 0x00007fa6fc00a800 nmethod 3450 0x000000010b11ca10 code [0x000000010b11cb60, 0x000000010b11cc18]
Event: 10.555 Thread 0x00007fa6fb83b000 nmethod 3448 0x000000010b5e9d50 code [0x000000010b5ea100, 0x000000010b5ec338]
Event: 10.555 Thread 0x00007fa6fb83b000 3449       3       sun.java2d.SunGraphics2D::setClip (14 bytes)
Event: 10.556 Thread 0x00007fa6fb83b000 nmethod 3449 0x000000010b15f290 code [0x000000010b15f400, 0x000000010b15f6d8]
Event: 10.557 Thread 0x00007fa6fb801000 3451       4       org.helioviewer.jhv.base.math.Matrix4d::<init> (149 bytes)
Event: 10.557 Thread 0x00007fa6fa82e000 3452       4       org.helioviewer.jhv.base.math.Quaternion3d::toMatrix (219 bytes)
Event: 10.558 Thread 0x00007fa6fb801000 nmethod 3451 0x000000010b663050 code [0x000000010b6631a0, 0x000000010b663398]
Event: 10.558 Thread 0x00007fa6fc00a800 3453 %     4       com.sun.org.apache.xerces.internal.impl.XMLDocumentFragmentScannerImpl::scanDocument @ 13 (272 bytes)
Event: 10.559 Thread 0x00007fa6fa82e000 nmethod 3452 0x000000010b5e96d0 code [0x000000010b5e9860, 0x000000010b5e9b98]
Event: 10.563 Thread 0x00007fa6fc00a800 nmethod 3453% 0x000000010b458090 code [0x000000010b458300, 0x000000010b458720]

GC Heap History (6 events):
Event: 2.562 GC heap before
{Heap before GC invocations=1 (full 0):
 PSYoungGen      total 76288K, used 43264K [0x0000000795580000, 0x000000079aa80000, 0x00000007c0000000)
  eden space 65536K, 66% used [0x0000000795580000,0x0000000797fc00c8,0x0000000799580000)
  from space 10752K, 0% used [0x000000079a000000,0x000000079a000000,0x000000079aa80000)
  to   space 10752K, 0% used [0x0000000799580000,0x0000000799580000,0x000000079a000000)
 ParOldGen       total 175104K, used 0K [0x0000000740000000, 0x000000074ab00000, 0x0000000795580000)
  object space 175104K, 0% used [0x0000000740000000,0x0000000740000000,0x000000074ab00000)
 Metaspace       used 20676K, capacity 20993K, committed 21248K, reserved 1069056K
  class space    used 2312K, capacity 2433K, committed 2560K, reserved 1048576K
Event: 2.567 GC heap after
Heap after GC invocations=1 (full 0):
 PSYoungGen      total 76288K, used 9166K [0x0000000795580000, 0x000000079aa80000, 0x00000007c0000000)
  eden space 65536K, 0% used [0x0000000795580000,0x0000000795580000,0x0000000799580000)
  from space 10752K, 85% used [0x0000000799580000,0x0000000799e73a00,0x000000079a000000)
  to   space 10752K, 0% used [0x000000079a000000,0x000000079a000000,0x000000079aa80000)
 ParOldGen       total 175104K, used 16K [0x0000000740000000, 0x000000074ab00000, 0x0000000795580000)
  object space 175104K, 0% used [0x0000000740000000,0x0000000740004000,0x000000074ab00000)
 Metaspace       used 20676K, capacity 20993K, committed 21248K, reserved 1069056K
  class space    used 2312K, capacity 2433K, committed 2560K, reserved 1048576K
}
Event: 2.567 GC heap before
{Heap before GC invocations=2 (full 1):
 PSYoungGen      total 76288K, used 9166K [0x0000000795580000, 0x000000079aa80000, 0x00000007c0000000)
  eden space 65536K, 0% used [0x0000000795580000,0x0000000795580000,0x0000000799580000)
  from space 10752K, 85% used [0x0000000799580000,0x0000000799e73a00,0x000000079a000000)
  to   space 10752K, 0% used [0x000000079a000000,0x000000079a000000,0x000000079aa80000)
 ParOldGen       total 175104K, used 16K [0x0000000740000000, 0x000000074ab00000, 0x0000000795580000)
  object space 175104K, 0% used [0x0000000740000000,0x0000000740004000,0x000000074ab00000)
 Metaspace       used 20676K, capacity 20993K, committed 21248K, reserved 1069056K
  class space    used 2312K, capacity 2433K, committed 2560K, reserved 1048576K
Event: 2.586 GC heap after
Heap after GC invocations=2 (full 1):
 PSYoungGen      total 76288K, used 0K [0x0000000795580000, 0x000000079aa80000, 0x00000007c0000000)
  eden space 65536K, 0% used [0x0000000795580000,0x0000000795580000,0x0000000799580000)
  from space 10752K, 0% used [0x0000000799580000,0x0000000799580000,0x000000079a000000)
  to   space 10752K, 0% used [0x000000079a000000,0x000000079a000000,0x000000079aa80000)
 ParOldGen       total 74752K, used 8787K [0x0000000740000000, 0x0000000744900000, 0x0000000795580000)
  object space 74752K, 11% used [0x0000000740000000,0x0000000740894d30,0x0000000744900000)
 Metaspace       used 20676K, capacity 20993K, committed 21248K, reserved 1069056K
  class space    used 2312K, capacity 2433K, committed 2560K, reserved 1048576K
}
Event: 6.993 GC heap before
{Heap before GC invocations=3 (full 1):
 PSYoungGen      total 76288K, used 65536K [0x0000000795580000, 0x000000079aa80000, 0x00000007c0000000)
  eden space 65536K, 100% used [0x0000000795580000,0x0000000799580000,0x0000000799580000)
  from space 10752K, 0% used [0x0000000799580000,0x0000000799580000,0x000000079a000000)
  to   space 10752K, 0% used [0x000000079a000000,0x000000079a000000,0x000000079aa80000)
 ParOldGen       total 74752K, used 8787K [0x0000000740000000, 0x0000000744900000, 0x0000000795580000)
  object space 74752K, 11% used [0x0000000740000000,0x0000000740894d30,0x0000000744900000)
 Metaspace       used 32706K, capacity 33125K, committed 33664K, reserved 1079296K
  class space    used 3990K, capacity 4111K, committed 4224K, reserved 1048576K
Event: 7.000 GC heap after
Heap after GC invocations=3 (full 1):
 PSYoungGen      total 76288K, used 10723K [0x0000000795580000, 0x000000079aa80000, 0x00000007c0000000)
  eden space 65536K, 0% used [0x0000000795580000,0x0000000795580000,0x0000000799580000)
  from space 10752K, 99% used [0x000000079a000000,0x000000079aa78f18,0x000000079aa80000)
  to   space 10752K, 0% used [0x0000000799580000,0x0000000799580000,0x000000079a000000)
 ParOldGen       total 74752K, used 14585K [0x0000000740000000, 0x0000000744900000, 0x0000000795580000)
  object space 74752K, 19% used [0x0000000740000000,0x0000000740e3e538,0x0000000744900000)
 Metaspace       used 32706K, capacity 33125K, committed 33664K, reserved 1079296K
  class space    used 3990K, capacity 4111K, committed 4224K, reserved 1048576K
}

Deoptimization events (10 events):
Event: 3.225 Thread 0x00007fa6fb802800 Uncommon trap: reason=unstable_if action=reinterpret pc=0x000000010b3328ec method=java.lang.String.regionMatches(ZILjava/lang/String;II)Z @ 123
Event: 3.336 Thread 0x00007fa6fadcf800 Uncommon trap: reason=class_check action=maybe_recompile pc=0x000000010b18958c method=java.io.BufferedInputStream.read1([BII)I @ 39
Event: 3.337 Thread 0x00007fa6fadcf800 Uncommon trap: reason=class_check action=maybe_recompile pc=0x000000010b18958c method=java.io.BufferedInputStream.read1([BII)I @ 39
Event: 3.377 Thread 0x00007fa6fb802800 Uncommon trap: reason=predicate action=maybe_recompile pc=0x000000010b45df34 method=java.awt.image.ComponentSampleModel.getPixel(II[ILjava/awt/image/DataBuffer;)[I @ 79
Event: 3.377 Thread 0x00007fa6fb802800 Uncommon trap: reason=predicate action=maybe_recompile pc=0x000000010b44a738 method=java.awt.image.ComponentSampleModel.getPixel(II[ILjava/awt/image/DataBuffer;)[I @ 79
Event: 3.548 Thread 0x00007fa6fc474000 Uncommon trap: reason=unstable_if action=reinterpret pc=0x000000010b0f1530 method=java.util.ArrayList.rangeCheck(I)V @ 5
Event: 4.242 Thread 0x00007fa6fc008800 Uncommon trap: reason=unstable_if action=reinterpret pc=0x000000010b55f600 method=java.util.ArrayList.indexOf(Ljava/lang/Object;)I @ 1
Event: 4.421 Thread 0x00007fa6fb114800 Uncommon trap: reason=unstable_if action=reinterpret pc=0x000000010b56ba08 method=javax.swing.RepaintManager.addDirtyRegion0(Ljava/awt/Container;IIII)V @ 7
Event: 4.421 Thread 0x00007fa6fb114800 Uncommon trap: reason=unstable_if action=reinterpret pc=0x000000010b564480 method=javax.swing.RepaintManager.addDirtyRegion0(Ljava/awt/Container;IIII)V @ 7
Event: 7.110 Thread 0x00007fa6fb114800 Uncommon trap: reason=unstable_if action=reinterpret pc=0x000000010b483088 method=java.awt.image.ComponentColorModel.extractComponent(Ljava/lang/Object;II)I @ 497

Internal exceptions (10 events):
Event: 3.320 Thread 0x00007fa6fb802800 Exception <a 'java/io/FileNotFoundException'> (0x00000007977052f0) thrown at [/Users/java_re/workspace/8-2-build-macosx-x86_64/jdk8u45/3457/hotspot/src/share/vm/prims/jni.cpp, line 709]
Event: 3.321 Thread 0x00007fa6fb802800 Exception <a 'java/io/FileNotFoundException'> (0x00000007977085a0) thrown at [/Users/java_re/workspace/8-2-build-macosx-x86_64/jdk8u45/3457/hotspot/src/share/vm/prims/jni.cpp, line 709]
Event: 3.321 Thread 0x00007fa6fb802800 Exception <a 'java/io/FileNotFoundException'> (0x000000079770b850) thrown at [/Users/java_re/workspace/8-2-build-macosx-x86_64/jdk8u45/3457/hotspot/src/share/vm/prims/jni.cpp, line 709]
Event: 3.322 Thread 0x00007fa6fb802800 Exception <a 'java/io/FileNotFoundException'> (0x000000079770eb00) thrown at [/Users/java_re/workspace/8-2-build-macosx-x86_64/jdk8u45/3457/hotspot/src/share/vm/prims/jni.cpp, line 709]
Event: 3.322 Thread 0x00007fa6fb802800 Exception <a 'java/io/FileNotFoundException'> (0x0000000797711db0) thrown at [/Users/java_re/workspace/8-2-build-macosx-x86_64/jdk8u45/3457/hotspot/src/share/vm/prims/jni.cpp, line 709]
Event: 3.322 Thread 0x00007fa6fb802800 Exception <a 'java/io/FileNotFoundException'> (0x0000000797715060) thrown at [/Users/java_re/workspace/8-2-build-macosx-x86_64/jdk8u45/3457/hotspot/src/share/vm/prims/jni.cpp, line 709]
Event: 3.385 Thread 0x00007fa6fb802800 Exception <a 'java/io/FileNotFoundException'> (0x0000000797b509e8) thrown at [/Users/java_re/workspace/8-2-build-macosx-x86_64/jdk8u45/3457/hotspot/src/share/vm/prims/jni.cpp, line 709]
Event: 3.391 Thread 0x00007fa6fb802800 Exception <a 'java/io/FileNotFoundException'> (0x0000000797b94f50) thrown at [/Users/java_re/workspace/8-2-build-macosx-x86_64/jdk8u45/3457/hotspot/src/share/vm/prims/jni.cpp, line 709]
Event: 3.678 Thread 0x00007fa6fb114800 Exception <a 'java/io/FileNotFoundException'> (0x00000007980dfe08) thrown at [/Users/java_re/workspace/8-2-build-macosx-x86_64/jdk8u45/3457/hotspot/src/share/vm/prims/jni.cpp, line 709]
Event: 4.228 Thread 0x00007fa6fb114800 Exception <a 'java/lang/NullPointerException'> (0x00000007982cc718) thrown at [/Users/java_re/workspace/8-2-build-macosx-x86_64/jdk8u45/3457/hotspot/src/share/vm/interpreter/linkResolver.cpp, line 1178]

Events (10 events):
Event: 10.549 Executing VM operation: RevokeBias
Event: 10.549 Executing VM operation: RevokeBias done
Event: 10.549 Executing VM operation: RevokeBias
Event: 10.549 Executing VM operation: RevokeBias done
Event: 10.550 Executing VM operation: RevokeBias
Event: 10.550 Executing VM operation: RevokeBias done
Event: 10.550 Executing VM operation: RevokeBias
Event: 10.550 Executing VM operation: RevokeBias done
Event: 10.554 Thread 0x00007fa703020000 Thread added: 0x00007fa703020000
Event: 10.555 Thread 0x00007fa6fc488000 Thread added: 0x00007fa6fc488000


Dynamic libraries:
0x000000000a610000 	/System/Library/Frameworks/Cocoa.framework/Versions/A/Cocoa
0x000000000a610000 	/System/Library/Frameworks/Security.framework/Versions/A/Security
0x000000000a610000 	/System/Library/Frameworks/ApplicationServices.framework/Versions/A/ApplicationServices
0x000000000a610000 	/usr/lib/libz.1.dylib
0x000000000a610000 	/usr/lib/libSystem.B.dylib
0x000000000a610000 	/usr/lib/libobjc.A.dylib
0x000000000a610000 	/System/Library/Frameworks/CoreFoundation.framework/Versions/A/CoreFoundation
0x000000000a610000 	/System/Library/Frameworks/Foundation.framework/Versions/C/Foundation
0x000000000a610000 	/System/Library/Frameworks/AppKit.framework/Versions/C/AppKit
0x000000000a610000 	/System/Library/Frameworks/CoreData.framework/Versions/A/CoreData
0x000000000a610000 	/System/Library/PrivateFrameworks/RemoteViewServices.framework/Versions/A/RemoteViewServices
0x000000000a610000 	/System/Library/PrivateFrameworks/UIFoundation.framework/Versions/A/UIFoundation
0x000000000a610000 	/System/Library/Frameworks/IOSurface.framework/Versions/A/IOSurface
0x000000000a610000 	/System/Library/Frameworks/AudioToolbox.framework/Versions/A/AudioToolbox
0x000000000a610000 	/System/Library/Frameworks/AudioUnit.framework/Versions/A/AudioUnit
0x000000000a610000 	/System/Library/PrivateFrameworks/DataDetectorsCore.framework/Versions/A/DataDetectorsCore
0x000000000a610000 	/System/Library/PrivateFrameworks/DesktopServicesPriv.framework/Versions/A/DesktopServicesPriv
0x000000000a610000 	/System/Library/Frameworks/Carbon.framework/Versions/A/Frameworks/HIToolbox.framework/Versions/A/HIToolbox
0x000000000a610000 	/System/Library/Frameworks/QuartzCore.framework/Versions/A/QuartzCore
0x000000000a610000 	/System/Library/Frameworks/Carbon.framework/Versions/A/Frameworks/SpeechRecognition.framework/Versions/A/SpeechRecognition
0x000000000a610000 	/usr/lib/libauto.dylib
0x000000000a610000 	/usr/lib/libicucore.A.dylib
0x000000000a610000 	/usr/lib/libxml2.2.dylib
0x000000000a610000 	/System/Library/PrivateFrameworks/CoreUI.framework/Versions/A/CoreUI
0x000000000a610000 	/System/Library/Frameworks/CoreAudio.framework/Versions/A/CoreAudio
0x000000000a610000 	/System/Library/Frameworks/DiskArbitration.framework/Versions/A/DiskArbitration
0x000000000a610000 	/usr/lib/liblangid.dylib
0x000000000a610000 	/System/Library/PrivateFrameworks/MultitouchSupport.framework/Versions/A/MultitouchSupport
0x000000000a610000 	/System/Library/Frameworks/IOKit.framework/Versions/A/IOKit
0x000000000a610000 	/usr/lib/libDiagnosticMessagesClient.dylib
0x000000000a610000 	/System/Library/Frameworks/CoreServices.framework/Versions/A/CoreServices
0x000000000a610000 	/System/Library/PrivateFrameworks/PerformanceAnalysis.framework/Versions/A/PerformanceAnalysis
0x000000000a610000 	/System/Library/PrivateFrameworks/GenerationalStorage.framework/Versions/A/GenerationalStorage
0x000000000a610000 	/System/Library/Frameworks/OpenGL.framework/Versions/A/OpenGL
0x000000000a610000 	/System/Library/PrivateFrameworks/Sharing.framework/Versions/A/Sharing
0x000000000a610000 	/System/Library/Frameworks/CoreGraphics.framework/Versions/A/CoreGraphics
0x000000000a610000 	/System/Library/Frameworks/CoreText.framework/Versions/A/CoreText
0x000000000a610000 	/System/Library/Frameworks/ImageIO.framework/Versions/A/ImageIO
0x000000000a610000 	/usr/lib/libextension.dylib
0x000000000a610000 	/System/Library/PrivateFrameworks/Backup.framework/Versions/A/Backup
0x000000000a610000 	/usr/lib/libarchive.2.dylib
0x000000000a610000 	/System/Library/Frameworks/CFNetwork.framework/Versions/A/CFNetwork
0x000000000a610000 	/System/Library/Frameworks/SystemConfiguration.framework/Versions/A/SystemConfiguration
0x000000000a610000 	/usr/lib/libCRFSuite.dylib
0x000000000a610000 	/usr/lib/libc++.1.dylib
0x000000000a610000 	/usr/lib/libc++abi.dylib
0x000000000a610000 	/usr/lib/system/libcache.dylib
0x000000000a610000 	/usr/lib/system/libcommonCrypto.dylib
0x000000000a610000 	/usr/lib/system/libcompiler_rt.dylib
0x000000000a610000 	/usr/lib/system/libcopyfile.dylib
0x000000000a610000 	/usr/lib/system/libcorecrypto.dylib
0x000000000a610000 	/usr/lib/system/libdispatch.dylib
0x000000000a610000 	/usr/lib/system/libdyld.dylib
0x000000000a610000 	/usr/lib/system/libkeymgr.dylib
0x000000000a610000 	/usr/lib/system/liblaunch.dylib
0x000000000a610000 	/usr/lib/system/libmacho.dylib
0x000000000a610000 	/usr/lib/system/libquarantine.dylib
0x000000000a610000 	/usr/lib/system/libremovefile.dylib
0x000000000a610000 	/usr/lib/system/libsystem_asl.dylib
0x000000000a610000 	/usr/lib/system/libsystem_blocks.dylib
0x000000000a610000 	/usr/lib/system/libsystem_c.dylib
0x000000000a610000 	/usr/lib/system/libsystem_configuration.dylib
0x000000000a610000 	/usr/lib/system/libsystem_coreservices.dylib
0x000000000a610000 	/usr/lib/system/libsystem_coretls.dylib
0x000000000a610000 	/usr/lib/system/libsystem_dnssd.dylib
0x000000000a610000 	/usr/lib/system/libsystem_info.dylib
0x000000000a610000 	/usr/lib/system/libsystem_kernel.dylib
0x000000000a610000 	/usr/lib/system/libsystem_m.dylib
0x000000000a610000 	/usr/lib/system/libsystem_malloc.dylib
0x000000000a610000 	/usr/lib/system/libsystem_network.dylib
0x000000000a610000 	/usr/lib/system/libsystem_networkextension.dylib
0x000000000a610000 	/usr/lib/system/libsystem_notify.dylib
0x000000000a610000 	/usr/lib/system/libsystem_platform.dylib
0x000000000a610000 	/usr/lib/system/libsystem_pthread.dylib
0x000000000a610000 	/usr/lib/system/libsystem_sandbox.dylib
0x000000000a610000 	/usr/lib/system/libsystem_secinit.dylib
0x000000000a610000 	/usr/lib/system/libsystem_stats.dylib
0x000000000a610000 	/usr/lib/system/libsystem_trace.dylib
0x000000000a610000 	/usr/lib/system/libunc.dylib
0x000000000a610000 	/usr/lib/system/libunwind.dylib
0x000000000a610000 	/usr/lib/system/libxpc.dylib
0x000000000a610000 	/usr/lib/libbz2.1.0.dylib
0x000000000a610000 	/usr/lib/liblzma.5.dylib
0x000000000a610000 	/usr/lib/libbsm.0.dylib
0x000000000a610000 	/usr/lib/libsqlite3.dylib
0x000000000a610000 	/usr/lib/system/libkxld.dylib
0x000000000a610000 	/usr/lib/libxar.1.dylib
0x000000000a610000 	/usr/lib/libpam.2.dylib
0x000000000a610000 	/usr/lib/libOpenScriptingUtil.dylib
0x000000000a610000 	/System/Library/Frameworks/CoreServices.framework/Versions/A/Frameworks/FSEvents.framework/Versions/A/FSEvents
0x000000000a610000 	/System/Library/Frameworks/CoreServices.framework/Versions/A/Frameworks/CarbonCore.framework/Versions/A/CarbonCore
0x000000000a610000 	/System/Library/Frameworks/CoreServices.framework/Versions/A/Frameworks/Metadata.framework/Versions/A/Metadata
0x000000000a610000 	/System/Library/Frameworks/CoreServices.framework/Versions/A/Frameworks/OSServices.framework/Versions/A/OSServices
0x000000000a610000 	/System/Library/Frameworks/CoreServices.framework/Versions/A/Frameworks/SearchKit.framework/Versions/A/SearchKit
0x000000000a610000 	/System/Library/Frameworks/CoreServices.framework/Versions/A/Frameworks/AE.framework/Versions/A/AE
0x000000000a610000 	/System/Library/Frameworks/CoreServices.framework/Versions/A/Frameworks/LaunchServices.framework/Versions/A/LaunchServices
0x000000000a610000 	/System/Library/Frameworks/CoreServices.framework/Versions/A/Frameworks/DictionaryServices.framework/Versions/A/DictionaryServices
0x000000000a610000 	/System/Library/Frameworks/NetFS.framework/Versions/A/NetFS
0x000000000a610000 	/System/Library/PrivateFrameworks/NetAuth.framework/Versions/A/NetAuth
0x000000000a610000 	/System/Library/PrivateFrameworks/login.framework/Versions/A/Frameworks/loginsupport.framework/Versions/A/loginsupport
0x000000000a610000 	/System/Library/PrivateFrameworks/TCC.framework/Versions/A/TCC
0x000000000a610000 	/usr/lib/libmecabra.dylib
0x000000000a610000 	/System/Library/Frameworks/ApplicationServices.framework/Versions/A/Frameworks/ATS.framework/Versions/A/ATS
0x000000000a610000 	/System/Library/Frameworks/ApplicationServices.framework/Versions/A/Frameworks/ColorSync.framework/Versions/A/ColorSync
0x000000000a610000 	/System/Library/Frameworks/ApplicationServices.framework/Versions/A/Frameworks/HIServices.framework/Versions/A/HIServices
0x000000000a610000 	/System/Library/Frameworks/ApplicationServices.framework/Versions/A/Frameworks/LangAnalysis.framework/Versions/A/LangAnalysis
0x000000000a610000 	/System/Library/Frameworks/ApplicationServices.framework/Versions/A/Frameworks/PrintCore.framework/Versions/A/PrintCore
0x000000000a610000 	/System/Library/Frameworks/ApplicationServices.framework/Versions/A/Frameworks/QD.framework/Versions/A/QD
0x000000000a610000 	/System/Library/Frameworks/ApplicationServices.framework/Versions/A/Frameworks/SpeechSynthesis.framework/Versions/A/SpeechSynthesis
0x000000000a610000 	/System/Library/Frameworks/Accelerate.framework/Versions/A/Accelerate
0x000000000a610000 	/System/Library/Frameworks/Accelerate.framework/Versions/A/Frameworks/vImage.framework/Versions/A/vImage
0x000000000a610000 	/System/Library/Frameworks/Accelerate.framework/Versions/A/Frameworks/vecLib.framework/Versions/A/vecLib
0x000000000a610000 	/System/Library/Frameworks/Accelerate.framework/Versions/A/Frameworks/vecLib.framework/Versions/A/libvDSP.dylib
0x000000000a610000 	/System/Library/Frameworks/Accelerate.framework/Versions/A/Frameworks/vecLib.framework/Versions/A/libvMisc.dylib
0x000000000a610000 	/System/Library/Frameworks/Accelerate.framework/Versions/A/Frameworks/vecLib.framework/Versions/A/libLAPACK.dylib
0x000000000a610000 	/System/Library/Frameworks/Accelerate.framework/Versions/A/Frameworks/vecLib.framework/Versions/A/libBLAS.dylib
0x000000000a610000 	/System/Library/Frameworks/Accelerate.framework/Versions/A/Frameworks/vecLib.framework/Versions/A/libLinearAlgebra.dylib
0x000000000a610000 	/System/Library/Frameworks/ApplicationServices.framework/Versions/A/Frameworks/ATS.framework/Versions/A/Resources/libFontParser.dylib
0x000000000a610000 	/System/Library/Frameworks/ApplicationServices.framework/Versions/A/Frameworks/ATS.framework/Versions/A/Resources/libFontRegistry.dylib
0x000000000a610000 	/System/Library/PrivateFrameworks/AppleVPA.framework/Versions/A/AppleVPA
0x000000000a610000 	/System/Library/PrivateFrameworks/AppleJPEG.framework/Versions/A/AppleJPEG
0x000000000a610000 	/System/Library/Frameworks/ImageIO.framework/Versions/A/Resources/libJPEG.dylib
0x000000000a610000 	/System/Library/Frameworks/ImageIO.framework/Versions/A/Resources/libTIFF.dylib
0x000000000a610000 	/System/Library/Frameworks/ImageIO.framework/Versions/A/Resources/libPng.dylib
0x000000000a610000 	/System/Library/Frameworks/ImageIO.framework/Versions/A/Resources/libGIF.dylib
0x000000000a610000 	/System/Library/Frameworks/ImageIO.framework/Versions/A/Resources/libJP2.dylib
0x000000000a610000 	/System/Library/Frameworks/ImageIO.framework/Versions/A/Resources/libRadiance.dylib
0x000000000a610000 	/System/Library/Frameworks/CoreVideo.framework/Versions/A/CoreVideo
0x000000000a610000 	/System/Library/Frameworks/OpenGL.framework/Versions/A/Libraries/libGLU.dylib
0x000000000a610000 	/System/Library/Frameworks/OpenGL.framework/Versions/A/Libraries/libGFXShared.dylib
0x000000000a610000 	/System/Library/Frameworks/OpenGL.framework/Versions/A/Libraries/libGL.dylib
0x000000000a610000 	/System/Library/Frameworks/OpenGL.framework/Versions/A/Libraries/libGLImage.dylib
0x000000000a610000 	/System/Library/Frameworks/OpenGL.framework/Versions/A/Libraries/libCVMSPluginSupport.dylib
0x000000000a610000 	/System/Library/Frameworks/OpenGL.framework/Versions/A/Libraries/libCoreVMClient.dylib
0x000000000a610000 	/usr/lib/libcups.2.dylib
0x000000000a610000 	/System/Library/Frameworks/Kerberos.framework/Versions/A/Kerberos
0x000000000a610000 	/System/Library/Frameworks/GSS.framework/Versions/A/GSS
0x000000000a610000 	/usr/lib/libresolv.9.dylib
0x000000000a610000 	/usr/lib/libiconv.2.dylib
0x000000000a610000 	/System/Library/PrivateFrameworks/Heimdal.framework/Versions/A/Heimdal
0x000000000a610000 	/usr/lib/libheimdal-asn1.dylib
0x000000000a610000 	/System/Library/Frameworks/OpenDirectory.framework/Versions/A/OpenDirectory
0x000000000a610000 	/System/Library/PrivateFrameworks/CommonAuth.framework/Versions/A/CommonAuth
0x000000000a610000 	/System/Library/Frameworks/OpenDirectory.framework/Versions/A/Frameworks/CFOpenDirectory.framework/Versions/A/CFOpenDirectory
0x000000000a610000 	/System/Library/Frameworks/SecurityFoundation.framework/Versions/A/SecurityFoundation
0x000000000a610000 	/System/Library/PrivateFrameworks/LanguageModeling.framework/Versions/A/LanguageModeling
0x000000000a610000 	/usr/lib/libcmph.dylib
0x000000000a610000 	/System/Library/Frameworks/ServiceManagement.framework/Versions/A/ServiceManagement
0x000000000a610000 	/usr/lib/libxslt.1.dylib
0x000000000a610000 	/System/Library/Frameworks/Carbon.framework/Versions/A/Frameworks/Ink.framework/Versions/A/Ink
0x000000000a610000 	/System/Library/Frameworks/QuartzCore.framework/Versions/A/Frameworks/CoreImage.framework/Versions/A/CoreImage
0x000000000a610000 	/System/Library/PrivateFrameworks/CrashReporterSupport.framework/Versions/A/CrashReporterSupport
0x000000000a610000 	/System/Library/Frameworks/OpenCL.framework/Versions/A/OpenCL
0x000000000a610000 	/System/Library/PrivateFrameworks/FaceCore.framework/Versions/A/FaceCore
0x000000000a610000 	/System/Library/PrivateFrameworks/Ubiquity.framework/Versions/A/Ubiquity
0x000000000a610000 	/System/Library/PrivateFrameworks/IconServices.framework/Versions/A/IconServices
0x000000000a610000 	/System/Library/PrivateFrameworks/ChunkingLibrary.framework/Versions/A/ChunkingLibrary
0x000000000a610000 	/System/Library/PrivateFrameworks/Apple80211.framework/Versions/A/Apple80211
0x000000000a610000 	/System/Library/Frameworks/CoreWLAN.framework/Versions/A/CoreWLAN
0x000000000a610000 	/System/Library/Frameworks/IOBluetooth.framework/Versions/A/IOBluetooth
0x000000000a610000 	/System/Library/PrivateFrameworks/CoreWiFi.framework/Versions/A/CoreWiFi
0x000000000a610000 	/System/Library/Frameworks/CoreBluetooth.framework/Versions/A/CoreBluetooth
0x000000000a610000 	/System/Library/PrivateFrameworks/DebugSymbols.framework/Versions/A/DebugSymbols
0x000000000a610000 	/System/Library/PrivateFrameworks/CoreSymbolication.framework/Versions/A/CoreSymbolication
0x000000000a610000 	/System/Library/PrivateFrameworks/Symbolication.framework/Versions/A/Symbolication
0x000000000a610000 	/System/Library/PrivateFrameworks/SpeechRecognitionCore.framework/Versions/A/SpeechRecognitionCore
0x0000000109e00000 	/Library/Java/JavaVirtualMachines/jdk1.8.0_45.jdk/Contents/Home/jre/lib/server/libjvm.dylib
0x000000000a610000 	/usr/lib/libstdc++.6.dylib
0x0000000108d92000 	/Library/Java/JavaVirtualMachines/jdk1.8.0_45.jdk/Contents/Home/jre/lib/libverify.dylib
0x0000000108da0000 	/Library/Java/JavaVirtualMachines/jdk1.8.0_45.jdk/Contents/Home/jre/lib/libjava.dylib
0x0000000108ddf000 	/Library/Java/JavaVirtualMachines/jdk1.8.0_45.jdk/Contents/Home/jre/lib/libzip.dylib
0x0000000121e6c000 	/System/Library/Frameworks/JavaVM.framework/Frameworks/JavaRuntimeSupport.framework/JavaRuntimeSupport
0x0000000108de9000 	/System/Library/Frameworks/JavaVM.framework/Versions/A/Frameworks/JavaNativeFoundation.framework/Versions/A/JavaNativeFoundation
0x0000000121e84000 	/System/Library/Frameworks/JavaVM.framework/Versions/A/JavaVM
0x000000000a610000 	/System/Library/Frameworks/Carbon.framework/Versions/A/Carbon
0x0000000121e91000 	/System/Library/PrivateFrameworks/JavaLaunching.framework/Versions/A/JavaLaunching
0x000000000a610000 	/System/Library/Frameworks/Carbon.framework/Versions/A/Frameworks/CommonPanels.framework/Versions/A/CommonPanels
0x000000000a610000 	/System/Library/Frameworks/Carbon.framework/Versions/A/Frameworks/Help.framework/Versions/A/Help
0x000000000a610000 	/System/Library/Frameworks/Carbon.framework/Versions/A/Frameworks/ImageCapture.framework/Versions/A/ImageCapture
0x000000000a610000 	/System/Library/Frameworks/Carbon.framework/Versions/A/Frameworks/OpenScripting.framework/Versions/A/OpenScripting
0x000000000a610000 	/System/Library/Frameworks/Carbon.framework/Versions/A/Frameworks/Print.framework/Versions/A/Print
0x000000000a610000 	/System/Library/Frameworks/Carbon.framework/Versions/A/Frameworks/SecurityHI.framework/Versions/A/SecurityHI
0x0000000123fe8000 	/Library/Java/JavaVirtualMachines/jdk1.8.0_45.jdk/Contents/Home/jre/lib/libawt.dylib
0x0000000124090000 	/Library/Java/JavaVirtualMachines/jdk1.8.0_45.jdk/Contents/Home/jre/lib/./libmlib_image.dylib
0x000000012415c000 	/Library/Java/JavaVirtualMachines/jdk1.8.0_45.jdk/Contents/Home/jre/lib/libawt_lwawt.dylib
0x0000000124210000 	/Library/Java/JavaVirtualMachines/jdk1.8.0_45.jdk/Contents/Home/jre/lib/./libosxapp.dylib
0x000000000a610000 	/System/Library/Frameworks/ExceptionHandling.framework/Versions/A/ExceptionHandling
0x000000000a610000 	/System/Library/PrivateFrameworks/CoreServicesInternal.framework/Versions/A/CoreServicesInternal
0x000000000a610000 	/System/Library/PrivateFrameworks/CloudDocs.framework/Versions/A/CloudDocs
0x000000000a610000 	/System/Library/PrivateFrameworks/CoreDuet.framework/Versions/A/CoreDuet
0x000000000a610000 	/System/Library/Frameworks/CloudKit.framework/Versions/A/CloudKit
0x000000000a610000 	/System/Library/PrivateFrameworks/ProtocolBuffer.framework/Versions/A/ProtocolBuffer
0x000000000a610000 	/System/Library/PrivateFrameworks/CoreDuetDaemonProtocol.framework/Versions/A/CoreDuetDaemonProtocol
0x000000000a610000 	/System/Library/PrivateFrameworks/CoreDuetDebugLogging.framework/Versions/A/CoreDuetDebugLogging
0x000000000a610000 	/System/Library/PrivateFrameworks/MMCS.framework/Versions/A/MMCS
0x000000000a610000 	/System/Library/Frameworks/CoreLocation.framework/Versions/A/CoreLocation
0x000000000a610000 	/System/Library/PrivateFrameworks/ProtectedCloudStorage.framework/Versions/A/ProtectedCloudStorage
0x000000000a610000 	/System/Library/PrivateFrameworks/GeoServices.framework/Versions/A/GeoServices
0x000000000a610000 	/System/Library/Frameworks/CoreGraphics.framework/Versions/A/Resources/libCGCMS.A.dylib
0x000000000a610000 	/System/Library/Frameworks/CoreGraphics.framework/Versions/A/Resources/libRIP.A.dylib
0x000000000a610000 	/System/Library/Frameworks/CoreGraphics.framework/Versions/A/Resources/libCGXType.A.dylib
0x000000000a610000 	/System/Library/Frameworks/OpenCL.framework/Versions/A/Libraries/libcldcpuengine.dylib
0x000000000a610000 	/System/Library/PrivateFrameworks/DiskImages.framework/Versions/A/DiskImages
0x000000000a610000 	/System/Library/Frameworks/DiscRecording.framework/Versions/A/DiscRecording
0x000000000a610000 	/usr/lib/libcsfde.dylib
0x000000000a610000 	/usr/lib/libcurl.4.dylib
0x000000000a610000 	/System/Library/PrivateFrameworks/MediaKit.framework/Versions/A/MediaKit
0x000000000a610000 	/usr/lib/libCoreStorage.dylib
0x000000000a610000 	/System/Library/PrivateFrameworks/EFILogin.framework/Versions/A/EFILogin
0x000000000a610000 	/usr/lib/libutil.dylib
0x000000000a610000 	/System/Library/PrivateFrameworks/FindMyDevice.framework/Versions/A/FindMyDevice
0x000000000a610000 	/System/Library/Frameworks/LDAP.framework/Versions/A/LDAP
0x000000000a610000 	/usr/lib/libsasl2.2.dylib
0x000000000a610000 	/System/Library/PrivateFrameworks/CoreDaemon.framework/Versions/B/CoreDaemon
0x000000000a610000 	/usr/lib/libcrypto.0.9.8.dylib
0x000000000a610000 	/System/Library/PrivateFrameworks/AppleSRP.framework/Versions/A/AppleSRP
0x000000000a610000 	/System/Library/PrivateFrameworks/TrustEvaluationAgent.framework/Versions/A/TrustEvaluationAgent
0x00000001274d2000 	cl_kernels
0x00000001274d4000 	/System/Library/Frameworks/OpenCL.framework/Versions/A/Libraries/ImageFormats/unorm8_bgra.dylib
0x00000001274c4000 	cl_kernels
0x000000000a610000 	/System/Library/PrivateFrameworks/FamilyControls.framework/Versions/A/FamilyControls
0x000000000a610000 	/System/Library/PrivateFrameworks/CommerceKit.framework/Versions/A/Frameworks/CommerceCore.framework/Versions/A/CommerceCore
0x000000000a610000 	/System/Library/PrivateFrameworks/SystemAdministration.framework/Versions/A/SystemAdministration
0x000000000a610000 	/System/Library/PrivateFrameworks/AppContainer.framework/Versions/A/AppContainer
0x000000000a610000 	/System/Library/PrivateFrameworks/SecCodeWrapper.framework/Versions/A/SecCodeWrapper
0x000000000a610000 	/System/Library/Frameworks/DirectoryService.framework/Versions/A/DirectoryService
0x000000000a610000 	/System/Library/PrivateFrameworks/LoginUIKit.framework/Versions/A/Frameworks/LoginUICore.framework/Versions/A/LoginUICore
0x000000000a610000 	/usr/lib/libodfde.dylib
0x000000000a610000 	/System/Library/Frameworks/OpenGL.framework/Versions/A/Resources/GLEngine.bundle/GLEngine
0x000000000a610000 	/System/Library/Frameworks/OpenGL.framework/Versions/A/Libraries/libGLProgrammability.dylib
0x0000000000000000 	/System/Library/Extensions/AppleIntelHD5000GraphicsGLDriver.bundle/Contents/MacOS/AppleIntelHD5000GraphicsGLDriver
0x000000000a610000 	/System/Library/PrivateFrameworks/IOAccelerator.framework/Versions/A/IOAccelerator
0x000000000a610000 	/System/Library/PrivateFrameworks/GPUSupport.framework/Versions/A/Libraries/libGPUSupportMercury.dylib
0x0000000000000000 	/System/Library/Extensions/GeForceGLDriver.bundle/Contents/MacOS/GeForceGLDriver
0x000000000a610000 	/System/Library/Extensions/GeForceGLDriver.bundle/Contents/MacOS/libclh.dylib
0x000000000a610000 	/System/Library/Frameworks/OpenGL.framework/Versions/A/Resources/GLRendererFloat.bundle/GLRendererFloat
0x000000012989d000 	/Library/Java/JavaVirtualMachines/jdk1.8.0_45.jdk/Contents/Home/jre/lib/libfontmanager.dylib
0x0000000129904000 	/Library/Java/JavaVirtualMachines/jdk1.8.0_45.jdk/Contents/Home/jre/lib/libosxui.dylib
0x0000000129eb4000 	/Library/Java/JavaVirtualMachines/jdk1.8.0_45.jdk/Contents/Home/jre/lib/libnet.dylib
0x0000000129f13000 	/Library/Java/JavaVirtualMachines/jdk1.8.0_45.jdk/Contents/Home/jre/lib/libnio.dylib
0x000000000a610000 	/System/Library/Frameworks/Accelerate.framework/Versions/A/Frameworks/vImage.framework/Versions/A/Libraries/libCGInterfaces.dylib
0x000000012aeda000 	/Library/Java/JavaVirtualMachines/jdk1.8.0_45.jdk/Contents/Home/jre/lib/libosx.dylib
0x000000012b090000 	/Library/Java/JavaVirtualMachines/jdk1.8.0_45.jdk/Contents/Home/jre/lib/libprism_es2.dylib
0x000000012b0e5000 	/private/var/folders/_3/gr58kqxs4vq4rdz44_t3sk9c0000gn/T/jogamp_0000/file_cache/jln8124322237893102038/jln8450757864523674379/libgluegen-rt.jnilib
0x000000012b74b000 	/Library/Java/JavaVirtualMachines/jdk1.8.0_45.jdk/Contents/Home/jre/lib/libglass.dylib
0x000000012b0ec000 	/private/var/folders/_3/gr58kqxs4vq4rdz44_t3sk9c0000gn/T/jogamp_0000/file_cache/jln8124322237893102038/jln8450757864523674379/libnativewindow_awt.jnilib
0x000000012b1eb000 	/Library/Java/JavaVirtualMachines/jdk1.8.0_45.jdk/Contents/Home/jre/lib/libjawt.dylib
0x000000012b60f000 	/private/var/folders/_3/gr58kqxs4vq4rdz44_t3sk9c0000gn/T/jogamp_0000/file_cache/jln8124322237893102038/jln8450757864523674379/libnativewindow_macosx.jnilib
0x000000012dcdc000 	/private/var/folders/_3/gr58kqxs4vq4rdz44_t3sk9c0000gn/T/jogamp_0000/file_cache/jln8124322237893102038/jln8450757864523674379/libjogl_desktop.jnilib
0x000000012ddb4000 	/private/var/folders/_3/gr58kqxs4vq4rdz44_t3sk9c0000gn/T/jogamp_0000/file_cache/jln8124322237893102038/jln8450757864523674379/libjogl_mobile.jnilib
0x0000000133122000 	/Users/stefanmeier/Documents/FHNW/JHelioviewer/JHelioviewer/lib/native/libkdu_jni.jnilib
0x000000013325c000 	/Users/stefanmeier/Documents/FHNW/JHelioviewer/JHelioviewer/lib/native/libkdu_v75R.dylib
0x000000013335b000 	/Users/stefanmeier/Documents/FHNW/JHelioviewer/JHelioviewer/lib/native/libkdu_a75R.dylib
0x0000000140c1b000 	/Library/Java/JavaVirtualMachines/jdk1.8.0_45.jdk/Contents/Home/jre/lib/libdcpr.dylib
0x00000001313fe000 	/System/Library/Frameworks/Security.framework/PlugIns/csparser.bundle/Contents/MacOS/csparser
0x000000000a610000 	/System/Library/PrivateFrameworks/FinderKit.framework/Versions/A/FinderKit
0x000000000a610000 	/System/Library/PrivateFrameworks/Suggestions.framework/Versions/A/Suggestions
0x000000000a610000 	/System/Library/Frameworks/Quartz.framework/Versions/A/Frameworks/QuickLookUI.framework/Versions/A/QuickLookUI
0x000000000a610000 	/System/Library/Frameworks/Quartz.framework/Versions/A/Frameworks/ImageKit.framework/Versions/A/ImageKit
0x000000000a610000 	/System/Library/PrivateFrameworks/Bom.framework/Versions/A/Bom
0x000000000a610000 	/System/Library/Frameworks/QuickLook.framework/Versions/A/QuickLook
0x000000000a610000 	/System/Library/PrivateFrameworks/AppleSystemInfo.framework/Versions/A/AppleSystemInfo
0x000000000a610000 	/System/Library/Frameworks/ImageCaptureCore.framework/Versions/A/ImageCaptureCore
0x000000000a610000 	/System/Library/Frameworks/AddressBook.framework/Versions/A/AddressBook
0x000000000a610000 	/System/Library/PrivateFrameworks/IntlPreferences.framework/Versions/A/IntlPreferences
0x000000000a610000 	/System/Library/PrivateFrameworks/ToneLibrary.framework/Versions/A/ToneLibrary
0x000000000a610000 	/System/Library/PrivateFrameworks/ToneKit.framework/Versions/A/ToneKit
0x000000000a610000 	/System/Library/PrivateFrameworks/vCard.framework/Versions/A/vCard
0x000000000a610000 	/System/Library/PrivateFrameworks/ApplePushService.framework/Versions/A/ApplePushService
0x000000000a610000 	/System/Library/PrivateFrameworks/ContactsData.framework/Versions/A/ContactsData
0x000000000a610000 	/System/Library/PrivateFrameworks/ContactsFoundation.framework/Versions/A/ContactsFoundation
0x000000000a610000 	/System/Library/Frameworks/SecurityInterface.framework/Versions/A/SecurityInterface
0x000000000a610000 	/System/Library/PrivateFrameworks/PhoneNumbers.framework/Versions/A/PhoneNumbers
0x000000000a610000 	/System/Library/Frameworks/Quartz.framework/Versions/A/Quartz
0x000000000a610000 	/System/Library/Frameworks/AVFoundation.framework/Versions/A/AVFoundation
0x000000000a610000 	/System/Library/Frameworks/AVFoundation.framework/Versions/A/Resources/libAVFAudio.dylib
0x000000000a610000 	/System/Library/Frameworks/CoreMedia.framework/Versions/A/CoreMedia
0x000000000a610000 	/System/Library/Frameworks/MediaToolbox.framework/Versions/A/MediaToolbox
0x000000000a610000 	/System/Library/Frameworks/VideoToolbox.framework/Versions/A/VideoToolbox
0x000000000a610000 	/System/Library/Frameworks/CoreMediaIO.framework/Versions/A/CoreMediaIO
0x000000000a610000 	/System/Library/PrivateFrameworks/MediaControlSender.framework/Versions/A/MediaControlSender
0x000000000a610000 	/System/Library/PrivateFrameworks/CoreAVCHD.framework/Versions/A/CoreAVCHD
0x000000000a610000 	/System/Library/Frameworks/MediaAccessibility.framework/Versions/A/MediaAccessibility
0x000000000a610000 	/System/Library/PrivateFrameworks/Mangrove.framework/Versions/A/Mangrove
0x000000000a610000 	/System/Library/PrivateFrameworks/CoreAUC.framework/Versions/A/CoreAUC
0x000000000a610000 	/System/Library/PrivateFrameworks/NetworkStatistics.framework/Versions/A/NetworkStatistics
0x000000000a610000 	/System/Library/PrivateFrameworks/AirPlaySupport.framework/Versions/A/AirPlaySupport
0x000000000a610000 	/System/Library/PrivateFrameworks/CoreUtils.framework/Versions/A/CoreUtils
0x000000000a610000 	/System/Library/PrivateFrameworks/AppleVA.framework/Versions/A/AppleVA
0x000000000a610000 	/System/Library/PrivateFrameworks/XPCService.framework/Versions/A/XPCService
0x000000000a610000 	/System/Library/PrivateFrameworks/AppSandbox.framework/Versions/A/AppSandbox
0x000000000a610000 	/usr/lib/libsandbox.1.dylib
0x000000000a610000 	/usr/lib/libMatch.1.dylib
0x000000000a610000 	/System/Library/PrivateFrameworks/SafariServices.framework/Versions/A/SafariServices
0x000000000a610000 	/usr/lib/libspindump.dylib
0x000000000a610000 	/System/Library/Frameworks/QTKit.framework/Versions/A/QTKit
0x000000000a610000 	/System/Library/PrivateFrameworks/CoreMediaAuthoring.framework/Versions/A/CoreMediaAuthoring
0x000000000a610000 	/System/Library/Frameworks/Quartz.framework/Versions/A/Frameworks/QuartzComposer.framework/Versions/A/QuartzComposer
0x000000000a610000 	/System/Library/Frameworks/Quartz.framework/Versions/A/Frameworks/PDFKit.framework/Versions/A/PDFKit
0x000000000a610000 	/System/Library/Frameworks/Quartz.framework/Versions/A/Frameworks/QuartzFilters.framework/Versions/A/QuartzFilters
0x000000000a610000 	/System/Library/Frameworks/JavaScriptCore.framework/Versions/A/JavaScriptCore
0x000000000a610000 	/System/Library/PrivateFrameworks/CorePDF.framework/Versions/A/CorePDF
0x000000000a610000 	/System/Library/PrivateFrameworks/DisplayServices.framework/Versions/A/DisplayServices
0x000000000a610000 	/System/Library/PrivateFrameworks/AppleFSCompression.framework/Versions/A/AppleFSCompression
0x00000001314be000 	/System/Library/PrivateFrameworks/CacheDelete.framework/CacheDelete
0x000000000a610000 	/System/Library/PrivateFrameworks/PlugInKit.framework/Versions/A/PlugInKit
0x000000000a610000 	/System/Library/CoreServices/RawCamera.bundle/Contents/MacOS/RawCamera
0x00000001338fc000 	/System/Library/Frameworks/OpenCL.framework/Versions/A/Libraries/ImageFormats/unorm8_rgba.dylib
0x00000001329b6000 	cl_kernels
0x0000000132b9e000 	cl_kernels
0x0000000132ba2000 	cl_kernels

VM Arguments:
jvm_args: -Dapple.laf.useScreenMenuBar=true -Xmx2048m -Djava.library.path=/Users/stefanmeier/Documents/FHNW/JHelioviewer/JHelioviewer/lib/native:/Users/stefanmeier/Documents/FHNW/JHelioviewer/JHelioviewer/lib/native -Dfile.encoding=UTF-8 
java_command: org.helioviewer.jhv.JHelioviewer
java_class_path (initial): /Users/stefanmeier/Documents/FHNW/JHelioviewer/JHelioviewer/bin:/Users/stefanmeier/Documents/FHNW/JHelioviewer/JHelioviewer/lib/fits.jar:/Users/stefanmeier/Documents/FHNW/JHelioviewer/JHelioviewer/lib/forms-1.3.0.jar:/Users/stefanmeier/Documents/FHNW/JHelioviewer/JHelioviewer/lib/gluegen-rt.jar:/Users/stefanmeier/Documents/FHNW/JHelioviewer/JHelioviewer/lib/jgoodies-forms-1.8.0.jar:/Users/stefanmeier/Documents/FHNW/JHelioviewer/JHelioviewer/lib/json.jar:/Users/stefanmeier/Documents/FHNW/JHelioviewer/JHelioviewer/lib/log4j-1.2.16.jar:/Users/stefanmeier/Documents/FHNW/JHelioviewer/JHelioviewer/lib/xuggle-xuggler-5.4-all.jar:/Users/stefanmeier/Documents/FHNW/JHelioviewer/JHelioviewer/lib/bzip2.jar:/Users/stefanmeier/Documents/FHNW/JHelioviewer/JHelioviewer/lib/slf4j-api-1.7.7.jar:/Users/stefanmeier/Documents/FHNW/JHelioviewer/JHelioviewer/lib/slf4j-nop-1.7.7.jar:/Users/stefanmeier/Documents/FHNW/JHelioviewer/JHelioviewer/lib/gson-2.2.4.jar:/Users/stefanmeier/Documents/FHNW/JHelioviewer/JHelioviewer/lib/i4jruntime.jar:/Users/stefanmeier/Documents/FHNW/JHelioviewer/JHelioviewer/lib/kdu.jar:/Users/stefanmeier/Documents/FHNW/JHelioviewer/JHelioviewer/lib/junrar-0.7.jar:/Users/stefanmeier/Documents/FHNW/JHelioviewer/JHelioviewer/lib/commons-logging-1.2.jar:/Users/stefanmeier/Documents/FHNW/JHelioviewer/JHelioviewer/lib/core-2.0.0.jar:/Users/stefanmeier/Documents/FHNW/JHelioviewer/JHelioviewer/lib/gluegen-rt-natives-linux-amd64.jar:/Users/stefanmeier/Documents/FHNW/JHelioviewer/JHelioviewer/lib/gluegen-rt-natives-linux-i586.jar:/Users/stefanmeier/Documents/FHNW/JHelioviewer/JHelioviewer/lib/gluegen-rt-natives-macosx-universal.jar:/Users/stefanmeier/Documents/FHNW/JHelioviewer/JHelioviewer/lib/gluegen-rt-natives-windows-amd64.jar:/Users/stefanmeier/Documents/FHNW/JHelioviewer/JHelioviewer/lib/gluegen-rt-natives-windows-i586.jar:/Users/stefanmeier/Documents/FHNW/JHelioviewer/JHelioviewer/lib/jogl-all-natives-linux-amd64.jar:/Users/stefanmeier/Docum
Launcher Type: SUN_STANDARD

Environment Variables:
PATH=/usr/bin:/bin:/usr/sbin:/sbin
SHELL=/bin/bash

Signal Handlers:
SIGSEGV: [libjvm.dylib+0x58ef95], sa_mask[0]=11111111011111110111111111111111, sa_flags=SA_ONSTACK|SA_RESTART|SA_SIGINFO
SIGBUS: [libjvm.dylib+0x58ef95], sa_mask[0]=11111111011111110111111111111111, sa_flags=SA_RESTART|SA_SIGINFO
SIGFPE: [libjvm.dylib+0x46c108], sa_mask[0]=11111111011111110111111111111111, sa_flags=SA_RESTART|SA_SIGINFO
SIGPIPE: SIG_IGN, sa_mask[0]=00000000000000000000000000000000, sa_flags=SA_RESTART
SIGXFSZ: [libjvm.dylib+0x46c108], sa_mask[0]=11111111011111110111111111111111, sa_flags=SA_RESTART|SA_SIGINFO
SIGILL: [libjvm.dylib+0x46c108], sa_mask[0]=11111111011111110111111111111111, sa_flags=SA_RESTART|SA_SIGINFO
SIGUSR1: SIG_DFL, sa_mask[0]=00000000000000000000000000000000, sa_flags=none
SIGUSR2: [libjvm.dylib+0x46bc26], sa_mask[0]=00100000000000000000000000000000, sa_flags=SA_RESTART|SA_SIGINFO
SIGHUP: [libjvm.dylib+0x46a1f9], sa_mask[0]=11111111011111110111111111111111, sa_flags=SA_RESTART|SA_SIGINFO
SIGINT: [libjvm.dylib+0x46a1f9], sa_mask[0]=11111111011111110111111111111111, sa_flags=SA_RESTART|SA_SIGINFO
SIGTERM: [libjvm.dylib+0x46a1f9], sa_mask[0]=11111111011111110111111111111111, sa_flags=SA_RESTART|SA_SIGINFO
SIGQUIT: [libjvm.dylib+0x46a1f9], sa_mask[0]=11111111011111110111111111111111, sa_flags=SA_RESTART|SA_SIGINFO


---------------  S Y S T E M  ---------------

OS:Bsduname:Darwin 14.4.0 Darwin Kernel Version 14.4.0: Thu May 28 11:35:04 PDT 2015; root:xnu-2782.30.5~1/RELEASE_X86_64 x86_64
rlimit: STACK 8192k, CORE 0k, NPROC 709, NOFILE 10240, AS infinity
load average:6.49 3.72 2.65

CPU:total 8 (4 cores per cpu, 2 threads per core) family 6 model 70 stepping 1, cmov, cx8, fxsr, mmx, sse, sse2, sse3, ssse3, sse4.1, sse4.2, popcnt, avx, avx2, aes, clmul, erms, rtm, lzcnt, ht, tsc, tscinvbit, bmi1, bmi2

Memory: 4k page, physical 16777216k(2799388k free)

/proc/meminfo:


vm_info: Java HotSpot(TM) 64-Bit Server VM (25.45-b02) for bsd-amd64 JRE (1.8.0_45-b14), built on Apr 10 2015 10:46:38 by "java_re" with gcc 4.2.1 (Based on Apple Inc. build 5658) (LLVM build 2336.11.00)

time: Fri Aug 21 13:48:08 2015
elapsed time: 10 seconds (0d 0h 0m 10s)

