#
# A fatal error has been detected by the Java Runtime Environment:
#
#  SIGSEGV (0xb) at pc=0x000000012c3b1449, pid=11919, tid=87571
#
# JRE version: Java(TM) SE Runtime Environment (8.0_45-b14) (build 1.8.0_45-b14)
# Java VM: Java HotSpot(TM) 64-Bit Server VM (25.45-b02 mixed mode bsd-amd64 compressed oops)
# Problematic frame:
# C  [libkdu_v75R.dylib+0x44449]  kdu_core::kdu_subband::close_block(kdu_core::kdu_block*, kdu_core::kdu_thread_env*)+0x199
#
# Failed to write core dump. Core dumps have been disabled. To enable core dumping, try "ulimit -c unlimited" before starting Java again
#
# If you would like to submit a bug report, please visit:
#   http://bugreport.java.com/bugreport/crash.jsp
# The crash happened outside the Java Virtual Machine in native code.
# See problematic frame for where to report the bug.
#

---------------  T H R E A D  ---------------

Current thread (0x00007fec9dc65800):  JavaThread "Decoding-Data" [_thread_in_native, id=87571, stack(0x000000012aa64000,0x000000012ab64000)]

siginfo: si_signo: 11 (SIGSEGV), si_code: 1 (SEGV_MAPERR), si_addr: 0x0000000000000020

Registers:
RAX=0xffffffffffffffff, RBX=0x00007feca490e240, RCX=0x000000000000003f, RDX=0x00007feca490e240
RSP=0x000000012ab62df0, RBP=0x000000012ab62e40, RSI=0x00007fec9bd68e00, RDI=0x000000012ad0d450
R8 =0x0000000000000001, R9 =0x0000000000000100, R10=0x000000000000003f, R11=0x0000000000000000
R12=0x0000000000000000, R13=0x00007feca490ed98, R14=0x0000000000000001, R15=0x00007feca42d65b0
RIP=0x000000012c3b1449, EFLAGS=0x0000000000010297, ERR=0x0000000000000006
  TRAPNO=0x000000000000000e

Top of Stack: (sp=0x000000012ab62df0)
0x000000012ab62df0:   0000000000001500 000000012c442260
0x000000012ab62e00:   0000000000560101 000000012c441b80
0x000000012ab62e10:   6e0020e490bfe387 00007feca490e240
0x000000012ab62e20:   000000000000003f 0000000000000040
0x000000012ab62e30:   000000012ad0d450 0000000000000012
0x000000012ab62e40:   000000012ab62f60 000000012c378570
0x000000012ab62e50:   0000000000000000 39ee200200000006
0x000000012ab62e60:   0000000140ee2002 0000000000000000
0x000000012ab62e70:   0000000000000001 01007fec476e2002
0x000000012ab62e80:   376e200230ee2002 00007feca448a280
0x000000012ab62e90:   0000000100000001 000000012ad0d450
0x000000012ab62ea0:   010000010000000d 00007feca490e240
0x000000012ab62eb0:   0000000000000002 000000000000000d
0x000000012ab62ec0:   000000012ad0d440 00000001a490e240
0x000000012ab62ed0:   0000000000000000 0000000000000040
0x000000012ab62ee0:   00007feca490ed98 00007feca5818000
0x000000012ab62ef0:   0000000000000001 00007feca7858cc0
0x000000012ab62f00:   0000000000010000 0000000000000001
0x000000012ab62f10:   000000012ab62f60 000000012c3f583c
0x000000012ab62f20:   000000012c440740 0000000000001004
0x000000012ab62f30:   00007feca490e240 00007feca490ecf0
0x000000012ab62f40:   0000000000000000 0000000000000000
0x000000012ab62f50:   00007feca490e240 0000000000000000
0x000000012ab62f60:   000000012ab63000 000000012c3ec0a5
0x000000012ab62f70:   000000009e9fb400 00007fff7b5bb1b0
0x000000012ab62f80:   0000000000000000 0000000000000001
0x000000012ab62f90:   01000001022f0000 0000000000000000
0x000000012ab62fa0:   0000000000b62fd0 0000000000000000
0x000000012ab62fb0:   0100000102320000 0000000000000000
0x000000012ab62fc0:   00007feca490ecf0 00007feca490e240
0x000000012ab62fd0:   000000012ab62ff0 00007feca490ecf0
0x000000012ab62fe0:   00007feca490e240 00007feca455bb00 

Instructions: (pc=0x000000012c3b1449)
0x000000012c3b1429:   c6 47 12 ff 4c 8b 65 c0 44 8b 75 d0 48 8b 75 b8
0x000000012c3b1439:   45 85 f6 0f 8e 98 08 00 00 44 89 f0 f7 d8 48 98
0x000000012c3b1449:   f0 49 0f c1 44 24 20 44 39 f0 0f 85 81 08 00 00
0x000000012c3b1459:   48 81 c6 c8 04 00 00 48 8b 0e 49 89 4c 24 38 48 

Register to memory mapping:

RAX=0xffffffffffffffff is an unknown value
RBX=0x00007feca490e240 is an unknown value
RCX=0x000000000000003f is an unknown value
RDX=0x00007feca490e240 is an unknown value
RSP=0x000000012ab62df0 is pointing into the stack for thread: 0x00007fec9dc65800
RBP=0x000000012ab62e40 is pointing into the stack for thread: 0x00007fec9dc65800
RSI=0x00007fec9bd68e00 is an unknown value
RDI=0x000000012ad0d450 is an unknown value
R8 =0x0000000000000001 is an unknown value
R9 =0x0000000000000100 is an unknown value
R10=0x000000000000003f is an unknown value
R11=0x0000000000000000 is an unknown value
R12=0x0000000000000000 is an unknown value
R13=0x00007feca490ed98 is an unknown value
R14=0x0000000000000001 is an unknown value
R15=0x00007feca42d65b0 is an unknown value


Stack: [0x000000012aa64000,0x000000012ab64000],  sp=0x000000012ab62df0,  free space=1019k
Native frames: (J=compiled Java code, j=interpreted, Vv=VM code, C=native code)
C  [libkdu_v75R.dylib+0x44449]  kdu_core::kdu_subband::close_block(kdu_core::kdu_block*, kdu_core::kdu_thread_env*)+0x199
C  [libkdu_v75R.dylib+0xb570]  kd_core_local::kd_decoder_job::decode_blocks(kd_core_local::kd_decoder_job*, kdu_core::kdu_thread_env*)+0xc00
C  [libkdu_v75R.dylib+0x7f0a5]  kdu_core::kdu_thread_entity::process_jobs(kdu_core::kdu_thread_entity_condition*)+0x735
C  [libkdu_v75R.dylib+0x7e048]  kdu_core::kdu_thread_entity::wait_for_condition(char const*)+0x38
C  [libkdu_v75R.dylib+0x896ce]  kd_core_local::kd_multi_component::get_new_synthesized_stripe(kdu_core::kdu_thread_env*)+0x10e
C  [libkdu_v75R.dylib+0x8cef3]  kd_core_local::kd_multi_synthesis::get_line(kd_core_local::kd_multi_line*, int, kdu_core::kdu_thread_env*)+0x153
C  [libkdu_v75R.dylib+0x8cd7a]  kd_core_local::kd_multi_synthesis::get_line(int, kdu_core::kdu_thread_env*)+0x5a
C  [libkdu_a75R.dylib+0x82074]  kdu_supp::kdu_region_decompressor::process_generic(int, int, kdu_core::kdu_coords, int, int, int, kdu_core::kdu_dims&, kdu_core::kdu_dims&, int, int)+0x71e
C  [libkdu_a75R.dylib+0x85ded]  kdu_supp::kdu_region_decompressor::process(unsigned char*, int*, int, kdu_core::kdu_coords, int, int, int, kdu_core::kdu_dims&, kdu_core::kdu_dims&, int, bool, int, int, int)+0x1cd
C  [libkdu_a75R.dylib+0x6d020]  kd_supp_local::kdrc_stream::process(int, kdu_core::kdu_dims&, int&)+0x746
C  [libkdu_a75R.dylib+0x777dd]  kdu_supp::kdu_region_compositor::process(int, kdu_core::kdu_dims&, int)+0x1f3
C  [libkdu_jni.jnilib+0x5db2d]  Java_kdu_1jni_Kdu_1region_1compositor_Process+0xa1
J 4368  kdu_jni.Kdu_region_compositor.Process(ILkdu_jni/Kdu_dims;I)Z (0 bytes) @ 0x00000001050e8682 [0x00000001050e85c0+0xc2]
J 6092 C1 org.helioviewer.jhv.viewmodel.view.jp2view.newjpx.KakaduRender.getImage(IIFLjava/awt/Rectangle;)Ljava/nio/ByteBuffer; (293 bytes) @ 0x000000010579c7ac [0x000000010579b8e0+0xecc]
J 6534 C1 org.helioviewer.jhv.viewmodel.view.jp2view.newjpx.UltimateLayer.getImageData(Ljava/time/LocalDateTime;Lorg/helioviewer/jhv/base/ImageRegion;Lorg/helioviewer/jhv/viewmodel/metadata/MetaData;Z)Ljava/nio/ByteBuffer; (267 bytes) @ 0x0000000104cb84ac [0x0000000104cb7260+0x124c]
J 5830 C1 org.helioviewer.jhv.layers.ImageLayer$1.run()V (149 bytes) @ 0x0000000105659d1c [0x0000000105659900+0x41c]
J 5712 C1 java.lang.Thread.run()V (17 bytes) @ 0x00000001055ef984 [0x00000001055ef840+0x144]
v  ~StubRoutines::call_stub
V  [libjvm.dylib+0x2e032a]  JavaCalls::call_helper(JavaValue*, methodHandle*, JavaCallArguments*, Thread*)+0x6ae
V  [libjvm.dylib+0x2e0ab8]  JavaCalls::call_virtual(JavaValue*, KlassHandle, Symbol*, Symbol*, JavaCallArguments*, Thread*)+0x164
V  [libjvm.dylib+0x2e0c64]  JavaCalls::call_virtual(JavaValue*, Handle, KlassHandle, Symbol*, Symbol*, Thread*)+0x4a
V  [libjvm.dylib+0x3331a5]  thread_entry(JavaThread*, Thread*)+0x7c
V  [libjvm.dylib+0x549acf]  JavaThread::thread_main_inner()+0x9b
V  [libjvm.dylib+0x54b1c0]  JavaThread::run()+0x1c2
V  [libjvm.dylib+0x46ea7e]  java_start(Thread*)+0xf6
C  [libsystem_pthread.dylib+0x3268]  _pthread_body+0x83
C  [libsystem_pthread.dylib+0x31e5]  _pthread_body+0x0
C  [libsystem_pthread.dylib+0x141d]  thread_start+0xd
C  0x0000000000000000

Java frames: (J=compiled Java code, j=interpreted, Vv=VM code)
J 4368  kdu_jni.Kdu_region_compositor.Process(ILkdu_jni/Kdu_dims;I)Z (0 bytes) @ 0x00000001050e860c [0x00000001050e85c0+0x4c]
J 6092 C1 org.helioviewer.jhv.viewmodel.view.jp2view.newjpx.KakaduRender.getImage(IIFLjava/awt/Rectangle;)Ljava/nio/ByteBuffer; (293 bytes) @ 0x000000010579c7ac [0x000000010579b8e0+0xecc]
J 6534 C1 org.helioviewer.jhv.viewmodel.view.jp2view.newjpx.UltimateLayer.getImageData(Ljava/time/LocalDateTime;Lorg/helioviewer/jhv/base/ImageRegion;Lorg/helioviewer/jhv/viewmodel/metadata/MetaData;Z)Ljava/nio/ByteBuffer; (267 bytes) @ 0x0000000104cb84ac [0x0000000104cb7260+0x124c]
J 5830 C1 org.helioviewer.jhv.layers.ImageLayer$1.run()V (149 bytes) @ 0x0000000105659d1c [0x0000000105659900+0x41c]
J 5712 C1 java.lang.Thread.run()V (17 bytes) @ 0x00000001055ef984 [0x00000001055ef840+0x144]
v  ~StubRoutines::call_stub

---------------  P R O C E S S  ---------------

Java Threads: ( => current thread )
=>0x00007fec9dc65800 JavaThread "Decoding-Data" [_thread_in_native, id=87571, stack(0x000000012aa64000,0x000000012ab64000)]
  0x00007fec9dbde800 JavaThread "Decoding-Data" [_thread_in_native, id=103063, stack(0x000000012a873000,0x000000012a973000)]
  0x00007fec9e090800 JavaThread "UI latency watchdog" daemon [_thread_blocked, id=79379, stack(0x000000012b5eb000,0x000000012b6eb000)]
  0x00007fec9f57b000 JavaThread "DestroyJavaVM" [_thread_blocked, id=4867, stack(0x000000010436a000,0x000000010446a000)]
  0x00007fec9c817800 JavaThread "Download-Thread-5" [_thread_blocked, id=76547, stack(0x000000012f50d000,0x000000012f60d000)]
  0x00007fec9dcdb000 JavaThread "Download-Thread-4" [_thread_blocked, id=76035, stack(0x000000012f40a000,0x000000012f50a000)]
  0x00007fec9e042800 JavaThread "Download-Thread-3" [_thread_blocked, id=75523, stack(0x000000012f307000,0x000000012f407000)]
  0x00007fec9f46f000 JavaThread "Download-Thread-2" [_thread_blocked, id=75011, stack(0x000000012f204000,0x000000012f304000)]
  0x00007fec9f46e000 JavaThread "Download-Thread-1" [_thread_blocked, id=74499, stack(0x000000012f101000,0x000000012f201000)]
  0x00007fec9f445800 JavaThread "Download-Thread-0" [_thread_blocked, id=74247, stack(0x000000012dfa9000,0x000000012e0a9000)]
  0x00007fec9dbbc000 JavaThread "Image Fetcher 0" daemon [_thread_blocked, id=66819, stack(0x000000012a2ad000,0x000000012a3ad000)]
  0x00007fec9daa4000 JavaThread "Thread-6" daemon [_thread_in_native, id=64391, stack(0x00000001277a6000,0x0000000127826000)]
  0x00007fec9b995000 JavaThread "Thread-5" daemon [_thread_blocked, id=60443, stack(0x0000000124da8000,0x0000000124ea8000)]
  0x00007fec9b9d8000 JavaThread "QuantumRenderer-0" daemon [_thread_blocked, id=60935, stack(0x00000001246ea000,0x00000001247ea000)]
  0x00007fec9da32000 JavaThread "Timer-0" daemon [_thread_blocked, id=61975, stack(0x0000000127439000,0x0000000127539000)]
  0x00007fec9da5f800 JavaThread "TimerQueue" daemon [_thread_blocked, id=63287, stack(0x00000001298f2000,0x00000001299f2000)]
  0x00007fec9f21e000 JavaThread "AWT-EventQueue-0" [_thread_blocked, id=57351, stack(0x000000012306b000,0x000000012316b000)]
  0x00007fec9f22c000 JavaThread "Java2D Disposer" daemon [_thread_blocked, id=55579, stack(0x0000000122ef2000,0x0000000122ff2000)]
  0x00007fec9b8c1000 JavaThread "Java2D Queue Flusher" daemon [_thread_blocked, id=53511, stack(0x00000001220dc000,0x00000001221dc000)]
  0x00007fec9e929000 JavaThread "AWT-Shutdown" [_thread_blocked, id=30483, stack(0x000000011f0e0000,0x000000011f1e0000)]
  0x00007fec9d90d800 JavaThread "AWT-AppKit" daemon [_thread_in_native, id=1811, stack(0x00007fff5d12b000,0x00007fff5d92b000)]
  0x00007fec9b854800 JavaThread "Service Thread" daemon [_thread_blocked, id=20739, stack(0x000000011d3e3000,0x000000011d4e3000)]
  0x00007fec9f017000 JavaThread "C1 CompilerThread3" daemon [_thread_blocked, id=20227, stack(0x000000011d2e0000,0x000000011d3e0000)]
  0x00007fec9e857800 JavaThread "C2 CompilerThread2" daemon [_thread_blocked, id=19715, stack(0x000000011d1dd000,0x000000011d2dd000)]
  0x00007fec9f016000 JavaThread "C2 CompilerThread1" daemon [_thread_blocked, id=19203, stack(0x000000011d0da000,0x000000011d1da000)]
  0x00007fec9e855800 JavaThread "C2 CompilerThread0" daemon [_thread_blocked, id=18691, stack(0x000000011cfd7000,0x000000011d0d7000)]
  0x00007fec9b819000 JavaThread "Signal Dispatcher" daemon [_thread_blocked, id=14359, stack(0x000000011ced4000,0x000000011cfd4000)]
  0x00007fec9b818800 JavaThread "Finalizer" daemon [_thread_blocked, id=13571, stack(0x000000011b4b3000,0x000000011b5b3000)]
  0x00007fec9b817800 JavaThread "Reference Handler" daemon [_thread_blocked, id=13059, stack(0x000000011b3b0000,0x000000011b4b0000)]

Other Threads:
  0x00007fec9b815000 VMThread [stack: 0x000000011b2ad000,0x000000011b3ad000] [id=12547]
  0x00007fec9b855000 WatcherThread [stack: 0x000000011d4e6000,0x000000011d5e6000] [id=21251]

VM state:not at safepoint (normal execution)

VM Mutex/Monitor currently owned by a thread: None

Heap:
 PSYoungGen      total 94208K, used 9820K [0x0000000795580000, 0x000000079b800000, 0x00000007c0000000)
  eden space 92160K, 8% used [0x0000000795580000,0x0000000795d7e500,0x000000079af80000)
  from space 2048K, 79% used [0x000000079b300000,0x000000079b498b78,0x000000079b500000)
  to   space 3072K, 0% used [0x000000079b500000,0x000000079b500000,0x000000079b800000)
 ParOldGen       total 196096K, used 22212K [0x0000000740000000, 0x000000074bf80000, 0x0000000795580000)
  object space 196096K, 11% used [0x0000000740000000,0x00000007415b13d8,0x000000074bf80000)
 Metaspace       used 34883K, capacity 35293K, committed 35672K, reserved 1081344K
  class space    used 4017K, capacity 4145K, committed 4224K, reserved 1048576K

Card table byte_map: [0x0000000113872000,0x0000000113c73000] byte_map_base: 0x000000010fe72000

Marking Bits: (ParMarkBitMap*) 0x0000000103cc27a0
 Begin Bits: [0x0000000114736000, 0x0000000116736000)
 End Bits:   [0x0000000116736000, 0x0000000118736000)

Polling page: 0x00000001023f9000

CodeCache: size=245760Kb used=20226Kb max_used=21404Kb free=225533Kb
 bounds [0x00000001044b2000, 0x0000000105a12000, 0x00000001134b2000]
 total_blobs=6725 nmethods=5688 adapters=947
 compilation: enabled

Compilation events (10 events):
Event: 64.730 Thread 0x00007fec9f017000 6979       3       java.time.LocalDateTime::isBefore (30 bytes)
Event: 64.730 Thread 0x00007fec9f017000 nmethod 6979 0x0000000104875d10 code [0x0000000104875ec0, 0x0000000104876628]
Event: 64.730 Thread 0x00007fec9f017000 6980       3       java.time.LocalDateTime::isAfter (30 bytes)
Event: 64.730 Thread 0x00007fec9f017000 nmethod 6980 0x0000000104a32810 code [0x0000000104a329c0, 0x0000000104a33128]
Event: 64.731 Thread 0x00007fec9e855800 6982       4       java.util.concurrent.ConcurrentLinkedDeque$AbstractItr::hasNext (13 bytes)
Event: 64.731 Thread 0x00007fec9f017000 6983       2       java.util.concurrent.ConcurrentLinkedDeque$AbstractItr::next (23 bytes)
Event: 64.731 Thread 0x00007fec9f017000 nmethod 6983 0x0000000104c2f450 code [0x0000000104c2f5c0, 0x0000000104c2f7f8]
Event: 64.731 Thread 0x00007fec9e855800 nmethod 6982 0x0000000104f04d50 code [0x0000000104f04ea0, 0x0000000104f04f18]
Event: 64.739 Thread 0x00007fec9f017000 6984       3       org.helioviewer.jhv.viewmodel.view.jp2view.newjpx.Cache::getCacheElement (42 bytes)
Event: 64.739 Thread 0x00007fec9f017000 nmethod 6984 0x00000001051a6090 code [0x00000001051a62a0, 0x00000001051a6c38]

GC Heap History (10 events):
Event: 58.098 GC heap before
{Heap before GC invocations=55 (full 2):
 PSYoungGen      total 101376K, used 99850K [0x0000000795580000, 0x000000079be80000, 0x00000007c0000000)
  eden space 99840K, 98% used [0x0000000795580000,0x000000079b5ea918,0x000000079b700000)
  from space 1536K, 72% used [0x000000079bd00000,0x000000079be18000,0x000000079be80000)
  to   space 3584K, 0% used [0x000000079b780000,0x000000079b780000,0x000000079bb00000)
 ParOldGen       total 196096K, used 22124K [0x0000000740000000, 0x000000074bf80000, 0x0000000795580000)
  object space 196096K, 11% used [0x0000000740000000,0x000000074159b3d8,0x000000074bf80000)
 Metaspace       used 34821K, capacity 35293K, committed 35672K, reserved 1081344K
  class space    used 4012K, capacity 4145K, committed 4224K, reserved 1048576K
Event: 58.100 GC heap after
Heap after GC invocations=55 (full 2):
 PSYoungGen      total 99840K, used 1120K [0x0000000795580000, 0x000000079bd80000, 0x00000007c0000000)
  eden space 98304K, 0% used [0x0000000795580000,0x0000000795580000,0x000000079b580000)
  from space 1536K, 72% used [0x000000079b780000,0x000000079b898000,0x000000079b900000)
  to   space 3584K, 0% used [0x000000079ba00000,0x000000079ba00000,0x000000079bd80000)
 ParOldGen       total 196096K, used 22164K [0x0000000740000000, 0x000000074bf80000, 0x0000000795580000)
  object space 196096K, 11% used [0x0000000740000000,0x00000007415a53d8,0x000000074bf80000)
 Metaspace       used 34821K, capacity 35293K, committed 35672K, reserved 1081344K
  class space    used 4012K, capacity 4145K, committed 4224K, reserved 1048576K
}
Event: 58.730 GC heap before
{Heap before GC invocations=56 (full 2):
 PSYoungGen      total 99840K, used 99423K [0x0000000795580000, 0x000000079bd80000, 0x00000007c0000000)
  eden space 98304K, 99% used [0x0000000795580000,0x000000079b57feb0,0x000000079b580000)
  from space 1536K, 72% used [0x000000079b780000,0x000000079b898000,0x000000079b900000)
  to   space 3584K, 0% used [0x000000079ba00000,0x000000079ba00000,0x000000079bd80000)
 ParOldGen       total 196096K, used 22164K [0x0000000740000000, 0x000000074bf80000, 0x0000000795580000)
  object space 196096K, 11% used [0x0000000740000000,0x00000007415a53d8,0x000000074bf80000)
 Metaspace       used 34821K, capacity 35293K, committed 35672K, reserved 1081344K
  class space    used 4012K, capacity 4145K, committed 4224K, reserved 1048576K
Event: 58.732 GC heap after
Heap after GC invocations=56 (full 2):
 PSYoungGen      total 98304K, used 1232K [0x0000000795580000, 0x000000079bb80000, 0x00000007c0000000)
  eden space 96768K, 0% used [0x0000000795580000,0x0000000795580000,0x000000079b400000)
  from space 1536K, 80% used [0x000000079ba00000,0x000000079bb34010,0x000000079bb80000)
  to   space 3584K, 0% used [0x000000079b480000,0x000000079b480000,0x000000079b800000)
 ParOldGen       total 196096K, used 22164K [0x0000000740000000, 0x000000074bf80000, 0x0000000795580000)
  object space 196096K, 11% used [0x0000000740000000,0x00000007415a53d8,0x000000074bf80000)
 Metaspace       used 34821K, capacity 35293K, committed 35672K, reserved 1081344K
  class space    used 4012K, capacity 4145K, committed 4224K, reserved 1048576K
}
Event: 59.315 GC heap before
{Heap before GC invocations=57 (full 2):
 PSYoungGen      total 98304K, used 98000K [0x0000000795580000, 0x000000079bb80000, 0x00000007c0000000)
  eden space 96768K, 100% used [0x0000000795580000,0x000000079b400000,0x000000079b400000)
  from space 1536K, 80% used [0x000000079ba00000,0x000000079bb34010,0x000000079bb80000)
  to   space 3584K, 0% used [0x000000079b480000,0x000000079b480000,0x000000079b800000)
 ParOldGen       total 196096K, used 22164K [0x0000000740000000, 0x000000074bf80000, 0x0000000795580000)
  object space 196096K, 11% used [0x0000000740000000,0x00000007415a53d8,0x000000074bf80000)
 Metaspace       used 34821K, capacity 35293K, committed 35672K, reserved 1081344K
  class space    used 4012K, capacity 4145K, committed 4224K, reserved 1048576K
Event: 59.316 GC heap after
Heap after GC invocations=57 (full 2):
 PSYoungGen      total 96768K, used 1152K [0x0000000795580000, 0x000000079ba80000, 0x00000007c0000000)
  eden space 95232K, 0% used [0x0000000795580000,0x0000000795580000,0x000000079b280000)
  from space 1536K, 75% used [0x000000079b480000,0x000000079b5a0000,0x000000079b600000)
  to   space 3072K, 0% used [0x000000079b780000,0x000000079b780000,0x000000079ba80000)
 ParOldGen       total 196096K, used 22172K [0x0000000740000000, 0x000000074bf80000, 0x0000000795580000)
  object space 196096K, 11% used [0x0000000740000000,0x00000007415a73d8,0x000000074bf80000)
 Metaspace       used 34821K, capacity 35293K, committed 35672K, reserved 1081344K
  class space    used 4012K, capacity 4145K, committed 4224K, reserved 1048576K
}
Event: 60.307 GC heap before
{Heap before GC invocations=58 (full 2):
 PSYoungGen      total 96768K, used 96384K [0x0000000795580000, 0x000000079ba80000, 0x00000007c0000000)
  eden space 95232K, 100% used [0x0000000795580000,0x000000079b280000,0x000000079b280000)
  from space 1536K, 75% used [0x000000079b480000,0x000000079b5a0000,0x000000079b600000)
  to   space 3072K, 0% used [0x000000079b780000,0x000000079b780000,0x000000079ba80000)
 ParOldGen       total 196096K, used 22172K [0x0000000740000000, 0x000000074bf80000, 0x0000000795580000)
  object space 196096K, 11% used [0x0000000740000000,0x00000007415a73d8,0x000000074bf80000)
 Metaspace       used 34823K, capacity 35293K, committed 35672K, reserved 1081344K
  class space    used 4012K, capacity 4145K, committed 4224K, reserved 1048576K
Event: 60.309 GC heap after
Heap after GC invocations=58 (full 2):
 PSYoungGen      total 95232K, used 1120K [0x0000000795580000, 0x000000079b900000, 0x00000007c0000000)
  eden space 93696K, 0% used [0x0000000795580000,0x0000000795580000,0x000000079b100000)
  from space 1536K, 72% used [0x000000079b780000,0x000000079b898000,0x000000079b900000)
  to   space 3072K, 0% used [0x000000079b300000,0x000000079b300000,0x000000079b600000)
 ParOldGen       total 196096K, used 22180K [0x0000000740000000, 0x000000074bf80000, 0x0000000795580000)
  object space 196096K, 11% used [0x0000000740000000,0x00000007415a93d8,0x000000074bf80000)
 Metaspace       used 34823K, capacity 35293K, committed 35672K, reserved 1081344K
  class space    used 4012K, capacity 4145K, committed 4224K, reserved 1048576K
}
Event: 64.030 GC heap before
{Heap before GC invocations=59 (full 2):
 PSYoungGen      total 95232K, used 94145K [0x0000000795580000, 0x000000079b900000, 0x00000007c0000000)
  eden space 93696K, 99% used [0x0000000795580000,0x000000079b058560,0x000000079b100000)
  from space 1536K, 72% used [0x000000079b780000,0x000000079b898000,0x000000079b900000)
  to   space 3072K, 0% used [0x000000079b300000,0x000000079b300000,0x000000079b600000)
 ParOldGen       total 196096K, used 22180K [0x0000000740000000, 0x000000074bf80000, 0x0000000795580000)
  object space 196096K, 11% used [0x0000000740000000,0x00000007415a93d8,0x000000074bf80000)
 Metaspace       used 34861K, capacity 35293K, committed 35672K, reserved 1081344K
  class space    used 4017K, capacity 4145K, committed 4224K, reserved 1048576K
Event: 64.032 GC heap after
Heap after GC invocations=59 (full 2):
 PSYoungGen      total 94208K, used 1634K [0x0000000795580000, 0x000000079b800000, 0x00000007c0000000)
  eden space 92160K, 0% used [0x0000000795580000,0x0000000795580000,0x000000079af80000)
  from space 2048K, 79% used [0x000000079b300000,0x000000079b498b78,0x000000079b500000)
  to   space 3072K, 0% used [0x000000079b500000,0x000000079b500000,0x000000079b800000)
 ParOldGen       total 196096K, used 22212K [0x0000000740000000, 0x000000074bf80000, 0x0000000795580000)
  object space 196096K, 11% used [0x0000000740000000,0x00000007415b13d8,0x000000074bf80000)
 Metaspace       used 34861K, capacity 35293K, committed 35672K, reserved 1081344K
  class space    used 4017K, capacity 4145K, committed 4224K, reserved 1048576K
}

Deoptimization events (10 events):
Event: 64.723 Thread 0x00007fec9f21e000 Uncommon trap: reason=class_check action=maybe_recompile pc=0x0000000104f430e4 method=java.awt.image.ImageFilter.getFilterInstance(Ljava/awt/image/ImageConsumer;)Ljava/awt/image/ImageFilter; @ 4
Event: 64.723 Thread 0x00007fec9dbbc000 Uncommon trap: reason=class_check action=maybe_recompile pc=0x0000000104861cf8 method=java.awt.image.ReplicateScaleFilter.setDimensions(II)V @ 101
Event: 64.723 Thread 0x00007fec9dbbc000 Uncommon trap: reason=class_check action=maybe_recompile pc=0x00000001051491ec method=java.awt.image.ImageFilter.setColorModel(Ljava/awt/image/ColorModel;)V @ 5
Event: 64.723 Thread 0x00007fec9dbbc000 Uncommon trap: reason=class_check action=maybe_recompile pc=0x0000000104b32848 method=java.awt.image.ImageFilter.setHints(I)V @ 5
Event: 64.724 Thread 0x00007fec9dbbc000 Uncommon trap: reason=class_check action=maybe_recompile pc=0x0000000104972eb4 method=java.awt.image.ImageFilter.imageComplete(I)V @ 5
Event: 64.725 Thread 0x00007fec9f21e000 Uncommon trap: reason=class_check action=maybe_recompile pc=0x0000000104f430e4 method=java.awt.image.ImageFilter.getFilterInstance(Ljava/awt/image/ImageConsumer;)Ljava/awt/image/ImageFilter; @ 4
Event: 64.725 Thread 0x00007fec9dbbc000 Uncommon trap: reason=class_check action=maybe_recompile pc=0x0000000104861cf8 method=java.awt.image.ReplicateScaleFilter.setDimensions(II)V @ 101
Event: 64.725 Thread 0x00007fec9dbbc000 Uncommon trap: reason=class_check action=maybe_recompile pc=0x00000001051491ec method=java.awt.image.ImageFilter.setColorModel(Ljava/awt/image/ColorModel;)V @ 5
Event: 64.725 Thread 0x00007fec9dbbc000 Uncommon trap: reason=class_check action=maybe_recompile pc=0x0000000104b32848 method=java.awt.image.ImageFilter.setHints(I)V @ 5
Event: 64.725 Thread 0x00007fec9dbbc000 Uncommon trap: reason=class_check action=maybe_recompile pc=0x0000000104972eb4 method=java.awt.image.ImageFilter.imageComplete(I)V @ 5

Internal exceptions (10 events):
Event: 3.068 Thread 0x00007fec9c802000 Exception <a 'java/io/FileNotFoundException'> (0x00000007975ed5f8) thrown at [/Users/java_re/workspace/8-2-build-macosx-x86_64/jdk8u45/3457/hotspot/src/share/vm/prims/jni.cpp, line 709]
Event: 3.068 Thread 0x00007fec9c802000 Exception <a 'java/io/FileNotFoundException'> (0x00000007975f08a8) thrown at [/Users/java_re/workspace/8-2-build-macosx-x86_64/jdk8u45/3457/hotspot/src/share/vm/prims/jni.cpp, line 709]
Event: 3.131 Thread 0x00007fec9c802000 Exception <a 'java/io/FileNotFoundException'> (0x0000000797b48758) thrown at [/Users/java_re/workspace/8-2-build-macosx-x86_64/jdk8u45/3457/hotspot/src/share/vm/prims/jni.cpp, line 709]
Event: 3.139 Thread 0x00007fec9c802000 Exception <a 'java/io/FileNotFoundException'> (0x0000000797b8ccc8) thrown at [/Users/java_re/workspace/8-2-build-macosx-x86_64/jdk8u45/3457/hotspot/src/share/vm/prims/jni.cpp, line 709]
Event: 3.408 Thread 0x00007fec9f21e000 Exception <a 'java/io/FileNotFoundException'> (0x00000007980af2e0) thrown at [/Users/java_re/workspace/8-2-build-macosx-x86_64/jdk8u45/3457/hotspot/src/share/vm/prims/jni.cpp, line 709]
Event: 3.739 Thread 0x00007fec9f21e000 Exception <a 'java/lang/NullPointerException'> (0x0000000798247df8) thrown at [/Users/java_re/workspace/8-2-build-macosx-x86_64/jdk8u45/3457/hotspot/src/share/vm/interpreter/linkResolver.cpp, line 1178]
Event: 51.968 Thread 0x00007fec9f21e000 Implicit null exception at 0x000000010532a6f5 to 0x000000010532b94a
Event: 61.902 Thread 0x00007fec9f21e000 Implicit null exception at 0x0000000104acae44 to 0x0000000104acbc79
Event: 64.002 Thread 0x00007fec9f21e000 Implicit null exception at 0x000000010591febb to 0x0000000105926bfd
Event: 64.018 Thread 0x00007fec9ec72800 Implicit null exception at 0x00000001058f51a2 to 0x00000001058fc245

Events (10 events):
Event: 64.725 Thread 0x00007fec9dbbc000 DEOPT PACKING pc=0x00000001051491ec sp=0x000000012a3ac5c0
Event: 64.725 Thread 0x00007fec9dbbc000 DEOPT UNPACKING pc=0x00000001044b7229 sp=0x000000012a3ac540 mode 2
Event: 64.725 Thread 0x00007fec9dbbc000 Uncommon trap: trap_request=0xffffffde fr.pc=0x0000000104b32848
Event: 64.725 Thread 0x00007fec9dbbc000 DEOPT PACKING pc=0x0000000104b32848 sp=0x000000012a3ac5d0
Event: 64.725 Thread 0x00007fec9dbbc000 DEOPT UNPACKING pc=0x00000001044b7229 sp=0x000000012a3ac4e0 mode 2
Event: 64.725 Thread 0x00007fec9dbbc000 Uncommon trap: trap_request=0xffffffde fr.pc=0x0000000104972eb4
Event: 64.725 Thread 0x00007fec9dbbc000 DEOPT PACKING pc=0x0000000104972eb4 sp=0x000000012a3ac540
Event: 64.725 Thread 0x00007fec9dbbc000 DEOPT UNPACKING pc=0x00000001044b7229 sp=0x000000012a3ac538 mode 2
Event: 64.737 Thread 0x00007fec9dbde800 Thread added: 0x00007fec9dbde800
Event: 64.737 Thread 0x00007fec9dc65800 Thread added: 0x00007fec9dc65800


Dynamic libraries:
0x000000000a610000 	/System/Library/Frameworks/Cocoa.framework/Versions/A/Cocoa
0x000000000a610000 	/System/Library/Frameworks/Security.framework/Versions/A/Security
0x000000000a610000 	/System/Library/Frameworks/ApplicationServices.framework/Versions/A/ApplicationServices
0x000000000a610000 	/usr/lib/libz.1.dylib
0x000000000a610000 	/usr/lib/libSystem.B.dylib
0x000000000a610000 	/usr/lib/libobjc.A.dylib
0x000000000a610000 	/System/Library/Frameworks/CoreFoundation.framework/Versions/A/CoreFoundation
0x000000000a610000 	/System/Library/Frameworks/Foundation.framework/Versions/C/Foundation
0x000000000a610000 	/System/Library/Frameworks/AppKit.framework/Versions/C/AppKit
0x000000000a610000 	/System/Library/Frameworks/CoreData.framework/Versions/A/CoreData
0x000000000a610000 	/System/Library/PrivateFrameworks/RemoteViewServices.framework/Versions/A/RemoteViewServices
0x000000000a610000 	/System/Library/PrivateFrameworks/UIFoundation.framework/Versions/A/UIFoundation
0x000000000a610000 	/System/Library/Frameworks/IOSurface.framework/Versions/A/IOSurface
0x000000000a610000 	/System/Library/Frameworks/AudioToolbox.framework/Versions/A/AudioToolbox
0x000000000a610000 	/System/Library/Frameworks/AudioUnit.framework/Versions/A/AudioUnit
0x000000000a610000 	/System/Library/PrivateFrameworks/DataDetectorsCore.framework/Versions/A/DataDetectorsCore
0x000000000a610000 	/System/Library/PrivateFrameworks/DesktopServicesPriv.framework/Versions/A/DesktopServicesPriv
0x000000000a610000 	/System/Library/Frameworks/Carbon.framework/Versions/A/Frameworks/HIToolbox.framework/Versions/A/HIToolbox
0x000000000a610000 	/System/Library/Frameworks/QuartzCore.framework/Versions/A/QuartzCore
0x000000000a610000 	/System/Library/Frameworks/Carbon.framework/Versions/A/Frameworks/SpeechRecognition.framework/Versions/A/SpeechRecognition
0x000000000a610000 	/usr/lib/libauto.dylib
0x000000000a610000 	/usr/lib/libicucore.A.dylib
0x000000000a610000 	/usr/lib/libxml2.2.dylib
0x000000000a610000 	/System/Library/PrivateFrameworks/CoreUI.framework/Versions/A/CoreUI
0x000000000a610000 	/System/Library/Frameworks/CoreAudio.framework/Versions/A/CoreAudio
0x000000000a610000 	/System/Library/Frameworks/DiskArbitration.framework/Versions/A/DiskArbitration
0x000000000a610000 	/usr/lib/liblangid.dylib
0x000000000a610000 	/System/Library/PrivateFrameworks/MultitouchSupport.framework/Versions/A/MultitouchSupport
0x000000000a610000 	/System/Library/Frameworks/IOKit.framework/Versions/A/IOKit
0x000000000a610000 	/usr/lib/libDiagnosticMessagesClient.dylib
0x000000000a610000 	/System/Library/Frameworks/CoreServices.framework/Versions/A/CoreServices
0x000000000a610000 	/System/Library/PrivateFrameworks/PerformanceAnalysis.framework/Versions/A/PerformanceAnalysis
0x000000000a610000 	/System/Library/PrivateFrameworks/GenerationalStorage.framework/Versions/A/GenerationalStorage
0x000000000a610000 	/System/Library/Frameworks/OpenGL.framework/Versions/A/OpenGL
0x000000000a610000 	/System/Library/PrivateFrameworks/Sharing.framework/Versions/A/Sharing
0x000000000a610000 	/System/Library/Frameworks/CoreGraphics.framework/Versions/A/CoreGraphics
0x000000000a610000 	/System/Library/Frameworks/CoreText.framework/Versions/A/CoreText
0x000000000a610000 	/System/Library/Frameworks/ImageIO.framework/Versions/A/ImageIO
0x000000000a610000 	/usr/lib/libextension.dylib
0x000000000a610000 	/System/Library/PrivateFrameworks/Backup.framework/Versions/A/Backup
0x000000000a610000 	/usr/lib/libarchive.2.dylib
0x000000000a610000 	/System/Library/Frameworks/CFNetwork.framework/Versions/A/CFNetwork
0x000000000a610000 	/System/Library/Frameworks/SystemConfiguration.framework/Versions/A/SystemConfiguration
0x000000000a610000 	/usr/lib/libCRFSuite.dylib
0x000000000a610000 	/usr/lib/libc++.1.dylib
0x000000000a610000 	/usr/lib/libc++abi.dylib
0x000000000a610000 	/usr/lib/system/libcache.dylib
0x000000000a610000 	/usr/lib/system/libcommonCrypto.dylib
0x000000000a610000 	/usr/lib/system/libcompiler_rt.dylib
0x000000000a610000 	/usr/lib/system/libcopyfile.dylib
0x000000000a610000 	/usr/lib/system/libcorecrypto.dylib
0x000000000a610000 	/usr/lib/system/libdispatch.dylib
0x000000000a610000 	/usr/lib/system/libdyld.dylib
0x000000000a610000 	/usr/lib/system/libkeymgr.dylib
0x000000000a610000 	/usr/lib/system/liblaunch.dylib
0x000000000a610000 	/usr/lib/system/libmacho.dylib
0x000000000a610000 	/usr/lib/system/libquarantine.dylib
0x000000000a610000 	/usr/lib/system/libremovefile.dylib
0x000000000a610000 	/usr/lib/system/libsystem_asl.dylib
0x000000000a610000 	/usr/lib/system/libsystem_blocks.dylib
0x000000000a610000 	/usr/lib/system/libsystem_c.dylib
0x000000000a610000 	/usr/lib/system/libsystem_configuration.dylib
0x000000000a610000 	/usr/lib/system/libsystem_coreservices.dylib
0x000000000a610000 	/usr/lib/system/libsystem_coretls.dylib
0x000000000a610000 	/usr/lib/system/libsystem_dnssd.dylib
0x000000000a610000 	/usr/lib/system/libsystem_info.dylib
0x000000000a610000 	/usr/lib/system/libsystem_kernel.dylib
0x000000000a610000 	/usr/lib/system/libsystem_m.dylib
0x000000000a610000 	/usr/lib/system/libsystem_malloc.dylib
0x000000000a610000 	/usr/lib/system/libsystem_network.dylib
0x000000000a610000 	/usr/lib/system/libsystem_networkextension.dylib
0x000000000a610000 	/usr/lib/system/libsystem_notify.dylib
0x000000000a610000 	/usr/lib/system/libsystem_platform.dylib
0x000000000a610000 	/usr/lib/system/libsystem_pthread.dylib
0x000000000a610000 	/usr/lib/system/libsystem_sandbox.dylib
0x000000000a610000 	/usr/lib/system/libsystem_secinit.dylib
0x000000000a610000 	/usr/lib/system/libsystem_stats.dylib
0x000000000a610000 	/usr/lib/system/libsystem_trace.dylib
0x000000000a610000 	/usr/lib/system/libunc.dylib
0x000000000a610000 	/usr/lib/system/libunwind.dylib
0x000000000a610000 	/usr/lib/system/libxpc.dylib
0x000000000a610000 	/usr/lib/libbz2.1.0.dylib
0x000000000a610000 	/usr/lib/liblzma.5.dylib
0x000000000a610000 	/usr/lib/libbsm.0.dylib
0x000000000a610000 	/usr/lib/libsqlite3.dylib
0x000000000a610000 	/usr/lib/system/libkxld.dylib
0x000000000a610000 	/usr/lib/libxar.1.dylib
0x000000000a610000 	/usr/lib/libpam.2.dylib
0x000000000a610000 	/usr/lib/libOpenScriptingUtil.dylib
0x000000000a610000 	/System/Library/Frameworks/CoreServices.framework/Versions/A/Frameworks/FSEvents.framework/Versions/A/FSEvents
0x000000000a610000 	/System/Library/Frameworks/CoreServices.framework/Versions/A/Frameworks/CarbonCore.framework/Versions/A/CarbonCore
0x000000000a610000 	/System/Library/Frameworks/CoreServices.framework/Versions/A/Frameworks/Metadata.framework/Versions/A/Metadata
0x000000000a610000 	/System/Library/Frameworks/CoreServices.framework/Versions/A/Frameworks/OSServices.framework/Versions/A/OSServices
0x000000000a610000 	/System/Library/Frameworks/CoreServices.framework/Versions/A/Frameworks/SearchKit.framework/Versions/A/SearchKit
0x000000000a610000 	/System/Library/Frameworks/CoreServices.framework/Versions/A/Frameworks/AE.framework/Versions/A/AE
0x000000000a610000 	/System/Library/Frameworks/CoreServices.framework/Versions/A/Frameworks/LaunchServices.framework/Versions/A/LaunchServices
0x000000000a610000 	/System/Library/Frameworks/CoreServices.framework/Versions/A/Frameworks/DictionaryServices.framework/Versions/A/DictionaryServices
0x000000000a610000 	/System/Library/Frameworks/NetFS.framework/Versions/A/NetFS
0x000000000a610000 	/System/Library/PrivateFrameworks/NetAuth.framework/Versions/A/NetAuth
0x000000000a610000 	/System/Library/PrivateFrameworks/login.framework/Versions/A/Frameworks/loginsupport.framework/Versions/A/loginsupport
0x000000000a610000 	/System/Library/PrivateFrameworks/TCC.framework/Versions/A/TCC
0x000000000a610000 	/usr/lib/libmecabra.dylib
0x000000000a610000 	/System/Library/Frameworks/ApplicationServices.framework/Versions/A/Frameworks/ATS.framework/Versions/A/ATS
0x000000000a610000 	/System/Library/Frameworks/ApplicationServices.framework/Versions/A/Frameworks/ColorSync.framework/Versions/A/ColorSync
0x000000000a610000 	/System/Library/Frameworks/ApplicationServices.framework/Versions/A/Frameworks/HIServices.framework/Versions/A/HIServices
0x000000000a610000 	/System/Library/Frameworks/ApplicationServices.framework/Versions/A/Frameworks/LangAnalysis.framework/Versions/A/LangAnalysis
0x000000000a610000 	/System/Library/Frameworks/ApplicationServices.framework/Versions/A/Frameworks/PrintCore.framework/Versions/A/PrintCore
0x000000000a610000 	/System/Library/Frameworks/ApplicationServices.framework/Versions/A/Frameworks/QD.framework/Versions/A/QD
0x000000000a610000 	/System/Library/Frameworks/ApplicationServices.framework/Versions/A/Frameworks/SpeechSynthesis.framework/Versions/A/SpeechSynthesis
0x000000000a610000 	/System/Library/Frameworks/Accelerate.framework/Versions/A/Accelerate
0x000000000a610000 	/System/Library/Frameworks/Accelerate.framework/Versions/A/Frameworks/vImage.framework/Versions/A/vImage
0x000000000a610000 	/System/Library/Frameworks/Accelerate.framework/Versions/A/Frameworks/vecLib.framework/Versions/A/vecLib
0x000000000a610000 	/System/Library/Frameworks/Accelerate.framework/Versions/A/Frameworks/vecLib.framework/Versions/A/libvDSP.dylib
0x000000000a610000 	/System/Library/Frameworks/Accelerate.framework/Versions/A/Frameworks/vecLib.framework/Versions/A/libvMisc.dylib
0x000000000a610000 	/System/Library/Frameworks/Accelerate.framework/Versions/A/Frameworks/vecLib.framework/Versions/A/libLAPACK.dylib
0x000000000a610000 	/System/Library/Frameworks/Accelerate.framework/Versions/A/Frameworks/vecLib.framework/Versions/A/libBLAS.dylib
0x000000000a610000 	/System/Library/Frameworks/Accelerate.framework/Versions/A/Frameworks/vecLib.framework/Versions/A/libLinearAlgebra.dylib
0x000000000a610000 	/System/Library/Frameworks/ApplicationServices.framework/Versions/A/Frameworks/ATS.framework/Versions/A/Resources/libFontParser.dylib
0x000000000a610000 	/System/Library/Frameworks/ApplicationServices.framework/Versions/A/Frameworks/ATS.framework/Versions/A/Resources/libFontRegistry.dylib
0x000000000a610000 	/System/Library/PrivateFrameworks/AppleVPA.framework/Versions/A/AppleVPA
0x000000000a610000 	/System/Library/PrivateFrameworks/AppleJPEG.framework/Versions/A/AppleJPEG
0x000000000a610000 	/System/Library/Frameworks/ImageIO.framework/Versions/A/Resources/libJPEG.dylib
0x000000000a610000 	/System/Library/Frameworks/ImageIO.framework/Versions/A/Resources/libTIFF.dylib
0x000000000a610000 	/System/Library/Frameworks/ImageIO.framework/Versions/A/Resources/libPng.dylib
0x000000000a610000 	/System/Library/Frameworks/ImageIO.framework/Versions/A/Resources/libGIF.dylib
0x000000000a610000 	/System/Library/Frameworks/ImageIO.framework/Versions/A/Resources/libJP2.dylib
0x000000000a610000 	/System/Library/Frameworks/ImageIO.framework/Versions/A/Resources/libRadiance.dylib
0x000000000a610000 	/System/Library/Frameworks/CoreVideo.framework/Versions/A/CoreVideo
0x000000000a610000 	/System/Library/Frameworks/OpenGL.framework/Versions/A/Libraries/libGLU.dylib
0x000000000a610000 	/System/Library/Frameworks/OpenGL.framework/Versions/A/Libraries/libGFXShared.dylib
0x000000000a610000 	/System/Library/Frameworks/OpenGL.framework/Versions/A/Libraries/libGL.dylib
0x000000000a610000 	/System/Library/Frameworks/OpenGL.framework/Versions/A/Libraries/libGLImage.dylib
0x000000000a610000 	/System/Library/Frameworks/OpenGL.framework/Versions/A/Libraries/libCVMSPluginSupport.dylib
0x000000000a610000 	/System/Library/Frameworks/OpenGL.framework/Versions/A/Libraries/libCoreVMClient.dylib
0x000000000a610000 	/usr/lib/libcups.2.dylib
0x000000000a610000 	/System/Library/Frameworks/Kerberos.framework/Versions/A/Kerberos
0x000000000a610000 	/System/Library/Frameworks/GSS.framework/Versions/A/GSS
0x000000000a610000 	/usr/lib/libresolv.9.dylib
0x000000000a610000 	/usr/lib/libiconv.2.dylib
0x000000000a610000 	/System/Library/PrivateFrameworks/Heimdal.framework/Versions/A/Heimdal
0x000000000a610000 	/usr/lib/libheimdal-asn1.dylib
0x000000000a610000 	/System/Library/Frameworks/OpenDirectory.framework/Versions/A/OpenDirectory
0x000000000a610000 	/System/Library/PrivateFrameworks/CommonAuth.framework/Versions/A/CommonAuth
0x000000000a610000 	/System/Library/Frameworks/OpenDirectory.framework/Versions/A/Frameworks/CFOpenDirectory.framework/Versions/A/CFOpenDirectory
0x000000000a610000 	/System/Library/Frameworks/SecurityFoundation.framework/Versions/A/SecurityFoundation
0x000000000a610000 	/System/Library/PrivateFrameworks/LanguageModeling.framework/Versions/A/LanguageModeling
0x000000000a610000 	/usr/lib/libcmph.dylib
0x000000000a610000 	/System/Library/Frameworks/ServiceManagement.framework/Versions/A/ServiceManagement
0x000000000a610000 	/usr/lib/libxslt.1.dylib
0x000000000a610000 	/System/Library/Frameworks/Carbon.framework/Versions/A/Frameworks/Ink.framework/Versions/A/Ink
0x000000000a610000 	/System/Library/Frameworks/QuartzCore.framework/Versions/A/Frameworks/CoreImage.framework/Versions/A/CoreImage
0x000000000a610000 	/System/Library/PrivateFrameworks/CrashReporterSupport.framework/Versions/A/CrashReporterSupport
0x000000000a610000 	/System/Library/Frameworks/OpenCL.framework/Versions/A/OpenCL
0x000000000a610000 	/System/Library/PrivateFrameworks/FaceCore.framework/Versions/A/FaceCore
0x000000000a610000 	/System/Library/PrivateFrameworks/Ubiquity.framework/Versions/A/Ubiquity
0x000000000a610000 	/System/Library/PrivateFrameworks/IconServices.framework/Versions/A/IconServices
0x000000000a610000 	/System/Library/PrivateFrameworks/ChunkingLibrary.framework/Versions/A/ChunkingLibrary
0x000000000a610000 	/System/Library/PrivateFrameworks/Apple80211.framework/Versions/A/Apple80211
0x000000000a610000 	/System/Library/Frameworks/CoreWLAN.framework/Versions/A/CoreWLAN
0x000000000a610000 	/System/Library/Frameworks/IOBluetooth.framework/Versions/A/IOBluetooth
0x000000000a610000 	/System/Library/PrivateFrameworks/CoreWiFi.framework/Versions/A/CoreWiFi
0x000000000a610000 	/System/Library/Frameworks/CoreBluetooth.framework/Versions/A/CoreBluetooth
0x000000000a610000 	/System/Library/PrivateFrameworks/DebugSymbols.framework/Versions/A/DebugSymbols
0x000000000a610000 	/System/Library/PrivateFrameworks/CoreSymbolication.framework/Versions/A/CoreSymbolication
0x000000000a610000 	/System/Library/PrivateFrameworks/Symbolication.framework/Versions/A/Symbolication
0x000000000a610000 	/System/Library/PrivateFrameworks/SpeechRecognitionCore.framework/Versions/A/SpeechRecognitionCore
0x0000000103400000 	/Library/Java/JavaVirtualMachines/jdk1.8.0_45.jdk/Contents/Home/jre/lib/server/libjvm.dylib
0x000000000a610000 	/usr/lib/libstdc++.6.dylib
0x00000001023eb000 	/Library/Java/JavaVirtualMachines/jdk1.8.0_45.jdk/Contents/Home/jre/lib/libverify.dylib
0x000000010446c000 	/Library/Java/JavaVirtualMachines/jdk1.8.0_45.jdk/Contents/Home/jre/lib/libjava.dylib
0x00000001044a9000 	/Library/Java/JavaVirtualMachines/jdk1.8.0_45.jdk/Contents/Home/jre/lib/libzip.dylib
0x000000011b5b5000 	/System/Library/Frameworks/JavaVM.framework/Frameworks/JavaRuntimeSupport.framework/JavaRuntimeSupport
0x000000011b5cd000 	/System/Library/Frameworks/JavaVM.framework/Versions/A/Frameworks/JavaNativeFoundation.framework/Versions/A/JavaNativeFoundation
0x000000011b5e2000 	/System/Library/Frameworks/JavaVM.framework/Versions/A/JavaVM
0x000000000a610000 	/System/Library/Frameworks/Carbon.framework/Versions/A/Carbon
0x000000011b5ef000 	/System/Library/PrivateFrameworks/JavaLaunching.framework/Versions/A/JavaLaunching
0x000000000a610000 	/System/Library/Frameworks/Carbon.framework/Versions/A/Frameworks/CommonPanels.framework/Versions/A/CommonPanels
0x000000000a610000 	/System/Library/Frameworks/Carbon.framework/Versions/A/Frameworks/Help.framework/Versions/A/Help
0x000000000a610000 	/System/Library/Frameworks/Carbon.framework/Versions/A/Frameworks/ImageCapture.framework/Versions/A/ImageCapture
0x000000000a610000 	/System/Library/Frameworks/Carbon.framework/Versions/A/Frameworks/OpenScripting.framework/Versions/A/OpenScripting
0x000000000a610000 	/System/Library/Frameworks/Carbon.framework/Versions/A/Frameworks/Print.framework/Versions/A/Print
0x000000000a610000 	/System/Library/Frameworks/Carbon.framework/Versions/A/Frameworks/SecurityHI.framework/Versions/A/SecurityHI
0x000000011d744000 	/Library/Java/JavaVirtualMachines/jdk1.8.0_45.jdk/Contents/Home/jre/lib/libawt.dylib
0x000000011d7ec000 	/Library/Java/JavaVirtualMachines/jdk1.8.0_45.jdk/Contents/Home/jre/lib/./libmlib_image.dylib
0x000000011d8b8000 	/Library/Java/JavaVirtualMachines/jdk1.8.0_45.jdk/Contents/Home/jre/lib/libawt_lwawt.dylib
0x000000011d96c000 	/Library/Java/JavaVirtualMachines/jdk1.8.0_45.jdk/Contents/Home/jre/lib/./libosxapp.dylib
0x000000000a610000 	/System/Library/Frameworks/ExceptionHandling.framework/Versions/A/ExceptionHandling
0x000000000a610000 	/System/Library/PrivateFrameworks/CoreServicesInternal.framework/Versions/A/CoreServicesInternal
0x000000000a610000 	/System/Library/PrivateFrameworks/CloudDocs.framework/Versions/A/CloudDocs
0x000000000a610000 	/System/Library/PrivateFrameworks/CoreDuet.framework/Versions/A/CoreDuet
0x000000000a610000 	/System/Library/Frameworks/CloudKit.framework/Versions/A/CloudKit
0x000000000a610000 	/System/Library/PrivateFrameworks/ProtocolBuffer.framework/Versions/A/ProtocolBuffer
0x000000000a610000 	/System/Library/PrivateFrameworks/CoreDuetDaemonProtocol.framework/Versions/A/CoreDuetDaemonProtocol
0x000000000a610000 	/System/Library/PrivateFrameworks/CoreDuetDebugLogging.framework/Versions/A/CoreDuetDebugLogging
0x000000000a610000 	/System/Library/PrivateFrameworks/MMCS.framework/Versions/A/MMCS
0x000000000a610000 	/System/Library/Frameworks/CoreLocation.framework/Versions/A/CoreLocation
0x000000000a610000 	/System/Library/PrivateFrameworks/ProtectedCloudStorage.framework/Versions/A/ProtectedCloudStorage
0x000000000a610000 	/System/Library/PrivateFrameworks/GeoServices.framework/Versions/A/GeoServices
0x000000000a610000 	/System/Library/Frameworks/CoreGraphics.framework/Versions/A/Resources/libCGCMS.A.dylib
0x000000000a610000 	/System/Library/Frameworks/CoreGraphics.framework/Versions/A/Resources/libRIP.A.dylib
0x000000000a610000 	/System/Library/Frameworks/CoreGraphics.framework/Versions/A/Resources/libCGXType.A.dylib
0x000000000a610000 	/System/Library/Frameworks/OpenCL.framework/Versions/A/Libraries/libcldcpuengine.dylib
0x000000000a610000 	/System/Library/PrivateFrameworks/DiskImages.framework/Versions/A/DiskImages
0x000000000a610000 	/System/Library/Frameworks/DiscRecording.framework/Versions/A/DiscRecording
0x000000000a610000 	/usr/lib/libcsfde.dylib
0x000000000a610000 	/usr/lib/libcurl.4.dylib
0x000000000a610000 	/System/Library/PrivateFrameworks/MediaKit.framework/Versions/A/MediaKit
0x000000000a610000 	/usr/lib/libCoreStorage.dylib
0x000000000a610000 	/System/Library/PrivateFrameworks/EFILogin.framework/Versions/A/EFILogin
0x000000000a610000 	/usr/lib/libutil.dylib
0x000000000a610000 	/System/Library/PrivateFrameworks/FindMyDevice.framework/Versions/A/FindMyDevice
0x000000000a610000 	/System/Library/Frameworks/LDAP.framework/Versions/A/LDAP
0x000000000a610000 	/usr/lib/libsasl2.2.dylib
0x000000000a610000 	/System/Library/PrivateFrameworks/CoreDaemon.framework/Versions/B/CoreDaemon
0x000000000a610000 	/usr/lib/libcrypto.0.9.8.dylib
0x000000000a610000 	/System/Library/PrivateFrameworks/AppleSRP.framework/Versions/A/AppleSRP
0x000000000a610000 	/System/Library/PrivateFrameworks/TrustEvaluationAgent.framework/Versions/A/TrustEvaluationAgent
0x0000000120c2e000 	cl_kernels
0x0000000120c30000 	/System/Library/Frameworks/OpenCL.framework/Versions/A/Libraries/ImageFormats/unorm8_bgra.dylib
0x0000000120c20000 	cl_kernels
0x000000000a610000 	/System/Library/PrivateFrameworks/FamilyControls.framework/Versions/A/FamilyControls
0x000000000a610000 	/System/Library/PrivateFrameworks/CommerceKit.framework/Versions/A/Frameworks/CommerceCore.framework/Versions/A/CommerceCore
0x000000000a610000 	/System/Library/PrivateFrameworks/SystemAdministration.framework/Versions/A/SystemAdministration
0x000000000a610000 	/System/Library/PrivateFrameworks/AppContainer.framework/Versions/A/AppContainer
0x000000000a610000 	/System/Library/PrivateFrameworks/SecCodeWrapper.framework/Versions/A/SecCodeWrapper
0x000000000a610000 	/System/Library/Frameworks/DirectoryService.framework/Versions/A/DirectoryService
0x000000000a610000 	/System/Library/PrivateFrameworks/LoginUIKit.framework/Versions/A/Frameworks/LoginUICore.framework/Versions/A/LoginUICore
0x000000000a610000 	/usr/lib/libodfde.dylib
0x000000000a610000 	/System/Library/Frameworks/OpenGL.framework/Versions/A/Resources/GLEngine.bundle/GLEngine
0x000000000a610000 	/System/Library/Frameworks/OpenGL.framework/Versions/A/Libraries/libGLProgrammability.dylib
0x0000000000000000 	/System/Library/Extensions/AppleIntelHD5000GraphicsGLDriver.bundle/Contents/MacOS/AppleIntelHD5000GraphicsGLDriver
0x000000000a610000 	/System/Library/PrivateFrameworks/IOAccelerator.framework/Versions/A/IOAccelerator
0x000000000a610000 	/System/Library/PrivateFrameworks/GPUSupport.framework/Versions/A/Libraries/libGPUSupportMercury.dylib
0x0000000000000000 	/System/Library/Extensions/GeForceGLDriver.bundle/Contents/MacOS/GeForceGLDriver
0x000000000a610000 	/System/Library/Extensions/GeForceGLDriver.bundle/Contents/MacOS/libclh.dylib
0x000000000a610000 	/System/Library/Frameworks/OpenGL.framework/Versions/A/Resources/GLRendererFloat.bundle/GLRendererFloat
0x0000000122ff9000 	/Library/Java/JavaVirtualMachines/jdk1.8.0_45.jdk/Contents/Home/jre/lib/libfontmanager.dylib
0x0000000123060000 	/Library/Java/JavaVirtualMachines/jdk1.8.0_45.jdk/Contents/Home/jre/lib/libosxui.dylib
0x0000000123610000 	/Library/Java/JavaVirtualMachines/jdk1.8.0_45.jdk/Contents/Home/jre/lib/libnet.dylib
0x000000012366f000 	/Library/Java/JavaVirtualMachines/jdk1.8.0_45.jdk/Contents/Home/jre/lib/libnio.dylib
0x000000000a610000 	/System/Library/Frameworks/Accelerate.framework/Versions/A/Frameworks/vImage.framework/Versions/A/Libraries/libCGInterfaces.dylib
0x0000000127797000 	/Library/Java/JavaVirtualMachines/jdk1.8.0_45.jdk/Contents/Home/jre/lib/libosx.dylib
0x00000001247ec000 	/Library/Java/JavaVirtualMachines/jdk1.8.0_45.jdk/Contents/Home/jre/lib/libprism_es2.dylib
0x0000000124844000 	/private/var/folders/_3/gr58kqxs4vq4rdz44_t3sk9c0000gn/T/jogamp_0000/file_cache/jln3427889673131881053/jln6966922090827900880/libgluegen-rt.jnilib
0x0000000124cb3000 	/Library/Java/JavaVirtualMachines/jdk1.8.0_45.jdk/Contents/Home/jre/lib/libglass.dylib
0x0000000124d75000 	/private/var/folders/_3/gr58kqxs4vq4rdz44_t3sk9c0000gn/T/jogamp_0000/file_cache/jln3427889673131881053/jln6966922090827900880/libnativewindow_awt.jnilib
0x0000000124eba000 	/Library/Java/JavaVirtualMachines/jdk1.8.0_45.jdk/Contents/Home/jre/lib/libjawt.dylib
0x0000000124ef4000 	/private/var/folders/_3/gr58kqxs4vq4rdz44_t3sk9c0000gn/T/jogamp_0000/file_cache/jln3427889673131881053/jln6966922090827900880/libnativewindow_macosx.jnilib
0x00000001278e5000 	/private/var/folders/_3/gr58kqxs4vq4rdz44_t3sk9c0000gn/T/jogamp_0000/file_cache/jln3427889673131881053/jln6966922090827900880/libjogl_desktop.jnilib
0x0000000127b62000 	/private/var/folders/_3/gr58kqxs4vq4rdz44_t3sk9c0000gn/T/jogamp_0000/file_cache/jln3427889673131881053/jln6966922090827900880/libjogl_mobile.jnilib
0x000000012c233000 	/Users/stefanmeier/Documents/FHNW/JHelioviewer/JHelioviewer/lib/native/libkdu_jni.jnilib
0x000000012c36d000 	/Users/stefanmeier/Documents/FHNW/JHelioviewer/JHelioviewer/lib/native/libkdu_v75R.dylib
0x000000012c46c000 	/Users/stefanmeier/Documents/FHNW/JHelioviewer/JHelioviewer/lib/native/libkdu_a75R.dylib
0x000000012b6ed000 	/Library/Java/JavaVirtualMachines/jdk1.8.0_45.jdk/Contents/Home/jre/lib/libdcpr.dylib
0x0000000140b0c000 	/System/Library/Frameworks/Security.framework/PlugIns/csparser.bundle/Contents/MacOS/csparser
0x000000000a610000 	/System/Library/PrivateFrameworks/FinderKit.framework/Versions/A/FinderKit
0x000000000a610000 	/System/Library/PrivateFrameworks/Suggestions.framework/Versions/A/Suggestions
0x000000000a610000 	/System/Library/Frameworks/Quartz.framework/Versions/A/Frameworks/QuickLookUI.framework/Versions/A/QuickLookUI
0x000000000a610000 	/System/Library/Frameworks/Quartz.framework/Versions/A/Frameworks/ImageKit.framework/Versions/A/ImageKit
0x000000000a610000 	/System/Library/PrivateFrameworks/Bom.framework/Versions/A/Bom
0x000000000a610000 	/System/Library/Frameworks/QuickLook.framework/Versions/A/QuickLook
0x000000000a610000 	/System/Library/PrivateFrameworks/AppleSystemInfo.framework/Versions/A/AppleSystemInfo
0x000000000a610000 	/System/Library/Frameworks/ImageCaptureCore.framework/Versions/A/ImageCaptureCore
0x000000000a610000 	/System/Library/Frameworks/AddressBook.framework/Versions/A/AddressBook
0x000000000a610000 	/System/Library/PrivateFrameworks/IntlPreferences.framework/Versions/A/IntlPreferences
0x000000000a610000 	/System/Library/PrivateFrameworks/ToneLibrary.framework/Versions/A/ToneLibrary
0x000000000a610000 	/System/Library/PrivateFrameworks/ToneKit.framework/Versions/A/ToneKit
0x000000000a610000 	/System/Library/PrivateFrameworks/vCard.framework/Versions/A/vCard
0x000000000a610000 	/System/Library/PrivateFrameworks/ApplePushService.framework/Versions/A/ApplePushService
0x000000000a610000 	/System/Library/PrivateFrameworks/ContactsData.framework/Versions/A/ContactsData
0x000000000a610000 	/System/Library/PrivateFrameworks/ContactsFoundation.framework/Versions/A/ContactsFoundation
0x000000000a610000 	/System/Library/Frameworks/SecurityInterface.framework/Versions/A/SecurityInterface
0x000000000a610000 	/System/Library/PrivateFrameworks/PhoneNumbers.framework/Versions/A/PhoneNumbers
0x000000000a610000 	/System/Library/Frameworks/Quartz.framework/Versions/A/Quartz
0x000000000a610000 	/System/Library/Frameworks/AVFoundation.framework/Versions/A/AVFoundation
0x000000000a610000 	/System/Library/Frameworks/AVFoundation.framework/Versions/A/Resources/libAVFAudio.dylib
0x000000000a610000 	/System/Library/Frameworks/CoreMedia.framework/Versions/A/CoreMedia
0x000000000a610000 	/System/Library/Frameworks/MediaToolbox.framework/Versions/A/MediaToolbox
0x000000000a610000 	/System/Library/Frameworks/VideoToolbox.framework/Versions/A/VideoToolbox
0x000000000a610000 	/System/Library/Frameworks/CoreMediaIO.framework/Versions/A/CoreMediaIO
0x000000000a610000 	/System/Library/PrivateFrameworks/MediaControlSender.framework/Versions/A/MediaControlSender
0x000000000a610000 	/System/Library/PrivateFrameworks/CoreAVCHD.framework/Versions/A/CoreAVCHD
0x000000000a610000 	/System/Library/Frameworks/MediaAccessibility.framework/Versions/A/MediaAccessibility
0x000000000a610000 	/System/Library/PrivateFrameworks/Mangrove.framework/Versions/A/Mangrove
0x000000000a610000 	/System/Library/PrivateFrameworks/CoreAUC.framework/Versions/A/CoreAUC
0x000000000a610000 	/System/Library/PrivateFrameworks/NetworkStatistics.framework/Versions/A/NetworkStatistics
0x000000000a610000 	/System/Library/PrivateFrameworks/AirPlaySupport.framework/Versions/A/AirPlaySupport
0x000000000a610000 	/System/Library/PrivateFrameworks/CoreUtils.framework/Versions/A/CoreUtils
0x000000000a610000 	/System/Library/PrivateFrameworks/AppleVA.framework/Versions/A/AppleVA
0x000000000a610000 	/System/Library/PrivateFrameworks/XPCService.framework/Versions/A/XPCService
0x000000000a610000 	/System/Library/PrivateFrameworks/AppSandbox.framework/Versions/A/AppSandbox
0x000000000a610000 	/usr/lib/libsandbox.1.dylib
0x000000000a610000 	/usr/lib/libMatch.1.dylib
0x000000000a610000 	/System/Library/PrivateFrameworks/SafariServices.framework/Versions/A/SafariServices
0x000000000a610000 	/usr/lib/libspindump.dylib
0x000000000a610000 	/System/Library/Frameworks/QTKit.framework/Versions/A/QTKit
0x000000000a610000 	/System/Library/PrivateFrameworks/CoreMediaAuthoring.framework/Versions/A/CoreMediaAuthoring
0x000000000a610000 	/System/Library/Frameworks/Quartz.framework/Versions/A/Frameworks/QuartzComposer.framework/Versions/A/QuartzComposer
0x000000000a610000 	/System/Library/Frameworks/Quartz.framework/Versions/A/Frameworks/PDFKit.framework/Versions/A/PDFKit
0x000000000a610000 	/System/Library/Frameworks/Quartz.framework/Versions/A/Frameworks/QuartzFilters.framework/Versions/A/QuartzFilters
0x000000000a610000 	/System/Library/Frameworks/JavaScriptCore.framework/Versions/A/JavaScriptCore
0x000000000a610000 	/System/Library/PrivateFrameworks/CorePDF.framework/Versions/A/CorePDF
0x000000000a610000 	/System/Library/PrivateFrameworks/DisplayServices.framework/Versions/A/DisplayServices
0x000000000a610000 	/System/Library/PrivateFrameworks/AppleFSCompression.framework/Versions/A/AppleFSCompression
0x0000000140b3a000 	/System/Library/PrivateFrameworks/CacheDelete.framework/CacheDelete
0x000000000a610000 	/System/Library/PrivateFrameworks/PlugInKit.framework/Versions/A/PlugInKit
0x000000000a610000 	/System/Library/CoreServices/RawCamera.bundle/Contents/MacOS/RawCamera
0x0000000141494000 	/System/Library/Frameworks/OpenCL.framework/Versions/A/Libraries/ImageFormats/unorm8_rgba.dylib
0x000000014227e000 	cl_kernels
0x00000001422d6000 	cl_kernels
0x00000001422da000 	cl_kernels

VM Arguments:
jvm_args: -Dapple.laf.useScreenMenuBar=true -Xmx2048m -Djava.library.path=/Users/stefanmeier/Documents/FHNW/JHelioviewer/JHelioviewer/lib/native:/Users/stefanmeier/Documents/FHNW/JHelioviewer/JHelioviewer/lib/native -Dfile.encoding=UTF-8 
java_command: org.helioviewer.jhv.JHelioviewer
java_class_path (initial): /Users/stefanmeier/Documents/FHNW/JHelioviewer/JHelioviewer/bin:/Users/stefanmeier/Documents/FHNW/JHelioviewer/JHelioviewer/lib/fits.jar:/Users/stefanmeier/Documents/FHNW/JHelioviewer/JHelioviewer/lib/forms-1.3.0.jar:/Users/stefanmeier/Documents/FHNW/JHelioviewer/JHelioviewer/lib/gluegen-rt.jar:/Users/stefanmeier/Documents/FHNW/JHelioviewer/JHelioviewer/lib/jgoodies-forms-1.8.0.jar:/Users/stefanmeier/Documents/FHNW/JHelioviewer/JHelioviewer/lib/json.jar:/Users/stefanmeier/Documents/FHNW/JHelioviewer/JHelioviewer/lib/log4j-1.2.16.jar:/Users/stefanmeier/Documents/FHNW/JHelioviewer/JHelioviewer/lib/xuggle-xuggler-5.4-all.jar:/Users/stefanmeier/Documents/FHNW/JHelioviewer/JHelioviewer/lib/bzip2.jar:/Users/stefanmeier/Documents/FHNW/JHelioviewer/JHelioviewer/lib/slf4j-api-1.7.7.jar:/Users/stefanmeier/Documents/FHNW/JHelioviewer/JHelioviewer/lib/slf4j-nop-1.7.7.jar:/Users/stefanmeier/Documents/FHNW/JHelioviewer/JHelioviewer/lib/gson-2.2.4.jar:/Users/stefanmeier/Documents/FHNW/JHelioviewer/JHelioviewer/lib/i4jruntime.jar:/Users/stefanmeier/Documents/FHNW/JHelioviewer/JHelioviewer/lib/kdu.jar:/Users/stefanmeier/Documents/FHNW/JHelioviewer/JHelioviewer/lib/junrar-0.7.jar:/Users/stefanmeier/Documents/FHNW/JHelioviewer/JHelioviewer/lib/commons-logging-1.2.jar:/Users/stefanmeier/Documents/FHNW/JHelioviewer/JHelioviewer/lib/core-2.0.0.jar:/Users/stefanmeier/Documents/FHNW/JHelioviewer/JHelioviewer/lib/gluegen-rt-natives-linux-amd64.jar:/Users/stefanmeier/Documents/FHNW/JHelioviewer/JHelioviewer/lib/gluegen-rt-natives-linux-i586.jar:/Users/stefanmeier/Documents/FHNW/JHelioviewer/JHelioviewer/lib/gluegen-rt-natives-macosx-universal.jar:/Users/stefanmeier/Documents/FHNW/JHelioviewer/JHelioviewer/lib/gluegen-rt-natives-windows-amd64.jar:/Users/stefanmeier/Documents/FHNW/JHelioviewer/JHelioviewer/lib/gluegen-rt-natives-windows-i586.jar:/Users/stefanmeier/Documents/FHNW/JHelioviewer/JHelioviewer/lib/jogl-all-natives-linux-amd64.jar:/Users/stefanmeier/Docum
Launcher Type: SUN_STANDARD

Environment Variables:
PATH=/usr/bin:/bin:/usr/sbin:/sbin
SHELL=/bin/bash

Signal Handlers:
SIGSEGV: [libjvm.dylib+0x58ef95], sa_mask[0]=11111111011111110111111111111111, sa_flags=SA_ONSTACK|SA_RESTART|SA_SIGINFO
SIGBUS: [libjvm.dylib+0x58ef95], sa_mask[0]=11111111011111110111111111111111, sa_flags=SA_RESTART|SA_SIGINFO
SIGFPE: [libjvm.dylib+0x46c108], sa_mask[0]=11111111011111110111111111111111, sa_flags=SA_RESTART|SA_SIGINFO
SIGPIPE: SIG_IGN, sa_mask[0]=00000000000000000000000000000000, sa_flags=SA_RESTART
SIGXFSZ: [libjvm.dylib+0x46c108], sa_mask[0]=11111111011111110111111111111111, sa_flags=SA_RESTART|SA_SIGINFO
SIGILL: [libjvm.dylib+0x46c108], sa_mask[0]=11111111011111110111111111111111, sa_flags=SA_RESTART|SA_SIGINFO
SIGUSR1: SIG_DFL, sa_mask[0]=00000000000000000000000000000000, sa_flags=none
SIGUSR2: [libjvm.dylib+0x46bc26], sa_mask[0]=00100000000000000000000000000000, sa_flags=SA_RESTART|SA_SIGINFO
SIGHUP: [libjvm.dylib+0x46a1f9], sa_mask[0]=11111111011111110111111111111111, sa_flags=SA_RESTART|SA_SIGINFO
SIGINT: [libjvm.dylib+0x46a1f9], sa_mask[0]=11111111011111110111111111111111, sa_flags=SA_RESTART|SA_SIGINFO
SIGTERM: [libjvm.dylib+0x46a1f9], sa_mask[0]=11111111011111110111111111111111, sa_flags=SA_RESTART|SA_SIGINFO
SIGQUIT: [libjvm.dylib+0x46a1f9], sa_mask[0]=11111111011111110111111111111111, sa_flags=SA_RESTART|SA_SIGINFO


---------------  S Y S T E M  ---------------

OS:Bsduname:Darwin 14.4.0 Darwin Kernel Version 14.4.0: Thu May 28 11:35:04 PDT 2015; root:xnu-2782.30.5~1/RELEASE_X86_64 x86_64
rlimit: STACK 8192k, CORE 0k, NPROC 709, NOFILE 10240, AS infinity
load average:4.02 2.76 2.20

CPU:total 8 (4 cores per cpu, 2 threads per core) family 6 model 70 stepping 1, cmov, cx8, fxsr, mmx, sse, sse2, sse3, ssse3, sse4.1, sse4.2, popcnt, avx, avx2, aes, clmul, erms, rtm, lzcnt, ht, tsc, tscinvbit, bmi1, bmi2

Memory: 4k page, physical 16777216k(3466612k free)

/proc/meminfo:


vm_info: Java HotSpot(TM) 64-Bit Server VM (25.45-b02) for bsd-amd64 JRE (1.8.0_45-b14), built on Apr 10 2015 10:46:38 by "java_re" with gcc 4.2.1 (Based on Apple Inc. build 5658) (LLVM build 2336.11.00)

time: Fri Aug 21 13:45:11 2015
elapsed time: 64 seconds (0d 0h 1m 4s)

