#
# A fatal error has been detected by the Java Runtime Environment:
#
#  SIGSEGV (0xb) at pc=0x000000012e35de8d, pid=13568, tid=23827
#
# JRE version: Java(TM) SE Runtime Environment (8.0_45-b14) (build 1.8.0_45-b14)
# Java VM: Java HotSpot(TM) 64-Bit Server VM (25.45-b02 mixed mode bsd-amd64 compressed oops)
# Problematic frame:
# C  [libkdu_a75R.dylib+0x18e8d]  kdu_supp::jp2_input_box::read(unsigned char*, int)+0x175
#
# Failed to write core dump. Core dumps have been disabled. To enable core dumping, try "ulimit -c unlimited" before starting Java again
#
# If you would like to submit a bug report, please visit:
#   http://bugreport.java.com/bugreport/crash.jsp
# The crash happened outside the Java Virtual Machine in native code.
# See problematic frame for where to report the bug.
#

---------------  T H R E A D  ---------------

Current thread (0x00007f8afb8a1000):  JavaThread "Decoding-Data" [_thread_in_native, id=23827, stack(0x000000012c7e0000,0x000000012c8e0000)]

siginfo: si_signo: 11 (SIGSEGV), si_code: 0 (unknown), si_addr: 0x0000000000000000

Registers:
RAX=0xd000000000000000, RBX=0x00007f8afe8df500, RCX=0x0000000000000000, RDX=0x0000000000000000
RSP=0x000000012c8df180, RBP=0x000000012c8df250, RSI=0x0000000000000000, RDI=0x00007f8afe8539b0
R8 =0x00000000f33394bb, R9 =0x00000007999ca540, R10=0x000000000000012c, R11=0x00000001044c30e0
R12=0x0000000000000000, R13=0x00007f8afe8df4e0, R14=0x0000000000000008, R15=0x0000000000000008
RIP=0x000000012e35de8d, EFLAGS=0x0000000000010206, ERR=0x0000000000000000
  TRAPNO=0x000000000000000d

Top of Stack: (sp=0x000000012c8df180)
0x000000012c8df180:   00007f8afe8df590 0000000000000000
0x000000012c8df190:   0000000000000000 0000000000000000
0x000000012c8df1a0:   000000012c8df1d0 00000007999ca4e8
0x000000012c8df1b0:   00007f8af9e5e040 00007f8af841faa0
0x000000012c8df1c0:   0000000000000001 0000000104b9e7a7
0x000000012c8df1d0:   000000012c8df250 0000000104b9e7a7
0x000000012c8df1e0:   0000000104b9e7a7 00000007999ca5c0
0x000000012c8df1f0:   0000000100001fa0 000000000000000a
0x000000012c8df200:   00007f8afb8a1000 0000000000000001
0x000000012c8df210:   0000000104b9e71f 00000001192743b8
0x000000012c8df220:   000000012c8df2e8 00007f8afe8df590
0x000000012c8df230:   00007f8afe8df560 00007f8afe8df524
0x000000012c8df240:   00007f8afe8df4e0 7fffffffffffffff
0x000000012c8df250:   000000012c8df360 000000012e35bf61
0x000000012c8df260:   0000000000000001 00007f8afb8a1000
0x000000012c8df270:   0000000000000000 000000012c8df498
0x000000012c8df280:   0000000000000000 0000000104be36a0
0x000000012c8df290:   0000000000000000 000000012c8df418
0x000000012c8df2a0:   000000012c8df490 00007f8afb8a1000
0x000000012c8df2b0:   00007f8afb8a1000 00007f8afa221370
0x000000012c8df2c0:   00007f8afec30820 00007f8afec30840
0x000000012c8df2d0:   00007f8afec30908 00000000000000d8
0x000000012c8df2e0:   000000012c8dfa30 00007f8afb8a1000
0x000000012c8df2f0:   00007f8afe9a2600 00000001192743b8
0x000000012c8df300:   0000000000000000 000000012c8df510
0x000000012c8df310:   0000000000000000 0000000000000000
0x000000012c8df320:   000000012c8df490 00007f8afe8d5ef1
0x000000012c8df330:   0000000000000002 00007f8afe8df4e0
0x000000012c8df340:   0000000000000000 00007f8afb8a11f8
0x000000012c8df350:   00007f8afed0b3b0 0000000000000000
0x000000012c8df360:   000000012c8df470 000000012e35cace
0x000000012c8df370:   00007f8afe8df4e8 00007f8afed0b3b0 

Instructions: (pc=0x000000012e35de8d)
0x000000012e35de6d:   93 a8 00 00 00 49 8b 7d 28 89 47 44 49 8b b5 a0
0x000000012e35de7d:   00 00 00 48 39 77 28 74 48 48 8b 7f 20 48 8b 07
0x000000012e35de8d:   ff 50 28 84 c0 75 3a 49 8b 7d 28 48 8b 07 ff 50
0x000000012e35de9d:   38 48 8d 35 f3 2c 0d 00 48 8d 5d 88 48 89 df e8 

Register to memory mapping:

RAX=0xd000000000000000 is an unknown value
RBX=0x00007f8afe8df500 is an unknown value
RCX=0x0000000000000000 is an unknown value
RDX=0x0000000000000000 is an unknown value
RSP=0x000000012c8df180 is pointing into the stack for thread: 0x00007f8afb8a1000
RBP=0x000000012c8df250 is pointing into the stack for thread: 0x00007f8afb8a1000
RSI=0x0000000000000000 is an unknown value
RDI=0x00007f8afe8539b0 is an unknown value
R8 =0x00000000f33394bb is an unknown value
R9 =0x00000007999ca540 is an oop
kdu_jni.Jp2_input_box 
 - klass: 'kdu_jni/Jp2_input_box'
R10=0x000000000000012c is an unknown value
R11=0x00000001044c30e0: _ZN20SafepointSynchronize18_safepoint_counterE+0 in /Library/Java/JavaVirtualMachines/jdk1.8.0_45.jdk/Contents/Home/jre/lib/server/libjvm.dylib at 0x0000000103c00000
R12=0x0000000000000000 is an unknown value
R13=0x00007f8afe8df4e0 is an unknown value
R14=0x0000000000000008 is an unknown value
R15=0x0000000000000008 is an unknown value


Stack: [0x000000012c7e0000,0x000000012c8e0000],  sp=0x000000012c8df180,  free space=1020k
Native frames: (J=compiled Java code, j=interpreted, Vv=VM code, C=native code)
C  [libkdu_a75R.dylib+0x18e8d]  kdu_supp::jp2_input_box::read(unsigned char*, int)+0x175
C  [libkdu_a75R.dylib+0x16f61]  kdu_supp::jp2_input_box::read_box_header(bool)+0x15d
C  [libkdu_a75R.dylib+0x17ace]  kdu_supp::jp2_input_box::open(kdu_supp::jp2_family_src*, kdu_supp::jp2_locator)+0x218
C  [libkdu_jni.jnilib+0xd3d1]  Java_kdu_1jni_Jp2_1input_1box_Open__Lkdu_1jni_Jp2_1family_1src_2Lkdu_1jni_Jp2_1locator_2+0xe7
J 3337  kdu_jni.Jp2_input_box.Open(Lkdu_jni/Jp2_family_src;Lkdu_jni/Jp2_locator;)Z (0 bytes) @ 0x0000000105565f12 [0x0000000105565e40+0xd2]
J 3701 C2 org.helioviewer.jhv.viewmodel.view.jp2view.kakadu.KakaduUtils.findBox(Lkdu_jni/Jp2_threadsafe_family_src;JI)[Lkdu_jni/Jp2_input_box; (653 bytes) @ 0x00000001056915b0 [0x00000001056913e0+0x1d0]

Java frames: (J=compiled Java code, j=interpreted, Vv=VM code)
J 3337  kdu_jni.Jp2_input_box.Open(Lkdu_jni/Jp2_family_src;Lkdu_jni/Jp2_locator;)Z (0 bytes) @ 0x0000000105565ea0 [0x0000000105565e40+0x60]
J 3701 C2 org.helioviewer.jhv.viewmodel.view.jp2view.kakadu.KakaduUtils.findBox(Lkdu_jni/Jp2_threadsafe_family_src;JI)[Lkdu_jni/Jp2_input_box; (653 bytes) @ 0x00000001056915b0 [0x00000001056913e0+0x1d0]
J 3519 C1 org.helioviewer.jhv.viewmodel.view.jp2view.kakadu.KakaduUtils.getXml(Lkdu_jni/Jp2_threadsafe_family_src;I)Ljava/lang/String; (318 bytes) @ 0x00000001055dc364 [0x00000001055dc2e0+0x84]
J 3669 C1 org.helioviewer.jhv.viewmodel.view.jp2view.newjpx.KakaduRender.getMetadata(ILkdu_jni/Jp2_threadsafe_family_src;)Lorg/helioviewer/jhv/viewmodel/metadata/MetaData; (107 bytes) @ 0x00000001056628fc [0x0000000105662880+0x7c]
J 3514 C1 org.helioviewer.jhv.viewmodel.view.jp2view.newjpx.UltimateLayer.getMetaData(Ljava/time/LocalDateTime;)Lorg/helioviewer/jhv/viewmodel/metadata/MetaData; (137 bytes) @ 0x00000001055d69cc [0x00000001055d5da0+0xc2c]
j  org.helioviewer.jhv.layers.ImageLayer$1.run()V+15
j  java.lang.Thread.run()V+11
v  ~StubRoutines::call_stub

---------------  P R O C E S S  ---------------

Java Threads: ( => current thread )
=>0x00007f8afb8a1000 JavaThread "Decoding-Data" [_thread_in_native, id=23827, stack(0x000000012c7e0000,0x000000012c8e0000)]
  0x00007f8af8e84000 JavaThread "JPIP_URI_LOADER" [_thread_blocked, id=97283, stack(0x000000013db4b000,0x000000013dc4b000)]
  0x00007f8afaf35800 JavaThread "Keep-Alive-Timer" daemon [_thread_blocked, id=70919, stack(0x000000013c6e6000,0x000000013c7e6000)]
  0x00007f8af9e21000 JavaThread "UI latency watchdog" daemon [_thread_blocked, id=82447, stack(0x000000012d46f000,0x000000012d56f000)]
  0x00007f8afae17000 JavaThread "DestroyJavaVM" [_thread_blocked, id=4867, stack(0x0000000102ada000,0x0000000102bda000)]
  0x00007f8af940e000 JavaThread "Image Fetcher 1" daemon [_thread_blocked, id=81927, stack(0x0000000138ff1000,0x00000001390f1000)]
  0x00007f8af8dd4800 JavaThread "Download-Thread-5" [_thread_in_native, id=79875, stack(0x0000000137eee000,0x0000000137fee000)]
  0x00007f8af8dd3800 JavaThread "Download-Thread-4" [_thread_in_native, id=79363, stack(0x0000000137deb000,0x0000000137eeb000)]
  0x00007f8afc850000 JavaThread "Download-Thread-3" [_thread_in_native, id=78851, stack(0x0000000137ce8000,0x0000000137de8000)]
  0x00007f8af8dd3000 JavaThread "Download-Thread-2" [_thread_in_native, id=78339, stack(0x0000000137be5000,0x0000000137ce5000)]
  0x00007f8af8dd2000 JavaThread "Download-Thread-1" [_thread_in_native, id=77827, stack(0x0000000137ae2000,0x0000000137be2000)]
  0x00007f8af8db7000 JavaThread "Download-Thread-0" [_thread_in_native, id=77315, stack(0x00000001379df000,0x0000000137adf000)]
  0x00007f8afab94800 JavaThread "Image Fetcher 0" daemon [_thread_blocked, id=69895, stack(0x000000012c2c1000,0x000000012c3c1000)]
  0x00007f8af9a45000 JavaThread "Thread-6" daemon [_thread_in_native, id=67843, stack(0x00000001260f8000,0x0000000126178000)]
  0x00007f8af9a2d800 JavaThread "Thread-5" daemon [_thread_blocked, id=61459, stack(0x0000000125da9000,0x0000000125ea9000)]
  0x00007f8af8b10800 JavaThread "QuantumRenderer-0" daemon [_thread_blocked, id=61703, stack(0x00000001254e1000,0x00000001255e1000)]
  0x00007f8af8802800 JavaThread "Timer-0" daemon [_thread_blocked, id=63247, stack(0x0000000125746000,0x0000000125846000)]
  0x00007f8af9a2c800 JavaThread "TimerQueue" daemon [_thread_blocked, id=64347, stack(0x000000012a89e000,0x000000012a99e000)]
  0x00007f8af99eb800 JavaThread "AWT-EventQueue-0" [_thread_blocked, id=58131, stack(0x0000000123e61000,0x0000000123f61000)]
  0x00007f8af8a76800 JavaThread "Java2D Disposer" daemon [_thread_blocked, id=57367, stack(0x00000001236d3000,0x00000001237d3000)]
  0x00007f8af8a71800 JavaThread "Java2D Queue Flusher" daemon [_thread_blocked, id=53007, stack(0x00000001228db000,0x00000001229db000)]
  0x00007f8af90a8000 JavaThread "AWT-Shutdown" [_thread_blocked, id=30739, stack(0x000000011f7ce000,0x000000011f8ce000)]
  0x00007f8af88eb000 JavaThread "AWT-AppKit" daemon [_thread_in_native, id=1811, stack(0x00007fff5ca3d000,0x00007fff5d23d000)]
  0x00007f8af8836800 JavaThread "Service Thread" daemon [_thread_blocked, id=20483, stack(0x000000011da4e000,0x000000011db4e000)]
  0x00007f8af900f000 JavaThread "C1 CompilerThread3" daemon [_thread_blocked, id=19971, stack(0x000000011d94b000,0x000000011da4b000)]
  0x00007f8af900e800 JavaThread "C2 CompilerThread2" daemon [_thread_blocked, id=19459, stack(0x000000011d848000,0x000000011d948000)]
  0x00007f8af900d800 JavaThread "C2 CompilerThread1" daemon [_thread_blocked, id=18947, stack(0x000000011d745000,0x000000011d845000)]
  0x00007f8af9800000 JavaThread "C2 CompilerThread0" daemon [_thread_blocked, id=18435, stack(0x000000011d642000,0x000000011d742000)]
  0x00007f8af8836000 JavaThread "Signal Dispatcher" daemon [_thread_blocked, id=14355, stack(0x000000011d53f000,0x000000011d63f000)]
  0x00007f8af8834800 JavaThread "Finalizer" daemon [_thread_blocked, id=13571, stack(0x000000011bb9f000,0x000000011bc9f000)]
  0x00007f8af8834000 JavaThread "Reference Handler" daemon [_thread_blocked, id=13059, stack(0x000000011ba9c000,0x000000011bb9c000)]

Other Threads:
  0x00007f8af8831000 VMThread [stack: 0x000000011b999000,0x000000011ba99000] [id=12547]
  0x00007f8af983b800 WatcherThread [stack: 0x000000011db51000,0x000000011dc51000] [id=20995]

VM state:not at safepoint (normal execution)

VM Mutex/Monitor currently owned by a thread: None

Heap:
 PSYoungGen      total 116224K, used 80833K [0x0000000795580000, 0x00000007a1f00000, 0x00000007c0000000)
  eden space 105472K, 66% used [0x0000000795580000,0x00000007999f63c8,0x000000079bc80000)
  from space 10752K, 99% used [0x000000079bc80000,0x000000079c6fa230,0x000000079c700000)
  to   space 20480K, 0% used [0x00000007a0b00000,0x00000007a0b00000,0x00000007a1f00000)
 ParOldGen       total 74752K, used 27699K [0x0000000740000000, 0x0000000744900000, 0x0000000795580000)
  object space 74752K, 37% used [0x0000000740000000,0x0000000741b0cf98,0x0000000744900000)
 Metaspace       used 32981K, capacity 33395K, committed 33792K, reserved 1079296K
  class space    used 3929K, capacity 4076K, committed 4096K, reserved 1048576K

Card table byte_map: [0x0000000113f5e000,0x000000011435f000] byte_map_base: 0x000000011055e000

Marking Bits: (ParMarkBitMap*) 0x00000001044c27a0
 Begin Bits: [0x0000000114e22000, 0x0000000116e22000)
 End Bits:   [0x0000000116e22000, 0x0000000118e22000)

Polling page: 0x0000000102bea000

CodeCache: size=245760Kb used=11412Kb max_used=11424Kb free=234347Kb
 bounds [0x0000000104b9e000, 0x00000001056de000, 0x0000000113b9e000]
 total_blobs=4513 nmethods=3479 adapters=945
 compilation: enabled

Compilation events (10 events):
Event: 7.226 Thread 0x00007f8af900e800 3801  s    4       java.io.ByteArrayOutputStream::write (66 bytes)
Event: 7.229 Thread 0x00007f8af900e800 nmethod 3801 0x00000001056ce210 code [0x00000001056ce380, 0x00000001056ce868]
Event: 7.276 Thread 0x00007f8af900d800 3802       4       sun.net.www.protocol.http.HttpURLConnection$HttpInputStream::read (9 bytes)
Event: 7.278 Thread 0x00007f8af9800000 3803       4       sun.net.www.MeteredStream::justRead (109 bytes)
Event: 7.279 Thread 0x00007f8af9800000 nmethod 3803 0x00000001056c4d90 code [0x00000001056c4ee0, 0x00000001056c5038]
Event: 7.281 Thread 0x00007f8af900d800 nmethod 3802 0x00000001056cd350 code [0x00000001056cd500, 0x00000001056cdb08]
Event: 7.313 Thread 0x00007f8af900e800 3804       4       org.helioviewer.jhv.viewmodel.view.jp2view.io.jpip.JPIPResponse::addJpipDataSegment (25 bytes)
Event: 7.315 Thread 0x00007f8af900e800 nmethod 3804 0x00000001056d3250 code [0x00000001056d33a0, 0x00000001056d3558]
Event: 7.373 Thread 0x00007f8af900f000 3805       1       org.helioviewer.jhv.base.ImageRegion::getDateTime (5 bytes)
Event: 7.373 Thread 0x00007f8af900f000 nmethod 3805 0x00000001056acd10 code [0x00000001056ace60, 0x00000001056acf70]

GC Heap History (10 events):
Event: 2.999 GC heap before
{Heap before GC invocations=2 (full 1):
 PSYoungGen      total 76288K, used 9355K [0x0000000795580000, 0x000000079aa80000, 0x00000007c0000000)
  eden space 65536K, 0% used [0x0000000795580000,0x0000000795580000,0x0000000799580000)
  from space 10752K, 87% used [0x0000000799580000,0x0000000799ea2f30,0x000000079a000000)
  to   space 10752K, 0% used [0x000000079a000000,0x000000079a000000,0x000000079aa80000)
 ParOldGen       total 175104K, used 16K [0x0000000740000000, 0x000000074ab00000, 0x0000000795580000)
  object space 175104K, 0% used [0x0000000740000000,0x0000000740004000,0x000000074ab00000)
 Metaspace       used 20699K, capacity 21025K, committed 21296K, reserved 1069056K
  class space    used 2308K, capacity 2401K, committed 2432K, reserved 1048576K
Event: 3.018 GC heap after
Heap after GC invocations=2 (full 1):
 PSYoungGen      total 76288K, used 0K [0x0000000795580000, 0x000000079aa80000, 0x00000007c0000000)
  eden space 65536K, 0% used [0x0000000795580000,0x0000000795580000,0x0000000799580000)
  from space 10752K, 0% used [0x0000000799580000,0x0000000799580000,0x000000079a000000)
  to   space 10752K, 0% used [0x000000079a000000,0x000000079a000000,0x000000079aa80000)
 ParOldGen       total 74752K, used 8915K [0x0000000740000000, 0x0000000744900000, 0x0000000795580000)
  object space 74752K, 11% used [0x0000000740000000,0x00000007408b4cf0,0x0000000744900000)
 Metaspace       used 20699K, capacity 21025K, committed 21296K, reserved 1069056K
  class space    used 2308K, capacity 2401K, committed 2432K, reserved 1048576K
}
Event: 4.071 GC heap before
{Heap before GC invocations=3 (full 1):
 PSYoungGen      total 76288K, used 65536K [0x0000000795580000, 0x000000079aa80000, 0x00000007c0000000)
  eden space 65536K, 100% used [0x0000000795580000,0x0000000799580000,0x0000000799580000)
  from space 10752K, 0% used [0x0000000799580000,0x0000000799580000,0x000000079a000000)
  to   space 10752K, 0% used [0x000000079a000000,0x000000079a000000,0x000000079aa80000)
 ParOldGen       total 74752K, used 8915K [0x0000000740000000, 0x0000000744900000, 0x0000000795580000)
  object space 74752K, 11% used [0x0000000740000000,0x00000007408b4cf0,0x0000000744900000)
 Metaspace       used 30578K, capacity 31029K, committed 31360K, reserved 1077248K
  class space    used 3731K, capacity 3847K, committed 3968K, reserved 1048576K
Event: 4.078 GC heap after
Heap after GC invocations=3 (full 1):
 PSYoungGen      total 76288K, used 10744K [0x0000000795580000, 0x000000079c400000, 0x00000007c0000000)
  eden space 65536K, 0% used [0x0000000795580000,0x0000000795580000,0x0000000799580000)
  from space 10752K, 99% used [0x000000079a000000,0x000000079aa7e118,0x000000079aa80000)
  to   space 10752K, 0% used [0x0000000799580000,0x0000000799580000,0x000000079a000000)
 ParOldGen       total 74752K, used 14172K [0x0000000740000000, 0x0000000744900000, 0x0000000795580000)
  object space 74752K, 18% used [0x0000000740000000,0x0000000740dd7398,0x0000000744900000)
 Metaspace       used 30578K, capacity 31029K, committed 31360K, reserved 1077248K
  class space    used 3731K, capacity 3847K, committed 3968K, reserved 1048576K
}
Event: 4.222 GC heap before
{Heap before GC invocations=4 (full 1):
 PSYoungGen      total 76288K, used 76280K [0x0000000795580000, 0x000000079c400000, 0x00000007c0000000)
  eden space 65536K, 100% used [0x0000000795580000,0x0000000799580000,0x0000000799580000)
  from space 10752K, 99% used [0x000000079a000000,0x000000079aa7e118,0x000000079aa80000)
  to   space 10752K, 0% used [0x0000000799580000,0x0000000799580000,0x000000079a000000)
 ParOldGen       total 74752K, used 14172K [0x0000000740000000, 0x0000000744900000, 0x0000000795580000)
  object space 74752K, 18% used [0x0000000740000000,0x0000000740dd7398,0x0000000744900000)
 Metaspace       used 30890K, capacity 31349K, committed 31616K, reserved 1077248K
  class space    used 3765K, capacity 3911K, committed 3968K, reserved 1048576K
Event: 4.225 GC heap after
Heap after GC invocations=4 (full 1):
 PSYoungGen      total 76288K, used 10726K [0x0000000795580000, 0x000000079d180000, 0x00000007c0000000)
  eden space 65536K, 0% used [0x0000000795580000,0x0000000795580000,0x0000000799580000)
  from space 10752K, 99% used [0x0000000799580000,0x0000000799ff9b70,0x000000079a000000)
  to   space 10752K, 0% used [0x000000079c700000,0x000000079c700000,0x000000079d180000)
 ParOldGen       total 74752K, used 15733K [0x0000000740000000, 0x0000000744900000, 0x0000000795580000)
  object space 74752K, 21% used [0x0000000740000000,0x0000000740f5d648,0x0000000744900000)
 Metaspace       used 30890K, capacity 31349K, committed 31616K, reserved 1077248K
  class space    used 3765K, capacity 3911K, committed 3968K, reserved 1048576K
}
Event: 5.283 GC heap before
{Heap before GC invocations=5 (full 1):
 PSYoungGen      total 76288K, used 76262K [0x0000000795580000, 0x000000079d180000, 0x00000007c0000000)
  eden space 65536K, 100% used [0x0000000795580000,0x0000000799580000,0x0000000799580000)
  from space 10752K, 99% used [0x0000000799580000,0x0000000799ff9b70,0x000000079a000000)
  to   space 10752K, 0% used [0x000000079c700000,0x000000079c700000,0x000000079d180000)
 ParOldGen       total 74752K, used 15733K [0x0000000740000000, 0x0000000744900000, 0x0000000795580000)
  object space 74752K, 21% used [0x0000000740000000,0x0000000740f5d648,0x0000000744900000)
 Metaspace       used 32697K, capacity 33203K, committed 33536K, reserved 1079296K
  class space    used 3917K, capacity 4076K, committed 4096K, reserved 1048576K
Event: 5.290 GC heap after
Heap after GC invocations=5 (full 1):
 PSYoungGen      total 114688K, used 10751K [0x0000000795580000, 0x000000079d180000, 0x00000007c0000000)
  eden space 103936K, 0% used [0x0000000795580000,0x0000000795580000,0x000000079bb00000)
  from space 10752K, 99% used [0x000000079c700000,0x000000079d17fed0,0x000000079d180000)
  to   space 10752K, 0% used [0x000000079bc80000,0x000000079bc80000,0x000000079c700000)
 ParOldGen       total 74752K, used 20256K [0x0000000740000000, 0x0000000744900000, 0x0000000795580000)
  object space 74752K, 27% used [0x0000000740000000,0x00000007413c8198,0x0000000744900000)
 Metaspace       used 32697K, capacity 33203K, committed 33536K, reserved 1079296K
  class space    used 3917K, capacity 4076K, committed 4096K, reserved 1048576K
}
Event: 5.983 GC heap before
{Heap before GC invocations=6 (full 1):
 PSYoungGen      total 114688K, used 114687K [0x0000000795580000, 0x000000079d180000, 0x00000007c0000000)
  eden space 103936K, 100% used [0x0000000795580000,0x000000079bb00000,0x000000079bb00000)
  from space 10752K, 99% used [0x000000079c700000,0x000000079d17fed0,0x000000079d180000)
  to   space 10752K, 0% used [0x000000079bc80000,0x000000079bc80000,0x000000079c700000)
 ParOldGen       total 74752K, used 20256K [0x0000000740000000, 0x0000000744900000, 0x0000000795580000)
  object space 74752K, 27% used [0x0000000740000000,0x00000007413c8198,0x0000000744900000)
 Metaspace       used 32944K, capacity 33395K, committed 33792K, reserved 1079296K
  class space    used 3928K, capacity 4076K, committed 4096K, reserved 1048576K
Event: 5.990 GC heap after
Heap after GC invocations=6 (full 1):
 PSYoungGen      total 116224K, used 10728K [0x0000000795580000, 0x00000007a1f00000, 0x00000007c0000000)
  eden space 105472K, 0% used [0x0000000795580000,0x0000000795580000,0x000000079bc80000)
  from space 10752K, 99% used [0x000000079bc80000,0x000000079c6fa230,0x000000079c700000)
  to   space 20480K, 0% used [0x00000007a0b00000,0x00000007a0b00000,0x00000007a1f00000)
 ParOldGen       total 74752K, used 27699K [0x0000000740000000, 0x0000000744900000, 0x0000000795580000)
  object space 74752K, 37% used [0x0000000740000000,0x0000000741b0cf98,0x0000000744900000)
 Metaspace       used 32944K, capacity 33395K, committed 33792K, reserved 1079296K
  class space    used 3928K, capacity 4076K, committed 4096K, reserved 1048576K
}

Deoptimization events (10 events):
Event: 3.844 Thread 0x00007f8af9801800 Uncommon trap: reason=predicate action=maybe_recompile pc=0x00000001052af4f8 method=java.awt.image.ComponentSampleModel.getPixel(II[ILjava/awt/image/DataBuffer;)[I @ 79
Event: 3.979 Thread 0x00007f8af8dba800 Uncommon trap: reason=unstable_if action=reinterpret pc=0x0000000104f278f0 method=java.util.ArrayList.rangeCheck(I)V @ 5
Event: 4.158 Thread 0x00007f8af8e84000 Uncommon trap: reason=unstable_if action=reinterpret pc=0x0000000105405584 method=org.helioviewer.jhv.viewmodel.view.jp2view.newjpx.UltimateLayer$1.run()V @ 399
Event: 4.398 Thread 0x00007f8af8cd2000 Uncommon trap: reason=unstable_if action=reinterpret pc=0x000000010547982c method=org.helioviewer.jhv.base.Log$1.write(I)V @ 9
Event: 4.868 Thread 0x00007f8af8d3f800 Uncommon trap: reason=unstable_if action=reinterpret pc=0x00000001054a4de8 method=java.lang.ThreadLocal$ThreadLocalMap.getEntry(Ljava/lang/ThreadLocal;)Ljava/lang/ThreadLocal$ThreadLocalMap$Entry; @ 29
Event: 4.869 Thread 0x00007f8af8d3f800 Uncommon trap: reason=unstable_if action=reinterpret pc=0x00000001054a67b8 method=java.lang.ThreadLocal$ThreadLocalMap.getEntry(Ljava/lang/ThreadLocal;)Ljava/lang/ThreadLocal$ThreadLocalMap$Entry; @ 29
Event: 4.909 Thread 0x00007f8af99eb800 Uncommon trap: reason=predicate action=maybe_recompile pc=0x0000000104cb8a48 method=java.io.OutputStream.write([BII)V @ 62
Event: 4.926 Thread 0x00007f8af99eb800 Uncommon trap: reason=unstable_if action=reinterpret pc=0x00000001052f27c8 method=java.awt.image.ComponentColorModel.extractComponent(Ljava/lang/Object;II)I @ 497
Event: 5.671 Thread 0x00007f8af99eb800 Uncommon trap: reason=unstable_if action=reinterpret pc=0x00000001053b8880 method=javax.swing.RepaintManager.addDirtyRegion0(Ljava/awt/Container;IIII)V @ 94
Event: 7.347 Thread 0x00007f8af8dd2000 Uncommon trap: reason=unstable_if action=reinterpret pc=0x00000001056cd930 method=sun.net.www.MeteredStream.justRead(J)V @ 101

Internal exceptions (10 events):
Event: 3.791 Thread 0x00007f8af9801800 Exception <a 'java/io/FileNotFoundException'> (0x00000007976ac978) thrown at [/Users/java_re/workspace/8-2-build-macosx-x86_64/jdk8u45/3457/hotspot/src/share/vm/prims/jni.cpp, line 709]
Event: 3.791 Thread 0x00007f8af9801800 Exception <a 'java/io/FileNotFoundException'> (0x00000007976afcb8) thrown at [/Users/java_re/workspace/8-2-build-macosx-x86_64/jdk8u45/3457/hotspot/src/share/vm/prims/jni.cpp, line 709]
Event: 3.792 Thread 0x00007f8af9801800 Exception <a 'java/io/FileNotFoundException'> (0x00000007976b2f68) thrown at [/Users/java_re/workspace/8-2-build-macosx-x86_64/jdk8u45/3457/hotspot/src/share/vm/prims/jni.cpp, line 709]
Event: 3.792 Thread 0x00007f8af9801800 Exception <a 'java/io/FileNotFoundException'> (0x00000007976b6218) thrown at [/Users/java_re/workspace/8-2-build-macosx-x86_64/jdk8u45/3457/hotspot/src/share/vm/prims/jni.cpp, line 709]
Event: 3.793 Thread 0x00007f8af9801800 Exception <a 'java/io/FileNotFoundException'> (0x00000007976b94c8) thrown at [/Users/java_re/workspace/8-2-build-macosx-x86_64/jdk8u45/3457/hotspot/src/share/vm/prims/jni.cpp, line 709]
Event: 3.793 Thread 0x00007f8af9801800 Exception <a 'java/io/FileNotFoundException'> (0x00000007976bc778) thrown at [/Users/java_re/workspace/8-2-build-macosx-x86_64/jdk8u45/3457/hotspot/src/share/vm/prims/jni.cpp, line 709]
Event: 3.793 Thread 0x00007f8af9801800 Exception <a 'java/io/FileNotFoundException'> (0x00000007976bfa28) thrown at [/Users/java_re/workspace/8-2-build-macosx-x86_64/jdk8u45/3457/hotspot/src/share/vm/prims/jni.cpp, line 709]
Event: 3.852 Thread 0x00007f8af9801800 Exception <a 'java/io/FileNotFoundException'> (0x0000000797afdbd0) thrown at [/Users/java_re/workspace/8-2-build-macosx-x86_64/jdk8u45/3457/hotspot/src/share/vm/prims/jni.cpp, line 709]
Event: 3.859 Thread 0x00007f8af9801800 Exception <a 'java/io/FileNotFoundException'> (0x0000000797b42140) thrown at [/Users/java_re/workspace/8-2-build-macosx-x86_64/jdk8u45/3457/hotspot/src/share/vm/prims/jni.cpp, line 709]
Event: 4.052 Thread 0x00007f8af99eb800 Exception <a 'java/io/FileNotFoundException'> (0x0000000798740328) thrown at [/Users/java_re/workspace/8-2-build-macosx-x86_64/jdk8u45/3457/hotspot/src/share/vm/prims/jni.cpp, line 709]

Events (10 events):
Event: 6.267 Thread 0x00007f8afaadd800 Thread added: 0x00007f8afaadd800
Event: 6.270 Thread 0x00007f8afaadd800 Thread exited: 0x00007f8afaadd800
Event: 6.447 Executing VM operation: RevokeBias
Event: 6.447 Executing VM operation: RevokeBias done
Event: 7.347 Thread 0x00007f8af8dd2000 Uncommon trap: trap_request=0xffffff65 fr.pc=0x00000001056cd930
Event: 7.347 Executing VM operation: RevokeBias
Event: 7.347 Executing VM operation: RevokeBias done
Event: 7.347 Thread 0x00007f8af8dd2000 DEOPT PACKING pc=0x00000001056cd930 sp=0x0000000137be1730
Event: 7.347 Thread 0x00007f8af8dd2000 DEOPT UNPACKING pc=0x0000000104ba3229 sp=0x0000000137be1548 mode 2
Event: 7.374 Thread 0x00007f8afb8a1000 Thread added: 0x00007f8afb8a1000


Dynamic libraries:
0x000000000a610000 	/System/Library/Frameworks/Cocoa.framework/Versions/A/Cocoa
0x000000000a610000 	/System/Library/Frameworks/Security.framework/Versions/A/Security
0x000000000a610000 	/System/Library/Frameworks/ApplicationServices.framework/Versions/A/ApplicationServices
0x000000000a610000 	/usr/lib/libz.1.dylib
0x000000000a610000 	/usr/lib/libSystem.B.dylib
0x000000000a610000 	/usr/lib/libobjc.A.dylib
0x000000000a610000 	/System/Library/Frameworks/CoreFoundation.framework/Versions/A/CoreFoundation
0x000000000a610000 	/System/Library/Frameworks/Foundation.framework/Versions/C/Foundation
0x000000000a610000 	/System/Library/Frameworks/AppKit.framework/Versions/C/AppKit
0x000000000a610000 	/System/Library/Frameworks/CoreData.framework/Versions/A/CoreData
0x000000000a610000 	/System/Library/PrivateFrameworks/RemoteViewServices.framework/Versions/A/RemoteViewServices
0x000000000a610000 	/System/Library/PrivateFrameworks/UIFoundation.framework/Versions/A/UIFoundation
0x000000000a610000 	/System/Library/Frameworks/IOSurface.framework/Versions/A/IOSurface
0x000000000a610000 	/System/Library/Frameworks/AudioToolbox.framework/Versions/A/AudioToolbox
0x000000000a610000 	/System/Library/Frameworks/AudioUnit.framework/Versions/A/AudioUnit
0x000000000a610000 	/System/Library/PrivateFrameworks/DataDetectorsCore.framework/Versions/A/DataDetectorsCore
0x000000000a610000 	/System/Library/PrivateFrameworks/DesktopServicesPriv.framework/Versions/A/DesktopServicesPriv
0x000000000a610000 	/System/Library/Frameworks/Carbon.framework/Versions/A/Frameworks/HIToolbox.framework/Versions/A/HIToolbox
0x000000000a610000 	/System/Library/Frameworks/QuartzCore.framework/Versions/A/QuartzCore
0x000000000a610000 	/System/Library/Frameworks/Carbon.framework/Versions/A/Frameworks/SpeechRecognition.framework/Versions/A/SpeechRecognition
0x000000000a610000 	/usr/lib/libauto.dylib
0x000000000a610000 	/usr/lib/libicucore.A.dylib
0x000000000a610000 	/usr/lib/libxml2.2.dylib
0x000000000a610000 	/System/Library/PrivateFrameworks/CoreUI.framework/Versions/A/CoreUI
0x000000000a610000 	/System/Library/Frameworks/CoreAudio.framework/Versions/A/CoreAudio
0x000000000a610000 	/System/Library/Frameworks/DiskArbitration.framework/Versions/A/DiskArbitration
0x000000000a610000 	/usr/lib/liblangid.dylib
0x000000000a610000 	/System/Library/PrivateFrameworks/MultitouchSupport.framework/Versions/A/MultitouchSupport
0x000000000a610000 	/System/Library/Frameworks/IOKit.framework/Versions/A/IOKit
0x000000000a610000 	/usr/lib/libDiagnosticMessagesClient.dylib
0x000000000a610000 	/System/Library/Frameworks/CoreServices.framework/Versions/A/CoreServices
0x000000000a610000 	/System/Library/PrivateFrameworks/PerformanceAnalysis.framework/Versions/A/PerformanceAnalysis
0x000000000a610000 	/System/Library/PrivateFrameworks/GenerationalStorage.framework/Versions/A/GenerationalStorage
0x000000000a610000 	/System/Library/Frameworks/OpenGL.framework/Versions/A/OpenGL
0x000000000a610000 	/System/Library/PrivateFrameworks/Sharing.framework/Versions/A/Sharing
0x000000000a610000 	/System/Library/Frameworks/CoreGraphics.framework/Versions/A/CoreGraphics
0x000000000a610000 	/System/Library/Frameworks/CoreText.framework/Versions/A/CoreText
0x000000000a610000 	/System/Library/Frameworks/ImageIO.framework/Versions/A/ImageIO
0x000000000a610000 	/usr/lib/libextension.dylib
0x000000000a610000 	/System/Library/PrivateFrameworks/Backup.framework/Versions/A/Backup
0x000000000a610000 	/usr/lib/libarchive.2.dylib
0x000000000a610000 	/System/Library/Frameworks/CFNetwork.framework/Versions/A/CFNetwork
0x000000000a610000 	/System/Library/Frameworks/SystemConfiguration.framework/Versions/A/SystemConfiguration
0x000000000a610000 	/usr/lib/libCRFSuite.dylib
0x000000000a610000 	/usr/lib/libc++.1.dylib
0x000000000a610000 	/usr/lib/libc++abi.dylib
0x000000000a610000 	/usr/lib/system/libcache.dylib
0x000000000a610000 	/usr/lib/system/libcommonCrypto.dylib
0x000000000a610000 	/usr/lib/system/libcompiler_rt.dylib
0x000000000a610000 	/usr/lib/system/libcopyfile.dylib
0x000000000a610000 	/usr/lib/system/libcorecrypto.dylib
0x000000000a610000 	/usr/lib/system/libdispatch.dylib
0x000000000a610000 	/usr/lib/system/libdyld.dylib
0x000000000a610000 	/usr/lib/system/libkeymgr.dylib
0x000000000a610000 	/usr/lib/system/liblaunch.dylib
0x000000000a610000 	/usr/lib/system/libmacho.dylib
0x000000000a610000 	/usr/lib/system/libquarantine.dylib
0x000000000a610000 	/usr/lib/system/libremovefile.dylib
0x000000000a610000 	/usr/lib/system/libsystem_asl.dylib
0x000000000a610000 	/usr/lib/system/libsystem_blocks.dylib
0x000000000a610000 	/usr/lib/system/libsystem_c.dylib
0x000000000a610000 	/usr/lib/system/libsystem_configuration.dylib
0x000000000a610000 	/usr/lib/system/libsystem_coreservices.dylib
0x000000000a610000 	/usr/lib/system/libsystem_coretls.dylib
0x000000000a610000 	/usr/lib/system/libsystem_dnssd.dylib
0x000000000a610000 	/usr/lib/system/libsystem_info.dylib
0x000000000a610000 	/usr/lib/system/libsystem_kernel.dylib
0x000000000a610000 	/usr/lib/system/libsystem_m.dylib
0x000000000a610000 	/usr/lib/system/libsystem_malloc.dylib
0x000000000a610000 	/usr/lib/system/libsystem_network.dylib
0x000000000a610000 	/usr/lib/system/libsystem_networkextension.dylib
0x000000000a610000 	/usr/lib/system/libsystem_notify.dylib
0x000000000a610000 	/usr/lib/system/libsystem_platform.dylib
0x000000000a610000 	/usr/lib/system/libsystem_pthread.dylib
0x000000000a610000 	/usr/lib/system/libsystem_sandbox.dylib
0x000000000a610000 	/usr/lib/system/libsystem_secinit.dylib
0x000000000a610000 	/usr/lib/system/libsystem_stats.dylib
0x000000000a610000 	/usr/lib/system/libsystem_trace.dylib
0x000000000a610000 	/usr/lib/system/libunc.dylib
0x000000000a610000 	/usr/lib/system/libunwind.dylib
0x000000000a610000 	/usr/lib/system/libxpc.dylib
0x000000000a610000 	/usr/lib/libbz2.1.0.dylib
0x000000000a610000 	/usr/lib/liblzma.5.dylib
0x000000000a610000 	/usr/lib/libbsm.0.dylib
0x000000000a610000 	/usr/lib/libsqlite3.dylib
0x000000000a610000 	/usr/lib/system/libkxld.dylib
0x000000000a610000 	/usr/lib/libxar.1.dylib
0x000000000a610000 	/usr/lib/libpam.2.dylib
0x000000000a610000 	/usr/lib/libOpenScriptingUtil.dylib
0x000000000a610000 	/System/Library/Frameworks/CoreServices.framework/Versions/A/Frameworks/FSEvents.framework/Versions/A/FSEvents
0x000000000a610000 	/System/Library/Frameworks/CoreServices.framework/Versions/A/Frameworks/CarbonCore.framework/Versions/A/CarbonCore
0x000000000a610000 	/System/Library/Frameworks/CoreServices.framework/Versions/A/Frameworks/Metadata.framework/Versions/A/Metadata
0x000000000a610000 	/System/Library/Frameworks/CoreServices.framework/Versions/A/Frameworks/OSServices.framework/Versions/A/OSServices
0x000000000a610000 	/System/Library/Frameworks/CoreServices.framework/Versions/A/Frameworks/SearchKit.framework/Versions/A/SearchKit
0x000000000a610000 	/System/Library/Frameworks/CoreServices.framework/Versions/A/Frameworks/AE.framework/Versions/A/AE
0x000000000a610000 	/System/Library/Frameworks/CoreServices.framework/Versions/A/Frameworks/LaunchServices.framework/Versions/A/LaunchServices
0x000000000a610000 	/System/Library/Frameworks/CoreServices.framework/Versions/A/Frameworks/DictionaryServices.framework/Versions/A/DictionaryServices
0x000000000a610000 	/System/Library/Frameworks/NetFS.framework/Versions/A/NetFS
0x000000000a610000 	/System/Library/PrivateFrameworks/NetAuth.framework/Versions/A/NetAuth
0x000000000a610000 	/System/Library/PrivateFrameworks/login.framework/Versions/A/Frameworks/loginsupport.framework/Versions/A/loginsupport
0x000000000a610000 	/System/Library/PrivateFrameworks/TCC.framework/Versions/A/TCC
0x000000000a610000 	/usr/lib/libmecabra.dylib
0x000000000a610000 	/System/Library/Frameworks/ApplicationServices.framework/Versions/A/Frameworks/ATS.framework/Versions/A/ATS
0x000000000a610000 	/System/Library/Frameworks/ApplicationServices.framework/Versions/A/Frameworks/ColorSync.framework/Versions/A/ColorSync
0x000000000a610000 	/System/Library/Frameworks/ApplicationServices.framework/Versions/A/Frameworks/HIServices.framework/Versions/A/HIServices
0x000000000a610000 	/System/Library/Frameworks/ApplicationServices.framework/Versions/A/Frameworks/LangAnalysis.framework/Versions/A/LangAnalysis
0x000000000a610000 	/System/Library/Frameworks/ApplicationServices.framework/Versions/A/Frameworks/PrintCore.framework/Versions/A/PrintCore
0x000000000a610000 	/System/Library/Frameworks/ApplicationServices.framework/Versions/A/Frameworks/QD.framework/Versions/A/QD
0x000000000a610000 	/System/Library/Frameworks/ApplicationServices.framework/Versions/A/Frameworks/SpeechSynthesis.framework/Versions/A/SpeechSynthesis
0x000000000a610000 	/System/Library/Frameworks/Accelerate.framework/Versions/A/Accelerate
0x000000000a610000 	/System/Library/Frameworks/Accelerate.framework/Versions/A/Frameworks/vImage.framework/Versions/A/vImage
0x000000000a610000 	/System/Library/Frameworks/Accelerate.framework/Versions/A/Frameworks/vecLib.framework/Versions/A/vecLib
0x000000000a610000 	/System/Library/Frameworks/Accelerate.framework/Versions/A/Frameworks/vecLib.framework/Versions/A/libvDSP.dylib
0x000000000a610000 	/System/Library/Frameworks/Accelerate.framework/Versions/A/Frameworks/vecLib.framework/Versions/A/libvMisc.dylib
0x000000000a610000 	/System/Library/Frameworks/Accelerate.framework/Versions/A/Frameworks/vecLib.framework/Versions/A/libLAPACK.dylib
0x000000000a610000 	/System/Library/Frameworks/Accelerate.framework/Versions/A/Frameworks/vecLib.framework/Versions/A/libBLAS.dylib
0x000000000a610000 	/System/Library/Frameworks/Accelerate.framework/Versions/A/Frameworks/vecLib.framework/Versions/A/libLinearAlgebra.dylib
0x000000000a610000 	/System/Library/Frameworks/ApplicationServices.framework/Versions/A/Frameworks/ATS.framework/Versions/A/Resources/libFontParser.dylib
0x000000000a610000 	/System/Library/Frameworks/ApplicationServices.framework/Versions/A/Frameworks/ATS.framework/Versions/A/Resources/libFontRegistry.dylib
0x000000000a610000 	/System/Library/PrivateFrameworks/AppleVPA.framework/Versions/A/AppleVPA
0x000000000a610000 	/System/Library/PrivateFrameworks/AppleJPEG.framework/Versions/A/AppleJPEG
0x000000000a610000 	/System/Library/Frameworks/ImageIO.framework/Versions/A/Resources/libJPEG.dylib
0x000000000a610000 	/System/Library/Frameworks/ImageIO.framework/Versions/A/Resources/libTIFF.dylib
0x000000000a610000 	/System/Library/Frameworks/ImageIO.framework/Versions/A/Resources/libPng.dylib
0x000000000a610000 	/System/Library/Frameworks/ImageIO.framework/Versions/A/Resources/libGIF.dylib
0x000000000a610000 	/System/Library/Frameworks/ImageIO.framework/Versions/A/Resources/libJP2.dylib
0x000000000a610000 	/System/Library/Frameworks/ImageIO.framework/Versions/A/Resources/libRadiance.dylib
0x000000000a610000 	/System/Library/Frameworks/CoreVideo.framework/Versions/A/CoreVideo
0x000000000a610000 	/System/Library/Frameworks/OpenGL.framework/Versions/A/Libraries/libGLU.dylib
0x000000000a610000 	/System/Library/Frameworks/OpenGL.framework/Versions/A/Libraries/libGFXShared.dylib
0x000000000a610000 	/System/Library/Frameworks/OpenGL.framework/Versions/A/Libraries/libGL.dylib
0x000000000a610000 	/System/Library/Frameworks/OpenGL.framework/Versions/A/Libraries/libGLImage.dylib
0x000000000a610000 	/System/Library/Frameworks/OpenGL.framework/Versions/A/Libraries/libCVMSPluginSupport.dylib
0x000000000a610000 	/System/Library/Frameworks/OpenGL.framework/Versions/A/Libraries/libCoreVMClient.dylib
0x000000000a610000 	/usr/lib/libcups.2.dylib
0x000000000a610000 	/System/Library/Frameworks/Kerberos.framework/Versions/A/Kerberos
0x000000000a610000 	/System/Library/Frameworks/GSS.framework/Versions/A/GSS
0x000000000a610000 	/usr/lib/libresolv.9.dylib
0x000000000a610000 	/usr/lib/libiconv.2.dylib
0x000000000a610000 	/System/Library/PrivateFrameworks/Heimdal.framework/Versions/A/Heimdal
0x000000000a610000 	/usr/lib/libheimdal-asn1.dylib
0x000000000a610000 	/System/Library/Frameworks/OpenDirectory.framework/Versions/A/OpenDirectory
0x000000000a610000 	/System/Library/PrivateFrameworks/CommonAuth.framework/Versions/A/CommonAuth
0x000000000a610000 	/System/Library/Frameworks/OpenDirectory.framework/Versions/A/Frameworks/CFOpenDirectory.framework/Versions/A/CFOpenDirectory
0x000000000a610000 	/System/Library/Frameworks/SecurityFoundation.framework/Versions/A/SecurityFoundation
0x000000000a610000 	/System/Library/PrivateFrameworks/LanguageModeling.framework/Versions/A/LanguageModeling
0x000000000a610000 	/usr/lib/libcmph.dylib
0x000000000a610000 	/System/Library/Frameworks/ServiceManagement.framework/Versions/A/ServiceManagement
0x000000000a610000 	/usr/lib/libxslt.1.dylib
0x000000000a610000 	/System/Library/Frameworks/Carbon.framework/Versions/A/Frameworks/Ink.framework/Versions/A/Ink
0x000000000a610000 	/System/Library/Frameworks/QuartzCore.framework/Versions/A/Frameworks/CoreImage.framework/Versions/A/CoreImage
0x000000000a610000 	/System/Library/PrivateFrameworks/CrashReporterSupport.framework/Versions/A/CrashReporterSupport
0x000000000a610000 	/System/Library/Frameworks/OpenCL.framework/Versions/A/OpenCL
0x000000000a610000 	/System/Library/PrivateFrameworks/FaceCore.framework/Versions/A/FaceCore
0x000000000a610000 	/System/Library/PrivateFrameworks/Ubiquity.framework/Versions/A/Ubiquity
0x000000000a610000 	/System/Library/PrivateFrameworks/IconServices.framework/Versions/A/IconServices
0x000000000a610000 	/System/Library/PrivateFrameworks/ChunkingLibrary.framework/Versions/A/ChunkingLibrary
0x000000000a610000 	/System/Library/PrivateFrameworks/Apple80211.framework/Versions/A/Apple80211
0x000000000a610000 	/System/Library/Frameworks/CoreWLAN.framework/Versions/A/CoreWLAN
0x000000000a610000 	/System/Library/Frameworks/IOBluetooth.framework/Versions/A/IOBluetooth
0x000000000a610000 	/System/Library/PrivateFrameworks/CoreWiFi.framework/Versions/A/CoreWiFi
0x000000000a610000 	/System/Library/Frameworks/CoreBluetooth.framework/Versions/A/CoreBluetooth
0x000000000a610000 	/System/Library/PrivateFrameworks/DebugSymbols.framework/Versions/A/DebugSymbols
0x000000000a610000 	/System/Library/PrivateFrameworks/CoreSymbolication.framework/Versions/A/CoreSymbolication
0x000000000a610000 	/System/Library/PrivateFrameworks/Symbolication.framework/Versions/A/Symbolication
0x000000000a610000 	/System/Library/PrivateFrameworks/SpeechRecognitionCore.framework/Versions/A/SpeechRecognitionCore
0x0000000103c00000 	/Library/Java/JavaVirtualMachines/jdk1.8.0_45.jdk/Contents/Home/jre/lib/server/libjvm.dylib
0x000000000a610000 	/usr/lib/libstdc++.6.dylib
0x0000000102bdc000 	/Library/Java/JavaVirtualMachines/jdk1.8.0_45.jdk/Contents/Home/jre/lib/libverify.dylib
0x0000000104b69000 	/Library/Java/JavaVirtualMachines/jdk1.8.0_45.jdk/Contents/Home/jre/lib/libjava.dylib
0x0000000102bf4000 	/Library/Java/JavaVirtualMachines/jdk1.8.0_45.jdk/Contents/Home/jre/lib/libzip.dylib
0x000000011bca1000 	/System/Library/Frameworks/JavaVM.framework/Frameworks/JavaRuntimeSupport.framework/JavaRuntimeSupport
0x000000011bcb9000 	/System/Library/Frameworks/JavaVM.framework/Versions/A/Frameworks/JavaNativeFoundation.framework/Versions/A/JavaNativeFoundation
0x000000011bcce000 	/System/Library/Frameworks/JavaVM.framework/Versions/A/JavaVM
0x000000000a610000 	/System/Library/Frameworks/Carbon.framework/Versions/A/Carbon
0x000000011bcdb000 	/System/Library/PrivateFrameworks/JavaLaunching.framework/Versions/A/JavaLaunching
0x000000000a610000 	/System/Library/Frameworks/Carbon.framework/Versions/A/Frameworks/CommonPanels.framework/Versions/A/CommonPanels
0x000000000a610000 	/System/Library/Frameworks/Carbon.framework/Versions/A/Frameworks/Help.framework/Versions/A/Help
0x000000000a610000 	/System/Library/Frameworks/Carbon.framework/Versions/A/Frameworks/ImageCapture.framework/Versions/A/ImageCapture
0x000000000a610000 	/System/Library/Frameworks/Carbon.framework/Versions/A/Frameworks/OpenScripting.framework/Versions/A/OpenScripting
0x000000000a610000 	/System/Library/Frameworks/Carbon.framework/Versions/A/Frameworks/Print.framework/Versions/A/Print
0x000000000a610000 	/System/Library/Frameworks/Carbon.framework/Versions/A/Frameworks/SecurityHI.framework/Versions/A/SecurityHI
0x000000011ddaf000 	/Library/Java/JavaVirtualMachines/jdk1.8.0_45.jdk/Contents/Home/jre/lib/libawt.dylib
0x000000011de57000 	/Library/Java/JavaVirtualMachines/jdk1.8.0_45.jdk/Contents/Home/jre/lib/./libmlib_image.dylib
0x000000011df23000 	/Library/Java/JavaVirtualMachines/jdk1.8.0_45.jdk/Contents/Home/jre/lib/libawt_lwawt.dylib
0x000000011dfd7000 	/Library/Java/JavaVirtualMachines/jdk1.8.0_45.jdk/Contents/Home/jre/lib/./libosxapp.dylib
0x000000000a610000 	/System/Library/Frameworks/ExceptionHandling.framework/Versions/A/ExceptionHandling
0x000000000a610000 	/System/Library/PrivateFrameworks/CoreServicesInternal.framework/Versions/A/CoreServicesInternal
0x000000000a610000 	/System/Library/PrivateFrameworks/CloudDocs.framework/Versions/A/CloudDocs
0x000000000a610000 	/System/Library/PrivateFrameworks/CoreDuet.framework/Versions/A/CoreDuet
0x000000000a610000 	/System/Library/Frameworks/CloudKit.framework/Versions/A/CloudKit
0x000000000a610000 	/System/Library/PrivateFrameworks/ProtocolBuffer.framework/Versions/A/ProtocolBuffer
0x000000000a610000 	/System/Library/PrivateFrameworks/CoreDuetDaemonProtocol.framework/Versions/A/CoreDuetDaemonProtocol
0x000000000a610000 	/System/Library/PrivateFrameworks/CoreDuetDebugLogging.framework/Versions/A/CoreDuetDebugLogging
0x000000000a610000 	/System/Library/PrivateFrameworks/MMCS.framework/Versions/A/MMCS
0x000000000a610000 	/System/Library/Frameworks/CoreLocation.framework/Versions/A/CoreLocation
0x000000000a610000 	/System/Library/PrivateFrameworks/ProtectedCloudStorage.framework/Versions/A/ProtectedCloudStorage
0x000000000a610000 	/System/Library/PrivateFrameworks/GeoServices.framework/Versions/A/GeoServices
0x000000000a610000 	/System/Library/Frameworks/CoreGraphics.framework/Versions/A/Resources/libCGCMS.A.dylib
0x000000000a610000 	/System/Library/Frameworks/CoreGraphics.framework/Versions/A/Resources/libRIP.A.dylib
0x000000000a610000 	/System/Library/Frameworks/CoreGraphics.framework/Versions/A/Resources/libCGXType.A.dylib
0x000000000a610000 	/System/Library/Frameworks/OpenCL.framework/Versions/A/Libraries/libcldcpuengine.dylib
0x000000000a610000 	/System/Library/PrivateFrameworks/DiskImages.framework/Versions/A/DiskImages
0x000000000a610000 	/System/Library/Frameworks/DiscRecording.framework/Versions/A/DiscRecording
0x000000000a610000 	/usr/lib/libcsfde.dylib
0x000000000a610000 	/usr/lib/libcurl.4.dylib
0x000000000a610000 	/System/Library/PrivateFrameworks/MediaKit.framework/Versions/A/MediaKit
0x000000000a610000 	/usr/lib/libCoreStorage.dylib
0x000000000a610000 	/System/Library/PrivateFrameworks/EFILogin.framework/Versions/A/EFILogin
0x000000000a610000 	/usr/lib/libutil.dylib
0x000000000a610000 	/System/Library/PrivateFrameworks/FindMyDevice.framework/Versions/A/FindMyDevice
0x000000000a610000 	/System/Library/Frameworks/LDAP.framework/Versions/A/LDAP
0x000000000a610000 	/usr/lib/libsasl2.2.dylib
0x000000000a610000 	/System/Library/PrivateFrameworks/CoreDaemon.framework/Versions/B/CoreDaemon
0x000000000a610000 	/usr/lib/libcrypto.0.9.8.dylib
0x000000000a610000 	/System/Library/PrivateFrameworks/AppleSRP.framework/Versions/A/AppleSRP
0x000000000a610000 	/System/Library/PrivateFrameworks/TrustEvaluationAgent.framework/Versions/A/TrustEvaluationAgent
0x000000012131c000 	cl_kernels
0x000000012131e000 	/System/Library/Frameworks/OpenCL.framework/Versions/A/Libraries/ImageFormats/unorm8_bgra.dylib
0x000000012130e000 	cl_kernels
0x000000000a610000 	/System/Library/PrivateFrameworks/FamilyControls.framework/Versions/A/FamilyControls
0x000000000a610000 	/System/Library/PrivateFrameworks/CommerceKit.framework/Versions/A/Frameworks/CommerceCore.framework/Versions/A/CommerceCore
0x000000000a610000 	/System/Library/PrivateFrameworks/SystemAdministration.framework/Versions/A/SystemAdministration
0x000000000a610000 	/System/Library/PrivateFrameworks/AppContainer.framework/Versions/A/AppContainer
0x000000000a610000 	/System/Library/PrivateFrameworks/SecCodeWrapper.framework/Versions/A/SecCodeWrapper
0x000000000a610000 	/System/Library/Frameworks/DirectoryService.framework/Versions/A/DirectoryService
0x000000000a610000 	/System/Library/PrivateFrameworks/LoginUIKit.framework/Versions/A/Frameworks/LoginUICore.framework/Versions/A/LoginUICore
0x000000000a610000 	/usr/lib/libodfde.dylib
0x000000000a610000 	/System/Library/Frameworks/OpenGL.framework/Versions/A/Resources/GLEngine.bundle/GLEngine
0x000000000a610000 	/System/Library/Frameworks/OpenGL.framework/Versions/A/Libraries/libGLProgrammability.dylib
0x0000000000000000 	/System/Library/Extensions/AppleIntelHD5000GraphicsGLDriver.bundle/Contents/MacOS/AppleIntelHD5000GraphicsGLDriver
0x000000000a610000 	/System/Library/PrivateFrameworks/IOAccelerator.framework/Versions/A/IOAccelerator
0x000000000a610000 	/System/Library/PrivateFrameworks/GPUSupport.framework/Versions/A/Libraries/libGPUSupportMercury.dylib
0x0000000000000000 	/System/Library/Extensions/GeForceGLDriver.bundle/Contents/MacOS/GeForceGLDriver
0x000000000a610000 	/System/Library/Extensions/GeForceGLDriver.bundle/Contents/MacOS/libclh.dylib
0x000000000a610000 	/System/Library/Frameworks/OpenGL.framework/Versions/A/Resources/GLRendererFloat.bundle/GLRendererFloat
0x0000000123def000 	/Library/Java/JavaVirtualMachines/jdk1.8.0_45.jdk/Contents/Home/jre/lib/libfontmanager.dylib
0x0000000123e56000 	/Library/Java/JavaVirtualMachines/jdk1.8.0_45.jdk/Contents/Home/jre/lib/libosxui.dylib
0x0000000124408000 	/Library/Java/JavaVirtualMachines/jdk1.8.0_45.jdk/Contents/Home/jre/lib/libnet.dylib
0x0000000124467000 	/Library/Java/JavaVirtualMachines/jdk1.8.0_45.jdk/Contents/Home/jre/lib/libnio.dylib
0x000000000a610000 	/System/Library/Frameworks/Accelerate.framework/Versions/A/Frameworks/vImage.framework/Versions/A/Libraries/libCGInterfaces.dylib
0x000000012542d000 	/Library/Java/JavaVirtualMachines/jdk1.8.0_45.jdk/Contents/Home/jre/lib/libosx.dylib
0x00000001255e8000 	/Library/Java/JavaVirtualMachines/jdk1.8.0_45.jdk/Contents/Home/jre/lib/libprism_es2.dylib
0x000000012573e000 	/private/var/folders/_3/gr58kqxs4vq4rdz44_t3sk9c0000gn/T/jogamp_0000/file_cache/jln7881292888287938426/jln3745916651428670820/libgluegen-rt.jnilib
0x0000000125adf000 	/Library/Java/JavaVirtualMachines/jdk1.8.0_45.jdk/Contents/Home/jre/lib/libglass.dylib
0x0000000125b61000 	/private/var/folders/_3/gr58kqxs4vq4rdz44_t3sk9c0000gn/T/jogamp_0000/file_cache/jln7881292888287938426/jln3745916651428670820/libnativewindow_awt.jnilib
0x0000000125b64000 	/Library/Java/JavaVirtualMachines/jdk1.8.0_45.jdk/Contents/Home/jre/lib/libjawt.dylib
0x0000000126064000 	/private/var/folders/_3/gr58kqxs4vq4rdz44_t3sk9c0000gn/T/jogamp_0000/file_cache/jln7881292888287938426/jln3745916651428670820/libnativewindow_macosx.jnilib
0x000000012a9a0000 	/private/var/folders/_3/gr58kqxs4vq4rdz44_t3sk9c0000gn/T/jogamp_0000/file_cache/jln7881292888287938426/jln3745916651428670820/libjogl_desktop.jnilib
0x00000001291f6000 	/private/var/folders/_3/gr58kqxs4vq4rdz44_t3sk9c0000gn/T/jogamp_0000/file_cache/jln7881292888287938426/jln3745916651428670820/libjogl_mobile.jnilib
0x000000012e0a8000 	/Users/stefanmeier/Documents/FHNW/JHelioviewer/JHelioviewer/lib/native/libkdu_jni.jnilib
0x000000012e1e2000 	/Users/stefanmeier/Documents/FHNW/JHelioviewer/JHelioviewer/lib/native/libkdu_v75R.dylib
0x000000012e345000 	/Users/stefanmeier/Documents/FHNW/JHelioviewer/JHelioviewer/lib/native/libkdu_a75R.dylib
0x00000001205e3000 	/Library/Java/JavaVirtualMachines/jdk1.8.0_45.jdk/Contents/Home/jre/lib/libdcpr.dylib

VM Arguments:
jvm_args: -Dapple.laf.useScreenMenuBar=true -Xmx2048m -Djava.library.path=/Users/stefanmeier/Documents/FHNW/JHelioviewer/JHelioviewer/lib/native:/Users/stefanmeier/Documents/FHNW/JHelioviewer/JHelioviewer/lib/native -Dfile.encoding=UTF-8 
java_command: org.helioviewer.jhv.JHelioviewer
java_class_path (initial): /Users/stefanmeier/Documents/FHNW/JHelioviewer/JHelioviewer/bin:/Users/stefanmeier/Documents/FHNW/JHelioviewer/JHelioviewer/lib/fits.jar:/Users/stefanmeier/Documents/FHNW/JHelioviewer/JHelioviewer/lib/forms-1.3.0.jar:/Users/stefanmeier/Documents/FHNW/JHelioviewer/JHelioviewer/lib/gluegen-rt.jar:/Users/stefanmeier/Documents/FHNW/JHelioviewer/JHelioviewer/lib/jgoodies-forms-1.8.0.jar:/Users/stefanmeier/Documents/FHNW/JHelioviewer/JHelioviewer/lib/json.jar:/Users/stefanmeier/Documents/FHNW/JHelioviewer/JHelioviewer/lib/log4j-1.2.16.jar:/Users/stefanmeier/Documents/FHNW/JHelioviewer/JHelioviewer/lib/xuggle-xuggler-5.4-all.jar:/Users/stefanmeier/Documents/FHNW/JHelioviewer/JHelioviewer/lib/bzip2.jar:/Users/stefanmeier/Documents/FHNW/JHelioviewer/JHelioviewer/lib/slf4j-api-1.7.7.jar:/Users/stefanmeier/Documents/FHNW/JHelioviewer/JHelioviewer/lib/slf4j-nop-1.7.7.jar:/Users/stefanmeier/Documents/FHNW/JHelioviewer/JHelioviewer/lib/gson-2.2.4.jar:/Users/stefanmeier/Documents/FHNW/JHelioviewer/JHelioviewer/lib/i4jruntime.jar:/Users/stefanmeier/Documents/FHNW/JHelioviewer/JHelioviewer/lib/kdu.jar:/Users/stefanmeier/Documents/FHNW/JHelioviewer/JHelioviewer/lib/junrar-0.7.jar:/Users/stefanmeier/Documents/FHNW/JHelioviewer/JHelioviewer/lib/commons-logging-1.2.jar:/Users/stefanmeier/Documents/FHNW/JHelioviewer/JHelioviewer/lib/core-2.0.0.jar:/Users/stefanmeier/Documents/FHNW/JHelioviewer/JHelioviewer/lib/gluegen-rt-natives-linux-amd64.jar:/Users/stefanmeier/Documents/FHNW/JHelioviewer/JHelioviewer/lib/gluegen-rt-natives-linux-i586.jar:/Users/stefanmeier/Documents/FHNW/JHelioviewer/JHelioviewer/lib/gluegen-rt-natives-macosx-universal.jar:/Users/stefanmeier/Documents/FHNW/JHelioviewer/JHelioviewer/lib/gluegen-rt-natives-windows-amd64.jar:/Users/stefanmeier/Documents/FHNW/JHelioviewer/JHelioviewer/lib/gluegen-rt-natives-windows-i586.jar:/Users/stefanmeier/Documents/FHNW/JHelioviewer/JHelioviewer/lib/jogl-all-natives-linux-amd64.jar:/Users/stefanmeier/Docum
Launcher Type: SUN_STANDARD

Environment Variables:
PATH=/usr/bin:/bin:/usr/sbin:/sbin
SHELL=/bin/bash

Signal Handlers:
SIGSEGV: [libjvm.dylib+0x58ef95], sa_mask[0]=11111111011111110111111111111111, sa_flags=SA_ONSTACK|SA_RESTART|SA_SIGINFO
SIGBUS: [libjvm.dylib+0x58ef95], sa_mask[0]=11111111011111110111111111111111, sa_flags=SA_RESTART|SA_SIGINFO
SIGFPE: [libjvm.dylib+0x46c108], sa_mask[0]=11111111011111110111111111111111, sa_flags=SA_RESTART|SA_SIGINFO
SIGPIPE: SIG_IGN, sa_mask[0]=00000000000000000000000000000000, sa_flags=SA_RESTART
SIGXFSZ: [libjvm.dylib+0x46c108], sa_mask[0]=11111111011111110111111111111111, sa_flags=SA_RESTART|SA_SIGINFO
SIGILL: [libjvm.dylib+0x46c108], sa_mask[0]=11111111011111110111111111111111, sa_flags=SA_RESTART|SA_SIGINFO
SIGUSR1: SIG_DFL, sa_mask[0]=00000000000000000000000000000000, sa_flags=none
SIGUSR2: [libjvm.dylib+0x46bc26], sa_mask[0]=00100000000000000000000000000000, sa_flags=SA_RESTART|SA_SIGINFO
SIGHUP: [libjvm.dylib+0x46a1f9], sa_mask[0]=11111111011111110111111111111111, sa_flags=SA_RESTART|SA_SIGINFO
SIGINT: [libjvm.dylib+0x46a1f9], sa_mask[0]=11111111011111110111111111111111, sa_flags=SA_RESTART|SA_SIGINFO
SIGTERM: [libjvm.dylib+0x46a1f9], sa_mask[0]=11111111011111110111111111111111, sa_flags=SA_RESTART|SA_SIGINFO
SIGQUIT: [libjvm.dylib+0x46a1f9], sa_mask[0]=11111111011111110111111111111111, sa_flags=SA_RESTART|SA_SIGINFO


---------------  S Y S T E M  ---------------

OS:Bsduname:Darwin 14.4.0 Darwin Kernel Version 14.4.0: Thu May 28 11:35:04 PDT 2015; root:xnu-2782.30.5~1/RELEASE_X86_64 x86_64
rlimit: STACK 8192k, CORE 0k, NPROC 709, NOFILE 10240, AS infinity
load average:2.75 2.42 2.36

CPU:total 8 (4 cores per cpu, 2 threads per core) family 6 model 70 stepping 1, cmov, cx8, fxsr, mmx, sse, sse2, sse3, ssse3, sse4.1, sse4.2, popcnt, avx, avx2, aes, clmul, erms, rtm, lzcnt, ht, tsc, tscinvbit, bmi1, bmi2

Memory: 4k page, physical 16777216k(1659092k free)

/proc/meminfo:


vm_info: Java HotSpot(TM) 64-Bit Server VM (25.45-b02) for bsd-amd64 JRE (1.8.0_45-b14), built on Apr 10 2015 10:46:38 by "java_re" with gcc 4.2.1 (Based on Apple Inc. build 5658) (LLVM build 2336.11.00)

time: Mon Aug 24 11:27:17 2015
elapsed time: 7 seconds (0d 0h 0m 7s)

