#
# A fatal error has been detected by the Java Runtime Environment:
#
#  SIGSEGV (0xb) at pc=0x00007fff8d8510dd, pid=7441, tid=1811
#
# JRE version: Java(TM) SE Runtime Environment (8.0_45-b14) (build 1.8.0_45-b14)
# Java VM: Java HotSpot(TM) 64-Bit Server VM (25.45-b02 mixed mode bsd-amd64 compressed oops)
# Problematic frame:
# C  [libobjc.A.dylib+0x10dd]  objc_msgSend+0x1d
#
# Failed to write core dump. Core dumps have been disabled. To enable core dumping, try "ulimit -c unlimited" before starting Java again
#
# If you would like to submit a bug report, please visit:
#   http://bugreport.java.com/bugreport/crash.jsp
# The crash happened outside the Java Virtual Machine in native code.
# See problematic frame for where to report the bug.
#

---------------  T H R E A D  ---------------

Current thread (0x00007f99b61f2800):  JavaThread "AWT-AppKit" daemon [_thread_in_native, id=1811, stack(0x00007fff51428000,0x00007fff51c28000)]

siginfo: si_signo: 11 (SIGSEGV), si_code: 1 (SEGV_MAPERR), si_addr: 0x0000000000000018

Registers:
RAX=0x00007f99ba1c8270, RBX=0x0000000134f41450, RCX=0x0000000134ee0460, RDX=0x0000000130988b20
RSP=0x00007fff51c223d8, RBP=0x00007fff51c22490, RSI=0x00007fff934b141f, RDI=0x00007f99ba2b62c0
R8 =0x0000000000000000, R9 =0x0000000000000f50, R10=0x00007fff934b141f, R11=0x0000000000000000
R12=0x0000000000000000, R13=0x00000001444a7a98, R14=0x0000000134f41440, R15=0x00007f99b61f2800
RIP=0x00007fff8d8510dd, EFLAGS=0x0000000000010246, ERR=0x0000000000000004
  TRAPNO=0x000000000000000e

Top of Stack: (sp=0x00007fff51c223d8)
0x00007fff51c223d8:   0000000134f3f127 00007fff51c22470
0x00007fff51c223e8:   000000010e3b3b4e 0000000700000000
0x00007fff51c223f8:   00007fff51c22578 00000001102296bf
0x00007fff51c22408:   000000011020e5d0 00007f99ba1c8270
0x00007fff51c22418:   0000000134f41690 0000000134f41700
0x00007fff51c22428:   00007fff77fed550 00007fff78681c80
0x00007fff51c22438:   0000000134f41450 0000000134f41680
0x00007fff51c22448:   00007f99ba1c8270 00007f99ba2b62c0
0x00007fff51c22458:   00007f99b3c38590 00007f99ba1c8270
0x00007fff51c22468:   00007f99ba2b62c0 00007fff51c22510
0x00007fff51c22478:   00007f99b61f29f8 00000001444a7a98
0x00007fff51c22488:   00007fff51c22538 00007fff51c22500
0x00007fff51c22498:   000000011021e954 000000001021e6a2
0x00007fff51c224a8:   00000007c02fc3c0 000000010dff6a00
0x00007fff51c224b8:   0000000000000003 00007fff51c224c0
0x00007fff51c224c8:   0000000000000000 00007fff51c22538
0x00007fff51c224d8:   00000001444aa640 0000000000000000
0x00007fff51c224e8:   00000001444a7a98 0000000000000000
0x00007fff51c224f8:   00007fff51c22520 00007fff51c22580
0x00007fff51c22508:   0000000110210c4d 000000076bfdbb80
0x00007fff51c22518:   0000000110218578 00007f99ba1c8270
0x00007fff51c22528:   0000000000000000 00007f99ba2b62c0
0x00007fff51c22538:   00007fff965270fd 00007fff51c22540
0x00007fff51c22548:   00000001444a7c62 00007fff51c225a8
0x00007fff51c22558:   00000001444aa640 0000000000000000
0x00007fff51c22568:   00000001444a7c70 00007fff51c22520
0x00007fff51c22578:   00007fff51c22590 00007fff51c225f0
0x00007fff51c22588:   0000000110210c4d 00007f99ba1c8270
0x00007fff51c22598:   000000076bd6bd90 00007f99ba2b62c0
0x00007fff51c225a8:   000000076bd6bd90 00007fff51c225b0
0x00007fff51c225b8:   00000001445a53f6 00007fff51c22600
0x00007fff51c225c8:   00000001445a54b0 0000000000000000 

Instructions: (pc=0x00007fff8d8510dd)
0x00007fff8d8510bd:   00 00 00 48 85 ff 2e 74 7a 40 f6 c7 01 2e 75 7e
0x00007fff8d8510cd:   49 bb f8 ff ff ff ff 7f 00 00 4c 23 1f 49 89 f2
0x00007fff8d8510dd:   45 23 53 18 49 c1 e2 04 4d 03 53 10 49 3b 32 75
0x00007fff8d8510ed:   04 41 ff 62 08 49 83 3a 00 74 6a 4d 3b 53 10 74 

Register to memory mapping:

RAX=0x00007f99ba1c8270 is an unknown value
RBX=0x0000000134f41450: Java_jogamp_nativewindow_macosx_OSXUtil_GetScreenRefreshRate0+0x1d20 in /private/var/folders/_3/gr58kqxs4vq4rdz44_t3sk9c0000gn/T/jogamp_0000/file_cache/jln7092431331440018269/jln1647045967892302131/libnativewindow_macosx.jnilib at 0x0000000134f3a000
RCX=0x0000000134ee0460 is an unknown value
RDX=0x0000000130988b20 is an unknown value
RSP=0x00007fff51c223d8 is pointing into the stack for thread: 0x00007f99b61f2800
RBP=0x00007fff51c22490 is pointing into the stack for thread: 0x00007f99b61f2800
RSI=0x00007fff934b141f is an unknown value
RDI=0x00007f99ba2b62c0 is an unknown value
R8 =0x0000000000000000 is an unknown value
R9 =0x0000000000000f50 is an unknown value
R10=0x00007fff934b141f is an unknown value
R11=0x0000000000000000 is an unknown value
R12=0x0000000000000000 is an unknown value
R13={method} {0x00000001444a7a98} 'UnsetJAWTRootSurfaceLayer0' '(JJ)V' in 'jogamp/nativewindow/jawt/macosx/MacOSXJAWTWindow'
R14=0x0000000134f41440: Java_jogamp_nativewindow_macosx_OSXUtil_GetScreenRefreshRate0+0x1d10 in /private/var/folders/_3/gr58kqxs4vq4rdz44_t3sk9c0000gn/T/jogamp_0000/file_cache/jln7092431331440018269/jln1647045967892302131/libnativewindow_macosx.jnilib at 0x0000000134f3a000
R15=0x00007f99b61f2800 is a thread


Stack: [0x00007fff51428000,0x00007fff51c28000],  sp=0x00007fff51c223d8,  free space=8168k
Native frames: (J=compiled Java code, j=interpreted, Vv=VM code, C=native code)
C  [libobjc.A.dylib+0x10dd]  objc_msgSend+0x1d
j  jogamp.nativewindow.jawt.macosx.MacOSXJAWTWindow.UnsetJAWTRootSurfaceLayer0(JJ)V+0
j  jogamp.nativewindow.jawt.macosx.MacOSXJAWTWindow.access$200(JJ)V+2
j  jogamp.nativewindow.jawt.macosx.MacOSXJAWTWindow$1.run()V+38
j  com.jogamp.common.util.RunnableTask.run()V+24
v  ~StubRoutines::call_stub
V  [libjvm.dylib+0x2e032a]  JavaCalls::call_helper(JavaValue*, methodHandle*, JavaCallArguments*, Thread*)+0x6ae
V  [libjvm.dylib+0x316de6]  jni_invoke_nonstatic(JNIEnv_*, JavaValue*, _jobject*, JNICallType, _jmethodID*, JNI_ArgumentPusher*, Thread*)+0x305
V  [libjvm.dylib+0x3095a1]  jni_CallVoidMethod+0x16b
C  [libnativewindow_macosx.jnilib+0x52f6]  Java_jogamp_nativewindow_jawt_macosx_MacOSXJAWTWindow_UnsetJAWTRootSurfaceLayer0+0x2b6
C  [Foundation+0x92d00]  __NSThreadPerformPerform+0x125
C  [CoreFoundation+0x80a01]  __CFRUNLOOP_IS_CALLING_OUT_TO_A_SOURCE0_PERFORM_FUNCTION__+0x11
C  [CoreFoundation+0x72c5c]  __CFRunLoopDoSources0+0x1dc
C  [CoreFoundation+0x721bf]  __CFRunLoopRun+0x39f
C  [CoreFoundation+0x71bd8]  CFRunLoopRunSpecific+0x128
C  [HIToolbox+0x3256f]  RunCurrentEventLoopInMode+0xeb
C  [HIToolbox+0x321ee]  ReceiveNextEventCommon+0xb3
C  [HIToolbox+0x3212b]  _BlockUntilNextEventMatchingListInModeWithFilter+0x47
C  [AppKit+0x919bb]  _DPSNextEvent+0x3d2
C  [AppKit+0x90f68]  -[NSApplication nextEventMatchingMask:untilDate:inMode:dequeue:]+0x15a
C  [libosxapp.dylib+0x242a]  -[NSApplicationAWT nextEventMatchingMask:untilDate:inMode:dequeue:]+0x7c
C  [AppKit+0x3bbca3]  -[NSWindow(NSWindowResizing) _resizeWithEvent:]+0x3ed
C  [AppKit+0x26147c]  -[NSTitledFrame mouseDown:]+0xc8
C  [AppKit+0x2613ab]  -[NSThemeFrame mouseDown:]+0x44
C  [AppKit+0x7d12fc]  -[NSWindow _reallySendEvent:isDelayedEvent:]+0x372d
C  [AppKit+0x160d76]  -[NSWindow sendEvent:]+0x1d6
C  [libawt_lwawt.dylib+0x89af]  -[AWTWindow_Normal sendEvent:]+0x56
C  [AppKit+0x15d312]  -[NSApplication sendEvent:]+0x9c8
C  [libosxapp.dylib+0x23ac]  -[NSApplicationAWT sendEvent:]+0x109
C  [AppKit+0x86c68]  -[NSApplication run]+0x2c7
C  [libosxapp.dylib+0x223e]  +[NSApplicationAWT runAWTLoopWithApp:]+0x9c
C  [libawt_lwawt.dylib+0x4462b]  -[AWTStarter starter:]+0x389
C  [Foundation+0x92d00]  __NSThreadPerformPerform+0x125
C  [CoreFoundation+0x80a01]  __CFRUNLOOP_IS_CALLING_OUT_TO_A_SOURCE0_PERFORM_FUNCTION__+0x11
C  [CoreFoundation+0x72b8d]  __CFRunLoopDoSources0+0x10d
C  [CoreFoundation+0x721bf]  __CFRunLoopRun+0x39f
C  [CoreFoundation+0x71bd8]  CFRunLoopRunSpecific+0x128
C  [java+0x6490]  CreateExecutionEnvironment+0x367
C  [java+0x221c]  JLI_Launch+0x7a0
C  [java+0x84ed]  main+0x65
C  [java+0x1a74]  start+0x34
C  0x000000000000000b

Java frames: (J=compiled Java code, j=interpreted, Vv=VM code)
j  jogamp.nativewindow.jawt.macosx.MacOSXJAWTWindow.UnsetJAWTRootSurfaceLayer0(JJ)V+0
j  jogamp.nativewindow.jawt.macosx.MacOSXJAWTWindow.access$200(JJ)V+2
j  jogamp.nativewindow.jawt.macosx.MacOSXJAWTWindow$1.run()V+38
j  com.jogamp.common.util.RunnableTask.run()V+24
v  ~StubRoutines::call_stub

---------------  P R O C E S S  ---------------

Java Threads: ( => current thread )
  0x00007f99b5444000 JavaThread "DestroyJavaVM" [_thread_blocked, id=4867, stack(0x000000010f058000,0x000000010f158000)]
  0x00007f99b6cf9000 JavaThread "UI latency watchdog" daemon [_thread_blocked, id=84767, stack(0x000000013eb04000,0x000000013ec04000)]
  0x00007f99b71cb800 JavaThread "JMX server connection timeout 38" daemon [_thread_blocked, id=75527, stack(0x0000000142947000,0x0000000142a47000)]
  0x00007f99b8109000 JavaThread "RMI TCP Connection(4)-10.175.49.151" daemon [_thread_blocked, id=76811, stack(0x0000000141116000,0x0000000141216000)]
  0x00007f99b6d16800 JavaThread "RMI TCP Connection(3)-10.175.49.151" daemon [_thread_in_native, id=77355, stack(0x000000013e386000,0x000000013e486000)]
  0x00007f99b46d6000 JavaThread "Timer-0" daemon [_thread_blocked, id=75779, stack(0x000000013e7a9000,0x000000013e8a9000)]
  0x00007f99b5269800 JavaThread "TimerQueue" daemon [_thread_blocked, id=65295, stack(0x0000000135d06000,0x0000000135e06000)]
  0x00007f99b535e000 JavaThread "Image Fetcher 0" daemon [_thread_blocked, id=64855, stack(0x00000001356ea000,0x00000001357ea000)]
  0x00007f99b62b5800 JavaThread "Java2D Disposer" daemon [_thread_blocked, id=62987, stack(0x000000013466e000,0x000000013476e000)]
  0x00007f99b6908800 JavaThread "Java2D Queue Flusher" daemon [_thread_blocked, id=60935, stack(0x0000000133809000,0x0000000133909000)]
  0x00007f99b41d8000 JavaThread "EventDispatchThreadHangMonitor" daemon [_thread_blocked, id=59139, stack(0x0000000133706000,0x0000000133806000)]
  0x00007f99b509d800 JavaThread "RMI TCP Connection(2)-10.175.49.151" daemon [_thread_in_native, id=58627, stack(0x0000000133603000,0x0000000133703000)]
  0x00007f99b6902800 JavaThread "RMI RenewClean-[10.175.49.151:56165]" daemon [_thread_blocked, id=58115, stack(0x0000000133500000,0x0000000133600000)]
  0x00007f99b6900800 JavaThread "RMI Scheduler(0)" daemon [_thread_blocked, id=57603, stack(0x00000001333fd000,0x00000001334fd000)]
  0x00007f99b41d6000 JavaThread "RMI TCP Connection(1)-127.0.0.1" daemon [_thread_in_native, id=57091, stack(0x00000001332fa000,0x00000001333fa000)]
  0x00007f99b6981000 JavaThread "GC Daemon" daemon [_thread_blocked, id=56579, stack(0x00000001331f7000,0x00000001332f7000)]
  0x00007f99b41bf800 JavaThread "RMI Reaper" [_thread_blocked, id=56067, stack(0x00000001330f4000,0x00000001331f4000)]
  0x00007f99b41c1000 JavaThread "RMI TCP Accept-0" daemon [_thread_in_native, id=55555, stack(0x0000000132ff1000,0x00000001330f1000)]
  0x00007f99b695c000 JavaThread "RMI TCP Accept-56163" daemon [_thread_in_native, id=55043, stack(0x0000000132eee000,0x0000000132fee000)]
  0x00007f99b6294800 JavaThread "AWT-EventQueue-0" [_thread_blocked, id=54539, stack(0x0000000132deb000,0x0000000132eeb000)]
  0x00007f99b512d000 JavaThread "AWT-Shutdown" [_thread_blocked, id=32275, stack(0x000000012fb5d000,0x000000012fc5d000)]
=>0x00007f99b61f2800 JavaThread "AWT-AppKit" daemon [_thread_in_native, id=1811, stack(0x00007fff51428000,0x00007fff51c28000)]
  0x00007f99b68ae000 JavaThread "RMI TCP Accept-0" daemon [_thread_in_native, id=22535, stack(0x000000012de1a000,0x000000012df1a000)]
  0x00007f99b6834800 JavaThread "Service Thread" daemon [_thread_blocked, id=20739, stack(0x000000012dbe7000,0x000000012dce7000)]
  0x00007f99b684f000 JavaThread "C1 CompilerThread3" daemon [_thread_blocked, id=20227, stack(0x000000012dae4000,0x000000012dbe4000)]
  0x00007f99b6858000 JavaThread "C2 CompilerThread2" daemon [_thread_blocked, id=19715, stack(0x000000012d9e1000,0x000000012dae1000)]
  0x00007f99b501c800 JavaThread "C2 CompilerThread1" daemon [_thread_blocked, id=19203, stack(0x000000012d8de000,0x000000012d9de000)]
  0x00007f99b7000000 JavaThread "C2 CompilerThread0" daemon [_thread_blocked, id=18691, stack(0x000000012d7db000,0x000000012d8db000)]
  0x00007f99b683e000 JavaThread "Signal Dispatcher" daemon [_thread_blocked, id=14859, stack(0x000000012d6d1000,0x000000012d7d1000)]
  0x00007f99b6819000 JavaThread "Finalizer" daemon [_thread_blocked, id=13571, stack(0x000000012bcb5000,0x000000012bdb5000)]
  0x00007f99b600c800 JavaThread "Reference Handler" daemon [_thread_blocked, id=13059, stack(0x000000012bbb2000,0x000000012bcb2000)]

Other Threads:
  0x00007f99b500c000 VMThread [stack: 0x000000012baaf000,0x000000012bbaf000] [id=12547]
  0x00007f99b505d800 WatcherThread [stack: 0x000000012df1d000,0x000000012e01d000] [id=22787]

VM state:not at safepoint (normal execution)

VM Mutex/Monitor currently owned by a thread: None

Heap:
 PSYoungGen      total 116224K, used 26252K [0x000000076ab00000, 0x0000000772700000, 0x00000007c0000000)
  eden space 105472K, 24% used [0x000000076ab00000,0x000000076c4a33c0,0x0000000771200000)
  from space 10752K, 0% used [0x0000000771200000,0x0000000771200000,0x0000000771c80000)
  to   space 10752K, 0% used [0x0000000771c80000,0x0000000771c80000,0x0000000772700000)
 ParOldGen       total 95744K, used 20442K [0x00000006c0000000, 0x00000006c5d80000, 0x000000076ab00000)
  object space 95744K, 21% used [0x00000006c0000000,0x00000006c13f68a8,0x00000006c5d80000)
 Metaspace       used 33965K, capacity 34447K, committed 34864K, reserved 1079296K
  class space    used 4234K, capacity 4350K, committed 4400K, reserved 1048576K

Card table byte_map: [0x000000011f5c9000,0x000000011fdca000] byte_map_base: 0x000000011bfc9000

Marking Bits: (ParMarkBitMap*) 0x000000010e9997a0
 Begin Bits: [0x0000000120b38000, 0x0000000124b38000)
 End Bits:   [0x0000000124b38000, 0x0000000128b38000)

Polling page: 0x000000010f19d000

CodeCache: size=245760Kb used=11369Kb max_used=11385Kb free=234390Kb
 bounds [0x0000000110209000, 0x0000000110d39000, 0x000000011f209000]
 total_blobs=4316 nmethods=3397 adapters=830
 compilation: enabled

Compilation events (10 events):
Event: 8.668 Thread 0x00007f99b6858000 3392 % !   4       java.io.BufferedReader::readLine @ 131 (304 bytes)
Event: 8.678 Thread 0x00007f99b501c800 3393       4       java.io.PrintStream::ensureOpen (18 bytes)
Event: 8.678 Thread 0x00007f99b684f000 3394       3       com.jogamp.opengl.GLContext::getCurrent (10 bytes)
Event: 8.678 Thread 0x00007f99b684f000 nmethod 3394 0x0000000110d2a9d0 code [0x0000000110d2ab40, 0x0000000110d2ae28]
Event: 8.678 Thread 0x00007f99b501c800 nmethod 3393 0x0000000110cdac90 code [0x0000000110cdade0, 0x0000000110cdae58]
Event: 8.681 Thread 0x00007f99b684f000 3395       1       com.jogamp.nativewindow.DefaultGraphicsScreen::getDevice (5 bytes)
Event: 8.681 Thread 0x00007f99b684f000 nmethod 3395 0x0000000110d2a710 code [0x0000000110d2a860, 0x0000000110d2a970]
Event: 8.681 Thread 0x00007f99b684f000 3396       3       jogamp.opengl.gl4.GL4bcImpl::glGetError (43 bytes)
Event: 8.682 Thread 0x00007f99b684f000 nmethod 3396 0x0000000110d28b90 code [0x0000000110d28de0, 0x0000000110d29b28]
Event: 8.685 Thread 0x00007f99b6858000 nmethod 3392% 0x0000000110d2edd0 code [0x0000000110d2efa0, 0x0000000110d30268]

GC Heap History (10 events):
Event: 2.060 GC heap before
{Heap before GC invocations=7 (full 2):
 PSYoungGen      total 76288K, used 11760K [0x000000076ab00000, 0x0000000774000000, 0x00000007c0000000)
  eden space 65536K, 17% used [0x000000076ab00000,0x000000076b67c3b0,0x000000076eb00000)
  from space 10752K, 0% used [0x000000076f580000,0x000000076f580000,0x0000000770000000)
  to   space 10752K, 0% used [0x000000076eb00000,0x000000076eb00000,0x000000076f580000)
 ParOldGen       total 95744K, used 7905K [0x00000006c0000000, 0x00000006c5d80000, 0x000000076ab00000)
  object space 95744K, 8% used [0x00000006c0000000,0x00000006c07b8628,0x00000006c5d80000)
 Metaspace       used 23142K, capacity 23492K, committed 23600K, reserved 1069056K
  class space    used 3013K, capacity 3112K, committed 3120K, reserved 1048576K
Event: 2.062 GC heap after
Heap after GC invocations=7 (full 2):
 PSYoungGen      total 76288K, used 2399K [0x000000076ab00000, 0x0000000772700000, 0x00000007c0000000)
  eden space 65536K, 0% used [0x000000076ab00000,0x000000076ab00000,0x000000076eb00000)
  from space 10752K, 22% used [0x000000076eb00000,0x000000076ed57d10,0x000000076f580000)
  to   space 10752K, 0% used [0x0000000771c80000,0x0000000771c80000,0x0000000772700000)
 ParOldGen       total 95744K, used 7913K [0x00000006c0000000, 0x00000006c5d80000, 0x000000076ab00000)
  object space 95744K, 8% used [0x00000006c0000000,0x00000006c07ba628,0x00000006c5d80000)
 Metaspace       used 23142K, capacity 23492K, committed 23600K, reserved 1069056K
  class space    used 3013K, capacity 3112K, committed 3120K, reserved 1048576K
}
Event: 2.775 GC heap before
{Heap before GC invocations=8 (full 2):
 PSYoungGen      total 76288K, used 22747K [0x000000076ab00000, 0x0000000772700000, 0x00000007c0000000)
  eden space 65536K, 31% used [0x000000076ab00000,0x000000076bedf228,0x000000076eb00000)
  from space 10752K, 22% used [0x000000076eb00000,0x000000076ed57d10,0x000000076f580000)
  to   space 10752K, 0% used [0x0000000771c80000,0x0000000771c80000,0x0000000772700000)
 ParOldGen       total 95744K, used 7913K [0x00000006c0000000, 0x00000006c5d80000, 0x000000076ab00000)
  object space 95744K, 8% used [0x00000006c0000000,0x00000006c07ba628,0x00000006c5d80000)
 Metaspace       used 28047K, capacity 28467K, committed 28848K, reserved 1075200K
  class space    used 3352K, capacity 3488K, committed 3504K, reserved 1048576K
Event: 2.779 GC heap after
Heap after GC invocations=8 (full 2):
 PSYoungGen      total 116224K, used 5259K [0x000000076ab00000, 0x0000000772700000, 0x00000007c0000000)
  eden space 105472K, 0% used [0x000000076ab00000,0x000000076ab00000,0x0000000771200000)
  from space 10752K, 48% used [0x0000000771c80000,0x00000007721a2d88,0x0000000772700000)
  to   space 10752K, 0% used [0x0000000771200000,0x0000000771200000,0x0000000771c80000)
 ParOldGen       total 95744K, used 7921K [0x00000006c0000000, 0x00000006c5d80000, 0x000000076ab00000)
  object space 95744K, 8% used [0x00000006c0000000,0x00000006c07bc628,0x00000006c5d80000)
 Metaspace       used 28047K, capacity 28467K, committed 28848K, reserved 1075200K
  class space    used 3352K, capacity 3488K, committed 3504K, reserved 1048576K
}
Event: 2.779 GC heap before
{Heap before GC invocations=9 (full 3):
 PSYoungGen      total 116224K, used 5259K [0x000000076ab00000, 0x0000000772700000, 0x00000007c0000000)
  eden space 105472K, 0% used [0x000000076ab00000,0x000000076ab00000,0x0000000771200000)
  from space 10752K, 48% used [0x0000000771c80000,0x00000007721a2d88,0x0000000772700000)
  to   space 10752K, 0% used [0x0000000771200000,0x0000000771200000,0x0000000771c80000)
 ParOldGen       total 95744K, used 7921K [0x00000006c0000000, 0x00000006c5d80000, 0x000000076ab00000)
  object space 95744K, 8% used [0x00000006c0000000,0x00000006c07bc628,0x00000006c5d80000)
 Metaspace       used 28047K, capacity 28467K, committed 28848K, reserved 1075200K
  class space    used 3352K, capacity 3488K, committed 3504K, reserved 1048576K
Event: 2.862 GC heap after
Heap after GC invocations=9 (full 3):
 PSYoungGen      total 116224K, used 0K [0x000000076ab00000, 0x0000000772700000, 0x00000007c0000000)
  eden space 105472K, 0% used [0x000000076ab00000,0x000000076ab00000,0x0000000771200000)
  from space 10752K, 0% used [0x0000000771c80000,0x0000000771c80000,0x0000000772700000)
  to   space 10752K, 0% used [0x0000000771200000,0x0000000771200000,0x0000000771c80000)
 ParOldGen       total 95744K, used 12394K [0x00000006c0000000, 0x00000006c5d80000, 0x000000076ab00000)
  object space 95744K, 12% used [0x00000006c0000000,0x00000006c0c1a9f0,0x00000006c5d80000)
 Metaspace       used 28047K, capacity 28467K, committed 28848K, reserved 1075200K
  class space    used 3352K, capacity 3488K, committed 3504K, reserved 1048576K
}
Event: 3.565 GC heap before
{Heap before GC invocations=10 (full 3):
 PSYoungGen      total 116224K, used 33445K [0x000000076ab00000, 0x0000000772700000, 0x00000007c0000000)
  eden space 105472K, 31% used [0x000000076ab00000,0x000000076cba9578,0x0000000771200000)
  from space 10752K, 0% used [0x0000000771c80000,0x0000000771c80000,0x0000000772700000)
  to   space 10752K, 0% used [0x0000000771200000,0x0000000771200000,0x0000000771c80000)
 ParOldGen       total 95744K, used 12394K [0x00000006c0000000, 0x00000006c5d80000, 0x000000076ab00000)
  object space 95744K, 12% used [0x00000006c0000000,0x00000006c0c1a9f0,0x00000006c5d80000)
 Metaspace       used 31281K, capacity 31743K, committed 32176K, reserved 1077248K
  class space    used 3885K, capacity 3990K, committed 4016K, reserved 1048576K
Event: 3.573 GC heap after
Heap after GC invocations=10 (full 3):
 PSYoungGen      total 116224K, used 10079K [0x000000076ab00000, 0x0000000772700000, 0x00000007c0000000)
  eden space 105472K, 0% used [0x000000076ab00000,0x000000076ab00000,0x0000000771200000)
  from space 10752K, 93% used [0x0000000771200000,0x0000000771bd7cf8,0x0000000771c80000)
  to   space 10752K, 0% used [0x0000000771c80000,0x0000000771c80000,0x0000000772700000)
 ParOldGen       total 95744K, used 12402K [0x00000006c0000000, 0x00000006c5d80000, 0x000000076ab00000)
  object space 95744K, 12% used [0x00000006c0000000,0x00000006c0c1c9f0,0x00000006c5d80000)
 Metaspace       used 31281K, capacity 31743K, committed 32176K, reserved 1077248K
  class space    used 3885K, capacity 3990K, committed 4016K, reserved 1048576K
}
Event: 3.573 GC heap before
{Heap before GC invocations=11 (full 4):
 PSYoungGen      total 116224K, used 10079K [0x000000076ab00000, 0x0000000772700000, 0x00000007c0000000)
  eden space 105472K, 0% used [0x000000076ab00000,0x000000076ab00000,0x0000000771200000)
  from space 10752K, 93% used [0x0000000771200000,0x0000000771bd7cf8,0x0000000771c80000)
  to   space 10752K, 0% used [0x0000000771c80000,0x0000000771c80000,0x0000000772700000)
 ParOldGen       total 95744K, used 12402K [0x00000006c0000000, 0x00000006c5d80000, 0x000000076ab00000)
  object space 95744K, 12% used [0x00000006c0000000,0x00000006c0c1c9f0,0x00000006c5d80000)
 Metaspace       used 31281K, capacity 31743K, committed 32176K, reserved 1077248K
  class space    used 3885K, capacity 3990K, committed 4016K, reserved 1048576K
Event: 3.665 GC heap after
Heap after GC invocations=11 (full 4):
 PSYoungGen      total 116224K, used 0K [0x000000076ab00000, 0x0000000772700000, 0x00000007c0000000)
  eden space 105472K, 0% used [0x000000076ab00000,0x000000076ab00000,0x0000000771200000)
  from space 10752K, 0% used [0x0000000771200000,0x0000000771200000,0x0000000771c80000)
  to   space 10752K, 0% used [0x0000000771c80000,0x0000000771c80000,0x0000000772700000)
 ParOldGen       total 95744K, used 20442K [0x00000006c0000000, 0x00000006c5d80000, 0x000000076ab00000)
  object space 95744K, 21% used [0x00000006c0000000,0x00000006c13f68a8,0x00000006c5d80000)
 Metaspace       used 31281K, capacity 31743K, committed 32176K, reserved 1077248K
  class space    used 3885K, capacity 3990K, committed 4016K, reserved 1048576K
}

Deoptimization events (10 events):
Event: 3.198 Thread 0x00007f99b6002000 Uncommon trap: reason=bimorphic action=maybe_recompile pc=0x0000000110745dd0 method=java.util.Hashtable.put(Ljava/lang/Object;Ljava/lang/Object;)Ljava/lang/Object; @ 60
Event: 3.199 Thread 0x00007f99b6002000 Uncommon trap: reason=unstable_if action=reinterpret pc=0x00000001107f2868 method=java.net.URL.set(Ljava/lang/String;Ljava/lang/String;ILjava/lang/String;Ljava/lang/String;Ljava/lang/String;Ljava/lang/String;Ljava/lang/String;)V @ 23
Event: 3.697 Thread 0x00007f99b6002000 Uncommon trap: reason=unstable_if action=reinterpret pc=0x00000001105a4d70 method=java.util.ArrayList.rangeCheck(I)V @ 5
Event: 3.746 Thread 0x00007f99b6002000 Uncommon trap: reason=unstable_if action=reinterpret pc=0x0000000110b890f4 method=java.io.StringReader.read()I @ 19
Event: 3.791 Thread 0x00007f99b6002000 Uncommon trap: reason=class_check action=maybe_recompile pc=0x000000011063bfe0 method=java.util.HashMap.putVal(ILjava/lang/Object;Ljava/lang/Object;ZZ)Ljava/lang/Object; @ 203
Event: 3.812 Thread 0x00007f99b6002000 Uncommon trap: reason=unstable_if action=reinterpret pc=0x0000000110babf64 method=org.helioviewer.jhv.base.Log$2.write(I)V @ 9
Event: 4.204 Thread 0x00007f99b6294800 Uncommon trap: reason=class_check action=maybe_recompile pc=0x0000000110a66198 method=java.lang.Character.toUpperCase(I)I @ 5
Event: 4.205 Thread 0x00007f99b6294800 Uncommon trap: reason=class_check action=maybe_recompile pc=0x0000000110a66198 method=java.lang.Character.toUpperCase(I)I @ 5
Event: 4.206 Thread 0x00007f99b6294800 Uncommon trap: reason=class_check action=maybe_recompile pc=0x0000000110a66198 method=java.lang.Character.toUpperCase(I)I @ 5
Event: 4.207 Thread 0x00007f99b6294800 Uncommon trap: reason=class_check action=maybe_recompile pc=0x0000000110a66198 method=java.lang.Character.toUpperCase(I)I @ 5

Internal exceptions (10 events):
Event: 3.668 Thread 0x00007f99b6834800 Exception <a 'java/lang/ArrayIndexOutOfBoundsException'> (0x000000076aced948) thrown at [/Users/java_re/workspace/8-2-build-macosx-x86_64/jdk8u45/3457/hotspot/src/share/vm/runtime/sharedRuntime.cpp, line 605]
Event: 3.669 Thread 0x00007f99b6834800 Exception <a 'java/lang/ArrayIndexOutOfBoundsException'> (0x000000076acf83f0) thrown at [/Users/java_re/workspace/8-2-build-macosx-x86_64/jdk8u45/3457/hotspot/src/share/vm/runtime/sharedRuntime.cpp, line 605]
Event: 3.669 Thread 0x00007f99b6834800 Exception <a 'java/lang/ArrayIndexOutOfBoundsException'> (0x000000076acfb738) thrown at [/Users/java_re/workspace/8-2-build-macosx-x86_64/jdk8u45/3457/hotspot/src/share/vm/runtime/sharedRuntime.cpp, line 605]
Event: 3.708 Thread 0x00007f99b6002000 Exception <a 'java/io/FileNotFoundException'> (0x000000076b594518) thrown at [/Users/java_re/workspace/8-2-build-macosx-x86_64/jdk8u45/3457/hotspot/src/share/vm/prims/jni.cpp, line 709]
Event: 3.711 Thread 0x00007f99b6002000 Exception <a 'java/io/FileNotFoundException'> (0x000000076b598310) thrown at [/Users/java_re/workspace/8-2-build-macosx-x86_64/jdk8u45/3457/hotspot/src/share/vm/prims/jni.cpp, line 709]
Event: 3.713 Thread 0x00007f99b6002000 Exception <a 'java/io/FileNotFoundException'> (0x000000076b59bf98) thrown at [/Users/java_re/workspace/8-2-build-macosx-x86_64/jdk8u45/3457/hotspot/src/share/vm/prims/jni.cpp, line 709]
Event: 3.717 Thread 0x00007f99b6002000 Exception <a 'java/io/FileNotFoundException'> (0x000000076b5a8e70) thrown at [/Users/java_re/workspace/8-2-build-macosx-x86_64/jdk8u45/3457/hotspot/src/share/vm/prims/jni.cpp, line 709]
Event: 3.754 Thread 0x00007f99b6002000 Exception <a 'java/io/FileNotFoundException'> (0x000000076b91d2b8) thrown at [/Users/java_re/workspace/8-2-build-macosx-x86_64/jdk8u45/3457/hotspot/src/share/vm/prims/jni.cpp, line 709]
Event: 3.756 Thread 0x00007f99b6002000 Exception <a 'java/io/FileNotFoundException'> (0x000000076b92dab0) thrown at [/Users/java_re/workspace/8-2-build-macosx-x86_64/jdk8u45/3457/hotspot/src/share/vm/prims/jni.cpp, line 709]
Event: 3.837 Thread 0x00007f99b6002000 Exception <a 'java/io/FileNotFoundException'> (0x000000076bc64270) thrown at [/Users/java_re/workspace/8-2-build-macosx-x86_64/jdk8u45/3457/hotspot/src/share/vm/prims/jni.cpp, line 709]

Events (10 events):
Event: 4.307 Executing VM operation: RevokeBias done
Event: 8.639 loading class jogamp/opengl/macosx/cgl/MacOSXCGLContext$NSOpenGLImpl$DetachGLLayerCmd
Event: 8.639 loading class jogamp/opengl/macosx/cgl/MacOSXCGLContext$NSOpenGLImpl$DetachGLLayerCmd done
Event: 8.669 loading class java/util/Collections$SynchronizedRandomAccessList
Event: 8.669 loading class java/util/Collections$SynchronizedList
Event: 8.669 loading class java/util/Collections$SynchronizedList done
Event: 8.669 loading class java/util/Collections$SynchronizedRandomAccessList done
Event: 8.669 Thread 0x00007f99b4798000 Thread exited: 0x00007f99b4798000
Event: 8.691 loading class jogamp/nativewindow/jawt/macosx/MacOSXJAWTWindow$4
Event: 8.691 loading class jogamp/nativewindow/jawt/macosx/MacOSXJAWTWindow$4 done


Dynamic libraries:
0x0000000006e89000 	/System/Library/Frameworks/Cocoa.framework/Versions/A/Cocoa
0x0000000006e89000 	/System/Library/Frameworks/Security.framework/Versions/A/Security
0x0000000006e89000 	/System/Library/Frameworks/ApplicationServices.framework/Versions/A/ApplicationServices
0x0000000006e89000 	/usr/lib/libz.1.dylib
0x0000000006e89000 	/usr/lib/libSystem.B.dylib
0x0000000006e89000 	/usr/lib/libobjc.A.dylib
0x0000000006e89000 	/System/Library/Frameworks/CoreFoundation.framework/Versions/A/CoreFoundation
0x0000000006e89000 	/System/Library/Frameworks/Foundation.framework/Versions/C/Foundation
0x0000000006e89000 	/System/Library/Frameworks/AppKit.framework/Versions/C/AppKit
0x0000000006e89000 	/System/Library/Frameworks/CoreData.framework/Versions/A/CoreData
0x0000000006e89000 	/System/Library/PrivateFrameworks/RemoteViewServices.framework/Versions/A/RemoteViewServices
0x0000000006e89000 	/System/Library/PrivateFrameworks/UIFoundation.framework/Versions/A/UIFoundation
0x0000000006e89000 	/System/Library/Frameworks/IOSurface.framework/Versions/A/IOSurface
0x0000000006e89000 	/System/Library/Frameworks/AudioToolbox.framework/Versions/A/AudioToolbox
0x0000000006e89000 	/System/Library/Frameworks/AudioUnit.framework/Versions/A/AudioUnit
0x0000000006e89000 	/System/Library/PrivateFrameworks/DataDetectorsCore.framework/Versions/A/DataDetectorsCore
0x0000000006e89000 	/System/Library/PrivateFrameworks/DesktopServicesPriv.framework/Versions/A/DesktopServicesPriv
0x0000000006e89000 	/System/Library/Frameworks/Carbon.framework/Versions/A/Frameworks/HIToolbox.framework/Versions/A/HIToolbox
0x0000000006e89000 	/System/Library/Frameworks/QuartzCore.framework/Versions/A/QuartzCore
0x0000000006e89000 	/System/Library/Frameworks/Carbon.framework/Versions/A/Frameworks/SpeechRecognition.framework/Versions/A/SpeechRecognition
0x0000000006e89000 	/usr/lib/libauto.dylib
0x0000000006e89000 	/usr/lib/libicucore.A.dylib
0x0000000006e89000 	/usr/lib/libxml2.2.dylib
0x0000000006e89000 	/System/Library/PrivateFrameworks/CoreUI.framework/Versions/A/CoreUI
0x0000000006e89000 	/System/Library/Frameworks/CoreAudio.framework/Versions/A/CoreAudio
0x0000000006e89000 	/System/Library/Frameworks/DiskArbitration.framework/Versions/A/DiskArbitration
0x0000000006e89000 	/usr/lib/liblangid.dylib
0x0000000006e89000 	/System/Library/PrivateFrameworks/MultitouchSupport.framework/Versions/A/MultitouchSupport
0x0000000006e89000 	/System/Library/Frameworks/IOKit.framework/Versions/A/IOKit
0x0000000006e89000 	/usr/lib/libDiagnosticMessagesClient.dylib
0x0000000006e89000 	/System/Library/Frameworks/CoreServices.framework/Versions/A/CoreServices
0x0000000006e89000 	/System/Library/PrivateFrameworks/PerformanceAnalysis.framework/Versions/A/PerformanceAnalysis
0x0000000006e89000 	/System/Library/PrivateFrameworks/GenerationalStorage.framework/Versions/A/GenerationalStorage
0x0000000006e89000 	/System/Library/Frameworks/OpenGL.framework/Versions/A/OpenGL
0x0000000006e89000 	/System/Library/PrivateFrameworks/Sharing.framework/Versions/A/Sharing
0x0000000006e89000 	/System/Library/Frameworks/CoreGraphics.framework/Versions/A/CoreGraphics
0x0000000006e89000 	/System/Library/Frameworks/CoreText.framework/Versions/A/CoreText
0x0000000006e89000 	/System/Library/Frameworks/ImageIO.framework/Versions/A/ImageIO
0x0000000006e89000 	/usr/lib/libextension.dylib
0x0000000006e89000 	/System/Library/PrivateFrameworks/Backup.framework/Versions/A/Backup
0x0000000006e89000 	/usr/lib/libarchive.2.dylib
0x0000000006e89000 	/System/Library/Frameworks/CFNetwork.framework/Versions/A/CFNetwork
0x0000000006e89000 	/System/Library/Frameworks/SystemConfiguration.framework/Versions/A/SystemConfiguration
0x0000000006e89000 	/usr/lib/libCRFSuite.dylib
0x0000000006e89000 	/usr/lib/libc++.1.dylib
0x0000000006e89000 	/usr/lib/libc++abi.dylib
0x0000000006e89000 	/usr/lib/system/libcache.dylib
0x0000000006e89000 	/usr/lib/system/libcommonCrypto.dylib
0x0000000006e89000 	/usr/lib/system/libcompiler_rt.dylib
0x0000000006e89000 	/usr/lib/system/libcopyfile.dylib
0x0000000006e89000 	/usr/lib/system/libcorecrypto.dylib
0x0000000006e89000 	/usr/lib/system/libdispatch.dylib
0x0000000006e89000 	/usr/lib/system/libdyld.dylib
0x0000000006e89000 	/usr/lib/system/libkeymgr.dylib
0x0000000006e89000 	/usr/lib/system/liblaunch.dylib
0x0000000006e89000 	/usr/lib/system/libmacho.dylib
0x0000000006e89000 	/usr/lib/system/libquarantine.dylib
0x0000000006e89000 	/usr/lib/system/libremovefile.dylib
0x0000000006e89000 	/usr/lib/system/libsystem_asl.dylib
0x0000000006e89000 	/usr/lib/system/libsystem_blocks.dylib
0x0000000006e89000 	/usr/lib/system/libsystem_c.dylib
0x0000000006e89000 	/usr/lib/system/libsystem_configuration.dylib
0x0000000006e89000 	/usr/lib/system/libsystem_coreservices.dylib
0x0000000006e89000 	/usr/lib/system/libsystem_coretls.dylib
0x0000000006e89000 	/usr/lib/system/libsystem_dnssd.dylib
0x0000000006e89000 	/usr/lib/system/libsystem_info.dylib
0x0000000006e89000 	/usr/lib/system/libsystem_kernel.dylib
0x0000000006e89000 	/usr/lib/system/libsystem_m.dylib
0x0000000006e89000 	/usr/lib/system/libsystem_malloc.dylib
0x0000000006e89000 	/usr/lib/system/libsystem_network.dylib
0x0000000006e89000 	/usr/lib/system/libsystem_networkextension.dylib
0x0000000006e89000 	/usr/lib/system/libsystem_notify.dylib
0x0000000006e89000 	/usr/lib/system/libsystem_platform.dylib
0x0000000006e89000 	/usr/lib/system/libsystem_pthread.dylib
0x0000000006e89000 	/usr/lib/system/libsystem_sandbox.dylib
0x0000000006e89000 	/usr/lib/system/libsystem_secinit.dylib
0x0000000006e89000 	/usr/lib/system/libsystem_stats.dylib
0x0000000006e89000 	/usr/lib/system/libsystem_trace.dylib
0x0000000006e89000 	/usr/lib/system/libunc.dylib
0x0000000006e89000 	/usr/lib/system/libunwind.dylib
0x0000000006e89000 	/usr/lib/system/libxpc.dylib
0x0000000006e89000 	/usr/lib/libbz2.1.0.dylib
0x0000000006e89000 	/usr/lib/liblzma.5.dylib
0x0000000006e89000 	/usr/lib/libbsm.0.dylib
0x0000000006e89000 	/usr/lib/libsqlite3.dylib
0x0000000006e89000 	/usr/lib/system/libkxld.dylib
0x0000000006e89000 	/usr/lib/libxar.1.dylib
0x0000000006e89000 	/usr/lib/libpam.2.dylib
0x0000000006e89000 	/usr/lib/libOpenScriptingUtil.dylib
0x0000000006e89000 	/System/Library/Frameworks/CoreServices.framework/Versions/A/Frameworks/FSEvents.framework/Versions/A/FSEvents
0x0000000006e89000 	/System/Library/Frameworks/CoreServices.framework/Versions/A/Frameworks/CarbonCore.framework/Versions/A/CarbonCore
0x0000000006e89000 	/System/Library/Frameworks/CoreServices.framework/Versions/A/Frameworks/Metadata.framework/Versions/A/Metadata
0x0000000006e89000 	/System/Library/Frameworks/CoreServices.framework/Versions/A/Frameworks/OSServices.framework/Versions/A/OSServices
0x0000000006e89000 	/System/Library/Frameworks/CoreServices.framework/Versions/A/Frameworks/SearchKit.framework/Versions/A/SearchKit
0x0000000006e89000 	/System/Library/Frameworks/CoreServices.framework/Versions/A/Frameworks/AE.framework/Versions/A/AE
0x0000000006e89000 	/System/Library/Frameworks/CoreServices.framework/Versions/A/Frameworks/LaunchServices.framework/Versions/A/LaunchServices
0x0000000006e89000 	/System/Library/Frameworks/CoreServices.framework/Versions/A/Frameworks/DictionaryServices.framework/Versions/A/DictionaryServices
0x0000000006e89000 	/System/Library/Frameworks/NetFS.framework/Versions/A/NetFS
0x0000000006e89000 	/System/Library/PrivateFrameworks/NetAuth.framework/Versions/A/NetAuth
0x0000000006e89000 	/System/Library/PrivateFrameworks/login.framework/Versions/A/Frameworks/loginsupport.framework/Versions/A/loginsupport
0x0000000006e89000 	/System/Library/PrivateFrameworks/TCC.framework/Versions/A/TCC
0x0000000006e89000 	/usr/lib/libmecabra.dylib
0x0000000006e89000 	/System/Library/Frameworks/ApplicationServices.framework/Versions/A/Frameworks/ATS.framework/Versions/A/ATS
0x0000000006e89000 	/System/Library/Frameworks/ApplicationServices.framework/Versions/A/Frameworks/ColorSync.framework/Versions/A/ColorSync
0x0000000006e89000 	/System/Library/Frameworks/ApplicationServices.framework/Versions/A/Frameworks/HIServices.framework/Versions/A/HIServices
0x0000000006e89000 	/System/Library/Frameworks/ApplicationServices.framework/Versions/A/Frameworks/LangAnalysis.framework/Versions/A/LangAnalysis
0x0000000006e89000 	/System/Library/Frameworks/ApplicationServices.framework/Versions/A/Frameworks/PrintCore.framework/Versions/A/PrintCore
0x0000000006e89000 	/System/Library/Frameworks/ApplicationServices.framework/Versions/A/Frameworks/QD.framework/Versions/A/QD
0x0000000006e89000 	/System/Library/Frameworks/ApplicationServices.framework/Versions/A/Frameworks/SpeechSynthesis.framework/Versions/A/SpeechSynthesis
0x0000000006e89000 	/System/Library/Frameworks/Accelerate.framework/Versions/A/Accelerate
0x0000000006e89000 	/System/Library/Frameworks/Accelerate.framework/Versions/A/Frameworks/vImage.framework/Versions/A/vImage
0x0000000006e89000 	/System/Library/Frameworks/Accelerate.framework/Versions/A/Frameworks/vecLib.framework/Versions/A/vecLib
0x0000000006e89000 	/System/Library/Frameworks/Accelerate.framework/Versions/A/Frameworks/vecLib.framework/Versions/A/libvDSP.dylib
0x0000000006e89000 	/System/Library/Frameworks/Accelerate.framework/Versions/A/Frameworks/vecLib.framework/Versions/A/libvMisc.dylib
0x0000000006e89000 	/System/Library/Frameworks/Accelerate.framework/Versions/A/Frameworks/vecLib.framework/Versions/A/libLAPACK.dylib
0x0000000006e89000 	/System/Library/Frameworks/Accelerate.framework/Versions/A/Frameworks/vecLib.framework/Versions/A/libBLAS.dylib
0x0000000006e89000 	/System/Library/Frameworks/Accelerate.framework/Versions/A/Frameworks/vecLib.framework/Versions/A/libLinearAlgebra.dylib
0x0000000006e89000 	/System/Library/Frameworks/ApplicationServices.framework/Versions/A/Frameworks/ATS.framework/Versions/A/Resources/libFontParser.dylib
0x0000000006e89000 	/System/Library/Frameworks/ApplicationServices.framework/Versions/A/Frameworks/ATS.framework/Versions/A/Resources/libFontRegistry.dylib
0x0000000006e89000 	/System/Library/PrivateFrameworks/AppleVPA.framework/Versions/A/AppleVPA
0x0000000006e89000 	/System/Library/PrivateFrameworks/AppleJPEG.framework/Versions/A/AppleJPEG
0x0000000006e89000 	/System/Library/Frameworks/ImageIO.framework/Versions/A/Resources/libJPEG.dylib
0x0000000006e89000 	/System/Library/Frameworks/ImageIO.framework/Versions/A/Resources/libTIFF.dylib
0x0000000006e89000 	/System/Library/Frameworks/ImageIO.framework/Versions/A/Resources/libPng.dylib
0x0000000006e89000 	/System/Library/Frameworks/ImageIO.framework/Versions/A/Resources/libGIF.dylib
0x0000000006e89000 	/System/Library/Frameworks/ImageIO.framework/Versions/A/Resources/libJP2.dylib
0x0000000006e89000 	/System/Library/Frameworks/ImageIO.framework/Versions/A/Resources/libRadiance.dylib
0x0000000006e89000 	/System/Library/Frameworks/CoreVideo.framework/Versions/A/CoreVideo
0x0000000006e89000 	/System/Library/Frameworks/OpenGL.framework/Versions/A/Libraries/libGLU.dylib
0x0000000006e89000 	/System/Library/Frameworks/OpenGL.framework/Versions/A/Libraries/libGFXShared.dylib
0x0000000006e89000 	/System/Library/Frameworks/OpenGL.framework/Versions/A/Libraries/libGL.dylib
0x0000000006e89000 	/System/Library/Frameworks/OpenGL.framework/Versions/A/Libraries/libGLImage.dylib
0x0000000006e89000 	/System/Library/Frameworks/OpenGL.framework/Versions/A/Libraries/libCVMSPluginSupport.dylib
0x0000000006e89000 	/System/Library/Frameworks/OpenGL.framework/Versions/A/Libraries/libCoreVMClient.dylib
0x0000000006e89000 	/usr/lib/libcups.2.dylib
0x0000000006e89000 	/System/Library/Frameworks/Kerberos.framework/Versions/A/Kerberos
0x0000000006e89000 	/System/Library/Frameworks/GSS.framework/Versions/A/GSS
0x0000000006e89000 	/usr/lib/libresolv.9.dylib
0x0000000006e89000 	/usr/lib/libiconv.2.dylib
0x0000000006e89000 	/System/Library/PrivateFrameworks/Heimdal.framework/Versions/A/Heimdal
0x0000000006e89000 	/usr/lib/libheimdal-asn1.dylib
0x0000000006e89000 	/System/Library/Frameworks/OpenDirectory.framework/Versions/A/OpenDirectory
0x0000000006e89000 	/System/Library/PrivateFrameworks/CommonAuth.framework/Versions/A/CommonAuth
0x0000000006e89000 	/System/Library/Frameworks/OpenDirectory.framework/Versions/A/Frameworks/CFOpenDirectory.framework/Versions/A/CFOpenDirectory
0x0000000006e89000 	/System/Library/Frameworks/SecurityFoundation.framework/Versions/A/SecurityFoundation
0x0000000006e89000 	/System/Library/PrivateFrameworks/LanguageModeling.framework/Versions/A/LanguageModeling
0x0000000006e89000 	/usr/lib/libcmph.dylib
0x0000000006e89000 	/System/Library/Frameworks/ServiceManagement.framework/Versions/A/ServiceManagement
0x0000000006e89000 	/usr/lib/libxslt.1.dylib
0x0000000006e89000 	/System/Library/Frameworks/Carbon.framework/Versions/A/Frameworks/Ink.framework/Versions/A/Ink
0x0000000006e89000 	/System/Library/Frameworks/QuartzCore.framework/Versions/A/Frameworks/CoreImage.framework/Versions/A/CoreImage
0x0000000006e89000 	/System/Library/PrivateFrameworks/CrashReporterSupport.framework/Versions/A/CrashReporterSupport
0x0000000006e89000 	/System/Library/Frameworks/OpenCL.framework/Versions/A/OpenCL
0x0000000006e89000 	/System/Library/PrivateFrameworks/FaceCore.framework/Versions/A/FaceCore
0x0000000006e89000 	/System/Library/PrivateFrameworks/Ubiquity.framework/Versions/A/Ubiquity
0x0000000006e89000 	/System/Library/PrivateFrameworks/IconServices.framework/Versions/A/IconServices
0x0000000006e89000 	/System/Library/PrivateFrameworks/ChunkingLibrary.framework/Versions/A/ChunkingLibrary
0x0000000006e89000 	/System/Library/PrivateFrameworks/Apple80211.framework/Versions/A/Apple80211
0x0000000006e89000 	/System/Library/Frameworks/CoreWLAN.framework/Versions/A/CoreWLAN
0x0000000006e89000 	/System/Library/Frameworks/IOBluetooth.framework/Versions/A/IOBluetooth
0x0000000006e89000 	/System/Library/PrivateFrameworks/CoreWiFi.framework/Versions/A/CoreWiFi
0x0000000006e89000 	/System/Library/Frameworks/CoreBluetooth.framework/Versions/A/CoreBluetooth
0x0000000006e89000 	/System/Library/PrivateFrameworks/DebugSymbols.framework/Versions/A/DebugSymbols
0x0000000006e89000 	/System/Library/PrivateFrameworks/CoreSymbolication.framework/Versions/A/CoreSymbolication
0x0000000006e89000 	/System/Library/PrivateFrameworks/Symbolication.framework/Versions/A/Symbolication
0x0000000006e89000 	/System/Library/PrivateFrameworks/SpeechRecognitionCore.framework/Versions/A/SpeechRecognitionCore
0x000000010e0d7000 	/Library/Java/JavaVirtualMachines/jdk1.8.0_45.jdk/Contents/Home/jre/lib/server/libjvm.dylib
0x0000000006e89000 	/usr/lib/libstdc++.6.dylib
0x000000010f15a000 	/Library/Java/JavaVirtualMachines/jdk1.8.0_45.jdk/Contents/Home/jre/lib/libverify.dylib
0x000000010f168000 	/Library/Java/JavaVirtualMachines/jdk1.8.0_45.jdk/Contents/Home/jre/lib/libjava.dylib
0x000000010f19e000 	/Library/Java/JavaVirtualMachines/jdk1.8.0_45.jdk/Contents/Home/jre/lib/libinstrument.dylib
0x0000000110200000 	/Library/Java/JavaVirtualMachines/jdk1.8.0_45.jdk/Contents/Home/jre/lib/libzip.dylib
0x000000012bdb7000 	/System/Library/Frameworks/JavaVM.framework/Frameworks/JavaRuntimeSupport.framework/JavaRuntimeSupport
0x000000012bdcd000 	/System/Library/Frameworks/JavaVM.framework/Versions/A/Frameworks/JavaNativeFoundation.framework/Versions/A/JavaNativeFoundation
0x000000012bde1000 	/System/Library/Frameworks/JavaVM.framework/Versions/A/JavaVM
0x0000000006e89000 	/System/Library/Frameworks/Carbon.framework/Versions/A/Carbon
0x000000012bded000 	/System/Library/PrivateFrameworks/JavaLaunching.framework/Versions/A/JavaLaunching
0x0000000006e89000 	/System/Library/Frameworks/Carbon.framework/Versions/A/Frameworks/CommonPanels.framework/Versions/A/CommonPanels
0x0000000006e89000 	/System/Library/Frameworks/Carbon.framework/Versions/A/Frameworks/Help.framework/Versions/A/Help
0x0000000006e89000 	/System/Library/Frameworks/Carbon.framework/Versions/A/Frameworks/ImageCapture.framework/Versions/A/ImageCapture
0x0000000006e89000 	/System/Library/Frameworks/Carbon.framework/Versions/A/Frameworks/OpenScripting.framework/Versions/A/OpenScripting
0x0000000006e89000 	/System/Library/Frameworks/Carbon.framework/Versions/A/Frameworks/Print.framework/Versions/A/Print
0x0000000006e89000 	/System/Library/Frameworks/Carbon.framework/Versions/A/Frameworks/SecurityHI.framework/Versions/A/SecurityHI
0x000000012dce9000 	/Library/Java/JavaVirtualMachines/jdk1.8.0_45.jdk/Contents/Home/jre/lib/libnet.dylib
0x000000012dd48000 	/Library/Java/JavaVirtualMachines/jdk1.8.0_45.jdk/Contents/Home/jre/lib/libmanagement.dylib
0x000000012dd55000 	/Library/Java/JavaVirtualMachines/jdk1.8.0_45.jdk/Contents/Home/jre/lib/libnio.dylib
0x000000012e2b0000 	/Library/Java/JavaVirtualMachines/jdk1.8.0_45.jdk/Contents/Home/jre/lib/libawt.dylib
0x000000012e358000 	/Library/Java/JavaVirtualMachines/jdk1.8.0_45.jdk/Contents/Home/jre/lib/./libmlib_image.dylib
0x000000012e424000 	/Library/Java/JavaVirtualMachines/jdk1.8.0_45.jdk/Contents/Home/jre/lib/libawt_lwawt.dylib
0x000000012e4d8000 	/Library/Java/JavaVirtualMachines/jdk1.8.0_45.jdk/Contents/Home/jre/lib/./libosxapp.dylib
0x0000000006e89000 	/System/Library/Frameworks/ExceptionHandling.framework/Versions/A/ExceptionHandling
0x0000000006e89000 	/System/Library/PrivateFrameworks/CoreServicesInternal.framework/Versions/A/CoreServicesInternal
0x0000000006e89000 	/System/Library/PrivateFrameworks/CloudDocs.framework/Versions/A/CloudDocs
0x0000000006e89000 	/System/Library/PrivateFrameworks/CoreDuet.framework/Versions/A/CoreDuet
0x0000000006e89000 	/System/Library/Frameworks/CloudKit.framework/Versions/A/CloudKit
0x0000000006e89000 	/System/Library/PrivateFrameworks/ProtocolBuffer.framework/Versions/A/ProtocolBuffer
0x0000000006e89000 	/System/Library/PrivateFrameworks/CoreDuetDaemonProtocol.framework/Versions/A/CoreDuetDaemonProtocol
0x0000000006e89000 	/System/Library/PrivateFrameworks/CoreDuetDebugLogging.framework/Versions/A/CoreDuetDebugLogging
0x0000000006e89000 	/System/Library/PrivateFrameworks/MMCS.framework/Versions/A/MMCS
0x0000000006e89000 	/System/Library/Frameworks/CoreLocation.framework/Versions/A/CoreLocation
0x0000000006e89000 	/System/Library/PrivateFrameworks/ProtectedCloudStorage.framework/Versions/A/ProtectedCloudStorage
0x0000000006e89000 	/System/Library/PrivateFrameworks/GeoServices.framework/Versions/A/GeoServices
0x0000000006e89000 	/System/Library/Frameworks/CoreGraphics.framework/Versions/A/Resources/libCGCMS.A.dylib
0x0000000006e89000 	/System/Library/Frameworks/CoreGraphics.framework/Versions/A/Resources/libRIP.A.dylib
0x0000000006e89000 	/System/Library/Frameworks/CoreGraphics.framework/Versions/A/Resources/libCGXType.A.dylib
0x0000000006e89000 	/System/Library/Frameworks/OpenCL.framework/Versions/A/Libraries/libcldcpuengine.dylib
0x0000000006e89000 	/System/Library/PrivateFrameworks/DiskImages.framework/Versions/A/DiskImages
0x0000000006e89000 	/System/Library/Frameworks/DiscRecording.framework/Versions/A/DiscRecording
0x0000000006e89000 	/usr/lib/libcsfde.dylib
0x0000000006e89000 	/usr/lib/libcurl.4.dylib
0x0000000006e89000 	/System/Library/PrivateFrameworks/MediaKit.framework/Versions/A/MediaKit
0x0000000006e89000 	/usr/lib/libCoreStorage.dylib
0x0000000006e89000 	/System/Library/PrivateFrameworks/EFILogin.framework/Versions/A/EFILogin
0x0000000006e89000 	/usr/lib/libutil.dylib
0x0000000006e89000 	/System/Library/PrivateFrameworks/FindMyDevice.framework/Versions/A/FindMyDevice
0x0000000006e89000 	/System/Library/Frameworks/LDAP.framework/Versions/A/LDAP
0x0000000006e89000 	/usr/lib/libsasl2.2.dylib
0x0000000006e89000 	/System/Library/PrivateFrameworks/CoreDaemon.framework/Versions/B/CoreDaemon
0x0000000006e89000 	/usr/lib/libcrypto.0.9.8.dylib
0x0000000006e89000 	/System/Library/PrivateFrameworks/AppleSRP.framework/Versions/A/AppleSRP
0x0000000006e89000 	/System/Library/PrivateFrameworks/TrustEvaluationAgent.framework/Versions/A/TrustEvaluationAgent
0x0000000131667000 	cl_kernels
0x0000000131669000 	/System/Library/Frameworks/OpenCL.framework/Versions/A/Libraries/ImageFormats/unorm8_bgra.dylib
0x0000000131659000 	cl_kernels
0x0000000006e89000 	/System/Library/PrivateFrameworks/FamilyControls.framework/Versions/A/FamilyControls
0x0000000006e89000 	/System/Library/PrivateFrameworks/CommerceKit.framework/Versions/A/Frameworks/CommerceCore.framework/Versions/A/CommerceCore
0x0000000006e89000 	/System/Library/PrivateFrameworks/SystemAdministration.framework/Versions/A/SystemAdministration
0x0000000006e89000 	/System/Library/PrivateFrameworks/AppContainer.framework/Versions/A/AppContainer
0x0000000006e89000 	/System/Library/PrivateFrameworks/SecCodeWrapper.framework/Versions/A/SecCodeWrapper
0x0000000006e89000 	/System/Library/Frameworks/DirectoryService.framework/Versions/A/DirectoryService
0x0000000006e89000 	/System/Library/PrivateFrameworks/LoginUIKit.framework/Versions/A/Frameworks/LoginUICore.framework/Versions/A/LoginUICore
0x0000000006e89000 	/usr/lib/libodfde.dylib
0x0000000132b78000 	/Library/Java/JavaVirtualMachines/jdk1.8.0_45.jdk/Contents/Home/jre/lib/libfontmanager.dylib
0x0000000006e89000 	/System/Library/Frameworks/OpenGL.framework/Versions/A/Resources/GLEngine.bundle/GLEngine
0x0000000006e89000 	/System/Library/Frameworks/OpenGL.framework/Versions/A/Libraries/libGLProgrammability.dylib
0x0000000000000000 	/System/Library/Extensions/AppleIntelHD5000GraphicsGLDriver.bundle/Contents/MacOS/AppleIntelHD5000GraphicsGLDriver
0x0000000006e89000 	/System/Library/PrivateFrameworks/IOAccelerator.framework/Versions/A/IOAccelerator
0x0000000006e89000 	/System/Library/PrivateFrameworks/GPUSupport.framework/Versions/A/Libraries/libGPUSupportMercury.dylib
0x0000000000000000 	/System/Library/Extensions/GeForceGLDriver.bundle/Contents/MacOS/GeForceGLDriver
0x0000000006e89000 	/System/Library/Extensions/GeForceGLDriver.bundle/Contents/MacOS/libclh.dylib
0x0000000006e89000 	/System/Library/Frameworks/OpenGL.framework/Versions/A/Resources/GLRendererFloat.bundle/GLRendererFloat
0x0000000134dc1000 	/Library/Java/JavaVirtualMachines/jdk1.8.0_45.jdk/Contents/Home/jre/lib/libosxui.dylib
0x0000000006e89000 	/System/Library/Frameworks/ApplicationServices.framework/Versions/A/Frameworks/ATS.framework/Versions/A/Resources/libTrueTypeScaler.dylib
0x0000000137bba000 	/private/var/folders/_3/gr58kqxs4vq4rdz44_t3sk9c0000gn/T/jogamp_0000/file_cache/jln7092431331440018269/jln1647045967892302131/libgluegen-rt.jnilib
0x000000013a5aa000 	/private/var/folders/_3/gr58kqxs4vq4rdz44_t3sk9c0000gn/T/jogamp_0000/file_cache/jln7092431331440018269/jln1647045967892302131/libnativewindow_awt.jnilib
0x000000013a5ad000 	/Library/Java/JavaVirtualMachines/jdk1.8.0_45.jdk/Contents/Home/jre/lib/libjawt.dylib
0x0000000134f3a000 	/private/var/folders/_3/gr58kqxs4vq4rdz44_t3sk9c0000gn/T/jogamp_0000/file_cache/jln7092431331440018269/jln1647045967892302131/libnativewindow_macosx.jnilib
0x0000000136225000 	/private/var/folders/_3/gr58kqxs4vq4rdz44_t3sk9c0000gn/T/jogamp_0000/file_cache/jln7092431331440018269/jln1647045967892302131/libjogl_desktop.jnilib
0x0000000137e31000 	/private/var/folders/_3/gr58kqxs4vq4rdz44_t3sk9c0000gn/T/jogamp_0000/file_cache/jln7092431331440018269/jln1647045967892302131/libjogl_mobile.jnilib
0x0000000135ad1000 	/Library/Java/JavaVirtualMachines/jdk1.8.0_45.jdk/Contents/Home/jre/lib/libosx.dylib
0x000000013ef0b000 	/Users/stefanmeier/Documents/FHNW/JHelioviewer/JHelioviewer/lib/native/libkdu_jni.jnilib
0x0000000140ebd000 	/Users/stefanmeier/Documents/FHNW/JHelioviewer/JHelioviewer/lib/native/libkdu_v75R.dylib
0x0000000140fbc000 	/Users/stefanmeier/Documents/FHNW/JHelioviewer/JHelioviewer/lib/native/libkdu_a75R.dylib
0x000000013af8f000 	/Library/Java/JavaVirtualMachines/jdk1.8.0_45.jdk/Contents/Home/jre/lib/libdcpr.dylib

VM Arguments:
jvm_args: -javaagent:/Applications/eclipse/configuration/org.eclipse.osgi/434/0/.cp/swag.jar -Xbootclasspath/a:/Applications/eclipse/configuration/org.eclipse.osgi/434/0/.cp/swag.jar -Dswex.mport=56163 -Dcom.sun.management.jmxremote -Djava.library.path=/Users/stefanmeier/Documents/FHNW/JHelioviewer/JHelioviewer/lib/native:/Users/stefanmeier/Documents/FHNW/JHelioviewer/JHelioviewer/lib/native -Dfile.encoding=UTF-8 
java_command: org.swingexplorer.Launcher org.helioviewer.jhv.JHelioviewer
java_class_path (initial): /Users/stefanmeier/Documents/FHNW/JHelioviewer/JHelioviewer/bin:/Users/stefanmeier/Documents/FHNW/JHelioviewer/JHelioviewer/lib/fits.jar:/Users/stefanmeier/Documents/FHNW/JHelioviewer/JHelioviewer/lib/forms-1.3.0.jar:/Users/stefanmeier/Documents/FHNW/JHelioviewer/JHelioviewer/lib/gluegen-rt.jar:/Users/stefanmeier/Documents/FHNW/JHelioviewer/JHelioviewer/lib/jgoodies-forms-1.8.0.jar:/Users/stefanmeier/Documents/FHNW/JHelioviewer/JHelioviewer/lib/json.jar:/Users/stefanmeier/Documents/FHNW/JHelioviewer/JHelioviewer/lib/log4j-1.2.16.jar:/Users/stefanmeier/Documents/FHNW/JHelioviewer/JHelioviewer/lib/xuggle-xuggler-5.4-all.jar:/Users/stefanmeier/Documents/FHNW/JHelioviewer/JHelioviewer/lib/bzip2.jar:/Users/stefanmeier/Documents/FHNW/JHelioviewer/JHelioviewer/lib/slf4j-api-1.7.7.jar:/Users/stefanmeier/Documents/FHNW/JHelioviewer/JHelioviewer/lib/slf4j-nop-1.7.7.jar:/Users/stefanmeier/Documents/FHNW/JHelioviewer/JHelioviewer/lib/gson-2.2.4.jar:/Users/stefanmeier/Documents/FHNW/JHelioviewer/JHelioviewer/lib/i4jruntime.jar:/Users/stefanmeier/Documents/FHNW/JHelioviewer/JHelioviewer/lib/kdu.jar:/Users/stefanmeier/Documents/FHNW/JHelioviewer/JHelioviewer/lib/helio-coordinate-converter-0.0.3-SNAPSHOT.jar:/Users/stefanmeier/Documents/FHNW/JHelioviewer/JHelioviewer/lib/joda-time-2.4.jar:/Users/stefanmeier/Documents/FHNW/JHelioviewer/JHelioviewer/lib/junrar-0.7.jar:/Users/stefanmeier/Documents/FHNW/JHelioviewer/JHelioviewer/lib/commons-logging-1.2.jar:/Users/stefanmeier/Documents/FHNW/JHelioviewer/JHelioviewer/lib/core-2.0.0.jar:/Users/stefanmeier/Documents/FHNW/JHelioviewer/JHelioviewer/miglayout15-swing.jar:/Users/stefanmeier/Documents/FHNW/JHelioviewer/JHelioviewer/lib/gluegen-rt-natives-linux-amd64.jar:/Users/stefanmeier/Documents/FHNW/JHelioviewer/JHelioviewer/lib/gluegen-rt-natives-linux-i586.jar:/Users/stefanmeier/Documents/FHNW/JHelioviewer/JHelioviewer/lib/gluegen-rt-natives-macosx-universal.jar:/Users/stefanmeier/Documents/FHNW/JHelioviewer/J
Launcher Type: SUN_STANDARD

Environment Variables:
PATH=/usr/bin:/bin:/usr/sbin:/sbin
SHELL=/bin/bash

Signal Handlers:
SIGSEGV: [libjvm.dylib+0x58ef95], sa_mask[0]=11111111011111110111111111111111, sa_flags=SA_ONSTACK|SA_RESTART|SA_SIGINFO
SIGBUS: [libjvm.dylib+0x58ef95], sa_mask[0]=11111111011111110111111111111111, sa_flags=SA_RESTART|SA_SIGINFO
SIGFPE: [libjvm.dylib+0x46c108], sa_mask[0]=11111111011111110111111111111111, sa_flags=SA_RESTART|SA_SIGINFO
SIGPIPE: SIG_IGN, sa_mask[0]=00000000000000000000000000000000, sa_flags=SA_RESTART
SIGXFSZ: [libjvm.dylib+0x46c108], sa_mask[0]=11111111011111110111111111111111, sa_flags=SA_RESTART|SA_SIGINFO
SIGILL: [libjvm.dylib+0x46c108], sa_mask[0]=11111111011111110111111111111111, sa_flags=SA_RESTART|SA_SIGINFO
SIGUSR1: SIG_DFL, sa_mask[0]=00000000000000000000000000000000, sa_flags=none
SIGUSR2: [libjvm.dylib+0x46bc26], sa_mask[0]=00100000000000000000000000000000, sa_flags=SA_RESTART|SA_SIGINFO
SIGHUP: [libjvm.dylib+0x46a1f9], sa_mask[0]=11111111011111110111111111111111, sa_flags=SA_RESTART|SA_SIGINFO
SIGINT: [libjvm.dylib+0x46a1f9], sa_mask[0]=11111111011111110111111111111111, sa_flags=SA_RESTART|SA_SIGINFO
SIGTERM: [libjvm.dylib+0x46a1f9], sa_mask[0]=11111111011111110111111111111111, sa_flags=SA_RESTART|SA_SIGINFO
SIGQUIT: [libjvm.dylib+0x46a1f9], sa_mask[0]=11111111011111110111111111111111, sa_flags=SA_RESTART|SA_SIGINFO


---------------  S Y S T E M  ---------------

OS:Bsduname:Darwin 14.3.0 Darwin Kernel Version 14.3.0: Mon Mar 23 11:59:05 PDT 2015; root:xnu-2782.20.48~5/RELEASE_X86_64 x86_64
rlimit: STACK 8192k, CORE 0k, NPROC 709, NOFILE 10240, AS infinity
load average:2.27 2.02 1.88

CPU:total 8 (4 cores per cpu, 2 threads per core) family 6 model 70 stepping 1, cmov, cx8, fxsr, mmx, sse, sse2, sse3, ssse3, sse4.1, sse4.2, popcnt, avx, avx2, aes, clmul, erms, rtm, lzcnt, ht, tsc, tscinvbit, bmi1, bmi2

Memory: 4k page, physical 16777216k(1370516k free)

/proc/meminfo:


vm_info: Java HotSpot(TM) 64-Bit Server VM (25.45-b02) for bsd-amd64 JRE (1.8.0_45-b14), built on Apr 10 2015 10:46:38 by "java_re" with gcc 4.2.1 (Based on Apple Inc. build 5658) (LLVM build 2336.11.00)

time: Wed May 20 13:16:35 2015
elapsed time: 8 seconds (0d 0h 0m 8s)

