#
# A fatal error has been detected by the Java Runtime Environment:
#
#  SIGSEGV (0xb) at pc=0x0000000136f1a449, pid=11872, tid=114443
#
# JRE version: Java(TM) SE Runtime Environment (8.0_45-b14) (build 1.8.0_45-b14)
# Java VM: Java HotSpot(TM) 64-Bit Server VM (25.45-b02 mixed mode bsd-amd64 compressed oops)
# Problematic frame:
# C  [libkdu_v75R.dylib+0x44449]  _ZN8kdu_core11kdu_subband11close_blockEPNS_9kdu_blockEPNS_14kdu_thread_envE+0x199
#
# Failed to write core dump. Core dumps have been disabled. To enable core dumping, try "ulimit -c unlimited" before starting Java again
#
# If you would like to submit a bug report, please visit:
#   http://bugreport.java.com/bugreport/crash.jsp
# The crash happened outside the Java Virtual Machine in native code.
# See problematic frame for where to report the bug.
#

---------------  T H R E A D  ---------------

Current thread (0x00007fb48b874000):  JavaThread "Decoding-Data" [_thread_in_native, id=114443, stack(0x000000013d021000,0x000000013d121000)]

siginfo: si_signo: 11 (SIGSEGV), si_code: 1 (SEGV_MAPERR), si_addr: 0x0000000000000020

Registers:
RAX=0xffffffffffffffff, RBX=0x00007fb48e249240, RCX=0x0000000000000080, RDX=0x00007fb48e249240
RSP=0x000000013d11fe80, RBP=0x000000013d11fed0, RSI=0x00007fb48df1be00, RDI=0x000000014ad40950
R8 =0x0000000000000000, R9 =0x0000000000001fa2, R10=0x0000000000000040, R11=0x0000000000000100
R12=0x0000000000000000, R13=0x00007fb48e249d98, R14=0x0000000000000001, R15=0x00007fb493c51a68
RIP=0x0000000136f1a449, EFLAGS=0x0000000000010297, ERR=0x0000000000000006
  TRAPNO=0x000000000000000e

Top of Stack: (sp=0x000000013d11fe80)
0x000000013d11fe80:   0000000000240101 0000000136faad80
0x000000013d11fe90:   0000000000510101 0000000136faac00
0x000000013d11fea0:   e700c0c354528bb1 00007fb48e249240
0x000000013d11feb0:   0000000000000040 0000000000000040
0x000000013d11fec0:   000000014ad40950 0000000000000013
0x000000013d11fed0:   000000013d11fff0 0000000136ee1570
0x000000013d11fee0:   000000013d11ff10 39f4c00236f727d7
0x000000013d11fef0:   000000014074c002 0000000000000201
0x000000013d11ff00:   00007fb48e249240 01007fb446f4c002
0x000000013d11ff10:   36f4c0023074c002 00007fb493e26030
0x000000013d11ff20:   e700c0c3000001c0 000000014ad40950
0x000000013d11ff30:   01007fb40000000c 00007fb48e249240
0x000000013d11ff40:   0000000000000004 000000000000000c
0x000000013d11ff50:   000000014ad40940 0000000136f51d94
0x000000013d11ff60:   0000000000000006 0000000000000040
0x000000013d11ff70:   00007fb48e249d98 00007fb4948b4e00
0x000000013d11ff80:   0000000000000180 0000000000000201
0x000000013d11ff90:   00007fb400000001 0000000000000001
0x000000013d11ffa0:   000000010c844a00 0000000136f727d7
0x000000013d11ffb0:   0000000136fa9740 0000000000001002
0x000000013d11ffc0:   00000000000004d8 00007fb48e249cf0
0x000000013d11ffd0:   0000000000000000 0000000000000000
0x000000013d11ffe0:   00007fb48e249240 0000000000000000
0x000000013d11fff0:   000000013d120090 0000000136f550a5
0x000000013d120000:   000000008d67a000 00007fff7b5bb1b0
0x000000013d120010:   0000000000000000 0000000000000001
0x000000013d120020:   010000010c841000 0000000000000000
0x000000013d120030:   0000000000120060 0000000000000000
0x000000013d120040:   010000010c871000 0000000000000000
0x000000013d120050:   00007fb48e249cf0 00007fb48e249240
0x000000013d120060:   000000013d120080 00007fb48e249cf0
0x000000013d120070:   00007fb48e249240 00007fb493dddc10 

Instructions: (pc=0x0000000136f1a449)
0x0000000136f1a429:   c6 47 12 ff 4c 8b 65 c0 44 8b 75 d0 48 8b 75 b8
0x0000000136f1a439:   45 85 f6 0f 8e 98 08 00 00 44 89 f0 f7 d8 48 98
0x0000000136f1a449:   f0 49 0f c1 44 24 20 44 39 f0 0f 85 81 08 00 00
0x0000000136f1a459:   48 81 c6 c8 04 00 00 48 8b 0e 49 89 4c 24 38 48 

Register to memory mapping:

RAX=0xffffffffffffffff is an unknown value
RBX=0x00007fb48e249240 is an unknown value
RCX=0x0000000000000080 is an unknown value
RDX=0x00007fb48e249240 is an unknown value
RSP=0x000000013d11fe80 is pointing into the stack for thread: 0x00007fb48b874000
RBP=0x000000013d11fed0 is pointing into the stack for thread: 0x00007fb48b874000
RSI=0x00007fb48df1be00 is an unknown value
RDI=0x000000014ad40950 is an unknown value
R8 =0x0000000000000000 is an unknown value
R9 =0x0000000000001fa2 is an unknown value
R10=0x0000000000000040 is an unknown value
R11=0x0000000000000100 is an unknown value
R12=0x0000000000000000 is an unknown value
R13=0x00007fb48e249d98 is an unknown value
R14=0x0000000000000001 is an unknown value
R15=0x00007fb493c51a68 is an unknown value


Stack: [0x000000013d021000,0x000000013d121000],  sp=0x000000013d11fe80,  free space=1019k
Native frames: (J=compiled Java code, j=interpreted, Vv=VM code, C=native code)
C  [libkdu_v75R.dylib+0x44449]  _ZN8kdu_core11kdu_subband11close_blockEPNS_9kdu_blockEPNS_14kdu_thread_envE+0x199
C  [libkdu_v75R.dylib+0xb570]  _ZN13kd_core_local14kd_decoder_job13decode_blocksEPS0_PN8kdu_core14kdu_thread_envE+0xc00
C  [libkdu_v75R.dylib+0x7f0a5]  _ZN8kdu_core17kdu_thread_entity12process_jobsEPNS_27kdu_thread_entity_conditionE+0x735
C  [libkdu_v75R.dylib+0x7e048]  _ZN8kdu_core17kdu_thread_entity18wait_for_conditionEPKc+0x38
C  [libkdu_v75R.dylib+0x896ce]  _ZN13kd_core_local18kd_multi_component26get_new_synthesized_stripeEPN8kdu_core14kdu_thread_envE+0x10e
C  [libkdu_v75R.dylib+0x8cef3]  _ZN13kd_core_local18kd_multi_synthesis8get_lineEPNS_13kd_multi_lineEiPN8kdu_core14kdu_thread_envE+0x153
C  [libkdu_v75R.dylib+0x8cd7a]  _ZN13kd_core_local18kd_multi_synthesis8get_lineEiPN8kdu_core14kdu_thread_envE+0x5a
C  [libkdu_a75R.dylib+0x82074]  _ZN8kdu_supp23kdu_region_decompressor15process_genericEiiN8kdu_core10kdu_coordsEiiiRNS1_8kdu_dimsES4_ii+0x71e
C  [libkdu_a75R.dylib+0x85ded]  _ZN8kdu_supp23kdu_region_decompressor7processEPhPiiN8kdu_core10kdu_coordsEiiiRNS3_8kdu_dimsES6_ibiii+0x1cd
C  [libkdu_a75R.dylib+0x6d020]  _ZN13kd_supp_local11kdrc_stream7processEiRN8kdu_core8kdu_dimsERi+0x746
C  [libkdu_a75R.dylib+0x777dd]  _ZN8kdu_supp21kdu_region_compositor7processEiRN8kdu_core8kdu_dimsEi+0x1f3
C  [libkdu_jni.jnilib+0x5db2d]  Java_kdu_1jni_Kdu_1region_1compositor_Process+0xa1
j  kdu_jni.Kdu_region_compositor.Process(ILkdu_jni/Kdu_dims;I)Z+0
j  kdu_jni.Kdu_region_compositor.Process(ILkdu_jni/Kdu_dims;)Z+4
j  org.helioviewer.jhv.viewmodel.view.jp2view.newjpx.KakaduRender.getImage(IIFLjava/awt/Rectangle;)Ljava/nio/ByteBuffer;+253
j  org.helioviewer.jhv.viewmodel.view.jp2view.newjpx.UltimateLayer.getImageData(Ljava/time/LocalDateTime;Lorg/helioviewer/jhv/base/ImageRegion;Lorg/helioviewer/jhv/viewmodel/metadata/MetaData;Z)Ljava/nio/ByteBuffer;+238
j  org.helioviewer.jhv.layers.ImageLayer$1.run()V+125
j  java.lang.Thread.run()V+11
v  ~StubRoutines::call_stub
V  [libjvm.dylib+0x2e032a]
V  [libjvm.dylib+0x2e0ab8]
V  [libjvm.dylib+0x2e0c64]
V  [libjvm.dylib+0x3331a5]
V  [libjvm.dylib+0x549acf]
V  [libjvm.dylib+0x54b1c0]
V  [libjvm.dylib+0x46ea7e]
C  [libsystem_pthread.dylib+0x3268]  _pthread_body+0x83
C  [libsystem_pthread.dylib+0x31e5]  _pthread_body+0x0
C  [libsystem_pthread.dylib+0x141d]  thread_start+0xd
C  0x0000000000000000

Java frames: (J=compiled Java code, j=interpreted, Vv=VM code)
j  kdu_jni.Kdu_region_compositor.Process(ILkdu_jni/Kdu_dims;I)Z+0
j  kdu_jni.Kdu_region_compositor.Process(ILkdu_jni/Kdu_dims;)Z+4
j  org.helioviewer.jhv.viewmodel.view.jp2view.newjpx.KakaduRender.getImage(IIFLjava/awt/Rectangle;)Ljava/nio/ByteBuffer;+253
j  org.helioviewer.jhv.viewmodel.view.jp2view.newjpx.UltimateLayer.getImageData(Ljava/time/LocalDateTime;Lorg/helioviewer/jhv/base/ImageRegion;Lorg/helioviewer/jhv/viewmodel/metadata/MetaData;Z)Ljava/nio/ByteBuffer;+238
j  org.helioviewer.jhv.layers.ImageLayer$1.run()V+125
j  java.lang.Thread.run()V+11
v  ~StubRoutines::call_stub

---------------  P R O C E S S  ---------------

Java Threads: ( => current thread )
  0x00007fb48e3c4000 JavaThread "Decoding-Data" [_thread_in_native, id=115467, stack(0x000000013d124000,0x000000013d224000)]
=>0x00007fb48b874000 JavaThread "Decoding-Data" [_thread_in_native, id=114443, stack(0x000000013d021000,0x000000013d121000)]
  0x00007fb48ddb3000 JavaThread "UI latency watchdog" daemon [_thread_blocked, id=80399, stack(0x00000001360ff000,0x00000001361ff000)]
  0x00007fb48c86d800 JavaThread "DestroyJavaVM" [_thread_blocked, id=4867, stack(0x000000010e96a000,0x000000010ea6a000)]
  0x00007fb48b708000 JavaThread "Download-Thread-5" [_thread_blocked, id=77571, stack(0x0000000140460000,0x0000000140560000)]
  0x00007fb48c88c800 JavaThread "Download-Thread-4" [_thread_blocked, id=77059, stack(0x000000014035d000,0x000000014045d000)]
  0x00007fb48f16c000 JavaThread "Download-Thread-3" [_thread_blocked, id=76547, stack(0x000000014025a000,0x000000014035a000)]
  0x00007fb48f16b800 JavaThread "Download-Thread-2" [_thread_blocked, id=76035, stack(0x0000000140157000,0x0000000140257000)]
  0x00007fb48f16a800 JavaThread "Download-Thread-1" [_thread_blocked, id=75523, stack(0x0000000140054000,0x0000000140154000)]
  0x00007fb48c8a0000 JavaThread "Download-Thread-0" [_thread_blocked, id=75011, stack(0x000000013ff51000,0x0000000140051000)]
  0x00007fb48b51c800 JavaThread "Image Fetcher 0" daemon [_thread_blocked, id=68103, stack(0x00000001350c8000,0x00000001351c8000)]
  0x00007fb48b805800 JavaThread "Thread-6" daemon [_thread_in_native, id=65655, stack(0x0000000131fa9000,0x0000000132029000)]
  0x00007fb48b2e3800 JavaThread "Thread-5" daemon [_thread_blocked, id=61207, stack(0x000000012f79c000,0x000000012f89c000)]
  0x00007fb48d1f0800 JavaThread "QuantumRenderer-0" daemon [_thread_blocked, id=62223, stack(0x000000012ef3a000,0x000000012f03a000)]
  0x00007fb48b2ce000 JavaThread "Timer-0" daemon [_thread_blocked, id=63499, stack(0x000000012f17f000,0x000000012f27f000)]
  0x00007fb48e1c7800 JavaThread "TimerQueue" daemon [_thread_blocked, id=65103, stack(0x0000000134115000,0x0000000134215000)]
  0x00007fb48d925000 JavaThread "AWT-EventQueue-0" [_thread_blocked, id=58115, stack(0x000000012d898000,0x000000012d998000)]
  0x00007fb48d0ee800 JavaThread "Java2D Disposer" daemon [_thread_blocked, id=56331, stack(0x000000012d71f000,0x000000012d81f000)]
  0x00007fb48e0f4800 JavaThread "Java2D Queue Flusher" daemon [_thread_blocked, id=54535, stack(0x000000012c909000,0x000000012ca09000)]
  0x00007fb48e01d800 JavaThread "AWT-Shutdown" [_thread_blocked, id=32275, stack(0x0000000129990000,0x0000000129a90000)]
  0x00007fb48b1c1000 JavaThread "AWT-AppKit" daemon [_thread_in_native, id=1811, stack(0x00007fff52bda000,0x00007fff533da000)]
  0x00007fb48b044800 JavaThread "Service Thread" daemon [_thread_blocked, id=22275, stack(0x0000000127c95000,0x0000000127d95000)]
  0x00007fb48d035000 JavaThread "C1 CompilerThread3" daemon [_thread_blocked, id=21763, stack(0x0000000127b92000,0x0000000127c92000)]
  0x00007fb48d034800 JavaThread "C2 CompilerThread2" daemon [_thread_blocked, id=21251, stack(0x0000000127a8f000,0x0000000127b8f000)]
  0x00007fb48d033800 JavaThread "C2 CompilerThread1" daemon [_thread_blocked, id=20739, stack(0x000000012798c000,0x0000000127a8c000)]
  0x00007fb48d029800 JavaThread "C2 CompilerThread0" daemon [_thread_blocked, id=20227, stack(0x0000000127889000,0x0000000127989000)]
  0x00007fb48c830800 JavaThread "JDWP Command Reader" daemon [_thread_in_native, id=19715, stack(0x0000000127786000,0x0000000127886000)]
  0x00007fb48b037000 JavaThread "JDWP Event Helper Thread" daemon [_thread_blocked, id=19203, stack(0x0000000127683000,0x0000000127783000)]
  0x00007fb48b036800 JavaThread "JDWP Transport Listener: dt_socket" daemon [_thread_blocked, id=18691, stack(0x0000000127580000,0x0000000127680000)]
  0x00007fb48b01f800 JavaThread "Signal Dispatcher" daemon [_thread_blocked, id=14611, stack(0x0000000127476000,0x0000000127576000)]
  0x00007fb48e004000 JavaThread "Finalizer" daemon [_thread_blocked, id=13571, stack(0x0000000125a6d000,0x0000000125b6d000)]
  0x00007fb48c82f800 JavaThread "Reference Handler" daemon [_thread_blocked, id=13059, stack(0x000000012596a000,0x0000000125a6a000)]

Other Threads:
  0x00007fb48c82d000 VMThread [stack: 0x0000000125867000,0x0000000125967000] [id=12547]
  0x00007fb48b043000 WatcherThread [stack: 0x0000000127d98000,0x0000000127e98000] [id=22787]

VM state:not at safepoint (normal execution)

VM Mutex/Monitor currently owned by a thread: None

Heap:
 PSYoungGen      total 107520K, used 66252K [0x0000000795580000, 0x000000079d400000, 0x00000007c0000000)
  eden space 90624K, 60% used [0x0000000795580000,0x0000000798b1c320,0x000000079ae00000)
  from space 16896K, 67% used [0x000000079be00000,0x000000079c916eb0,0x000000079ce80000)
  to   space 16384K, 0% used [0x000000079ae00000,0x000000079ae00000,0x000000079be00000)
 ParOldGen       total 74752K, used 17580K [0x0000000740000000, 0x0000000744900000, 0x0000000795580000)
  object space 74752K, 23% used [0x0000000740000000,0x000000074112b298,0x0000000744900000)
 Metaspace       used 33959K, capacity 34401K, committed 34944K, reserved 1079296K
  class space    used 4003K, capacity 4145K, committed 4224K, reserved 1048576K

Card table byte_map: [0x000000011de2c000,0x000000011e22d000] byte_map_base: 0x000000011a42c000

Marking Bits: (ParMarkBitMap*) 0x000000010e2c27a0
 Begin Bits: [0x000000011ecf0000, 0x0000000120cf0000)
 End Bits:   [0x0000000120cf0000, 0x0000000122cf0000)

Polling page: 0x000000010c97f000

CodeCache: size=245760Kb used=13343Kb max_used=13356Kb free=232416Kb
 bounds [0x000000010ea6c000, 0x000000010f79c000, 0x000000011da6c000]
 total_blobs=5016 nmethods=3988 adapters=947
 compilation: enabled

Compilation events (10 events):
Event: 14.655 Thread 0x00007fb48d035000 4458  s    3       java.awt.DefaultKeyboardFocusManager::discardKeyEvents (160 bytes)
Event: 14.656 Thread 0x00007fb48d035000 nmethod 4458 0x000000010f783f90 code [0x000000010f784200, 0x000000010f785358]
Event: 14.656 Thread 0x00007fb48d035000 4457       3       sun.awt.NullComponentPeer::setVisible (1 bytes)
Event: 14.656 Thread 0x00007fb48d035000 nmethod 4457 0x000000010f787150 code [0x000000010f7872a0, 0x000000010f7873f0]
Event: 14.657 Thread 0x00007fb48d034800 nmethod 4447 0x000000010f789310 code [0x000000010f7894c0, 0x000000010f789c58]
Event: 14.657 Thread 0x00007fb48d035000 4459       3       java.util.concurrent.ConcurrentSkipListMap::ceilingKey (24 bytes)
Event: 14.658 Thread 0x00007fb48d035000 nmethod 4459 0x000000010f788e10 code [0x000000010f788f80, 0x000000010f789228]
Event: 14.658 Thread 0x00007fb48d035000 4460       3       java.util.concurrent.ConcurrentSkipListMap::floorKey (24 bytes)
Event: 14.658 Thread 0x00007fb48d029800 nmethod 4446 0x000000010f787990 code [0x000000010f787b20, 0x000000010f7884d8]
Event: 14.658 Thread 0x00007fb48d035000 nmethod 4460 0x000000010f787450 code [0x000000010f7875c0, 0x000000010f787868]

GC Heap History (10 events):
Event: 6.601 GC heap before
{Heap before GC invocations=3 (full 1):
 PSYoungGen      total 76288K, used 65536K [0x0000000795580000, 0x000000079aa80000, 0x00000007c0000000)
  eden space 65536K, 100% used [0x0000000795580000,0x0000000799580000,0x0000000799580000)
  from space 10752K, 0% used [0x0000000799580000,0x0000000799580000,0x000000079a000000)
  to   space 10752K, 0% used [0x000000079a000000,0x000000079a000000,0x000000079aa80000)
 ParOldGen       total 74752K, used 9105K [0x0000000740000000, 0x0000000744900000, 0x0000000795580000)
  object space 74752K, 12% used [0x0000000740000000,0x00000007408e4660,0x0000000744900000)
 Metaspace       used 32965K, capacity 33389K, committed 33920K, reserved 1079296K
  class space    used 3982K, capacity 4111K, committed 4224K, reserved 1048576K
Event: 6.609 GC heap after
Heap after GC invocations=3 (full 1):
 PSYoungGen      total 76288K, used 10747K [0x0000000795580000, 0x000000079aa80000, 0x00000007c0000000)
  eden space 65536K, 0% used [0x0000000795580000,0x0000000795580000,0x0000000799580000)
  from space 10752K, 99% used [0x000000079a000000,0x000000079aa7ede0,0x000000079aa80000)
  to   space 10752K, 0% used [0x0000000799580000,0x0000000799580000,0x000000079a000000)
 ParOldGen       total 74752K, used 15485K [0x0000000740000000, 0x0000000744900000, 0x0000000795580000)
  object space 74752K, 20% used [0x0000000740000000,0x0000000740f1f538,0x0000000744900000)
 Metaspace       used 32965K, capacity 33389K, committed 33920K, reserved 1079296K
  class space    used 3982K, capacity 4111K, committed 4224K, reserved 1048576K
}
Event: 7.930 GC heap before
{Heap before GC invocations=4 (full 1):
 PSYoungGen      total 76288K, used 76283K [0x0000000795580000, 0x000000079aa80000, 0x00000007c0000000)
  eden space 65536K, 100% used [0x0000000795580000,0x0000000799580000,0x0000000799580000)
  from space 10752K, 99% used [0x000000079a000000,0x000000079aa7ede0,0x000000079aa80000)
  to   space 10752K, 0% used [0x0000000799580000,0x0000000799580000,0x000000079a000000)
 ParOldGen       total 74752K, used 15485K [0x0000000740000000, 0x0000000744900000, 0x0000000795580000)
  object space 74752K, 20% used [0x0000000740000000,0x0000000740f1f538,0x0000000744900000)
 Metaspace       used 33380K, capacity 33817K, committed 34176K, reserved 1079296K
  class space    used 4000K, capacity 4145K, committed 4224K, reserved 1048576K
Event: 7.934 GC heap after
Heap after GC invocations=4 (full 1):
 PSYoungGen      total 76288K, used 10731K [0x0000000795580000, 0x000000079aa80000, 0x00000007c0000000)
  eden space 65536K, 0% used [0x0000000795580000,0x0000000795580000,0x0000000799580000)
  from space 10752K, 99% used [0x0000000799580000,0x0000000799ffaea0,0x000000079a000000)
  to   space 10752K, 0% used [0x000000079a000000,0x000000079a000000,0x000000079aa80000)
 ParOldGen       total 74752K, used 17124K [0x0000000740000000, 0x0000000744900000, 0x0000000795580000)
  object space 74752K, 22% used [0x0000000740000000,0x00000007410b9088,0x0000000744900000)
 Metaspace       used 33380K, capacity 33817K, committed 34176K, reserved 1079296K
  class space    used 4000K, capacity 4145K, committed 4224K, reserved 1048576K
}
Event: 8.460 GC heap before
{Heap before GC invocations=5 (full 1):
 PSYoungGen      total 76288K, used 76139K [0x0000000795580000, 0x000000079aa80000, 0x00000007c0000000)
  eden space 65536K, 99% used [0x0000000795580000,0x0000000799560138,0x0000000799580000)
  from space 10752K, 99% used [0x0000000799580000,0x0000000799ffaea0,0x000000079a000000)
  to   space 10752K, 0% used [0x000000079a000000,0x000000079a000000,0x000000079aa80000)
 ParOldGen       total 74752K, used 17124K [0x0000000740000000, 0x0000000744900000, 0x0000000795580000)
  object space 74752K, 22% used [0x0000000740000000,0x00000007410b9088,0x0000000744900000)
 Metaspace       used 33539K, capacity 33945K, committed 34432K, reserved 1079296K
  class space    used 4000K, capacity 4145K, committed 4224K, reserved 1048576K
Event: 8.463 GC heap after
Heap after GC invocations=5 (full 1):
 PSYoungGen      total 76288K, used 10723K [0x0000000795580000, 0x000000079aa80000, 0x00000007c0000000)
  eden space 65536K, 0% used [0x0000000795580000,0x0000000795580000,0x0000000799580000)
  from space 10752K, 99% used [0x000000079a000000,0x000000079aa78ca0,0x000000079aa80000)
  to   space 10752K, 0% used [0x0000000799580000,0x0000000799580000,0x000000079a000000)
 ParOldGen       total 74752K, used 17500K [0x0000000740000000, 0x0000000744900000, 0x0000000795580000)
  object space 74752K, 23% used [0x0000000740000000,0x0000000741117298,0x0000000744900000)
 Metaspace       used 33539K, capacity 33945K, committed 34432K, reserved 1079296K
  class space    used 4000K, capacity 4145K, committed 4224K, reserved 1048576K
}
Event: 9.006 GC heap before
{Heap before GC invocations=6 (full 1):
 PSYoungGen      total 76288K, used 75252K [0x0000000795580000, 0x000000079aa80000, 0x00000007c0000000)
  eden space 65536K, 98% used [0x0000000795580000,0x0000000799484420,0x0000000799580000)
  from space 10752K, 99% used [0x000000079a000000,0x000000079aa78ca0,0x000000079aa80000)
  to   space 10752K, 0% used [0x0000000799580000,0x0000000799580000,0x000000079a000000)
 ParOldGen       total 74752K, used 17500K [0x0000000740000000, 0x0000000744900000, 0x0000000795580000)
  object space 74752K, 23% used [0x0000000740000000,0x0000000741117298,0x0000000744900000)
 Metaspace       used 33663K, capacity 34137K, committed 34688K, reserved 1079296K
  class space    used 4002K, capacity 4145K, committed 4224K, reserved 1048576K
Event: 9.010 GC heap after
Heap after GC invocations=6 (full 1):
 PSYoungGen      total 76288K, used 10739K [0x0000000795580000, 0x000000079ce80000, 0x00000007c0000000)
  eden space 65536K, 0% used [0x0000000795580000,0x0000000795580000,0x0000000799580000)
  from space 10752K, 99% used [0x0000000799580000,0x0000000799ffcc90,0x000000079a000000)
  to   space 16896K, 0% used [0x000000079be00000,0x000000079be00000,0x000000079ce80000)
 ParOldGen       total 74752K, used 17572K [0x0000000740000000, 0x0000000744900000, 0x0000000795580000)
  object space 74752K, 23% used [0x0000000740000000,0x0000000741129298,0x0000000744900000)
 Metaspace       used 33663K, capacity 34137K, committed 34688K, reserved 1079296K
  class space    used 4002K, capacity 4145K, committed 4224K, reserved 1048576K
}
Event: 9.537 GC heap before
{Heap before GC invocations=7 (full 1):
 PSYoungGen      total 76288K, used 76275K [0x0000000795580000, 0x000000079ce80000, 0x00000007c0000000)
  eden space 65536K, 100% used [0x0000000795580000,0x0000000799580000,0x0000000799580000)
  from space 10752K, 99% used [0x0000000799580000,0x0000000799ffcc90,0x000000079a000000)
  to   space 16896K, 0% used [0x000000079be00000,0x000000079be00000,0x000000079ce80000)
 ParOldGen       total 74752K, used 17572K [0x0000000740000000, 0x0000000744900000, 0x0000000795580000)
  object space 74752K, 23% used [0x0000000740000000,0x0000000741129298,0x0000000744900000)
 Metaspace       used 33804K, capacity 34265K, committed 34688K, reserved 1079296K
  class space    used 4002K, capacity 4145K, committed 4224K, reserved 1048576K
Event: 9.544 GC heap after
Heap after GC invocations=7 (full 1):
 PSYoungGen      total 107520K, used 11355K [0x0000000795580000, 0x000000079d400000, 0x00000007c0000000)
  eden space 90624K, 0% used [0x0000000795580000,0x0000000795580000,0x000000079ae00000)
  from space 16896K, 67% used [0x000000079be00000,0x000000079c916eb0,0x000000079ce80000)
  to   space 16384K, 0% used [0x000000079ae00000,0x000000079ae00000,0x000000079be00000)
 ParOldGen       total 74752K, used 17580K [0x0000000740000000, 0x0000000744900000, 0x0000000795580000)
  object space 74752K, 23% used [0x0000000740000000,0x000000074112b298,0x0000000744900000)
 Metaspace       used 33804K, capacity 34265K, committed 34688K, reserved 1079296K
  class space    used 4002K, capacity 4145K, committed 4224K, reserved 1048576K
}

Deoptimization events (10 events):
Event: 3.964 Thread 0x00007fb48d801800 Uncommon trap: reason=class_check action=maybe_recompile pc=0x000000010f1d8acc method=java.awt.image.ComponentSampleModel.getPixel(II[ILjava/awt/image/DataBuffer;)[I @ 102
Event: 4.149 Thread 0x00007fb48d465000 Uncommon trap: reason=unstable_if action=reinterpret pc=0x000000010ee20ba8 method=java.util.ArrayList.rangeCheck(I)V @ 5
Event: 4.550 Thread 0x00007fb48b1c1000 Uncommon trap: reason=unstable_if action=reinterpret pc=0x000000010f2d061c method=java.util.ArrayList.indexOf(Ljava/lang/Object;)I @ 1
Event: 6.820 Thread 0x00007fb48d925000 Uncommon trap: reason=unstable_if action=reinterpret pc=0x000000010f1fe560 method=java.awt.image.ComponentColorModel.extractComponent(Ljava/lang/Object;II)I @ 497
Event: 10.255 Thread 0x00007fb48b1c1000 Uncommon trap: reason=predicate action=maybe_recompile pc=0x000000010f5c636c method=java.util.AbstractCollection.addAll(Ljava/util/Collection;)Z @ 18
Event: 13.952 Thread 0x00007fb48b1c1000 Uncommon trap: reason=unstable_if action=reinterpret pc=0x000000010f456304 method=java.time.LocalDate.compareTo0(Ljava/time/LocalDate;)I @ 11
Event: 14.003 Thread 0x00007fb48d925000 Uncommon trap: reason=unstable_if action=reinterpret pc=0x000000010f609580 method=java.time.LocalTime.compareTo(Ljava/time/LocalTime;)I @ 45
Event: 14.003 Thread 0x00007fb48d925000 Uncommon trap: reason=unstable_if action=reinterpret pc=0x000000010f3438cc method=java.time.LocalTime.compareTo(Ljava/time/LocalTime;)I @ 45
Event: 14.003 Thread 0x00007fb48d925000 Uncommon trap: reason=unstable_if action=reinterpret pc=0x000000010f4d7d28 method=org.helioviewer.jhv.layers.CacheableImageData.contains(ILjava/time/LocalDateTime;)Z @ 5
Event: 14.013 Thread 0x00007fb48d925000 Uncommon trap: reason=unstable_if action=reinterpret pc=0x000000010f6c7f84 method=java.awt.Component.inside(II)Z @ 13

Internal exceptions (10 events):
Event: 3.902 Thread 0x00007fb48d801800 Exception <a 'java/io/FileNotFoundException'> (0x00000007977203d8) thrown at [/Users/java_re/workspace/8-2-build-macosx-x86_64/jdk8u45/3457/hotspot/src/share/vm/prims/jni.cpp, line 709]
Event: 3.903 Thread 0x00007fb48d801800 Exception <a 'java/io/FileNotFoundException'> (0x0000000797723688) thrown at [/Users/java_re/workspace/8-2-build-macosx-x86_64/jdk8u45/3457/hotspot/src/share/vm/prims/jni.cpp, line 709]
Event: 3.903 Thread 0x00007fb48d801800 Exception <a 'java/io/FileNotFoundException'> (0x0000000797726938) thrown at [/Users/java_re/workspace/8-2-build-macosx-x86_64/jdk8u45/3457/hotspot/src/share/vm/prims/jni.cpp, line 709]
Event: 3.904 Thread 0x00007fb48d801800 Exception <a 'java/io/FileNotFoundException'> (0x0000000797729be8) thrown at [/Users/java_re/workspace/8-2-build-macosx-x86_64/jdk8u45/3457/hotspot/src/share/vm/prims/jni.cpp, line 709]
Event: 3.904 Thread 0x00007fb48d801800 Exception <a 'java/io/FileNotFoundException'> (0x000000079772ce98) thrown at [/Users/java_re/workspace/8-2-build-macosx-x86_64/jdk8u45/3457/hotspot/src/share/vm/prims/jni.cpp, line 709]
Event: 3.904 Thread 0x00007fb48d801800 Exception <a 'java/io/FileNotFoundException'> (0x0000000797730148) thrown at [/Users/java_re/workspace/8-2-build-macosx-x86_64/jdk8u45/3457/hotspot/src/share/vm/prims/jni.cpp, line 709]
Event: 3.969 Thread 0x00007fb48d801800 Exception <a 'java/io/FileNotFoundException'> (0x0000000797c72340) thrown at [/Users/java_re/workspace/8-2-build-macosx-x86_64/jdk8u45/3457/hotspot/src/share/vm/prims/jni.cpp, line 709]
Event: 3.982 Thread 0x00007fb48d801800 Exception <a 'java/io/FileNotFoundException'> (0x0000000797cb6a90) thrown at [/Users/java_re/workspace/8-2-build-macosx-x86_64/jdk8u45/3457/hotspot/src/share/vm/prims/jni.cpp, line 709]
Event: 4.301 Thread 0x00007fb48d925000 Exception <a 'java/io/FileNotFoundException'> (0x0000000798195fa8) thrown at [/Users/java_re/workspace/8-2-build-macosx-x86_64/jdk8u45/3457/hotspot/src/share/vm/prims/jni.cpp, line 709]
Event: 4.534 Thread 0x00007fb48d925000 Exception <a 'java/lang/NullPointerException'> (0x000000079836e648) thrown at [/Users/java_re/workspace/8-2-build-macosx-x86_64/jdk8u45/3457/hotspot/src/share/vm/interpreter/linkResolver.cpp, line 1178]

Events (10 events):
Event: 14.658 Thread 0x00007fb48e3c4000 DEOPT PACKING pc=0x000000010f3736fc sp=0x000000013d2233c0
Event: 14.658 Thread 0x00007fb48e3c4000 DEOPT UNPACKING pc=0x000000010eab3633 sp=0x000000013d2230f0 mode 1
Event: 14.659 Thread 0x00007fb48b874000 DEOPT PACKING pc=0x000000010f383b96 sp=0x000000013d120100
Event: 14.659 Thread 0x00007fb48b874000 DEOPT UNPACKING pc=0x000000010eab3633 sp=0x000000013d11fe38 mode 1
Event: 14.659 Thread 0x00007fb48b874000 DEOPT PACKING pc=0x000000010f3736fc sp=0x000000013d120160
Event: 14.659 Thread 0x00007fb48b874000 DEOPT UNPACKING pc=0x000000010eab3633 sp=0x000000013d11fe90 mode 1
Event: 14.659 Thread 0x00007fb48e3c4000 DEOPT PACKING pc=0x000000010f383b96 sp=0x000000013d223100
Event: 14.659 Thread 0x00007fb48e3c4000 DEOPT UNPACKING pc=0x000000010eab3633 sp=0x000000013d222e38 mode 1
Event: 14.659 Thread 0x00007fb48e3c4000 DEOPT PACKING pc=0x000000010f3736fc sp=0x000000013d223160
Event: 14.659 Thread 0x00007fb48e3c4000 DEOPT UNPACKING pc=0x000000010eab3633 sp=0x000000013d222e90 mode 1


Dynamic libraries:
0x000000000a610000 	/System/Library/Frameworks/Cocoa.framework/Versions/A/Cocoa
0x000000000a610000 	/System/Library/Frameworks/Security.framework/Versions/A/Security
0x000000000a610000 	/System/Library/Frameworks/ApplicationServices.framework/Versions/A/ApplicationServices
0x000000000a610000 	/usr/lib/libz.1.dylib
0x000000000a610000 	/usr/lib/libSystem.B.dylib
0x000000000a610000 	/usr/lib/libobjc.A.dylib
0x000000000a610000 	/System/Library/Frameworks/CoreFoundation.framework/Versions/A/CoreFoundation
0x000000000a610000 	/System/Library/Frameworks/Foundation.framework/Versions/C/Foundation
0x000000000a610000 	/System/Library/Frameworks/AppKit.framework/Versions/C/AppKit
0x000000000a610000 	/System/Library/Frameworks/CoreData.framework/Versions/A/CoreData
0x000000000a610000 	/System/Library/PrivateFrameworks/RemoteViewServices.framework/Versions/A/RemoteViewServices
0x000000000a610000 	/System/Library/PrivateFrameworks/UIFoundation.framework/Versions/A/UIFoundation
0x000000000a610000 	/System/Library/Frameworks/IOSurface.framework/Versions/A/IOSurface
0x000000000a610000 	/System/Library/Frameworks/AudioToolbox.framework/Versions/A/AudioToolbox
0x000000000a610000 	/System/Library/Frameworks/AudioUnit.framework/Versions/A/AudioUnit
0x000000000a610000 	/System/Library/PrivateFrameworks/DataDetectorsCore.framework/Versions/A/DataDetectorsCore
0x000000000a610000 	/System/Library/PrivateFrameworks/DesktopServicesPriv.framework/Versions/A/DesktopServicesPriv
0x000000000a610000 	/System/Library/Frameworks/Carbon.framework/Versions/A/Frameworks/HIToolbox.framework/Versions/A/HIToolbox
0x000000000a610000 	/System/Library/Frameworks/QuartzCore.framework/Versions/A/QuartzCore
0x000000000a610000 	/System/Library/Frameworks/Carbon.framework/Versions/A/Frameworks/SpeechRecognition.framework/Versions/A/SpeechRecognition
0x000000000a610000 	/usr/lib/libauto.dylib
0x000000000a610000 	/usr/lib/libicucore.A.dylib
0x000000000a610000 	/usr/lib/libxml2.2.dylib
0x000000000a610000 	/System/Library/PrivateFrameworks/CoreUI.framework/Versions/A/CoreUI
0x000000000a610000 	/System/Library/Frameworks/CoreAudio.framework/Versions/A/CoreAudio
0x000000000a610000 	/System/Library/Frameworks/DiskArbitration.framework/Versions/A/DiskArbitration
0x000000000a610000 	/usr/lib/liblangid.dylib
0x000000000a610000 	/System/Library/PrivateFrameworks/MultitouchSupport.framework/Versions/A/MultitouchSupport
0x000000000a610000 	/System/Library/Frameworks/IOKit.framework/Versions/A/IOKit
0x000000000a610000 	/usr/lib/libDiagnosticMessagesClient.dylib
0x000000000a610000 	/System/Library/Frameworks/CoreServices.framework/Versions/A/CoreServices
0x000000000a610000 	/System/Library/PrivateFrameworks/PerformanceAnalysis.framework/Versions/A/PerformanceAnalysis
0x000000000a610000 	/System/Library/PrivateFrameworks/GenerationalStorage.framework/Versions/A/GenerationalStorage
0x000000000a610000 	/System/Library/Frameworks/OpenGL.framework/Versions/A/OpenGL
0x000000000a610000 	/System/Library/PrivateFrameworks/Sharing.framework/Versions/A/Sharing
0x000000000a610000 	/System/Library/Frameworks/CoreGraphics.framework/Versions/A/CoreGraphics
0x000000000a610000 	/System/Library/Frameworks/CoreText.framework/Versions/A/CoreText
0x000000000a610000 	/System/Library/Frameworks/ImageIO.framework/Versions/A/ImageIO
0x000000000a610000 	/usr/lib/libextension.dylib
0x000000000a610000 	/System/Library/PrivateFrameworks/Backup.framework/Versions/A/Backup
0x000000000a610000 	/usr/lib/libarchive.2.dylib
0x000000000a610000 	/System/Library/Frameworks/CFNetwork.framework/Versions/A/CFNetwork
0x000000000a610000 	/System/Library/Frameworks/SystemConfiguration.framework/Versions/A/SystemConfiguration
0x000000000a610000 	/usr/lib/libCRFSuite.dylib
0x000000000a610000 	/usr/lib/libc++.1.dylib
0x000000000a610000 	/usr/lib/libc++abi.dylib
0x000000000a610000 	/usr/lib/system/libcache.dylib
0x000000000a610000 	/usr/lib/system/libcommonCrypto.dylib
0x000000000a610000 	/usr/lib/system/libcompiler_rt.dylib
0x000000000a610000 	/usr/lib/system/libcopyfile.dylib
0x000000000a610000 	/usr/lib/system/libcorecrypto.dylib
0x000000000a610000 	/usr/lib/system/libdispatch.dylib
0x000000000a610000 	/usr/lib/system/libdyld.dylib
0x000000000a610000 	/usr/lib/system/libkeymgr.dylib
0x000000000a610000 	/usr/lib/system/liblaunch.dylib
0x000000000a610000 	/usr/lib/system/libmacho.dylib
0x000000000a610000 	/usr/lib/system/libquarantine.dylib
0x000000000a610000 	/usr/lib/system/libremovefile.dylib
0x000000000a610000 	/usr/lib/system/libsystem_asl.dylib
0x000000000a610000 	/usr/lib/system/libsystem_blocks.dylib
0x000000000a610000 	/usr/lib/system/libsystem_c.dylib
0x000000000a610000 	/usr/lib/system/libsystem_configuration.dylib
0x000000000a610000 	/usr/lib/system/libsystem_coreservices.dylib
0x000000000a610000 	/usr/lib/system/libsystem_coretls.dylib
0x000000000a610000 	/usr/lib/system/libsystem_dnssd.dylib
0x000000000a610000 	/usr/lib/system/libsystem_info.dylib
0x000000000a610000 	/usr/lib/system/libsystem_kernel.dylib
0x000000000a610000 	/usr/lib/system/libsystem_m.dylib
0x000000000a610000 	/usr/lib/system/libsystem_malloc.dylib
0x000000000a610000 	/usr/lib/system/libsystem_network.dylib
0x000000000a610000 	/usr/lib/system/libsystem_networkextension.dylib
0x000000000a610000 	/usr/lib/system/libsystem_notify.dylib
0x000000000a610000 	/usr/lib/system/libsystem_platform.dylib
0x000000000a610000 	/usr/lib/system/libsystem_pthread.dylib
0x000000000a610000 	/usr/lib/system/libsystem_sandbox.dylib
0x000000000a610000 	/usr/lib/system/libsystem_secinit.dylib
0x000000000a610000 	/usr/lib/system/libsystem_stats.dylib
0x000000000a610000 	/usr/lib/system/libsystem_trace.dylib
0x000000000a610000 	/usr/lib/system/libunc.dylib
0x000000000a610000 	/usr/lib/system/libunwind.dylib
0x000000000a610000 	/usr/lib/system/libxpc.dylib
0x000000000a610000 	/usr/lib/libbz2.1.0.dylib
0x000000000a610000 	/usr/lib/liblzma.5.dylib
0x000000000a610000 	/usr/lib/libbsm.0.dylib
0x000000000a610000 	/usr/lib/libsqlite3.dylib
0x000000000a610000 	/usr/lib/system/libkxld.dylib
0x000000000a610000 	/usr/lib/libxar.1.dylib
0x000000000a610000 	/usr/lib/libpam.2.dylib
0x000000000a610000 	/usr/lib/libOpenScriptingUtil.dylib
0x000000000a610000 	/System/Library/Frameworks/CoreServices.framework/Versions/A/Frameworks/FSEvents.framework/Versions/A/FSEvents
0x000000000a610000 	/System/Library/Frameworks/CoreServices.framework/Versions/A/Frameworks/CarbonCore.framework/Versions/A/CarbonCore
0x000000000a610000 	/System/Library/Frameworks/CoreServices.framework/Versions/A/Frameworks/Metadata.framework/Versions/A/Metadata
0x000000000a610000 	/System/Library/Frameworks/CoreServices.framework/Versions/A/Frameworks/OSServices.framework/Versions/A/OSServices
0x000000000a610000 	/System/Library/Frameworks/CoreServices.framework/Versions/A/Frameworks/SearchKit.framework/Versions/A/SearchKit
0x000000000a610000 	/System/Library/Frameworks/CoreServices.framework/Versions/A/Frameworks/AE.framework/Versions/A/AE
0x000000000a610000 	/System/Library/Frameworks/CoreServices.framework/Versions/A/Frameworks/LaunchServices.framework/Versions/A/LaunchServices
0x000000000a610000 	/System/Library/Frameworks/CoreServices.framework/Versions/A/Frameworks/DictionaryServices.framework/Versions/A/DictionaryServices
0x000000000a610000 	/System/Library/Frameworks/NetFS.framework/Versions/A/NetFS
0x000000000a610000 	/System/Library/PrivateFrameworks/NetAuth.framework/Versions/A/NetAuth
0x000000000a610000 	/System/Library/PrivateFrameworks/login.framework/Versions/A/Frameworks/loginsupport.framework/Versions/A/loginsupport
0x000000000a610000 	/System/Library/PrivateFrameworks/TCC.framework/Versions/A/TCC
0x000000000a610000 	/usr/lib/libmecabra.dylib
0x000000000a610000 	/System/Library/Frameworks/ApplicationServices.framework/Versions/A/Frameworks/ATS.framework/Versions/A/ATS
0x000000000a610000 	/System/Library/Frameworks/ApplicationServices.framework/Versions/A/Frameworks/ColorSync.framework/Versions/A/ColorSync
0x000000000a610000 	/System/Library/Frameworks/ApplicationServices.framework/Versions/A/Frameworks/HIServices.framework/Versions/A/HIServices
0x000000000a610000 	/System/Library/Frameworks/ApplicationServices.framework/Versions/A/Frameworks/LangAnalysis.framework/Versions/A/LangAnalysis
0x000000000a610000 	/System/Library/Frameworks/ApplicationServices.framework/Versions/A/Frameworks/PrintCore.framework/Versions/A/PrintCore
0x000000000a610000 	/System/Library/Frameworks/ApplicationServices.framework/Versions/A/Frameworks/QD.framework/Versions/A/QD
0x000000000a610000 	/System/Library/Frameworks/ApplicationServices.framework/Versions/A/Frameworks/SpeechSynthesis.framework/Versions/A/SpeechSynthesis
0x000000000a610000 	/System/Library/Frameworks/Accelerate.framework/Versions/A/Accelerate
0x000000000a610000 	/System/Library/Frameworks/Accelerate.framework/Versions/A/Frameworks/vImage.framework/Versions/A/vImage
0x000000000a610000 	/System/Library/Frameworks/Accelerate.framework/Versions/A/Frameworks/vecLib.framework/Versions/A/vecLib
0x000000000a610000 	/System/Library/Frameworks/Accelerate.framework/Versions/A/Frameworks/vecLib.framework/Versions/A/libvDSP.dylib
0x000000000a610000 	/System/Library/Frameworks/Accelerate.framework/Versions/A/Frameworks/vecLib.framework/Versions/A/libvMisc.dylib
0x000000000a610000 	/System/Library/Frameworks/Accelerate.framework/Versions/A/Frameworks/vecLib.framework/Versions/A/libLAPACK.dylib
0x000000000a610000 	/System/Library/Frameworks/Accelerate.framework/Versions/A/Frameworks/vecLib.framework/Versions/A/libBLAS.dylib
0x000000000a610000 	/System/Library/Frameworks/Accelerate.framework/Versions/A/Frameworks/vecLib.framework/Versions/A/libLinearAlgebra.dylib
0x000000000a610000 	/System/Library/Frameworks/ApplicationServices.framework/Versions/A/Frameworks/ATS.framework/Versions/A/Resources/libFontParser.dylib
0x000000000a610000 	/System/Library/Frameworks/ApplicationServices.framework/Versions/A/Frameworks/ATS.framework/Versions/A/Resources/libFontRegistry.dylib
0x000000000a610000 	/System/Library/PrivateFrameworks/AppleVPA.framework/Versions/A/AppleVPA
0x000000000a610000 	/System/Library/PrivateFrameworks/AppleJPEG.framework/Versions/A/AppleJPEG
0x000000000a610000 	/System/Library/Frameworks/ImageIO.framework/Versions/A/Resources/libJPEG.dylib
0x000000000a610000 	/System/Library/Frameworks/ImageIO.framework/Versions/A/Resources/libTIFF.dylib
0x000000000a610000 	/System/Library/Frameworks/ImageIO.framework/Versions/A/Resources/libPng.dylib
0x000000000a610000 	/System/Library/Frameworks/ImageIO.framework/Versions/A/Resources/libGIF.dylib
0x000000000a610000 	/System/Library/Frameworks/ImageIO.framework/Versions/A/Resources/libJP2.dylib
0x000000000a610000 	/System/Library/Frameworks/ImageIO.framework/Versions/A/Resources/libRadiance.dylib
0x000000000a610000 	/System/Library/Frameworks/CoreVideo.framework/Versions/A/CoreVideo
0x000000000a610000 	/System/Library/Frameworks/OpenGL.framework/Versions/A/Libraries/libGLU.dylib
0x000000000a610000 	/System/Library/Frameworks/OpenGL.framework/Versions/A/Libraries/libGFXShared.dylib
0x000000000a610000 	/System/Library/Frameworks/OpenGL.framework/Versions/A/Libraries/libGL.dylib
0x000000000a610000 	/System/Library/Frameworks/OpenGL.framework/Versions/A/Libraries/libGLImage.dylib
0x000000000a610000 	/System/Library/Frameworks/OpenGL.framework/Versions/A/Libraries/libCVMSPluginSupport.dylib
0x000000000a610000 	/System/Library/Frameworks/OpenGL.framework/Versions/A/Libraries/libCoreVMClient.dylib
0x000000000a610000 	/usr/lib/libcups.2.dylib
0x000000000a610000 	/System/Library/Frameworks/Kerberos.framework/Versions/A/Kerberos
0x000000000a610000 	/System/Library/Frameworks/GSS.framework/Versions/A/GSS
0x000000000a610000 	/usr/lib/libresolv.9.dylib
0x000000000a610000 	/usr/lib/libiconv.2.dylib
0x000000000a610000 	/System/Library/PrivateFrameworks/Heimdal.framework/Versions/A/Heimdal
0x000000000a610000 	/usr/lib/libheimdal-asn1.dylib
0x000000000a610000 	/System/Library/Frameworks/OpenDirectory.framework/Versions/A/OpenDirectory
0x000000000a610000 	/System/Library/PrivateFrameworks/CommonAuth.framework/Versions/A/CommonAuth
0x000000000a610000 	/System/Library/Frameworks/OpenDirectory.framework/Versions/A/Frameworks/CFOpenDirectory.framework/Versions/A/CFOpenDirectory
0x000000000a610000 	/System/Library/Frameworks/SecurityFoundation.framework/Versions/A/SecurityFoundation
0x000000000a610000 	/System/Library/PrivateFrameworks/LanguageModeling.framework/Versions/A/LanguageModeling
0x000000000a610000 	/usr/lib/libcmph.dylib
0x000000000a610000 	/System/Library/Frameworks/ServiceManagement.framework/Versions/A/ServiceManagement
0x000000000a610000 	/usr/lib/libxslt.1.dylib
0x000000000a610000 	/System/Library/Frameworks/Carbon.framework/Versions/A/Frameworks/Ink.framework/Versions/A/Ink
0x000000000a610000 	/System/Library/Frameworks/QuartzCore.framework/Versions/A/Frameworks/CoreImage.framework/Versions/A/CoreImage
0x000000000a610000 	/System/Library/PrivateFrameworks/CrashReporterSupport.framework/Versions/A/CrashReporterSupport
0x000000000a610000 	/System/Library/Frameworks/OpenCL.framework/Versions/A/OpenCL
0x000000000a610000 	/System/Library/PrivateFrameworks/FaceCore.framework/Versions/A/FaceCore
0x000000000a610000 	/System/Library/PrivateFrameworks/Ubiquity.framework/Versions/A/Ubiquity
0x000000000a610000 	/System/Library/PrivateFrameworks/IconServices.framework/Versions/A/IconServices
0x000000000a610000 	/System/Library/PrivateFrameworks/ChunkingLibrary.framework/Versions/A/ChunkingLibrary
0x000000000a610000 	/System/Library/PrivateFrameworks/Apple80211.framework/Versions/A/Apple80211
0x000000000a610000 	/System/Library/Frameworks/CoreWLAN.framework/Versions/A/CoreWLAN
0x000000000a610000 	/System/Library/Frameworks/IOBluetooth.framework/Versions/A/IOBluetooth
0x000000000a610000 	/System/Library/PrivateFrameworks/CoreWiFi.framework/Versions/A/CoreWiFi
0x000000000a610000 	/System/Library/Frameworks/CoreBluetooth.framework/Versions/A/CoreBluetooth
0x000000000a610000 	/System/Library/PrivateFrameworks/DebugSymbols.framework/Versions/A/DebugSymbols
0x000000000a610000 	/System/Library/PrivateFrameworks/CoreSymbolication.framework/Versions/A/CoreSymbolication
0x000000000a610000 	/System/Library/PrivateFrameworks/Symbolication.framework/Versions/A/Symbolication
0x000000000a610000 	/System/Library/PrivateFrameworks/SpeechRecognitionCore.framework/Versions/A/SpeechRecognitionCore
0x000000010da00000 	/Library/Java/JavaVirtualMachines/jdk1.8.0_45.jdk/Contents/Home/jre/lib/server/libjvm.dylib
0x000000000a610000 	/usr/lib/libstdc++.6.dylib
0x000000010c93c000 	/Library/Java/JavaVirtualMachines/jdk1.8.0_45.jdk/Contents/Home/jre/lib/libverify.dylib
0x000000010c94a000 	/Library/Java/JavaVirtualMachines/jdk1.8.0_45.jdk/Contents/Home/jre/lib/libjava.dylib
0x000000010c980000 	/Library/Java/JavaVirtualMachines/jdk1.8.0_45.jdk/Contents/Home/jre/lib/libjdwp.dylib
0x000000010c9cb000 	/Library/Java/JavaVirtualMachines/jdk1.8.0_45.jdk/Contents/Home/jre/lib/libnpt.dylib
0x000000010c9d8000 	/Library/Java/JavaVirtualMachines/jdk1.8.0_45.jdk/Contents/Home/jre/lib/libzip.dylib
0x000000010c9e2000 	/System/Library/Frameworks/JavaVM.framework/Frameworks/JavaRuntimeSupport.framework/JavaRuntimeSupport
0x0000000125b6f000 	/System/Library/Frameworks/JavaVM.framework/Versions/A/Frameworks/JavaNativeFoundation.framework/Versions/A/JavaNativeFoundation
0x0000000125b84000 	/System/Library/Frameworks/JavaVM.framework/Versions/A/JavaVM
0x000000000a610000 	/System/Library/Frameworks/Carbon.framework/Versions/A/Carbon
0x0000000125b91000 	/System/Library/PrivateFrameworks/JavaLaunching.framework/Versions/A/JavaLaunching
0x000000000a610000 	/System/Library/Frameworks/Carbon.framework/Versions/A/Frameworks/CommonPanels.framework/Versions/A/CommonPanels
0x000000000a610000 	/System/Library/Frameworks/Carbon.framework/Versions/A/Frameworks/Help.framework/Versions/A/Help
0x000000000a610000 	/System/Library/Frameworks/Carbon.framework/Versions/A/Frameworks/ImageCapture.framework/Versions/A/ImageCapture
0x000000000a610000 	/System/Library/Frameworks/Carbon.framework/Versions/A/Frameworks/OpenScripting.framework/Versions/A/OpenScripting
0x000000000a610000 	/System/Library/Frameworks/Carbon.framework/Versions/A/Frameworks/Print.framework/Versions/A/Print
0x000000000a610000 	/System/Library/Frameworks/Carbon.framework/Versions/A/Frameworks/SecurityHI.framework/Versions/A/SecurityHI
0x0000000127578000 	/Library/Java/JavaVirtualMachines/jdk1.8.0_45.jdk/Contents/Home/jre/lib/libdt_socket.dylib
0x0000000127ff4000 	/Library/Java/JavaVirtualMachines/jdk1.8.0_45.jdk/Contents/Home/jre/lib/libawt.dylib
0x000000012809c000 	/Library/Java/JavaVirtualMachines/jdk1.8.0_45.jdk/Contents/Home/jre/lib/./libmlib_image.dylib
0x0000000128168000 	/Library/Java/JavaVirtualMachines/jdk1.8.0_45.jdk/Contents/Home/jre/lib/libawt_lwawt.dylib
0x000000012821c000 	/Library/Java/JavaVirtualMachines/jdk1.8.0_45.jdk/Contents/Home/jre/lib/./libosxapp.dylib
0x000000000a610000 	/System/Library/Frameworks/ExceptionHandling.framework/Versions/A/ExceptionHandling
0x000000000a610000 	/System/Library/PrivateFrameworks/CoreServicesInternal.framework/Versions/A/CoreServicesInternal
0x000000000a610000 	/System/Library/PrivateFrameworks/CloudDocs.framework/Versions/A/CloudDocs
0x000000000a610000 	/System/Library/PrivateFrameworks/CoreDuet.framework/Versions/A/CoreDuet
0x000000000a610000 	/System/Library/Frameworks/CloudKit.framework/Versions/A/CloudKit
0x000000000a610000 	/System/Library/PrivateFrameworks/ProtocolBuffer.framework/Versions/A/ProtocolBuffer
0x000000000a610000 	/System/Library/PrivateFrameworks/CoreDuetDaemonProtocol.framework/Versions/A/CoreDuetDaemonProtocol
0x000000000a610000 	/System/Library/PrivateFrameworks/CoreDuetDebugLogging.framework/Versions/A/CoreDuetDebugLogging
0x000000000a610000 	/System/Library/PrivateFrameworks/MMCS.framework/Versions/A/MMCS
0x000000000a610000 	/System/Library/Frameworks/CoreLocation.framework/Versions/A/CoreLocation
0x000000000a610000 	/System/Library/PrivateFrameworks/ProtectedCloudStorage.framework/Versions/A/ProtectedCloudStorage
0x000000000a610000 	/System/Library/PrivateFrameworks/GeoServices.framework/Versions/A/GeoServices
0x000000000a610000 	/System/Library/Frameworks/CoreGraphics.framework/Versions/A/Resources/libCGCMS.A.dylib
0x000000000a610000 	/System/Library/Frameworks/CoreGraphics.framework/Versions/A/Resources/libRIP.A.dylib
0x000000000a610000 	/System/Library/Frameworks/CoreGraphics.framework/Versions/A/Resources/libCGXType.A.dylib
0x000000000a610000 	/System/Library/Frameworks/OpenCL.framework/Versions/A/Libraries/libcldcpuengine.dylib
0x000000000a610000 	/System/Library/PrivateFrameworks/DiskImages.framework/Versions/A/DiskImages
0x000000000a610000 	/System/Library/Frameworks/DiscRecording.framework/Versions/A/DiscRecording
0x000000000a610000 	/usr/lib/libcsfde.dylib
0x000000000a610000 	/usr/lib/libcurl.4.dylib
0x000000000a610000 	/System/Library/PrivateFrameworks/MediaKit.framework/Versions/A/MediaKit
0x000000000a610000 	/usr/lib/libCoreStorage.dylib
0x000000000a610000 	/System/Library/PrivateFrameworks/EFILogin.framework/Versions/A/EFILogin
0x000000000a610000 	/usr/lib/libutil.dylib
0x000000000a610000 	/System/Library/PrivateFrameworks/FindMyDevice.framework/Versions/A/FindMyDevice
0x000000000a610000 	/System/Library/Frameworks/LDAP.framework/Versions/A/LDAP
0x000000000a610000 	/usr/lib/libsasl2.2.dylib
0x000000000a610000 	/System/Library/PrivateFrameworks/CoreDaemon.framework/Versions/B/CoreDaemon
0x000000000a610000 	/usr/lib/libcrypto.0.9.8.dylib
0x000000000a610000 	/System/Library/PrivateFrameworks/AppleSRP.framework/Versions/A/AppleSRP
0x000000000a610000 	/System/Library/PrivateFrameworks/TrustEvaluationAgent.framework/Versions/A/TrustEvaluationAgent
0x000000012b4de000 	cl_kernels
0x000000012b4e0000 	/System/Library/Frameworks/OpenCL.framework/Versions/A/Libraries/ImageFormats/unorm8_bgra.dylib
0x000000012b4d0000 	cl_kernels
0x000000000a610000 	/System/Library/PrivateFrameworks/FamilyControls.framework/Versions/A/FamilyControls
0x000000000a610000 	/System/Library/PrivateFrameworks/CommerceKit.framework/Versions/A/Frameworks/CommerceCore.framework/Versions/A/CommerceCore
0x000000000a610000 	/System/Library/PrivateFrameworks/SystemAdministration.framework/Versions/A/SystemAdministration
0x000000000a610000 	/System/Library/PrivateFrameworks/AppContainer.framework/Versions/A/AppContainer
0x000000000a610000 	/System/Library/PrivateFrameworks/SecCodeWrapper.framework/Versions/A/SecCodeWrapper
0x000000000a610000 	/System/Library/Frameworks/DirectoryService.framework/Versions/A/DirectoryService
0x000000000a610000 	/System/Library/PrivateFrameworks/LoginUIKit.framework/Versions/A/Frameworks/LoginUICore.framework/Versions/A/LoginUICore
0x000000000a610000 	/usr/lib/libodfde.dylib
0x000000000a610000 	/System/Library/Frameworks/OpenGL.framework/Versions/A/Resources/GLEngine.bundle/GLEngine
0x000000000a610000 	/System/Library/Frameworks/OpenGL.framework/Versions/A/Libraries/libGLProgrammability.dylib
0x0000000000000000 	/System/Library/Extensions/AppleIntelHD5000GraphicsGLDriver.bundle/Contents/MacOS/AppleIntelHD5000GraphicsGLDriver
0x000000000a610000 	/System/Library/PrivateFrameworks/IOAccelerator.framework/Versions/A/IOAccelerator
0x000000000a610000 	/System/Library/PrivateFrameworks/GPUSupport.framework/Versions/A/Libraries/libGPUSupportMercury.dylib
0x0000000000000000 	/System/Library/Extensions/GeForceGLDriver.bundle/Contents/MacOS/GeForceGLDriver
0x000000000a610000 	/System/Library/Extensions/GeForceGLDriver.bundle/Contents/MacOS/libclh.dylib
0x000000000a610000 	/System/Library/Frameworks/OpenGL.framework/Versions/A/Resources/GLRendererFloat.bundle/GLRendererFloat
0x000000012d826000 	/Library/Java/JavaVirtualMachines/jdk1.8.0_45.jdk/Contents/Home/jre/lib/libfontmanager.dylib
0x000000012d88d000 	/Library/Java/JavaVirtualMachines/jdk1.8.0_45.jdk/Contents/Home/jre/lib/libosxui.dylib
0x000000012de3d000 	/Library/Java/JavaVirtualMachines/jdk1.8.0_45.jdk/Contents/Home/jre/lib/libnet.dylib
0x000000012de9c000 	/Library/Java/JavaVirtualMachines/jdk1.8.0_45.jdk/Contents/Home/jre/lib/libnio.dylib
0x000000000a610000 	/System/Library/Frameworks/Accelerate.framework/Versions/A/Frameworks/vImage.framework/Versions/A/Libraries/libCGInterfaces.dylib
0x0000000133e9f000 	/Library/Java/JavaVirtualMachines/jdk1.8.0_45.jdk/Contents/Home/jre/lib/libosx.dylib
0x000000012f03c000 	/Library/Java/JavaVirtualMachines/jdk1.8.0_45.jdk/Contents/Home/jre/lib/libprism_es2.dylib
0x000000012f508000 	/Library/Java/JavaVirtualMachines/jdk1.8.0_45.jdk/Contents/Home/jre/lib/libglass.dylib
0x000000012f178000 	/private/var/folders/_3/gr58kqxs4vq4rdz44_t3sk9c0000gn/T/jogamp_0000/file_cache/jln8133396395484437495/jln3612388557709864466/libgluegen-rt.jnilib
0x000000012f70b000 	/private/var/folders/_3/gr58kqxs4vq4rdz44_t3sk9c0000gn/T/jogamp_0000/file_cache/jln8133396395484437495/jln3612388557709864466/libnativewindow_awt.jnilib
0x000000012f70e000 	/Library/Java/JavaVirtualMachines/jdk1.8.0_45.jdk/Contents/Home/jre/lib/libjawt.dylib
0x000000012f735000 	/private/var/folders/_3/gr58kqxs4vq4rdz44_t3sk9c0000gn/T/jogamp_0000/file_cache/jln8133396395484437495/jln3612388557709864466/libnativewindow_macosx.jnilib
0x0000000134225000 	/private/var/folders/_3/gr58kqxs4vq4rdz44_t3sk9c0000gn/T/jogamp_0000/file_cache/jln8133396395484437495/jln3612388557709864466/libjogl_desktop.jnilib
0x0000000134351000 	/private/var/folders/_3/gr58kqxs4vq4rdz44_t3sk9c0000gn/T/jogamp_0000/file_cache/jln8133396395484437495/jln3612388557709864466/libjogl_mobile.jnilib
0x0000000136d9c000 	/Users/stefanmeier/Documents/FHNW/JHelioviewer/JHelioviewer/lib/native/libkdu_jni.jnilib
0x0000000136ed6000 	/Users/stefanmeier/Documents/FHNW/JHelioviewer/JHelioviewer/lib/native/libkdu_v75R.dylib
0x0000000136fd5000 	/Users/stefanmeier/Documents/FHNW/JHelioviewer/JHelioviewer/lib/native/libkdu_a75R.dylib
0x0000000136201000 	/Library/Java/JavaVirtualMachines/jdk1.8.0_45.jdk/Contents/Home/jre/lib/libdcpr.dylib
0x000000014a95b000 	/System/Library/Frameworks/Security.framework/PlugIns/csparser.bundle/Contents/MacOS/csparser
0x000000000a610000 	/System/Library/PrivateFrameworks/FinderKit.framework/Versions/A/FinderKit
0x000000000a610000 	/System/Library/PrivateFrameworks/Suggestions.framework/Versions/A/Suggestions
0x000000000a610000 	/System/Library/Frameworks/Quartz.framework/Versions/A/Frameworks/QuickLookUI.framework/Versions/A/QuickLookUI
0x000000000a610000 	/System/Library/Frameworks/Quartz.framework/Versions/A/Frameworks/ImageKit.framework/Versions/A/ImageKit
0x000000000a610000 	/System/Library/PrivateFrameworks/Bom.framework/Versions/A/Bom
0x000000000a610000 	/System/Library/Frameworks/QuickLook.framework/Versions/A/QuickLook
0x000000000a610000 	/System/Library/PrivateFrameworks/AppleSystemInfo.framework/Versions/A/AppleSystemInfo
0x000000000a610000 	/System/Library/Frameworks/ImageCaptureCore.framework/Versions/A/ImageCaptureCore
0x000000000a610000 	/System/Library/Frameworks/AddressBook.framework/Versions/A/AddressBook
0x000000000a610000 	/System/Library/PrivateFrameworks/IntlPreferences.framework/Versions/A/IntlPreferences
0x000000000a610000 	/System/Library/PrivateFrameworks/ToneLibrary.framework/Versions/A/ToneLibrary
0x000000000a610000 	/System/Library/PrivateFrameworks/ToneKit.framework/Versions/A/ToneKit
0x000000000a610000 	/System/Library/PrivateFrameworks/vCard.framework/Versions/A/vCard
0x000000000a610000 	/System/Library/PrivateFrameworks/ApplePushService.framework/Versions/A/ApplePushService
0x000000000a610000 	/System/Library/PrivateFrameworks/ContactsData.framework/Versions/A/ContactsData
0x000000000a610000 	/System/Library/PrivateFrameworks/ContactsFoundation.framework/Versions/A/ContactsFoundation
0x000000000a610000 	/System/Library/Frameworks/SecurityInterface.framework/Versions/A/SecurityInterface
0x000000000a610000 	/System/Library/PrivateFrameworks/PhoneNumbers.framework/Versions/A/PhoneNumbers
0x000000000a610000 	/System/Library/Frameworks/Quartz.framework/Versions/A/Quartz
0x000000000a610000 	/System/Library/Frameworks/AVFoundation.framework/Versions/A/AVFoundation
0x000000000a610000 	/System/Library/Frameworks/AVFoundation.framework/Versions/A/Resources/libAVFAudio.dylib
0x000000000a610000 	/System/Library/Frameworks/CoreMedia.framework/Versions/A/CoreMedia
0x000000000a610000 	/System/Library/Frameworks/MediaToolbox.framework/Versions/A/MediaToolbox
0x000000000a610000 	/System/Library/Frameworks/VideoToolbox.framework/Versions/A/VideoToolbox
0x000000000a610000 	/System/Library/Frameworks/CoreMediaIO.framework/Versions/A/CoreMediaIO
0x000000000a610000 	/System/Library/PrivateFrameworks/MediaControlSender.framework/Versions/A/MediaControlSender
0x000000000a610000 	/System/Library/PrivateFrameworks/CoreAVCHD.framework/Versions/A/CoreAVCHD
0x000000000a610000 	/System/Library/Frameworks/MediaAccessibility.framework/Versions/A/MediaAccessibility
0x000000000a610000 	/System/Library/PrivateFrameworks/Mangrove.framework/Versions/A/Mangrove
0x000000000a610000 	/System/Library/PrivateFrameworks/CoreAUC.framework/Versions/A/CoreAUC
0x000000000a610000 	/System/Library/PrivateFrameworks/NetworkStatistics.framework/Versions/A/NetworkStatistics
0x000000000a610000 	/System/Library/PrivateFrameworks/AirPlaySupport.framework/Versions/A/AirPlaySupport
0x000000000a610000 	/System/Library/PrivateFrameworks/CoreUtils.framework/Versions/A/CoreUtils
0x000000000a610000 	/System/Library/PrivateFrameworks/AppleVA.framework/Versions/A/AppleVA
0x000000000a610000 	/System/Library/PrivateFrameworks/XPCService.framework/Versions/A/XPCService
0x000000000a610000 	/System/Library/PrivateFrameworks/AppSandbox.framework/Versions/A/AppSandbox
0x000000000a610000 	/usr/lib/libsandbox.1.dylib
0x000000000a610000 	/usr/lib/libMatch.1.dylib
0x000000000a610000 	/System/Library/PrivateFrameworks/SafariServices.framework/Versions/A/SafariServices
0x000000000a610000 	/usr/lib/libspindump.dylib
0x000000000a610000 	/System/Library/Frameworks/QTKit.framework/Versions/A/QTKit
0x000000000a610000 	/System/Library/PrivateFrameworks/CoreMediaAuthoring.framework/Versions/A/CoreMediaAuthoring
0x000000000a610000 	/System/Library/Frameworks/Quartz.framework/Versions/A/Frameworks/QuartzComposer.framework/Versions/A/QuartzComposer
0x000000000a610000 	/System/Library/Frameworks/Quartz.framework/Versions/A/Frameworks/PDFKit.framework/Versions/A/PDFKit
0x000000000a610000 	/System/Library/Frameworks/Quartz.framework/Versions/A/Frameworks/QuartzFilters.framework/Versions/A/QuartzFilters
0x000000000a610000 	/System/Library/Frameworks/JavaScriptCore.framework/Versions/A/JavaScriptCore
0x000000000a610000 	/System/Library/PrivateFrameworks/CorePDF.framework/Versions/A/CorePDF
0x000000000a610000 	/System/Library/PrivateFrameworks/DisplayServices.framework/Versions/A/DisplayServices
0x000000000a610000 	/System/Library/PrivateFrameworks/AppleFSCompression.framework/Versions/A/AppleFSCompression
0x000000014aa1b000 	/System/Library/PrivateFrameworks/CacheDelete.framework/CacheDelete
0x000000000a610000 	/System/Library/PrivateFrameworks/PlugInKit.framework/Versions/A/PlugInKit
0x000000000a610000 	/System/Library/CoreServices/RawCamera.bundle/Contents/MacOS/RawCamera
0x000000014b2ee000 	/System/Library/Frameworks/OpenCL.framework/Versions/A/Libraries/ImageFormats/unorm8_rgba.dylib
0x000000014c0d7000 	cl_kernels
0x000000014c12f000 	cl_kernels
0x000000014c133000 	cl_kernels

VM Arguments:
jvm_args: -agentlib:jdwp=transport=dt_socket,suspend=y,address=localhost:50194 -Dapple.laf.useScreenMenuBar=true -Xmx2048m -Djava.library.path=/Users/stefanmeier/Documents/FHNW/JHelioviewer/JHelioviewer/lib/native:/Users/stefanmeier/Documents/FHNW/JHelioviewer/JHelioviewer/lib/native -Dfile.encoding=UTF-8 
java_command: org.helioviewer.jhv.JHelioviewer
java_class_path (initial): /Users/stefanmeier/Documents/FHNW/JHelioviewer/JHelioviewer/bin:/Users/stefanmeier/Documents/FHNW/JHelioviewer/JHelioviewer/lib/fits.jar:/Users/stefanmeier/Documents/FHNW/JHelioviewer/JHelioviewer/lib/forms-1.3.0.jar:/Users/stefanmeier/Documents/FHNW/JHelioviewer/JHelioviewer/lib/gluegen-rt.jar:/Users/stefanmeier/Documents/FHNW/JHelioviewer/JHelioviewer/lib/jgoodies-forms-1.8.0.jar:/Users/stefanmeier/Documents/FHNW/JHelioviewer/JHelioviewer/lib/json.jar:/Users/stefanmeier/Documents/FHNW/JHelioviewer/JHelioviewer/lib/log4j-1.2.16.jar:/Users/stefanmeier/Documents/FHNW/JHelioviewer/JHelioviewer/lib/xuggle-xuggler-5.4-all.jar:/Users/stefanmeier/Documents/FHNW/JHelioviewer/JHelioviewer/lib/bzip2.jar:/Users/stefanmeier/Documents/FHNW/JHelioviewer/JHelioviewer/lib/slf4j-api-1.7.7.jar:/Users/stefanmeier/Documents/FHNW/JHelioviewer/JHelioviewer/lib/slf4j-nop-1.7.7.jar:/Users/stefanmeier/Documents/FHNW/JHelioviewer/JHelioviewer/lib/gson-2.2.4.jar:/Users/stefanmeier/Documents/FHNW/JHelioviewer/JHelioviewer/lib/i4jruntime.jar:/Users/stefanmeier/Documents/FHNW/JHelioviewer/JHelioviewer/lib/kdu.jar:/Users/stefanmeier/Documents/FHNW/JHelioviewer/JHelioviewer/lib/junrar-0.7.jar:/Users/stefanmeier/Documents/FHNW/JHelioviewer/JHelioviewer/lib/commons-logging-1.2.jar:/Users/stefanmeier/Documents/FHNW/JHelioviewer/JHelioviewer/lib/core-2.0.0.jar:/Users/stefanmeier/Documents/FHNW/JHelioviewer/JHelioviewer/lib/gluegen-rt-natives-linux-amd64.jar:/Users/stefanmeier/Documents/FHNW/JHelioviewer/JHelioviewer/lib/gluegen-rt-natives-linux-i586.jar:/Users/stefanmeier/Documents/FHNW/JHelioviewer/JHelioviewer/lib/gluegen-rt-natives-macosx-universal.jar:/Users/stefanmeier/Documents/FHNW/JHelioviewer/JHelioviewer/lib/gluegen-rt-natives-windows-amd64.jar:/Users/stefanmeier/Documents/FHNW/JHelioviewer/JHelioviewer/lib/gluegen-rt-natives-windows-i586.jar:/Users/stefanmeier/Documents/FHNW/JHelioviewer/JHelioviewer/lib/jogl-all-natives-linux-amd64.jar:/Users/stefanmeier/Docum
Launcher Type: SUN_STANDARD

Environment Variables:
PATH=/usr/bin:/bin:/usr/sbin:/sbin
SHELL=/bin/bash

Signal Handlers:
SIGSEGV: [libjvm.dylib+0x58ef95], sa_mask[0]=11111111011111110111111111111111, sa_flags=SA_ONSTACK|SA_RESTART|SA_SIGINFO
SIGBUS: [libjvm.dylib+0x58ef95], sa_mask[0]=11111111011111110111111111111111, sa_flags=SA_RESTART|SA_SIGINFO
SIGFPE: [libjvm.dylib+0x46c108], sa_mask[0]=11111111011111110111111111111111, sa_flags=SA_RESTART|SA_SIGINFO
SIGPIPE: SIG_IGN, sa_mask[0]=00000000000000000000000000000000, sa_flags=SA_RESTART
SIGXFSZ: [libjvm.dylib+0x46c108], sa_mask[0]=11111111011111110111111111111111, sa_flags=SA_RESTART|SA_SIGINFO
SIGILL: [libjvm.dylib+0x46c108], sa_mask[0]=11111111011111110111111111111111, sa_flags=SA_RESTART|SA_SIGINFO
SIGUSR1: SIG_DFL, sa_mask[0]=00000000000000000000000000000000, sa_flags=none
SIGUSR2: [libjvm.dylib+0x46bc26], sa_mask[0]=00100000000000000000000000000000, sa_flags=SA_RESTART|SA_SIGINFO
SIGHUP: [libjvm.dylib+0x46a1f9], sa_mask[0]=11111111011111110111111111111111, sa_flags=SA_RESTART|SA_SIGINFO
SIGINT: [libjvm.dylib+0x46a1f9], sa_mask[0]=11111111011111110111111111111111, sa_flags=SA_RESTART|SA_SIGINFO
SIGTERM: [libjvm.dylib+0x46a1f9], sa_mask[0]=11111111011111110111111111111111, sa_flags=SA_RESTART|SA_SIGINFO
SIGQUIT: [libjvm.dylib+0x46a1f9], sa_mask[0]=11111111011111110111111111111111, sa_flags=SA_RESTART|SA_SIGINFO


---------------  S Y S T E M  ---------------

OS:Bsduname:Darwin 14.4.0 Darwin Kernel Version 14.4.0: Thu May 28 11:35:04 PDT 2015; root:xnu-2782.30.5~1/RELEASE_X86_64 x86_64
rlimit: STACK 8192k, CORE 0k, NPROC 709, NOFILE 10240, AS infinity
load average:2.37 2.04 1.89

CPU:total 8 (4 cores per cpu, 2 threads per core) family 6 model 70 stepping 1, cmov, cx8, fxsr, mmx, sse, sse2, sse3, ssse3, sse4.1, sse4.2, popcnt, avx, avx2, aes, clmul, erms, rtm, lzcnt, ht, tsc, tscinvbit, bmi1, bmi2

Memory: 4k page, physical 16777216k(3719152k free)

/proc/meminfo:


vm_info: Java HotSpot(TM) 64-Bit Server VM (25.45-b02) for bsd-amd64 JRE (1.8.0_45-b14), built on Apr 10 2015 10:46:38 by "java_re" with gcc 4.2.1 (Based on Apple Inc. build 5658) (LLVM build 2336.11.00)

time: Fri Aug 21 13:42:00 2015
elapsed time: 14 seconds (0d 0h 0m 14s)

