#
# A fatal error has been detected by the Java Runtime Environment:
#
#  SIGSEGV (0xb) at pc=0x000000012c36b8a2, pid=12236, tid=76035
#
# JRE version: Java(TM) SE Runtime Environment (8.0_45-b14) (build 1.8.0_45-b14)
# Java VM: Java HotSpot(TM) 64-Bit Server VM (25.45-b02 mixed mode bsd-amd64 compressed oops)
# Problematic frame:
# C  [libkdu_v75R.dylib+0x4e8a2]  _ZN8kdu_core9kdu_errorC1EPKc+0x32
#
# Failed to write core dump. Core dumps have been disabled. To enable core dumping, try "ulimit -c unlimited" before starting Java again
#
# If you would like to submit a bug report, please visit:
#   http://bugreport.java.com/bugreport/crash.jsp
# The crash happened outside the Java Virtual Machine in native code.
# See problematic frame for where to report the bug.
#

---------------  T H R E A D  ---------------

Current thread (0x00007f96048aa000):  JavaThread "Download-Thread-3" [_thread_in_native, id=76035, stack(0x000000012e251000,0x000000012e351000)]

siginfo: si_signo: 11 (SIGSEGV), si_code: 0 (unknown), si_addr: 0x0000000000000000

Registers:
RAX=0x627573003a746e75, RBX=0x000000012e3506a8, RCX=0x00000001035fa101, RDX=0x0000000000000001
RSP=0x000000012e350660, RBP=0x000000012e350670, RSI=0x000000012c507b98, RDI=0x00007f960a375570
R8 =0x0000000000000000, R9 =0x000000079ceadfe8, R10=0x000000000000ab88, R11=0x000000012c36b870
R12=0x000000012e3506a8, R13=0x000000012e3507c8, R14=0x000000012c507b98, R15=0x00007f960a0eac40
RIP=0x000000012c36b8a2, EFLAGS=0x0000000000010202, ERR=0x0000000000000000
  TRAPNO=0x000000000000000d

Top of Stack: (sp=0x000000012e350660)
0x000000012e350660:   00007f960d026380 0000000000000001
0x000000012e350670:   000000012e3506f0 000000012c4327f0
0x000000012e350680:   000000012e3506d0 0000000000000005
0x000000012e350690:   00007f96048aa000 00007f96048aa000
0x000000012e3506a0:   0000000000000000 000000012c3ef8b0
0x000000012e3506b0:   0000000000000000 00007f960a375570
0x000000012e3506c0:   00007f9600000000 0000000000000001
0x000000012e3506d0:   000000012c4327b0 000000012e3507c0
0x000000012e3506e0:   00007f96048aa1f8 00007f960a0eac40
0x000000012e3506f0:   000000012e350730 000000012c1ee606
0x000000012e350700:   000000012c1ee586 000000012c989cb8
0x000000012e350710:   0000000000000000 000000012c989cb0
0x000000012e350720:   000000012e3507c8 00007f96048aa000
0x000000012e350730:   000000012e350798 0000000103d7e954
0x000000012e350740:   000000012e350798 0000000103d7e6e7
0x000000012e350750:   0000000103d7e6a2 000000012e350758
0x000000012e350760:   000000012c989cb0 000000012e3507c8
0x000000012e350770:   000000012c98b340 0000000000000000
0x000000012e350780:   000000012c989cb8 0000000000000000
0x000000012e350790:   000000012e3507b8 000000012e350810
0x000000012e3507a0:   0000000103d70c4d 0000000000000000
0x000000012e3507b0:   0000000103d78578 0000000000000001
0x000000012e3507c0:   0000000795d135c8 000000079ceadfe8
0x000000012e3507d0:   000000012e3507d0 000000012c989d53
0x000000012e3507e0:   000000012e350828 000000012c98b340
0x000000012e3507f0:   0000000000000000 000000012c989d80
0x000000012e350800:   000000012e3507b8 000000012e350820
0x000000012e350810:   000000012e350870 0000000103d70c4d
0x000000012e350820:   0000000795d135c8 000000079ceadfe8
0x000000012e350830:   000000012e350830 0000000135f01e9b
0x000000012e350840:   000000012e350890 0000000135f023f0
0x000000012e350850:   0000000000000000 0000000135f01ef8 

Instructions: (pc=0x000000012c36b8a2)
0x000000012c36b882:   8d 05 28 40 08 00 48 89 03 48 8b 3d 16 58 08 00
0x000000012c36b892:   48 89 7b 10 48 85 ff 74 09 48 8b 07 48 8b 40 28
0x000000012c36b8a2:   ff d0 48 c7 43 20 00 00 00 00 48 c7 43 18 00 00
0x000000012c36b8b2:   00 00 41 80 3e 00 74 0f 48 8b 03 48 8b 40 10 48 

Register to memory mapping:

RAX=0x627573003a746e75 is an unknown value
RBX=0x000000012e3506a8 is pointing into the stack for thread: 0x00007f96048aa000
RCX=0x00000001035fa101: type2field+0x31 in /Library/Java/JavaVirtualMachines/jdk1.8.0_45.jdk/Contents/Home/jre/lib/server/libjvm.dylib at 0x0000000102e00000
RDX=0x0000000000000001 is an unknown value
RSP=0x000000012e350660 is pointing into the stack for thread: 0x00007f96048aa000
RBP=0x000000012e350670 is pointing into the stack for thread: 0x00007f96048aa000
RSI=0x000000012c507b98: _ZTSN8kdu_supp10jpb_targetE+0x3388 in /Users/stefanmeier/Documents/FHNW/JHelioviewer/JHelioviewer/lib/native/libkdu_a75R.dylib at 0x000000012c41c000
RDI=0x00007f960a375570 is an unknown value
R8 =0x0000000000000000 is an unknown value
R9 =0x000000079ceadfe8 is an oop
kdu_jni.Jp2_threadsafe_family_src 
 - klass: 'kdu_jni/Jp2_threadsafe_family_src'
R10=0x000000000000ab88 is an unknown value
R11=0x000000012c36b870: _ZN8kdu_core9kdu_errorC1EPKc+0 in /Users/stefanmeier/Documents/FHNW/JHelioviewer/JHelioviewer/lib/native/libkdu_v75R.dylib at 0x000000012c31d000
R12=0x000000012e3506a8 is pointing into the stack for thread: 0x00007f96048aa000
R13=0x000000012e3507c8 is pointing into the stack for thread: 0x00007f96048aa000
R14=0x000000012c507b98: _ZTSN8kdu_supp10jpb_targetE+0x3388 in /Users/stefanmeier/Documents/FHNW/JHelioviewer/JHelioviewer/lib/native/libkdu_a75R.dylib at 0x000000012c41c000
R15=0x00007f960a0eac40 is an unknown value


Stack: [0x000000012e251000,0x000000012e351000],  sp=0x000000012e350660,  free space=1021k
Native frames: (J=compiled Java code, j=interpreted, Vv=VM code, C=native code)
C  [libkdu_v75R.dylib+0x4e8a2]  _ZN8kdu_core9kdu_errorC1EPKc+0x32
C  [libkdu_a75R.dylib+0x167f0]  _ZN8kdu_supp14jp2_family_src4openEPKcb+0x40
C  [libkdu_jni.jnilib+0xb606]  Java_kdu_1jni_Jp2_1family_1src_Open__Ljava_lang_String_2Z+0x80
j  kdu_jni.Jp2_family_src.Open(Ljava/lang/String;Z)V+0
j  kdu_jni.Jp2_family_src.Open(Ljava/lang/String;)V+3
j  org.helioviewer.jhv.layers.CacheableImageData.setFile(Ljava/lang/String;)V+27
j  org.helioviewer.jhv.base.downloadmanager.JPIPDownloadRequest.execute()V+164
j  org.helioviewer.jhv.base.downloadmanager.UltimateDownloadManager$DownloadThread.run()V+24
v  ~StubRoutines::call_stub
V  [libjvm.dylib+0x2e032a]
V  [libjvm.dylib+0x2e0ab8]
V  [libjvm.dylib+0x2e0c64]
V  [libjvm.dylib+0x3331a5]
V  [libjvm.dylib+0x549acf]
V  [libjvm.dylib+0x54b1c0]
V  [libjvm.dylib+0x46ea7e]
C  [libsystem_pthread.dylib+0x3268]  _pthread_body+0x83
C  [libsystem_pthread.dylib+0x31e5]  _pthread_body+0x0
C  [libsystem_pthread.dylib+0x141d]  thread_start+0xd
C  0x0000000000000000

Java frames: (J=compiled Java code, j=interpreted, Vv=VM code)
j  kdu_jni.Jp2_family_src.Open(Ljava/lang/String;Z)V+0
j  kdu_jni.Jp2_family_src.Open(Ljava/lang/String;)V+3
j  org.helioviewer.jhv.layers.CacheableImageData.setFile(Ljava/lang/String;)V+27
j  org.helioviewer.jhv.base.downloadmanager.JPIPDownloadRequest.execute()V+164
j  org.helioviewer.jhv.base.downloadmanager.UltimateDownloadManager$DownloadThread.run()V+24
v  ~StubRoutines::call_stub

---------------  P R O C E S S  ---------------

Java Threads: ( => current thread )
  0x00007f9606ca8000 JavaThread "Keep-Alive-Timer" daemon [_thread_blocked, id=26675, stack(0x0000000120597000,0x0000000120697000)]
  0x00007f9604936000 JavaThread "JPIP_URI_LOADER" [_thread_blocked, id=106243, stack(0x000000013bbce000,0x000000013bcce000)]
  0x00007f9606565800 JavaThread "UI latency watchdog" daemon [_thread_blocked, id=79643, stack(0x000000012af77000,0x000000012b077000)]
  0x00007f9604498000 JavaThread "DestroyJavaVM" [_thread_blocked, id=4867, stack(0x0000000101c2a000,0x0000000101d2a000)]
  0x00007f960666a800 JavaThread "Download-Thread-5" [_thread_in_native, id=77059, stack(0x000000012e554000,0x000000012e654000)]
  0x00007f96048ab000 JavaThread "Download-Thread-4" [_thread_in_native, id=76547, stack(0x000000012e451000,0x000000012e551000)]
=>0x00007f96048aa000 JavaThread "Download-Thread-3" [_thread_in_native, id=76035, stack(0x000000012e251000,0x000000012e351000)]
  0x00007f9604851000 JavaThread "Download-Thread-2" [_thread_in_native, id=75523, stack(0x000000012e14e000,0x000000012e24e000)]
  0x00007f9605038800 JavaThread "Download-Thread-1" [_thread_in_native, id=75011, stack(0x000000012e04b000,0x000000012e14b000)]
  0x00007f960501e800 JavaThread "Download-Thread-0" [_thread_in_native, id=74759, stack(0x000000012df48000,0x000000012e048000)]
  0x00007f96081ba800 JavaThread "Thread-6" daemon [_thread_in_native, id=64811, stack(0x00000001272fc000,0x000000012737c000)]
  0x00007f9606926800 JavaThread "Thread-5" daemon [_thread_blocked, id=58399, stack(0x00000001245ee000,0x00000001246ee000)]
  0x00007f9604165800 JavaThread "QuantumRenderer-0" daemon [_thread_blocked, id=61199, stack(0x0000000123f30000,0x0000000124030000)]
  0x00007f96063ff800 JavaThread "Timer-0" daemon [_thread_blocked, id=62223, stack(0x0000000124195000,0x0000000124295000)]
  0x00007f960821c800 JavaThread "TimerQueue" daemon [_thread_blocked, id=64055, stack(0x00000001290ab000,0x00000001291ab000)]
  0x00007f96040c9800 JavaThread "AWT-EventQueue-0" [_thread_blocked, id=57091, stack(0x00000001228b1000,0x00000001229b1000)]
  0x00007f9606365000 JavaThread "Java2D Disposer" daemon [_thread_blocked, id=56587, stack(0x0000000122738000,0x0000000122838000)]
  0x00007f9606333000 JavaThread "Java2D Queue Flusher" daemon [_thread_blocked, id=53003, stack(0x000000012191a000,0x0000000121a1a000)]
  0x00007f96080d8000 JavaThread "AWT-Shutdown" [_thread_blocked, id=30483, stack(0x000000011e91f000,0x000000011ea1f000)]
  0x00007f96068e1000 JavaThread "AWT-AppKit" daemon [_thread_in_native, id=1811, stack(0x00007fff5d8ed000,0x00007fff5e0ed000)]
  0x00007f960801d800 JavaThread "Service Thread" daemon [_thread_blocked, id=20739, stack(0x000000011cc21000,0x000000011cd21000)]
  0x00007f960400f000 JavaThread "C1 CompilerThread3" daemon [_thread_blocked, id=20227, stack(0x000000011cb1e000,0x000000011cc1e000)]
  0x00007f960400e000 JavaThread "C2 CompilerThread2" daemon [_thread_blocked, id=19715, stack(0x000000011ca1b000,0x000000011cb1b000)]
  0x00007f9608002800 JavaThread "C2 CompilerThread1" daemon [_thread_blocked, id=19203, stack(0x000000011c918000,0x000000011ca18000)]
  0x00007f9606039800 JavaThread "C2 CompilerThread0" daemon [_thread_blocked, id=18691, stack(0x000000011c815000,0x000000011c915000)]
  0x00007f960603e800 JavaThread "Signal Dispatcher" daemon [_thread_blocked, id=14611, stack(0x000000011c712000,0x000000011c812000)]
  0x00007f9606803000 JavaThread "Finalizer" daemon [_thread_blocked, id=13571, stack(0x000000011acfa000,0x000000011adfa000)]
  0x00007f9606802000 JavaThread "Reference Handler" daemon [_thread_blocked, id=13059, stack(0x000000011abf7000,0x000000011acf7000)]

Other Threads:
  0x00007f9606062000 VMThread [stack: 0x000000011aaf4000,0x000000011abf4000] [id=12547]
  0x00007f9608026000 WatcherThread [stack: 0x000000011cd24000,0x000000011ce24000] [id=21251]

VM state:not at safepoint (normal execution)

VM Mutex/Monitor currently owned by a thread: None

Heap:
 PSYoungGen      total 117760K, used 104903K [0x0000000795580000, 0x000000079d600000, 0x00000007c0000000)
  eden space 107008K, 87% used [0x0000000795580000,0x000000079b175b68,0x000000079be00000)
  from space 10752K, 99% used [0x000000079cb80000,0x000000079d5fc400,0x000000079d600000)
  to   space 10752K, 0% used [0x000000079c100000,0x000000079c100000,0x000000079cb80000)
 ParOldGen       total 123904K, used 18330K [0x0000000740000000, 0x0000000747900000, 0x0000000795580000)
  object space 123904K, 14% used [0x0000000740000000,0x00000007411e6a58,0x0000000747900000)
 Metaspace       used 31050K, capacity 31461K, committed 31872K, reserved 1077248K
  class space    used 3773K, capacity 3911K, committed 3968K, reserved 1048576K

Card table byte_map: [0x0000000113129000,0x000000011352a000] byte_map_base: 0x000000010f729000

Marking Bits: (ParMarkBitMap*) 0x00000001036c27a0
 Begin Bits: [0x0000000113fed000, 0x0000000115fed000)
 End Bits:   [0x0000000115fed000, 0x0000000117fed000)

Polling page: 0x0000000101d6f000

CodeCache: size=245760Kb used=9643Kb max_used=9656Kb free=236116Kb
 bounds [0x0000000103d69000, 0x00000001046e9000, 0x0000000112d69000]
 total_blobs=3823 nmethods=2807 adapters=927
 compilation: enabled

Compilation events (10 events):
Event: 11.454 Thread 0x00007f9606039800 nmethod 2802 0x00000001046d9f10 code [0x00000001046da0c0, 0x00000001046da6c8]
Event: 11.456 Thread 0x00007f960400e000 nmethod 2803 0x00000001046dadd0 code [0x00000001046daf60, 0x00000001046db628]
Event: 11.827 Thread 0x00007f960400f000 2804       1       java.lang.StackTraceElement::getClassName (5 bytes)
Event: 11.827 Thread 0x00007f960400f000 nmethod 2804 0x00000001046d8310 code [0x00000001046d8460, 0x00000001046d8570]
Event: 13.821 Thread 0x00007f960400f000 2805       1       sun.java2d.pipe.RenderBuffer::position (11 bytes)
Event: 13.821 Thread 0x00007f960400f000 nmethod 2805 0x00000001046d8050 code [0x00000001046d81a0, 0x00000001046d82b0]
Event: 15.438 Thread 0x00007f960400f000 2806       1       sun.java2d.opengl.OGLRenderQueue::access$000 (5 bytes)
Event: 15.438 Thread 0x00007f960400f000 nmethod 2806 0x00000001046d7d90 code [0x00000001046d7ee0, 0x00000001046d7fd0]
Event: 15.646 Thread 0x00007f9608002800 2807 % !   4       org.helioviewer.jhv.viewmodel.view.jp2view.newjpx.UltimateLayer$1::run @ 725 (935 bytes)
Event: 15.660 Thread 0x00007f9608002800 nmethod 2807% 0x00000001046d5890 code [0x00000001046d5a60, 0x00000001046d61c8]

GC Heap History (10 events):
Event: 2.232 GC heap before
{Heap before GC invocations=1 (full 0):
 PSYoungGen      total 76288K, used 41948K [0x0000000795580000, 0x000000079aa80000, 0x00000007c0000000)
  eden space 65536K, 64% used [0x0000000795580000,0x0000000797e772c0,0x0000000799580000)
  from space 10752K, 0% used [0x000000079a000000,0x000000079a000000,0x000000079aa80000)
  to   space 10752K, 0% used [0x0000000799580000,0x0000000799580000,0x000000079a000000)
 ParOldGen       total 175104K, used 0K [0x0000000740000000, 0x000000074ab00000, 0x0000000795580000)
  object space 175104K, 0% used [0x0000000740000000,0x0000000740000000,0x000000074ab00000)
 Metaspace       used 20672K, capacity 20977K, committed 21248K, reserved 1069056K
  class space    used 2309K, capacity 2433K, committed 2560K, reserved 1048576K
Event: 2.238 GC heap after
Heap after GC invocations=1 (full 0):
 PSYoungGen      total 76288K, used 8452K [0x0000000795580000, 0x000000079aa80000, 0x00000007c0000000)
  eden space 65536K, 0% used [0x0000000795580000,0x0000000795580000,0x0000000799580000)
  from space 10752K, 78% used [0x0000000799580000,0x0000000799dc1050,0x000000079a000000)
  to   space 10752K, 0% used [0x000000079a000000,0x000000079a000000,0x000000079aa80000)
 ParOldGen       total 175104K, used 16K [0x0000000740000000, 0x000000074ab00000, 0x0000000795580000)
  object space 175104K, 0% used [0x0000000740000000,0x0000000740004000,0x000000074ab00000)
 Metaspace       used 20672K, capacity 20977K, committed 21248K, reserved 1069056K
  class space    used 2309K, capacity 2433K, committed 2560K, reserved 1048576K
}
Event: 2.238 GC heap before
{Heap before GC invocations=2 (full 1):
 PSYoungGen      total 76288K, used 8452K [0x0000000795580000, 0x000000079aa80000, 0x00000007c0000000)
  eden space 65536K, 0% used [0x0000000795580000,0x0000000795580000,0x0000000799580000)
  from space 10752K, 78% used [0x0000000799580000,0x0000000799dc1050,0x000000079a000000)
  to   space 10752K, 0% used [0x000000079a000000,0x000000079a000000,0x000000079aa80000)
 ParOldGen       total 175104K, used 16K [0x0000000740000000, 0x000000074ab00000, 0x0000000795580000)
  object space 175104K, 0% used [0x0000000740000000,0x0000000740004000,0x000000074ab00000)
 Metaspace       used 20672K, capacity 20977K, committed 21248K, reserved 1069056K
  class space    used 2309K, capacity 2433K, committed 2560K, reserved 1048576K
Event: 2.256 GC heap after
Heap after GC invocations=2 (full 1):
 PSYoungGen      total 76288K, used 0K [0x0000000795580000, 0x000000079aa80000, 0x00000007c0000000)
  eden space 65536K, 0% used [0x0000000795580000,0x0000000795580000,0x0000000799580000)
  from space 10752K, 0% used [0x0000000799580000,0x0000000799580000,0x000000079a000000)
  to   space 10752K, 0% used [0x000000079a000000,0x000000079a000000,0x000000079aa80000)
 ParOldGen       total 123904K, used 8183K [0x0000000740000000, 0x0000000747900000, 0x0000000795580000)
  object space 123904K, 6% used [0x0000000740000000,0x00000007407fdee8,0x0000000747900000)
 Metaspace       used 20672K, capacity 20977K, committed 21248K, reserved 1069056K
  class space    used 2309K, capacity 2433K, committed 2560K, reserved 1048576K
}
Event: 3.406 GC heap before
{Heap before GC invocations=3 (full 1):
 PSYoungGen      total 76288K, used 65536K [0x0000000795580000, 0x000000079aa80000, 0x00000007c0000000)
  eden space 65536K, 100% used [0x0000000795580000,0x0000000799580000,0x0000000799580000)
  from space 10752K, 0% used [0x0000000799580000,0x0000000799580000,0x000000079a000000)
  to   space 10752K, 0% used [0x000000079a000000,0x000000079a000000,0x000000079aa80000)
 ParOldGen       total 123904K, used 8183K [0x0000000740000000, 0x0000000747900000, 0x0000000795580000)
  object space 123904K, 6% used [0x0000000740000000,0x00000007407fdee8,0x0000000747900000)
 Metaspace       used 30564K, capacity 31013K, committed 31360K, reserved 1077248K
  class space    used 3729K, capacity 3847K, committed 3968K, reserved 1048576K
Event: 3.413 GC heap after
Heap after GC invocations=3 (full 1):
 PSYoungGen      total 76288K, used 10730K [0x0000000795580000, 0x000000079c080000, 0x00000007c0000000)
  eden space 65536K, 0% used [0x0000000795580000,0x0000000795580000,0x0000000799580000)
  from space 10752K, 99% used [0x000000079a000000,0x000000079aa7aa50,0x000000079aa80000)
  to   space 10752K, 0% used [0x0000000799580000,0x0000000799580000,0x000000079a000000)
 ParOldGen       total 123904K, used 12974K [0x0000000740000000, 0x0000000747900000, 0x0000000795580000)
  object space 123904K, 10% used [0x0000000740000000,0x0000000740cabb58,0x0000000747900000)
 Metaspace       used 30564K, capacity 31013K, committed 31360K, reserved 1077248K
  class space    used 3729K, capacity 3847K, committed 3968K, reserved 1048576K
}
Event: 3.500 GC heap before
{Heap before GC invocations=4 (full 1):
 PSYoungGen      total 76288K, used 76266K [0x0000000795580000, 0x000000079c080000, 0x00000007c0000000)
  eden space 65536K, 100% used [0x0000000795580000,0x0000000799580000,0x0000000799580000)
  from space 10752K, 99% used [0x000000079a000000,0x000000079aa7aa50,0x000000079aa80000)
  to   space 10752K, 0% used [0x0000000799580000,0x0000000799580000,0x000000079a000000)
 ParOldGen       total 123904K, used 12974K [0x0000000740000000, 0x0000000747900000, 0x0000000795580000)
  object space 123904K, 10% used [0x0000000740000000,0x0000000740cabb58,0x0000000747900000)
 Metaspace       used 30651K, capacity 31013K, committed 31360K, reserved 1077248K
  class space    used 3732K, capacity 3847K, committed 3968K, reserved 1048576K
Event: 3.504 GC heap after
Heap after GC invocations=4 (full 1):
 PSYoungGen      total 76288K, used 10728K [0x0000000795580000, 0x000000079d600000, 0x00000007c0000000)
  eden space 65536K, 0% used [0x0000000795580000,0x0000000795580000,0x0000000799580000)
  from space 10752K, 99% used [0x0000000799580000,0x0000000799ffa210,0x000000079a000000)
  to   space 10752K, 0% used [0x000000079cb80000,0x000000079cb80000,0x000000079d600000)
 ParOldGen       total 123904K, used 14728K [0x0000000740000000, 0x0000000747900000, 0x0000000795580000)
  object space 123904K, 11% used [0x0000000740000000,0x0000000740e62088,0x0000000747900000)
 Metaspace       used 30651K, capacity 31013K, committed 31360K, reserved 1077248K
  class space    used 3732K, capacity 3847K, committed 3968K, reserved 1048576K
}
Event: 4.956 GC heap before
{Heap before GC invocations=5 (full 1):
 PSYoungGen      total 76288K, used 75376K [0x0000000795580000, 0x000000079d600000, 0x00000007c0000000)
  eden space 65536K, 98% used [0x0000000795580000,0x00000007994a1f78,0x0000000799580000)
  from space 10752K, 99% used [0x0000000799580000,0x0000000799ffa210,0x000000079a000000)
  to   space 10752K, 0% used [0x000000079cb80000,0x000000079cb80000,0x000000079d600000)
 ParOldGen       total 123904K, used 14728K [0x0000000740000000, 0x0000000747900000, 0x0000000795580000)
  object space 123904K, 11% used [0x0000000740000000,0x0000000740e62088,0x0000000747900000)
 Metaspace       used 30977K, capacity 31397K, committed 31872K, reserved 1077248K
  class space    used 3767K, capacity 3911K, committed 3968K, reserved 1048576K
Event: 4.964 GC heap after
Heap after GC invocations=5 (full 1):
 PSYoungGen      total 117760K, used 10737K [0x0000000795580000, 0x000000079d600000, 0x00000007c0000000)
  eden space 107008K, 0% used [0x0000000795580000,0x0000000795580000,0x000000079be00000)
  from space 10752K, 99% used [0x000000079cb80000,0x000000079d5fc400,0x000000079d600000)
  to   space 10752K, 0% used [0x000000079c100000,0x000000079c100000,0x000000079cb80000)
 ParOldGen       total 123904K, used 18330K [0x0000000740000000, 0x0000000747900000, 0x0000000795580000)
  object space 123904K, 14% used [0x0000000740000000,0x00000007411e6a58,0x0000000747900000)
 Metaspace       used 30977K, capacity 31397K, committed 31872K, reserved 1077248K
  class space    used 3767K, capacity 3911K, committed 3968K, reserved 1048576K
}

Deoptimization events (10 events):
Event: 3.002 Thread 0x00007f9605038800 Uncommon trap: reason=class_check action=maybe_recompile pc=0x0000000104171d8c method=java.io.BufferedInputStream.read1([BII)I @ 39
Event: 3.002 Thread 0x00007f9605038800 Uncommon trap: reason=class_check action=maybe_recompile pc=0x0000000104171d8c method=java.io.BufferedInputStream.read1([BII)I @ 39
Event: 3.003 Thread 0x00007f9605038800 Uncommon trap: reason=class_check action=maybe_recompile pc=0x0000000104171d8c method=java.io.BufferedInputStream.read1([BII)I @ 39
Event: 3.108 Thread 0x00007f9606002000 Uncommon trap: reason=predicate action=maybe_recompile pc=0x0000000104450ef8 method=java.awt.image.ComponentSampleModel.getPixel(II[ILjava/awt/image/DataBuffer;)[I @ 79
Event: 3.248 Thread 0x00007f96065b3000 Uncommon trap: reason=unstable_if action=reinterpret pc=0x00000001040e5570 method=java.util.ArrayList.rangeCheck(I)V @ 5
Event: 3.556 Thread 0x00007f9604936000 Uncommon trap: reason=unstable_if action=reinterpret pc=0x00000001045bd234 method=org.helioviewer.jhv.viewmodel.view.jp2view.newjpx.UltimateLayer$1.run()V @ 399
Event: 3.596 Thread 0x00007f96048aa000 Uncommon trap: reason=class_check action=maybe_recompile pc=0x0000000104171d8c method=java.io.BufferedInputStream.read1([BII)I @ 39
Event: 3.596 Thread 0x00007f96048aa000 Uncommon trap: reason=class_check action=maybe_recompile pc=0x000000010415af28 method=java.io.BufferedInputStream.read1([BII)I @ 39
Event: 16.107 Thread 0x00007f96048aa000 Uncommon trap: reason=unstable_if action=reinterpret pc=0x00000001046da4f0 method=sun.net.www.MeteredStream.justRead(J)V @ 101
Event: 16.108 Thread 0x00007f96048aa000 Uncommon trap: reason=unstable_if action=reinterpret pc=0x00000001046db394 method=sun.net.www.MeteredStream.read([BII)I @ 4

Internal exceptions (10 events):
Event: 3.027 Thread 0x00007f9606002000 Exception <a 'java/io/FileNotFoundException'> (0x00000007976c5280) thrown at [/Users/java_re/workspace/8-2-build-macosx-x86_64/jdk8u45/3457/hotspot/src/share/vm/prims/jni.cpp, line 709]
Event: 3.027 Thread 0x00007f9606002000 Exception <a 'java/io/FileNotFoundException'> (0x00000007976c85c0) thrown at [/Users/java_re/workspace/8-2-build-macosx-x86_64/jdk8u45/3457/hotspot/src/share/vm/prims/jni.cpp, line 709]
Event: 3.027 Thread 0x00007f9606002000 Exception <a 'java/io/FileNotFoundException'> (0x00000007976cb870) thrown at [/Users/java_re/workspace/8-2-build-macosx-x86_64/jdk8u45/3457/hotspot/src/share/vm/prims/jni.cpp, line 709]
Event: 3.028 Thread 0x00007f9606002000 Exception <a 'java/io/FileNotFoundException'> (0x00000007976ceb20) thrown at [/Users/java_re/workspace/8-2-build-macosx-x86_64/jdk8u45/3457/hotspot/src/share/vm/prims/jni.cpp, line 709]
Event: 3.028 Thread 0x00007f9606002000 Exception <a 'java/io/FileNotFoundException'> (0x00000007976d1dd0) thrown at [/Users/java_re/workspace/8-2-build-macosx-x86_64/jdk8u45/3457/hotspot/src/share/vm/prims/jni.cpp, line 709]
Event: 3.029 Thread 0x00007f9606002000 Exception <a 'java/io/FileNotFoundException'> (0x00000007976d5080) thrown at [/Users/java_re/workspace/8-2-build-macosx-x86_64/jdk8u45/3457/hotspot/src/share/vm/prims/jni.cpp, line 709]
Event: 3.029 Thread 0x00007f9606002000 Exception <a 'java/io/FileNotFoundException'> (0x00000007976d8330) thrown at [/Users/java_re/workspace/8-2-build-macosx-x86_64/jdk8u45/3457/hotspot/src/share/vm/prims/jni.cpp, line 709]
Event: 3.121 Thread 0x00007f9606002000 Exception <a 'java/io/FileNotFoundException'> (0x0000000797c005d0) thrown at [/Users/java_re/workspace/8-2-build-macosx-x86_64/jdk8u45/3457/hotspot/src/share/vm/prims/jni.cpp, line 709]
Event: 3.130 Thread 0x00007f9606002000 Exception <a 'java/io/FileNotFoundException'> (0x0000000797c44b38) thrown at [/Users/java_re/workspace/8-2-build-macosx-x86_64/jdk8u45/3457/hotspot/src/share/vm/prims/jni.cpp, line 709]
Event: 3.416 Thread 0x00007f96040c9800 Exception <a 'java/io/FileNotFoundException'> (0x0000000795588508) thrown at [/Users/java_re/workspace/8-2-build-macosx-x86_64/jdk8u45/3457/hotspot/src/share/vm/prims/jni.cpp, line 709]

Events (10 events):
Event: 11.827 Executing VM operation: ThreadDump done
Event: 11.827 Executing VM operation: ThreadDump
Event: 11.827 Executing VM operation: ThreadDump done
Event: 16.107 Thread 0x00007f96048aa000 Uncommon trap: trap_request=0xffffff65 fr.pc=0x00000001046da4f0
Event: 16.107 Thread 0x00007f96048aa000 DEOPT PACKING pc=0x00000001046da4f0 sp=0x000000012e350730
Event: 16.107 Thread 0x00007f96048aa000 DEOPT UNPACKING pc=0x0000000103d6e229 sp=0x000000012e350548 mode 2
Event: 16.108 Thread 0x00007f9606ca8000 Thread added: 0x00007f9606ca8000
Event: 16.108 Thread 0x00007f96048aa000 Uncommon trap: trap_request=0xffffff65 fr.pc=0x00000001046db394
Event: 16.108 Thread 0x00007f96048aa000 DEOPT PACKING pc=0x00000001046db394 sp=0x000000012e3506c0
Event: 16.108 Thread 0x00007f96048aa000 DEOPT UNPACKING pc=0x0000000103d6e229 sp=0x000000012e3505b0 mode 2


Dynamic libraries:
0x000000000a610000 	/System/Library/Frameworks/Cocoa.framework/Versions/A/Cocoa
0x000000000a610000 	/System/Library/Frameworks/Security.framework/Versions/A/Security
0x000000000a610000 	/System/Library/Frameworks/ApplicationServices.framework/Versions/A/ApplicationServices
0x000000000a610000 	/usr/lib/libz.1.dylib
0x000000000a610000 	/usr/lib/libSystem.B.dylib
0x000000000a610000 	/usr/lib/libobjc.A.dylib
0x000000000a610000 	/System/Library/Frameworks/CoreFoundation.framework/Versions/A/CoreFoundation
0x000000000a610000 	/System/Library/Frameworks/Foundation.framework/Versions/C/Foundation
0x000000000a610000 	/System/Library/Frameworks/AppKit.framework/Versions/C/AppKit
0x000000000a610000 	/System/Library/Frameworks/CoreData.framework/Versions/A/CoreData
0x000000000a610000 	/System/Library/PrivateFrameworks/RemoteViewServices.framework/Versions/A/RemoteViewServices
0x000000000a610000 	/System/Library/PrivateFrameworks/UIFoundation.framework/Versions/A/UIFoundation
0x000000000a610000 	/System/Library/Frameworks/IOSurface.framework/Versions/A/IOSurface
0x000000000a610000 	/System/Library/Frameworks/AudioToolbox.framework/Versions/A/AudioToolbox
0x000000000a610000 	/System/Library/Frameworks/AudioUnit.framework/Versions/A/AudioUnit
0x000000000a610000 	/System/Library/PrivateFrameworks/DataDetectorsCore.framework/Versions/A/DataDetectorsCore
0x000000000a610000 	/System/Library/PrivateFrameworks/DesktopServicesPriv.framework/Versions/A/DesktopServicesPriv
0x000000000a610000 	/System/Library/Frameworks/Carbon.framework/Versions/A/Frameworks/HIToolbox.framework/Versions/A/HIToolbox
0x000000000a610000 	/System/Library/Frameworks/QuartzCore.framework/Versions/A/QuartzCore
0x000000000a610000 	/System/Library/Frameworks/Carbon.framework/Versions/A/Frameworks/SpeechRecognition.framework/Versions/A/SpeechRecognition
0x000000000a610000 	/usr/lib/libauto.dylib
0x000000000a610000 	/usr/lib/libicucore.A.dylib
0x000000000a610000 	/usr/lib/libxml2.2.dylib
0x000000000a610000 	/System/Library/PrivateFrameworks/CoreUI.framework/Versions/A/CoreUI
0x000000000a610000 	/System/Library/Frameworks/CoreAudio.framework/Versions/A/CoreAudio
0x000000000a610000 	/System/Library/Frameworks/DiskArbitration.framework/Versions/A/DiskArbitration
0x000000000a610000 	/usr/lib/liblangid.dylib
0x000000000a610000 	/System/Library/PrivateFrameworks/MultitouchSupport.framework/Versions/A/MultitouchSupport
0x000000000a610000 	/System/Library/Frameworks/IOKit.framework/Versions/A/IOKit
0x000000000a610000 	/usr/lib/libDiagnosticMessagesClient.dylib
0x000000000a610000 	/System/Library/Frameworks/CoreServices.framework/Versions/A/CoreServices
0x000000000a610000 	/System/Library/PrivateFrameworks/PerformanceAnalysis.framework/Versions/A/PerformanceAnalysis
0x000000000a610000 	/System/Library/PrivateFrameworks/GenerationalStorage.framework/Versions/A/GenerationalStorage
0x000000000a610000 	/System/Library/Frameworks/OpenGL.framework/Versions/A/OpenGL
0x000000000a610000 	/System/Library/PrivateFrameworks/Sharing.framework/Versions/A/Sharing
0x000000000a610000 	/System/Library/Frameworks/CoreGraphics.framework/Versions/A/CoreGraphics
0x000000000a610000 	/System/Library/Frameworks/CoreText.framework/Versions/A/CoreText
0x000000000a610000 	/System/Library/Frameworks/ImageIO.framework/Versions/A/ImageIO
0x000000000a610000 	/usr/lib/libextension.dylib
0x000000000a610000 	/System/Library/PrivateFrameworks/Backup.framework/Versions/A/Backup
0x000000000a610000 	/usr/lib/libarchive.2.dylib
0x000000000a610000 	/System/Library/Frameworks/CFNetwork.framework/Versions/A/CFNetwork
0x000000000a610000 	/System/Library/Frameworks/SystemConfiguration.framework/Versions/A/SystemConfiguration
0x000000000a610000 	/usr/lib/libCRFSuite.dylib
0x000000000a610000 	/usr/lib/libc++.1.dylib
0x000000000a610000 	/usr/lib/libc++abi.dylib
0x000000000a610000 	/usr/lib/system/libcache.dylib
0x000000000a610000 	/usr/lib/system/libcommonCrypto.dylib
0x000000000a610000 	/usr/lib/system/libcompiler_rt.dylib
0x000000000a610000 	/usr/lib/system/libcopyfile.dylib
0x000000000a610000 	/usr/lib/system/libcorecrypto.dylib
0x000000000a610000 	/usr/lib/system/libdispatch.dylib
0x000000000a610000 	/usr/lib/system/libdyld.dylib
0x000000000a610000 	/usr/lib/system/libkeymgr.dylib
0x000000000a610000 	/usr/lib/system/liblaunch.dylib
0x000000000a610000 	/usr/lib/system/libmacho.dylib
0x000000000a610000 	/usr/lib/system/libquarantine.dylib
0x000000000a610000 	/usr/lib/system/libremovefile.dylib
0x000000000a610000 	/usr/lib/system/libsystem_asl.dylib
0x000000000a610000 	/usr/lib/system/libsystem_blocks.dylib
0x000000000a610000 	/usr/lib/system/libsystem_c.dylib
0x000000000a610000 	/usr/lib/system/libsystem_configuration.dylib
0x000000000a610000 	/usr/lib/system/libsystem_coreservices.dylib
0x000000000a610000 	/usr/lib/system/libsystem_coretls.dylib
0x000000000a610000 	/usr/lib/system/libsystem_dnssd.dylib
0x000000000a610000 	/usr/lib/system/libsystem_info.dylib
0x000000000a610000 	/usr/lib/system/libsystem_kernel.dylib
0x000000000a610000 	/usr/lib/system/libsystem_m.dylib
0x000000000a610000 	/usr/lib/system/libsystem_malloc.dylib
0x000000000a610000 	/usr/lib/system/libsystem_network.dylib
0x000000000a610000 	/usr/lib/system/libsystem_networkextension.dylib
0x000000000a610000 	/usr/lib/system/libsystem_notify.dylib
0x000000000a610000 	/usr/lib/system/libsystem_platform.dylib
0x000000000a610000 	/usr/lib/system/libsystem_pthread.dylib
0x000000000a610000 	/usr/lib/system/libsystem_sandbox.dylib
0x000000000a610000 	/usr/lib/system/libsystem_secinit.dylib
0x000000000a610000 	/usr/lib/system/libsystem_stats.dylib
0x000000000a610000 	/usr/lib/system/libsystem_trace.dylib
0x000000000a610000 	/usr/lib/system/libunc.dylib
0x000000000a610000 	/usr/lib/system/libunwind.dylib
0x000000000a610000 	/usr/lib/system/libxpc.dylib
0x000000000a610000 	/usr/lib/libbz2.1.0.dylib
0x000000000a610000 	/usr/lib/liblzma.5.dylib
0x000000000a610000 	/usr/lib/libbsm.0.dylib
0x000000000a610000 	/usr/lib/libsqlite3.dylib
0x000000000a610000 	/usr/lib/system/libkxld.dylib
0x000000000a610000 	/usr/lib/libxar.1.dylib
0x000000000a610000 	/usr/lib/libpam.2.dylib
0x000000000a610000 	/usr/lib/libOpenScriptingUtil.dylib
0x000000000a610000 	/System/Library/Frameworks/CoreServices.framework/Versions/A/Frameworks/FSEvents.framework/Versions/A/FSEvents
0x000000000a610000 	/System/Library/Frameworks/CoreServices.framework/Versions/A/Frameworks/CarbonCore.framework/Versions/A/CarbonCore
0x000000000a610000 	/System/Library/Frameworks/CoreServices.framework/Versions/A/Frameworks/Metadata.framework/Versions/A/Metadata
0x000000000a610000 	/System/Library/Frameworks/CoreServices.framework/Versions/A/Frameworks/OSServices.framework/Versions/A/OSServices
0x000000000a610000 	/System/Library/Frameworks/CoreServices.framework/Versions/A/Frameworks/SearchKit.framework/Versions/A/SearchKit
0x000000000a610000 	/System/Library/Frameworks/CoreServices.framework/Versions/A/Frameworks/AE.framework/Versions/A/AE
0x000000000a610000 	/System/Library/Frameworks/CoreServices.framework/Versions/A/Frameworks/LaunchServices.framework/Versions/A/LaunchServices
0x000000000a610000 	/System/Library/Frameworks/CoreServices.framework/Versions/A/Frameworks/DictionaryServices.framework/Versions/A/DictionaryServices
0x000000000a610000 	/System/Library/Frameworks/NetFS.framework/Versions/A/NetFS
0x000000000a610000 	/System/Library/PrivateFrameworks/NetAuth.framework/Versions/A/NetAuth
0x000000000a610000 	/System/Library/PrivateFrameworks/login.framework/Versions/A/Frameworks/loginsupport.framework/Versions/A/loginsupport
0x000000000a610000 	/System/Library/PrivateFrameworks/TCC.framework/Versions/A/TCC
0x000000000a610000 	/usr/lib/libmecabra.dylib
0x000000000a610000 	/System/Library/Frameworks/ApplicationServices.framework/Versions/A/Frameworks/ATS.framework/Versions/A/ATS
0x000000000a610000 	/System/Library/Frameworks/ApplicationServices.framework/Versions/A/Frameworks/ColorSync.framework/Versions/A/ColorSync
0x000000000a610000 	/System/Library/Frameworks/ApplicationServices.framework/Versions/A/Frameworks/HIServices.framework/Versions/A/HIServices
0x000000000a610000 	/System/Library/Frameworks/ApplicationServices.framework/Versions/A/Frameworks/LangAnalysis.framework/Versions/A/LangAnalysis
0x000000000a610000 	/System/Library/Frameworks/ApplicationServices.framework/Versions/A/Frameworks/PrintCore.framework/Versions/A/PrintCore
0x000000000a610000 	/System/Library/Frameworks/ApplicationServices.framework/Versions/A/Frameworks/QD.framework/Versions/A/QD
0x000000000a610000 	/System/Library/Frameworks/ApplicationServices.framework/Versions/A/Frameworks/SpeechSynthesis.framework/Versions/A/SpeechSynthesis
0x000000000a610000 	/System/Library/Frameworks/Accelerate.framework/Versions/A/Accelerate
0x000000000a610000 	/System/Library/Frameworks/Accelerate.framework/Versions/A/Frameworks/vImage.framework/Versions/A/vImage
0x000000000a610000 	/System/Library/Frameworks/Accelerate.framework/Versions/A/Frameworks/vecLib.framework/Versions/A/vecLib
0x000000000a610000 	/System/Library/Frameworks/Accelerate.framework/Versions/A/Frameworks/vecLib.framework/Versions/A/libvDSP.dylib
0x000000000a610000 	/System/Library/Frameworks/Accelerate.framework/Versions/A/Frameworks/vecLib.framework/Versions/A/libvMisc.dylib
0x000000000a610000 	/System/Library/Frameworks/Accelerate.framework/Versions/A/Frameworks/vecLib.framework/Versions/A/libLAPACK.dylib
0x000000000a610000 	/System/Library/Frameworks/Accelerate.framework/Versions/A/Frameworks/vecLib.framework/Versions/A/libBLAS.dylib
0x000000000a610000 	/System/Library/Frameworks/Accelerate.framework/Versions/A/Frameworks/vecLib.framework/Versions/A/libLinearAlgebra.dylib
0x000000000a610000 	/System/Library/Frameworks/ApplicationServices.framework/Versions/A/Frameworks/ATS.framework/Versions/A/Resources/libFontParser.dylib
0x000000000a610000 	/System/Library/Frameworks/ApplicationServices.framework/Versions/A/Frameworks/ATS.framework/Versions/A/Resources/libFontRegistry.dylib
0x000000000a610000 	/System/Library/PrivateFrameworks/AppleVPA.framework/Versions/A/AppleVPA
0x000000000a610000 	/System/Library/PrivateFrameworks/AppleJPEG.framework/Versions/A/AppleJPEG
0x000000000a610000 	/System/Library/Frameworks/ImageIO.framework/Versions/A/Resources/libJPEG.dylib
0x000000000a610000 	/System/Library/Frameworks/ImageIO.framework/Versions/A/Resources/libTIFF.dylib
0x000000000a610000 	/System/Library/Frameworks/ImageIO.framework/Versions/A/Resources/libPng.dylib
0x000000000a610000 	/System/Library/Frameworks/ImageIO.framework/Versions/A/Resources/libGIF.dylib
0x000000000a610000 	/System/Library/Frameworks/ImageIO.framework/Versions/A/Resources/libJP2.dylib
0x000000000a610000 	/System/Library/Frameworks/ImageIO.framework/Versions/A/Resources/libRadiance.dylib
0x000000000a610000 	/System/Library/Frameworks/CoreVideo.framework/Versions/A/CoreVideo
0x000000000a610000 	/System/Library/Frameworks/OpenGL.framework/Versions/A/Libraries/libGLU.dylib
0x000000000a610000 	/System/Library/Frameworks/OpenGL.framework/Versions/A/Libraries/libGFXShared.dylib
0x000000000a610000 	/System/Library/Frameworks/OpenGL.framework/Versions/A/Libraries/libGL.dylib
0x000000000a610000 	/System/Library/Frameworks/OpenGL.framework/Versions/A/Libraries/libGLImage.dylib
0x000000000a610000 	/System/Library/Frameworks/OpenGL.framework/Versions/A/Libraries/libCVMSPluginSupport.dylib
0x000000000a610000 	/System/Library/Frameworks/OpenGL.framework/Versions/A/Libraries/libCoreVMClient.dylib
0x000000000a610000 	/usr/lib/libcups.2.dylib
0x000000000a610000 	/System/Library/Frameworks/Kerberos.framework/Versions/A/Kerberos
0x000000000a610000 	/System/Library/Frameworks/GSS.framework/Versions/A/GSS
0x000000000a610000 	/usr/lib/libresolv.9.dylib
0x000000000a610000 	/usr/lib/libiconv.2.dylib
0x000000000a610000 	/System/Library/PrivateFrameworks/Heimdal.framework/Versions/A/Heimdal
0x000000000a610000 	/usr/lib/libheimdal-asn1.dylib
0x000000000a610000 	/System/Library/Frameworks/OpenDirectory.framework/Versions/A/OpenDirectory
0x000000000a610000 	/System/Library/PrivateFrameworks/CommonAuth.framework/Versions/A/CommonAuth
0x000000000a610000 	/System/Library/Frameworks/OpenDirectory.framework/Versions/A/Frameworks/CFOpenDirectory.framework/Versions/A/CFOpenDirectory
0x000000000a610000 	/System/Library/Frameworks/SecurityFoundation.framework/Versions/A/SecurityFoundation
0x000000000a610000 	/System/Library/PrivateFrameworks/LanguageModeling.framework/Versions/A/LanguageModeling
0x000000000a610000 	/usr/lib/libcmph.dylib
0x000000000a610000 	/System/Library/Frameworks/ServiceManagement.framework/Versions/A/ServiceManagement
0x000000000a610000 	/usr/lib/libxslt.1.dylib
0x000000000a610000 	/System/Library/Frameworks/Carbon.framework/Versions/A/Frameworks/Ink.framework/Versions/A/Ink
0x000000000a610000 	/System/Library/Frameworks/QuartzCore.framework/Versions/A/Frameworks/CoreImage.framework/Versions/A/CoreImage
0x000000000a610000 	/System/Library/PrivateFrameworks/CrashReporterSupport.framework/Versions/A/CrashReporterSupport
0x000000000a610000 	/System/Library/Frameworks/OpenCL.framework/Versions/A/OpenCL
0x000000000a610000 	/System/Library/PrivateFrameworks/FaceCore.framework/Versions/A/FaceCore
0x000000000a610000 	/System/Library/PrivateFrameworks/Ubiquity.framework/Versions/A/Ubiquity
0x000000000a610000 	/System/Library/PrivateFrameworks/IconServices.framework/Versions/A/IconServices
0x000000000a610000 	/System/Library/PrivateFrameworks/ChunkingLibrary.framework/Versions/A/ChunkingLibrary
0x000000000a610000 	/System/Library/PrivateFrameworks/Apple80211.framework/Versions/A/Apple80211
0x000000000a610000 	/System/Library/Frameworks/CoreWLAN.framework/Versions/A/CoreWLAN
0x000000000a610000 	/System/Library/Frameworks/IOBluetooth.framework/Versions/A/IOBluetooth
0x000000000a610000 	/System/Library/PrivateFrameworks/CoreWiFi.framework/Versions/A/CoreWiFi
0x000000000a610000 	/System/Library/Frameworks/CoreBluetooth.framework/Versions/A/CoreBluetooth
0x000000000a610000 	/System/Library/PrivateFrameworks/DebugSymbols.framework/Versions/A/DebugSymbols
0x000000000a610000 	/System/Library/PrivateFrameworks/CoreSymbolication.framework/Versions/A/CoreSymbolication
0x000000000a610000 	/System/Library/PrivateFrameworks/Symbolication.framework/Versions/A/Symbolication
0x000000000a610000 	/System/Library/PrivateFrameworks/SpeechRecognitionCore.framework/Versions/A/SpeechRecognitionCore
0x0000000102e00000 	/Library/Java/JavaVirtualMachines/jdk1.8.0_45.jdk/Contents/Home/jre/lib/server/libjvm.dylib
0x000000000a610000 	/usr/lib/libstdc++.6.dylib
0x0000000101d2c000 	/Library/Java/JavaVirtualMachines/jdk1.8.0_45.jdk/Contents/Home/jre/lib/libverify.dylib
0x0000000101d3a000 	/Library/Java/JavaVirtualMachines/jdk1.8.0_45.jdk/Contents/Home/jre/lib/libjava.dylib
0x0000000101d79000 	/Library/Java/JavaVirtualMachines/jdk1.8.0_45.jdk/Contents/Home/jre/lib/libzip.dylib
0x000000011adfc000 	/System/Library/Frameworks/JavaVM.framework/Frameworks/JavaRuntimeSupport.framework/JavaRuntimeSupport
0x000000011ae14000 	/System/Library/Frameworks/JavaVM.framework/Versions/A/Frameworks/JavaNativeFoundation.framework/Versions/A/JavaNativeFoundation
0x0000000101df3000 	/System/Library/Frameworks/JavaVM.framework/Versions/A/JavaVM
0x000000000a610000 	/System/Library/Frameworks/Carbon.framework/Versions/A/Carbon
0x000000011ae29000 	/System/Library/PrivateFrameworks/JavaLaunching.framework/Versions/A/JavaLaunching
0x000000000a610000 	/System/Library/Frameworks/Carbon.framework/Versions/A/Frameworks/CommonPanels.framework/Versions/A/CommonPanels
0x000000000a610000 	/System/Library/Frameworks/Carbon.framework/Versions/A/Frameworks/Help.framework/Versions/A/Help
0x000000000a610000 	/System/Library/Frameworks/Carbon.framework/Versions/A/Frameworks/ImageCapture.framework/Versions/A/ImageCapture
0x000000000a610000 	/System/Library/Frameworks/Carbon.framework/Versions/A/Frameworks/OpenScripting.framework/Versions/A/OpenScripting
0x000000000a610000 	/System/Library/Frameworks/Carbon.framework/Versions/A/Frameworks/Print.framework/Versions/A/Print
0x000000000a610000 	/System/Library/Frameworks/Carbon.framework/Versions/A/Frameworks/SecurityHI.framework/Versions/A/SecurityHI
0x000000011cf82000 	/Library/Java/JavaVirtualMachines/jdk1.8.0_45.jdk/Contents/Home/jre/lib/libawt.dylib
0x000000011d02a000 	/Library/Java/JavaVirtualMachines/jdk1.8.0_45.jdk/Contents/Home/jre/lib/./libmlib_image.dylib
0x000000011d0f6000 	/Library/Java/JavaVirtualMachines/jdk1.8.0_45.jdk/Contents/Home/jre/lib/libawt_lwawt.dylib
0x000000011d1aa000 	/Library/Java/JavaVirtualMachines/jdk1.8.0_45.jdk/Contents/Home/jre/lib/./libosxapp.dylib
0x000000000a610000 	/System/Library/Frameworks/ExceptionHandling.framework/Versions/A/ExceptionHandling
0x000000000a610000 	/System/Library/PrivateFrameworks/CoreServicesInternal.framework/Versions/A/CoreServicesInternal
0x000000000a610000 	/System/Library/PrivateFrameworks/CloudDocs.framework/Versions/A/CloudDocs
0x000000000a610000 	/System/Library/PrivateFrameworks/CoreDuet.framework/Versions/A/CoreDuet
0x000000000a610000 	/System/Library/Frameworks/CloudKit.framework/Versions/A/CloudKit
0x000000000a610000 	/System/Library/PrivateFrameworks/ProtocolBuffer.framework/Versions/A/ProtocolBuffer
0x000000000a610000 	/System/Library/PrivateFrameworks/CoreDuetDaemonProtocol.framework/Versions/A/CoreDuetDaemonProtocol
0x000000000a610000 	/System/Library/PrivateFrameworks/CoreDuetDebugLogging.framework/Versions/A/CoreDuetDebugLogging
0x000000000a610000 	/System/Library/PrivateFrameworks/MMCS.framework/Versions/A/MMCS
0x000000000a610000 	/System/Library/Frameworks/CoreLocation.framework/Versions/A/CoreLocation
0x000000000a610000 	/System/Library/PrivateFrameworks/ProtectedCloudStorage.framework/Versions/A/ProtectedCloudStorage
0x000000000a610000 	/System/Library/PrivateFrameworks/GeoServices.framework/Versions/A/GeoServices
0x000000000a610000 	/System/Library/Frameworks/CoreGraphics.framework/Versions/A/Resources/libCGCMS.A.dylib
0x000000000a610000 	/System/Library/Frameworks/CoreGraphics.framework/Versions/A/Resources/libRIP.A.dylib
0x000000000a610000 	/System/Library/Frameworks/CoreGraphics.framework/Versions/A/Resources/libCGXType.A.dylib
0x000000000a610000 	/System/Library/Frameworks/OpenCL.framework/Versions/A/Libraries/libcldcpuengine.dylib
0x000000000a610000 	/System/Library/PrivateFrameworks/DiskImages.framework/Versions/A/DiskImages
0x000000000a610000 	/System/Library/Frameworks/DiscRecording.framework/Versions/A/DiscRecording
0x000000000a610000 	/usr/lib/libcsfde.dylib
0x000000000a610000 	/usr/lib/libcurl.4.dylib
0x000000000a610000 	/System/Library/PrivateFrameworks/MediaKit.framework/Versions/A/MediaKit
0x000000000a610000 	/usr/lib/libCoreStorage.dylib
0x000000000a610000 	/System/Library/PrivateFrameworks/EFILogin.framework/Versions/A/EFILogin
0x000000000a610000 	/usr/lib/libutil.dylib
0x000000000a610000 	/System/Library/PrivateFrameworks/FindMyDevice.framework/Versions/A/FindMyDevice
0x000000000a610000 	/System/Library/Frameworks/LDAP.framework/Versions/A/LDAP
0x000000000a610000 	/usr/lib/libsasl2.2.dylib
0x000000000a610000 	/System/Library/PrivateFrameworks/CoreDaemon.framework/Versions/B/CoreDaemon
0x000000000a610000 	/usr/lib/libcrypto.0.9.8.dylib
0x000000000a610000 	/System/Library/PrivateFrameworks/AppleSRP.framework/Versions/A/AppleSRP
0x000000000a610000 	/System/Library/PrivateFrameworks/TrustEvaluationAgent.framework/Versions/A/TrustEvaluationAgent
0x000000012046c000 	cl_kernels
0x000000012046e000 	/System/Library/Frameworks/OpenCL.framework/Versions/A/Libraries/ImageFormats/unorm8_bgra.dylib
0x000000012045e000 	cl_kernels
0x000000000a610000 	/System/Library/PrivateFrameworks/FamilyControls.framework/Versions/A/FamilyControls
0x000000000a610000 	/System/Library/PrivateFrameworks/CommerceKit.framework/Versions/A/Frameworks/CommerceCore.framework/Versions/A/CommerceCore
0x000000000a610000 	/System/Library/PrivateFrameworks/SystemAdministration.framework/Versions/A/SystemAdministration
0x000000000a610000 	/System/Library/PrivateFrameworks/AppContainer.framework/Versions/A/AppContainer
0x000000000a610000 	/System/Library/PrivateFrameworks/SecCodeWrapper.framework/Versions/A/SecCodeWrapper
0x000000000a610000 	/System/Library/Frameworks/DirectoryService.framework/Versions/A/DirectoryService
0x000000000a610000 	/System/Library/PrivateFrameworks/LoginUIKit.framework/Versions/A/Frameworks/LoginUICore.framework/Versions/A/LoginUICore
0x000000000a610000 	/usr/lib/libodfde.dylib
0x000000000a610000 	/System/Library/Frameworks/OpenGL.framework/Versions/A/Resources/GLEngine.bundle/GLEngine
0x000000000a610000 	/System/Library/Frameworks/OpenGL.framework/Versions/A/Libraries/libGLProgrammability.dylib
0x0000000000000000 	/System/Library/Extensions/AppleIntelHD5000GraphicsGLDriver.bundle/Contents/MacOS/AppleIntelHD5000GraphicsGLDriver
0x000000000a610000 	/System/Library/PrivateFrameworks/IOAccelerator.framework/Versions/A/IOAccelerator
0x000000000a610000 	/System/Library/PrivateFrameworks/GPUSupport.framework/Versions/A/Libraries/libGPUSupportMercury.dylib
0x0000000000000000 	/System/Library/Extensions/GeForceGLDriver.bundle/Contents/MacOS/GeForceGLDriver
0x000000000a610000 	/System/Library/Extensions/GeForceGLDriver.bundle/Contents/MacOS/libclh.dylib
0x000000000a610000 	/System/Library/Frameworks/OpenGL.framework/Versions/A/Resources/GLRendererFloat.bundle/GLRendererFloat
0x000000012283f000 	/Library/Java/JavaVirtualMachines/jdk1.8.0_45.jdk/Contents/Home/jre/lib/libfontmanager.dylib
0x00000001228a6000 	/Library/Java/JavaVirtualMachines/jdk1.8.0_45.jdk/Contents/Home/jre/lib/libosxui.dylib
0x0000000122e56000 	/Library/Java/JavaVirtualMachines/jdk1.8.0_45.jdk/Contents/Home/jre/lib/libnet.dylib
0x0000000122eb5000 	/Library/Java/JavaVirtualMachines/jdk1.8.0_45.jdk/Contents/Home/jre/lib/libnio.dylib
0x000000000a610000 	/System/Library/Frameworks/Accelerate.framework/Versions/A/Frameworks/vImage.framework/Versions/A/Libraries/libCGInterfaces.dylib
0x0000000123e7c000 	/Library/Java/JavaVirtualMachines/jdk1.8.0_45.jdk/Contents/Home/jre/lib/libosx.dylib
0x0000000124032000 	/Library/Java/JavaVirtualMachines/jdk1.8.0_45.jdk/Contents/Home/jre/lib/libprism_es2.dylib
0x000000012453a000 	/Library/Java/JavaVirtualMachines/jdk1.8.0_45.jdk/Contents/Home/jre/lib/libglass.dylib
0x0000000124087000 	/private/var/folders/_3/gr58kqxs4vq4rdz44_t3sk9c0000gn/T/jogamp_0000/file_cache/jln7344703673874991313/jln4861536828186256248/libgluegen-rt.jnilib
0x000000012408e000 	/private/var/folders/_3/gr58kqxs4vq4rdz44_t3sk9c0000gn/T/jogamp_0000/file_cache/jln7344703673874991313/jln4861536828186256248/libnativewindow_awt.jnilib
0x000000012418d000 	/Library/Java/JavaVirtualMachines/jdk1.8.0_45.jdk/Contents/Home/jre/lib/libjawt.dylib
0x0000000124740000 	/private/var/folders/_3/gr58kqxs4vq4rdz44_t3sk9c0000gn/T/jogamp_0000/file_cache/jln7344703673874991313/jln4861536828186256248/libnativewindow_macosx.jnilib
0x000000012995d000 	/private/var/folders/_3/gr58kqxs4vq4rdz44_t3sk9c0000gn/T/jogamp_0000/file_cache/jln7344703673874991313/jln4861536828186256248/libjogl_desktop.jnilib
0x0000000129035000 	/private/var/folders/_3/gr58kqxs4vq4rdz44_t3sk9c0000gn/T/jogamp_0000/file_cache/jln7344703673874991313/jln4861536828186256248/libjogl_mobile.jnilib
0x000000012c1e3000 	/Users/stefanmeier/Documents/FHNW/JHelioviewer/JHelioviewer/lib/native/libkdu_jni.jnilib
0x000000012c31d000 	/Users/stefanmeier/Documents/FHNW/JHelioviewer/JHelioviewer/lib/native/libkdu_v75R.dylib
0x000000012c41c000 	/Users/stefanmeier/Documents/FHNW/JHelioviewer/JHelioviewer/lib/native/libkdu_a75R.dylib
0x0000000129430000 	/Library/Java/JavaVirtualMachines/jdk1.8.0_45.jdk/Contents/Home/jre/lib/libdcpr.dylib

VM Arguments:
jvm_args: -Dapple.laf.useScreenMenuBar=true -Xmx2048m -Djava.library.path=/Users/stefanmeier/Documents/FHNW/JHelioviewer/JHelioviewer/lib/native:/Users/stefanmeier/Documents/FHNW/JHelioviewer/JHelioviewer/lib/native -Dfile.encoding=UTF-8 
java_command: org.helioviewer.jhv.JHelioviewer
java_class_path (initial): /Users/stefanmeier/Documents/FHNW/JHelioviewer/JHelioviewer/bin:/Users/stefanmeier/Documents/FHNW/JHelioviewer/JHelioviewer/lib/fits.jar:/Users/stefanmeier/Documents/FHNW/JHelioviewer/JHelioviewer/lib/forms-1.3.0.jar:/Users/stefanmeier/Documents/FHNW/JHelioviewer/JHelioviewer/lib/gluegen-rt.jar:/Users/stefanmeier/Documents/FHNW/JHelioviewer/JHelioviewer/lib/jgoodies-forms-1.8.0.jar:/Users/stefanmeier/Documents/FHNW/JHelioviewer/JHelioviewer/lib/json.jar:/Users/stefanmeier/Documents/FHNW/JHelioviewer/JHelioviewer/lib/log4j-1.2.16.jar:/Users/stefanmeier/Documents/FHNW/JHelioviewer/JHelioviewer/lib/xuggle-xuggler-5.4-all.jar:/Users/stefanmeier/Documents/FHNW/JHelioviewer/JHelioviewer/lib/bzip2.jar:/Users/stefanmeier/Documents/FHNW/JHelioviewer/JHelioviewer/lib/slf4j-api-1.7.7.jar:/Users/stefanmeier/Documents/FHNW/JHelioviewer/JHelioviewer/lib/slf4j-nop-1.7.7.jar:/Users/stefanmeier/Documents/FHNW/JHelioviewer/JHelioviewer/lib/gson-2.2.4.jar:/Users/stefanmeier/Documents/FHNW/JHelioviewer/JHelioviewer/lib/i4jruntime.jar:/Users/stefanmeier/Documents/FHNW/JHelioviewer/JHelioviewer/lib/kdu.jar:/Users/stefanmeier/Documents/FHNW/JHelioviewer/JHelioviewer/lib/junrar-0.7.jar:/Users/stefanmeier/Documents/FHNW/JHelioviewer/JHelioviewer/lib/commons-logging-1.2.jar:/Users/stefanmeier/Documents/FHNW/JHelioviewer/JHelioviewer/lib/core-2.0.0.jar:/Users/stefanmeier/Documents/FHNW/JHelioviewer/JHelioviewer/lib/gluegen-rt-natives-linux-amd64.jar:/Users/stefanmeier/Documents/FHNW/JHelioviewer/JHelioviewer/lib/gluegen-rt-natives-linux-i586.jar:/Users/stefanmeier/Documents/FHNW/JHelioviewer/JHelioviewer/lib/gluegen-rt-natives-macosx-universal.jar:/Users/stefanmeier/Documents/FHNW/JHelioviewer/JHelioviewer/lib/gluegen-rt-natives-windows-amd64.jar:/Users/stefanmeier/Documents/FHNW/JHelioviewer/JHelioviewer/lib/gluegen-rt-natives-windows-i586.jar:/Users/stefanmeier/Documents/FHNW/JHelioviewer/JHelioviewer/lib/jogl-all-natives-linux-amd64.jar:/Users/stefanmeier/Docum
Launcher Type: SUN_STANDARD

Environment Variables:
PATH=/usr/bin:/bin:/usr/sbin:/sbin
SHELL=/bin/bash

Signal Handlers:
SIGSEGV: [libjvm.dylib+0x58ef95], sa_mask[0]=11111111011111110111111111111111, sa_flags=SA_ONSTACK|SA_RESTART|SA_SIGINFO
SIGBUS: [libjvm.dylib+0x58ef95], sa_mask[0]=11111111011111110111111111111111, sa_flags=SA_RESTART|SA_SIGINFO
SIGFPE: [libjvm.dylib+0x46c108], sa_mask[0]=11111111011111110111111111111111, sa_flags=SA_RESTART|SA_SIGINFO
SIGPIPE: SIG_IGN, sa_mask[0]=00000000000000000000000000000000, sa_flags=SA_RESTART
SIGXFSZ: [libjvm.dylib+0x46c108], sa_mask[0]=11111111011111110111111111111111, sa_flags=SA_RESTART|SA_SIGINFO
SIGILL: [libjvm.dylib+0x46c108], sa_mask[0]=11111111011111110111111111111111, sa_flags=SA_RESTART|SA_SIGINFO
SIGUSR1: SIG_DFL, sa_mask[0]=00000000000000000000000000000000, sa_flags=none
SIGUSR2: [libjvm.dylib+0x46bc26], sa_mask[0]=00100000000000000000000000000000, sa_flags=SA_RESTART|SA_SIGINFO
SIGHUP: [libjvm.dylib+0x46a1f9], sa_mask[0]=11111111011111110111111111111111, sa_flags=SA_RESTART|SA_SIGINFO
SIGINT: [libjvm.dylib+0x46a1f9], sa_mask[0]=11111111011111110111111111111111, sa_flags=SA_RESTART|SA_SIGINFO
SIGTERM: [libjvm.dylib+0x46a1f9], sa_mask[0]=11111111011111110111111111111111, sa_flags=SA_RESTART|SA_SIGINFO
SIGQUIT: [libjvm.dylib+0x46a1f9], sa_mask[0]=11111111011111110111111111111111, sa_flags=SA_RESTART|SA_SIGINFO


---------------  S Y S T E M  ---------------

OS:Bsduname:Darwin 14.4.0 Darwin Kernel Version 14.4.0: Thu May 28 11:35:04 PDT 2015; root:xnu-2782.30.5~1/RELEASE_X86_64 x86_64
rlimit: STACK 8192k, CORE 0k, NPROC 709, NOFILE 10240, AS infinity
load average:1.97 2.50 2.81

CPU:total 8 (4 cores per cpu, 2 threads per core) family 6 model 70 stepping 1, cmov, cx8, fxsr, mmx, sse, sse2, sse3, ssse3, sse4.1, sse4.2, popcnt, avx, avx2, aes, clmul, erms, rtm, lzcnt, ht, tsc, tscinvbit, bmi1, bmi2

Memory: 4k page, physical 16777216k(2267788k free)

/proc/meminfo:


vm_info: Java HotSpot(TM) 64-Bit Server VM (25.45-b02) for bsd-amd64 JRE (1.8.0_45-b14), built on Apr 10 2015 10:46:38 by "java_re" with gcc 4.2.1 (Based on Apple Inc. build 5658) (LLVM build 2336.11.00)

time: Fri Aug 21 15:16:26 2015
elapsed time: 16 seconds (0d 0h 0m 16s)

