#
# A fatal error has been detected by the Java Runtime Environment:
#
#  SIGSEGV (0xb) at pc=0x000000012bc6b7aa, pid=13873, tid=141171
#
# JRE version: Java(TM) SE Runtime Environment (8.0_45-b14) (build 1.8.0_45-b14)
# Java VM: Java HotSpot(TM) 64-Bit Server VM (25.45-b02 mixed mode bsd-amd64 compressed oops)
# Problematic frame:
# C  [libkdu_v75R.dylib+0x4e7aa]  kdu_core::kdu_error::kdu_error()+0x2a
#
# Failed to write core dump. Core dumps have been disabled. To enable core dumping, try "ulimit -c unlimited" before starting Java again
#
# If you would like to submit a bug report, please visit:
#   http://bugreport.java.com/bugreport/crash.jsp
# The crash happened outside the Java Virtual Machine in native code.
# See problematic frame for where to report the bug.
#

---------------  T H R E A D  ---------------

Current thread (0x00007f986d12f000):  JavaThread "Decoding-Data" [_thread_in_native, id=141171, stack(0x000000012f18d000,0x000000012f28d000)]

siginfo: si_signo: 11 (SIGSEGV), si_code: 1 (SEGV_MAPERR), si_addr: 0x0000000000000028

Registers:
RAX=0x0000000000000000, RBX=0x000000012f28c618, RCX=0x00007f987585b840, RDX=0x0000000000000000
RSP=0x000000012f28c5f0, RBP=0x000000012f28c600, RSI=0x00007f986cc3ba40, RDI=0x00007f9871d95710
R8 =0x0000000000000000, R9 =0x0000000741260748, R10=0x000000000000ab88, R11=0x000000012bc6b780
R12=0x000000012f28c618, R13=0x000000012f28c6e8, R14=0x0000000000000000, R15=0x00007f986cc3ba40
RIP=0x000000012bc6b7aa, EFLAGS=0x0000000000010202, ERR=0x0000000000000004
  TRAPNO=0x000000000000000e

Top of Stack: (sp=0x000000012f28c5f0)
0x000000012f28c5f0:   00007f986c9cdc00 00007f9879574200
0x000000012f28c600:   000000012f28c660 000000012bd85acb
0x000000012f28c610:   00000007958050d0 000000012bcef8b0
0x000000012f28c620:   0000000141fb2d00 00007f9871d95710
0x000000012f28c630:   0000000141fb3250 00000001420d1978
0x000000012f28c640:   00007f9879574200 00007f986cc3ba40
0x000000012f28c650:   00007f9873af80d0 0000000000000000
0x000000012f28c660:   000000012f28c690 000000012bd935bc
0x000000012f28c670:   0000000000000000 00007f986d12f1f8
0x000000012f28c680:   00007f986cc3ba40 0000000000000000
0x000000012f28c690:   000000012f28c6d0 000000012bb409b4
0x000000012f28c6a0:   000000012f28c6e0 000000012c0d8ef0
0x000000012f28c6b0:   0000000000000000 000000012f28c738
0x000000012f28c6c0:   00000001420d1d20 00007f986d12f000
0x000000012f28c6d0:   000000012f28c720 0000000102fd6592
0x000000012f28c6e0:   0000000741260748 0000000740ade070
0x000000012f28c6f0:   0000000000000000 000000010304c76c
0x000000012f28c700:   00000001420d16c0 000000012dee26b0
0x000000012f28c710:   0000000000000000 000000012f28c730
0x000000012f28c720:   000000012f28c790 00000001022739d0
0x000000012f28c730:   00000001022739d0 0000000000000000
0x000000012f28c740:   0000000740ade070 0000000741260748
0x000000012f28c750:   000000012f28c750 000000012c0d0326
0x000000012f28c760:   000000012f28c7b0 000000012c0d2628
0x000000012f28c770:   00000001420d1d20 000000012c0d0378
0x000000012f28c780:   000000012f28c738 000000012f28c7a8
0x000000012f28c790:   000000012f28c7f8 0000000102273c4d
0x000000012f28c7a0:   0000000000000000 0000000741260748
0x000000012f28c7b0:   0000000740cd7308 000000012f28c7b8
0x000000012f28c7c0:   000000012df1339d 000000012f28c858
0x000000012f28c7d0:   000000012df13cb0 00000001420d0f90
0x000000012f28c7e0:   000000012df134b0 000000012f28c7a8 

Instructions: (pc=0x000000012bc6b7aa)
0x000000012bc6b78a:   43 08 00 48 8d 05 1c 41 08 00 48 89 03 48 8b 3d
0x000000012bc6b79a:   0a 59 08 00 48 89 7b 10 48 85 ff 74 0c 48 8b 07
0x000000012bc6b7aa:   48 8b 40 28 ff d0 48 8b 03 48 c7 43 20 00 00 00
0x000000012bc6b7ba:   00 48 c7 43 18 00 00 00 00 48 8b 40 10 48 8d 35 

Register to memory mapping:

RAX=0x0000000000000000 is an unknown value
RBX=0x000000012f28c618 is pointing into the stack for thread: 0x00007f986d12f000
RCX=0x00007f987585b840 is an unknown value
RDX=0x0000000000000000 is an unknown value
RSP=0x000000012f28c5f0 is pointing into the stack for thread: 0x00007f986d12f000
RBP=0x000000012f28c600 is pointing into the stack for thread: 0x00007f986d12f000
RSI=0x00007f986cc3ba40 is an unknown value
RDI=0x00007f9871d95710 is an unknown value
R8 =0x0000000000000000 is an unknown value
R9 =0x0000000741260748 is an oop
kdu_jni.Kdu_region_compositor 
 - klass: 'kdu_jni/Kdu_region_compositor'
R10=0x000000000000ab88 is an unknown value
R11=0x000000012bc6b780: _ZN8kdu_core9kdu_errorC1Ev+0 in /Users/stefanmeier/Documents/FHNW/JHelioviewer/JHelioviewer/lib/native/libkdu_v75R.dylib at 0x000000012bc1d000
R12=0x000000012f28c618 is pointing into the stack for thread: 0x00007f986d12f000
R13=0x000000012f28c6e8 is pointing into the stack for thread: 0x00007f986d12f000
R14=0x0000000000000000 is an unknown value
R15=0x00007f986cc3ba40 is an unknown value


Stack: [0x000000012f18d000,0x000000012f28d000],  sp=0x000000012f28c5f0,  free space=1021k
Native frames: (J=compiled Java code, j=interpreted, Vv=VM code, C=native code)
C  [libkdu_v75R.dylib+0x4e7aa]  kdu_core::kdu_error::kdu_error()+0x2a
C  [libkdu_a75R.dylib+0x69acb]  kd_supp_local::kdrc_stream::set_thread_env(kdu_core::kdu_thread_env*, kdu_core::kdu_thread_queue*)+0x33
C  [libkdu_a75R.dylib+0x775bc]  kdu_supp::kdu_region_compositor::set_thread_env(kdu_core::kdu_thread_env*, kdu_core::kdu_thread_queue*)+0x60
C  [libkdu_jni.jnilib+0x5d9b4]  Java_kdu_1jni_Kdu_1region_1compositor_Set_1thread_1env+0xd7
J 4814  kdu_jni.Kdu_region_compositor.Set_thread_env(Lkdu_jni/Kdu_thread_env;Lkdu_jni/Kdu_thread_queue;)Lkdu_jni/Kdu_thread_env; (0 bytes) @ 0x0000000102fd6592 [0x0000000102fd64c0+0xd2]
j  org.helioviewer.jhv.viewmodel.view.jp2view.newjpx.KakaduRender.openImage(Lkdu_jni/Kdu_region_compositor;)V+6
j  org.helioviewer.jhv.viewmodel.view.jp2view.newjpx.UltimateLayer.getImageData(Ljava/time/LocalDateTime;Lorg/helioviewer/jhv/base/ImageRegion;Lorg/helioviewer/jhv/viewmodel/metadata/MetaData;Z)Ljava/nio/ByteBuffer;+213
J 5023 C1 org.helioviewer.jhv.layers.ImageLayer$1.run()V (156 bytes) @ 0x000000010309d9dc [0x000000010309d5c0+0x41c]
J 6828 C1 java.lang.Thread.run()V (17 bytes) @ 0x0000000102502dc4 [0x0000000102502c80+0x144]
v  ~StubRoutines::call_stub
V  [libjvm.dylib+0x2e032a]  JavaCalls::call_helper(JavaValue*, methodHandle*, JavaCallArguments*, Thread*)+0x6ae
V  [libjvm.dylib+0x2e0ab8]  JavaCalls::call_virtual(JavaValue*, KlassHandle, Symbol*, Symbol*, JavaCallArguments*, Thread*)+0x164
V  [libjvm.dylib+0x2e0c64]  JavaCalls::call_virtual(JavaValue*, Handle, KlassHandle, Symbol*, Symbol*, Thread*)+0x4a
V  [libjvm.dylib+0x3331a5]  thread_entry(JavaThread*, Thread*)+0x7c
V  [libjvm.dylib+0x549acf]  JavaThread::thread_main_inner()+0x9b
V  [libjvm.dylib+0x54b1c0]  JavaThread::run()+0x1c2
V  [libjvm.dylib+0x46ea7e]  java_start(Thread*)+0xf6
C  [libsystem_pthread.dylib+0x3268]  _pthread_body+0x83
C  [libsystem_pthread.dylib+0x31e5]  _pthread_body+0x0
C  [libsystem_pthread.dylib+0x141d]  thread_start+0xd
C  0x0000000000000000

Java frames: (J=compiled Java code, j=interpreted, Vv=VM code)
J 4814  kdu_jni.Kdu_region_compositor.Set_thread_env(Lkdu_jni/Kdu_thread_env;Lkdu_jni/Kdu_thread_queue;)Lkdu_jni/Kdu_thread_env; (0 bytes) @ 0x0000000102fd6520 [0x0000000102fd64c0+0x60]
j  org.helioviewer.jhv.viewmodel.view.jp2view.newjpx.KakaduRender.openImage(Lkdu_jni/Kdu_region_compositor;)V+6
j  org.helioviewer.jhv.viewmodel.view.jp2view.newjpx.UltimateLayer.getImageData(Ljava/time/LocalDateTime;Lorg/helioviewer/jhv/base/ImageRegion;Lorg/helioviewer/jhv/viewmodel/metadata/MetaData;Z)Ljava/nio/ByteBuffer;+213
J 5023 C1 org.helioviewer.jhv.layers.ImageLayer$1.run()V (156 bytes) @ 0x000000010309d9dc [0x000000010309d5c0+0x41c]
J 6828 C1 java.lang.Thread.run()V (17 bytes) @ 0x0000000102502dc4 [0x0000000102502c80+0x144]
v  ~StubRoutines::call_stub

---------------  P R O C E S S  ---------------

Java Threads: ( => current thread )
=>0x00007f986d12f000 JavaThread "Decoding-Data" [_thread_in_native, id=141171, stack(0x000000012f18d000,0x000000012f28d000)]
  0x00007f986eac5000 JavaThread "Image Fetcher 0" daemon [_thread_blocked, id=150899, stack(0x0000000132389000,0x0000000132489000)]
  0x00007f986f15b800 JavaThread "UI latency watchdog" daemon [_thread_blocked, id=39219, stack(0x000000012a9f7000,0x000000012aaf7000)]
  0x00007f986b88a800 JavaThread "DestroyJavaVM" [_thread_blocked, id=4867, stack(0x000000010216a000,0x000000010226a000)]
  0x00007f986b3db000 JavaThread "Download-Thread-5" [_thread_blocked, id=79107, stack(0x0000000134592000,0x0000000134692000)]
  0x00007f986b3da000 JavaThread "Download-Thread-4" [_thread_blocked, id=78595, stack(0x000000013448f000,0x000000013458f000)]
  0x00007f986b3d9800 JavaThread "Download-Thread-3" [_thread_blocked, id=78083, stack(0x000000013438c000,0x000000013448c000)]
  0x00007f986b3d8800 JavaThread "Download-Thread-2" [_thread_blocked, id=77571, stack(0x000000012e615000,0x000000012e715000)]
  0x00007f986d8a8800 JavaThread "Download-Thread-1" [_thread_blocked, id=77059, stack(0x000000012cfc4000,0x000000012d0c4000)]
  0x00007f986b3d8000 JavaThread "Download-Thread-0" [_thread_blocked, id=76807, stack(0x000000012cec1000,0x000000012cfc1000)]
  0x00007f986e376800 JavaThread "Thread-6" daemon [_thread_in_native, id=66819, stack(0x00000001236ff000,0x000000012377f000)]
  0x00007f986ea6a000 JavaThread "Thread-5" daemon [_thread_blocked, id=62227, stack(0x00000001233b0000,0x00000001234b0000)]
  0x00007f986e26f800 JavaThread "QuantumRenderer-0" daemon [_thread_blocked, id=61959, stack(0x0000000122ae8000,0x0000000122be8000)]
  0x00007f986c951000 JavaThread "Timer-0" daemon [_thread_blocked, id=63499, stack(0x0000000122d4d000,0x0000000122e4d000)]
  0x00007f986c9bf000 JavaThread "TimerQueue" daemon [_thread_blocked, id=64603, stack(0x00000001266fe000,0x00000001267fe000)]
  0x00007f986c92a000 JavaThread "AWT-EventQueue-0" [_thread_blocked, id=58371, stack(0x0000000121468000,0x0000000121568000)]
  0x00007f986e1d7000 JavaThread "Java2D Disposer" daemon [_thread_blocked, id=57611, stack(0x0000000120cda000,0x0000000120dda000)]
  0x00007f986c914800 JavaThread "Java2D Queue Flusher" daemon [_thread_blocked, id=54023, stack(0x000000011fee2000,0x000000011ffe2000)]
  0x00007f986e839000 JavaThread "AWT-Shutdown" [_thread_blocked, id=30739, stack(0x000000011ce58000,0x000000011cf58000)]
  0x00007f986c8ac000 JavaThread "AWT-AppKit" daemon [_thread_in_native, id=1811, stack(0x00007fff5f3b3000,0x00007fff5fbb3000)]
  0x00007f986e81f000 JavaThread "Service Thread" daemon [_thread_blocked, id=20739, stack(0x000000011b15d000,0x000000011b25d000)]
  0x00007f986e821000 JavaThread "C1 CompilerThread3" daemon [_thread_blocked, id=20227, stack(0x000000011b05a000,0x000000011b15a000)]
  0x00007f986e820800 JavaThread "C2 CompilerThread2" daemon [_thread_blocked, id=19715, stack(0x000000011af57000,0x000000011b057000)]
  0x00007f986d802800 JavaThread "C2 CompilerThread1" daemon [_thread_blocked, id=19203, stack(0x000000011ae54000,0x000000011af54000)]
  0x00007f986e04d800 JavaThread "C2 CompilerThread0" daemon [_thread_blocked, id=18691, stack(0x000000011ad51000,0x000000011ae51000)]
  0x00007f986e04d000 JavaThread "Signal Dispatcher" daemon [_thread_blocked, id=14615, stack(0x000000011ac4e000,0x000000011ad4e000)]
  0x00007f986c814800 JavaThread "Finalizer" daemon [_thread_blocked, id=13571, stack(0x0000000119245000,0x0000000119345000)]
  0x00007f986c814000 JavaThread "Reference Handler" daemon [_thread_in_vm, id=13059, stack(0x0000000119142000,0x0000000119242000)]

Other Threads:
  0x00007f986c811800 VMThread [stack: 0x000000011903f000,0x000000011913f000] [id=12547]
  0x00007f986c818800 WatcherThread [stack: 0x000000011b260000,0x000000011b360000] [id=21251]

VM state:not at safepoint (normal execution)

VM Mutex/Monitor currently owned by a thread: None

Heap:
 PSYoungGen      total 33792K, used 4809K [0x0000000795580000, 0x00000007a1500000, 0x00000007c0000000)
  eden space 33280K, 14% used [0x0000000795580000,0x0000000795a32788,0x0000000797600000)
  from space 512K, 0% used [0x00000007a1480000,0x00000007a1480000,0x00000007a1500000)
  to   space 512K, 0% used [0x00000007a1400000,0x00000007a1400000,0x00000007a1480000)
 ParOldGen       total 110080K, used 29969K [0x0000000740000000, 0x0000000746b80000, 0x0000000795580000)
  object space 110080K, 27% used [0x0000000740000000,0x0000000741d44748,0x0000000746b80000)
 Metaspace       used 34889K, capacity 35367K, committed 35712K, reserved 1081344K
  class space    used 4071K, capacity 4214K, committed 4224K, reserved 1048576K

Card table byte_map: [0x000000011162c000,0x0000000111a2d000] byte_map_base: 0x000000010dc2c000

Marking Bits: (ParMarkBitMap*) 0x0000000101ac27a0
 Begin Bits: [0x00000001124f0000, 0x00000001144f0000)
 End Bits:   [0x00000001144f0000, 0x00000001164f0000)

Polling page: 0x00000001001a6000

CodeCache: size=245760Kb used=17217Kb max_used=18243Kb free=228542Kb
 bounds [0x000000010226c000, 0x000000010350c000, 0x000000011126c000]
 total_blobs=6230 nmethods=5192 adapters=947
 compilation: enabled

Compilation events (10 events):
Event: 574.285 Thread 0x00007f986e820800 6894       4       org.helioviewer.jhv.gui.statusLabels.CurrentTimeLabel::timeStampChanged (17 bytes)
Event: 574.300 Thread 0x00007f986e820800 nmethod 6894 0x0000000102b71810 code [0x0000000102b71a20, 0x0000000102b72650]
Event: 589.780 Thread 0x00007f986e04d800 6895       4       java.lang.AbstractStringBuilder::<init> (12 bytes)
Event: 589.781 Thread 0x00007f986e04d800 nmethod 6895 0x0000000102812c10 code [0x0000000102812d60, 0x0000000102812e78]
Event: 591.316 Thread 0x00007f986e821000 6896       3       org.helioviewer.jhv.gui.statusLabels.FramerateStatusPanel::updateFramerate (41 bytes)
Event: 591.317 Thread 0x00007f986e821000 nmethod 6896 0x00000001027f2810 code [0x00000001027f2a00, 0x00000001027f33a8]
Event: 616.057 Thread 0x00007f986d802800 6897       4       sun.java2d.loops.GraphicsPrimitive::convertFrom (84 bytes)
Event: 616.061 Thread 0x00007f986d802800 nmethod 6897 0x0000000102e08490 code [0x0000000102e08620, 0x0000000102e08908]
Event: 625.143 Thread 0x00007f986e04d800 6898       4       org.helioviewer.jhv.base.math.Vector3d::cross (75 bytes)
Event: 625.144 Thread 0x00007f986e04d800 nmethod 6898 0x0000000102c48cd0 code [0x0000000102c48e20, 0x0000000102c48f58]

GC Heap History (10 events):
Event: 628.354 GC heap before
{Heap before GC invocations=697 (full 4):
 PSYoungGen      total 33792K, used 32568K [0x0000000795580000, 0x00000007a1500000, 0x00000007c0000000)
  eden space 33280K, 97% used [0x0000000795580000,0x000000079751e360,0x0000000797600000)
  from space 512K, 37% used [0x00000007a1480000,0x00000007a14b0000,0x00000007a1500000)
  to   space 512K, 0% used [0x00000007a1400000,0x00000007a1400000,0x00000007a1480000)
 ParOldGen       total 110080K, used 52885K [0x0000000740000000, 0x0000000746b80000, 0x0000000795580000)
  object space 110080K, 48% used [0x0000000740000000,0x00000007433a5420,0x0000000746b80000)
 Metaspace       used 34889K, capacity 35367K, committed 35712K, reserved 1081344K
  class space    used 4071K, capacity 4214K, committed 4224K, reserved 1048576K
Event: 628.356 GC heap after
Heap after GC invocations=697 (full 4):
 PSYoungGen      total 33792K, used 256K [0x0000000795580000, 0x00000007a1500000, 0x00000007c0000000)
  eden space 33280K, 0% used [0x0000000795580000,0x0000000795580000,0x0000000797600000)
  from space 512K, 50% used [0x00000007a1400000,0x00000007a1440000,0x00000007a1480000)
  to   space 512K, 0% used [0x00000007a1480000,0x00000007a1480000,0x00000007a1500000)
 ParOldGen       total 110080K, used 52917K [0x0000000740000000, 0x0000000746b80000, 0x0000000795580000)
  object space 110080K, 48% used [0x0000000740000000,0x00000007433ad420,0x0000000746b80000)
 Metaspace       used 34889K, capacity 35367K, committed 35712K, reserved 1081344K
  class space    used 4071K, capacity 4214K, committed 4224K, reserved 1048576K
}
Event: 628.607 GC heap before
{Heap before GC invocations=698 (full 4):
 PSYoungGen      total 33792K, used 32812K [0x0000000795580000, 0x00000007a1500000, 0x00000007c0000000)
  eden space 33280K, 97% used [0x0000000795580000,0x000000079754b2d8,0x0000000797600000)
  from space 512K, 50% used [0x00000007a1400000,0x00000007a1440000,0x00000007a1480000)
  to   space 512K, 0% used [0x00000007a1480000,0x00000007a1480000,0x00000007a1500000)
 ParOldGen       total 110080K, used 52917K [0x0000000740000000, 0x0000000746b80000, 0x0000000795580000)
  object space 110080K, 48% used [0x0000000740000000,0x00000007433ad420,0x0000000746b80000)
 Metaspace       used 34889K, capacity 35367K, committed 35712K, reserved 1081344K
  class space    used 4071K, capacity 4214K, committed 4224K, reserved 1048576K
Event: 628.609 GC heap after
Heap after GC invocations=698 (full 4):
 PSYoungGen      total 33792K, used 256K [0x0000000795580000, 0x00000007a1500000, 0x00000007c0000000)
  eden space 33280K, 0% used [0x0000000795580000,0x0000000795580000,0x0000000797600000)
  from space 512K, 50% used [0x00000007a1480000,0x00000007a14c0000,0x00000007a1500000)
  to   space 512K, 0% used [0x00000007a1400000,0x00000007a1400000,0x00000007a1480000)
 ParOldGen       total 110080K, used 52941K [0x0000000740000000, 0x0000000746b80000, 0x0000000795580000)
  object space 110080K, 48% used [0x0000000740000000,0x00000007433b3420,0x0000000746b80000)
 Metaspace       used 34889K, capacity 35367K, committed 35712K, reserved 1081344K
  class space    used 4071K, capacity 4214K, committed 4224K, reserved 1048576K
}
Event: 628.928 GC heap before
{Heap before GC invocations=699 (full 4):
 PSYoungGen      total 33792K, used 33294K [0x0000000795580000, 0x00000007a1500000, 0x00000007c0000000)
  eden space 33280K, 99% used [0x0000000795580000,0x00000007975c3a78,0x0000000797600000)
  from space 512K, 50% used [0x00000007a1480000,0x00000007a14c0000,0x00000007a1500000)
  to   space 512K, 0% used [0x00000007a1400000,0x00000007a1400000,0x00000007a1480000)
 ParOldGen       total 110080K, used 52941K [0x0000000740000000, 0x0000000746b80000, 0x0000000795580000)
  object space 110080K, 48% used [0x0000000740000000,0x00000007433b3420,0x0000000746b80000)
 Metaspace       used 34889K, capacity 35367K, committed 35712K, reserved 1081344K
  class space    used 4071K, capacity 4214K, committed 4224K, reserved 1048576K
Event: 628.929 GC heap after
Heap after GC invocations=699 (full 4):
 PSYoungGen      total 33792K, used 192K [0x0000000795580000, 0x00000007a1500000, 0x00000007c0000000)
  eden space 33280K, 0% used [0x0000000795580000,0x0000000795580000,0x0000000797600000)
  from space 512K, 37% used [0x00000007a1400000,0x00000007a1430000,0x00000007a1480000)
  to   space 512K, 0% used [0x00000007a1480000,0x00000007a1480000,0x00000007a1500000)
 ParOldGen       total 110080K, used 52957K [0x0000000740000000, 0x0000000746b80000, 0x0000000795580000)
  object space 110080K, 48% used [0x0000000740000000,0x00000007433b7420,0x0000000746b80000)
 Metaspace       used 34889K, capacity 35367K, committed 35712K, reserved 1081344K
  class space    used 4071K, capacity 4214K, committed 4224K, reserved 1048576K
}
Event: 629.220 GC heap before
{Heap before GC invocations=700 (full 4):
 PSYoungGen      total 33792K, used 32162K [0x0000000795580000, 0x00000007a1500000, 0x00000007c0000000)
  eden space 33280K, 96% used [0x0000000795580000,0x00000007974b8b30,0x0000000797600000)
  from space 512K, 37% used [0x00000007a1400000,0x00000007a1430000,0x00000007a1480000)
  to   space 512K, 0% used [0x00000007a1480000,0x00000007a1480000,0x00000007a1500000)
 ParOldGen       total 110080K, used 52957K [0x0000000740000000, 0x0000000746b80000, 0x0000000795580000)
  object space 110080K, 48% used [0x0000000740000000,0x00000007433b7420,0x0000000746b80000)
 Metaspace       used 34889K, capacity 35367K, committed 35712K, reserved 1081344K
  class space    used 4071K, capacity 4214K, committed 4224K, reserved 1048576K
Event: 629.221 GC heap after
Heap after GC invocations=700 (full 4):
 PSYoungGen      total 33792K, used 192K [0x0000000795580000, 0x00000007a1500000, 0x00000007c0000000)
  eden space 33280K, 0% used [0x0000000795580000,0x0000000795580000,0x0000000797600000)
  from space 512K, 37% used [0x00000007a1480000,0x00000007a14b0000,0x00000007a1500000)
  to   space 512K, 0% used [0x00000007a1400000,0x00000007a1400000,0x00000007a1480000)
 ParOldGen       total 110080K, used 52973K [0x0000000740000000, 0x0000000746b80000, 0x0000000795580000)
  object space 110080K, 48% used [0x0000000740000000,0x00000007433bb420,0x0000000746b80000)
 Metaspace       used 34889K, capacity 35367K, committed 35712K, reserved 1081344K
  class space    used 4071K, capacity 4214K, committed 4224K, reserved 1048576K
}
Event: 629.221 GC heap before
{Heap before GC invocations=701 (full 5):
 PSYoungGen      total 33792K, used 192K [0x0000000795580000, 0x00000007a1500000, 0x00000007c0000000)
  eden space 33280K, 0% used [0x0000000795580000,0x0000000795580000,0x0000000797600000)
  from space 512K, 37% used [0x00000007a1480000,0x00000007a14b0000,0x00000007a1500000)
  to   space 512K, 0% used [0x00000007a1400000,0x00000007a1400000,0x00000007a1480000)
 ParOldGen       total 110080K, used 52973K [0x0000000740000000, 0x0000000746b80000, 0x0000000795580000)
  object space 110080K, 48% used [0x0000000740000000,0x00000007433bb420,0x0000000746b80000)
 Metaspace       used 34889K, capacity 35367K, committed 35712K, reserved 1081344K
  class space    used 4071K, capacity 4214K, committed 4224K, reserved 1048576K
Event: 629.332 GC heap after
Heap after GC invocations=701 (full 5):
 PSYoungGen      total 33792K, used 0K [0x0000000795580000, 0x00000007a1500000, 0x00000007c0000000)
  eden space 33280K, 0% used [0x0000000795580000,0x0000000795580000,0x0000000797600000)
  from space 512K, 0% used [0x00000007a1480000,0x00000007a1480000,0x00000007a1500000)
  to   space 512K, 0% used [0x00000007a1400000,0x00000007a1400000,0x00000007a1480000)
 ParOldGen       total 110080K, used 29969K [0x0000000740000000, 0x0000000746b80000, 0x0000000795580000)
  object space 110080K, 27% used [0x0000000740000000,0x0000000741d44748,0x0000000746b80000)
 Metaspace       used 34889K, capacity 35367K, committed 35712K, reserved 1081344K
  class space    used 4071K, capacity 4214K, committed 4224K, reserved 1048576K
}

Deoptimization events (10 events):
Event: 444.385 Thread 0x00007f986c92a000 Uncommon trap: reason=class_check action=maybe_recompile pc=0x0000000102b91f3c method=javax.swing.SwingUtilities.getWindowAncestor(Ljava/awt/Component;)Ljava/awt/Window; @ 17
Event: 444.385 Thread 0x00007f986c92a000 Uncommon trap: reason=class_check action=maybe_recompile pc=0x0000000102b91f3c method=javax.swing.SwingUtilities.getWindowAncestor(Ljava/awt/Component;)Ljava/awt/Window; @ 17
Event: 444.385 Thread 0x00007f986c92a000 Uncommon trap: reason=class_check action=maybe_recompile pc=0x0000000102b91f3c method=javax.swing.SwingUtilities.getWindowAncestor(Ljava/awt/Component;)Ljava/awt/Window; @ 17
Event: 448.420 Thread 0x00007f986c92a000 Uncommon trap: reason=bimorphic action=maybe_recompile pc=0x0000000103261988 method=java.awt.KeyboardFocusManager.clearMostRecentFocusOwner(Ljava/awt/Component;)V @ 13
Event: 448.420 Thread 0x00007f986c92a000 Uncommon trap: reason=bimorphic action=maybe_recompile pc=0x0000000102cf6590 method=java.awt.Component.removeNotify()V @ 30
Event: 448.420 Thread 0x00007f986c92a000 Uncommon trap: reason=unstable_if action=reinterpret pc=0x0000000102c1e664 method=java.awt.Window.getInputContext()Ljava/awt/im/InputContext; @ 11
Event: 500.961 Thread 0x00007f9877800000 Uncommon trap: reason=unstable_if action=reinterpret pc=0x000000010302ed90 method=java.util.concurrent.locks.AbstractQueuedSynchronizer.doReleaseShared()V @ 69
Event: 629.219 Thread 0x00007f987945c800 Uncommon trap: reason=unstable_if action=reinterpret pc=0x0000000102f42684 method=java.nio.Bits.reserveMemory(JI)V @ 37
Event: 629.332 Thread 0x00007f986c914800 Uncommon trap: reason=unstable_if action=reinterpret pc=0x00000001032e90f4 method=sun.java2d.opengl.OGLRenderQueue$QueueFlusher.run()V @ 22
Event: 629.420 Thread 0x00007f986c92a000 Uncommon trap: reason=unstable_if action=reinterpret pc=0x0000000102a82034 method=java.util.concurrent.locks.AbstractQueuedSynchronizer.doAcquireSharedNanos(IJ)Z @ 99

Internal exceptions (10 events):
Event: 5.840 Thread 0x00007f986c806000 Exception <a 'java/io/FileNotFoundException'> (0x00000007978d7c60) thrown at [/Users/java_re/workspace/8-2-build-macosx-x86_64/jdk8u45/3457/hotspot/src/share/vm/prims/jni.cpp, line 709]
Event: 5.840 Thread 0x00007f986c806000 Exception <a 'java/io/FileNotFoundException'> (0x00000007978daf10) thrown at [/Users/java_re/workspace/8-2-build-macosx-x86_64/jdk8u45/3457/hotspot/src/share/vm/prims/jni.cpp, line 709]
Event: 5.841 Thread 0x00007f986c806000 Exception <a 'java/io/FileNotFoundException'> (0x00000007978de1c0) thrown at [/Users/java_re/workspace/8-2-build-macosx-x86_64/jdk8u45/3457/hotspot/src/share/vm/prims/jni.cpp, line 709]
Event: 5.974 Thread 0x00007f986c806000 Exception <a 'java/io/FileNotFoundException'> (0x0000000797f59e48) thrown at [/Users/java_re/workspace/8-2-build-macosx-x86_64/jdk8u45/3457/hotspot/src/share/vm/prims/jni.cpp, line 709]
Event: 5.983 Thread 0x00007f986c806000 Exception <a 'java/io/FileNotFoundException'> (0x0000000797fd4d78) thrown at [/Users/java_re/workspace/8-2-build-macosx-x86_64/jdk8u45/3457/hotspot/src/share/vm/prims/jni.cpp, line 709]
Event: 6.231 Thread 0x00007f986c92a000 Exception <a 'java/io/FileNotFoundException'> (0x0000000798427618) thrown at [/Users/java_re/workspace/8-2-build-macosx-x86_64/jdk8u45/3457/hotspot/src/share/vm/prims/jni.cpp, line 709]
Event: 6.581 Thread 0x00007f986c92a000 Exception <a 'java/lang/NullPointerException'> (0x000000079852e770) thrown at [/Users/java_re/workspace/8-2-build-macosx-x86_64/jdk8u45/3457/hotspot/src/share/vm/interpreter/linkResolver.cpp, line 1178]
Event: 19.135 Thread 0x00007f986c92a000 Implicit null exception at 0x0000000102e70268 to 0x0000000102e704dd
Event: 61.646 Thread 0x00007f986c92a000 Implicit null exception at 0x000000010330e6ae to 0x000000010330ec75
Event: 76.987 Thread 0x00007f986c92a000 Implicit null exception at 0x0000000102a39706 to 0x0000000102a39dcd

Events (10 events):
Event: 629.219 Thread 0x00007f987945c800 DEOPT UNPACKING pc=0x0000000102271229 sp=0x000000012edf5530 mode 2
Event: 629.219 Executing VM operation: ParallelGCSystemGC
Event: 629.332 Executing VM operation: ParallelGCSystemGC done
Event: 629.332 Thread 0x00007f986c914800 Uncommon trap: trap_request=0xffffff65 fr.pc=0x00000001032e90f4
Event: 629.332 Thread 0x00007f986c914800 DEOPT PACKING pc=0x00000001032e90f4 sp=0x000000011ffe18e0
Event: 629.332 Thread 0x00007f986c914800 DEOPT UNPACKING pc=0x0000000102271229 sp=0x000000011ffe18d0 mode 2
Event: 629.420 Thread 0x00007f986c92a000 Uncommon trap: trap_request=0xffffff65 fr.pc=0x0000000102a82034
Event: 629.420 Thread 0x00007f986c92a000 DEOPT PACKING pc=0x0000000102a82034 sp=0x0000000121565be0
Event: 629.420 Thread 0x00007f986c92a000 DEOPT UNPACKING pc=0x0000000102271229 sp=0x0000000121565b18 mode 2
Event: 629.448 Thread 0x00007f986d12f000 Thread added: 0x00007f986d12f000


Dynamic libraries:
0x000000000a610000 	/System/Library/Frameworks/Cocoa.framework/Versions/A/Cocoa
0x000000000a610000 	/System/Library/Frameworks/Security.framework/Versions/A/Security
0x000000000a610000 	/System/Library/Frameworks/ApplicationServices.framework/Versions/A/ApplicationServices
0x000000000a610000 	/usr/lib/libz.1.dylib
0x000000000a610000 	/usr/lib/libSystem.B.dylib
0x000000000a610000 	/usr/lib/libobjc.A.dylib
0x000000000a610000 	/System/Library/Frameworks/CoreFoundation.framework/Versions/A/CoreFoundation
0x000000000a610000 	/System/Library/Frameworks/Foundation.framework/Versions/C/Foundation
0x000000000a610000 	/System/Library/Frameworks/AppKit.framework/Versions/C/AppKit
0x000000000a610000 	/System/Library/Frameworks/CoreData.framework/Versions/A/CoreData
0x000000000a610000 	/System/Library/PrivateFrameworks/RemoteViewServices.framework/Versions/A/RemoteViewServices
0x000000000a610000 	/System/Library/PrivateFrameworks/UIFoundation.framework/Versions/A/UIFoundation
0x000000000a610000 	/System/Library/Frameworks/IOSurface.framework/Versions/A/IOSurface
0x000000000a610000 	/System/Library/Frameworks/AudioToolbox.framework/Versions/A/AudioToolbox
0x000000000a610000 	/System/Library/Frameworks/AudioUnit.framework/Versions/A/AudioUnit
0x000000000a610000 	/System/Library/PrivateFrameworks/DataDetectorsCore.framework/Versions/A/DataDetectorsCore
0x000000000a610000 	/System/Library/PrivateFrameworks/DesktopServicesPriv.framework/Versions/A/DesktopServicesPriv
0x000000000a610000 	/System/Library/Frameworks/Carbon.framework/Versions/A/Frameworks/HIToolbox.framework/Versions/A/HIToolbox
0x000000000a610000 	/System/Library/Frameworks/QuartzCore.framework/Versions/A/QuartzCore
0x000000000a610000 	/System/Library/Frameworks/Carbon.framework/Versions/A/Frameworks/SpeechRecognition.framework/Versions/A/SpeechRecognition
0x000000000a610000 	/usr/lib/libauto.dylib
0x000000000a610000 	/usr/lib/libicucore.A.dylib
0x000000000a610000 	/usr/lib/libxml2.2.dylib
0x000000000a610000 	/System/Library/PrivateFrameworks/CoreUI.framework/Versions/A/CoreUI
0x000000000a610000 	/System/Library/Frameworks/CoreAudio.framework/Versions/A/CoreAudio
0x000000000a610000 	/System/Library/Frameworks/DiskArbitration.framework/Versions/A/DiskArbitration
0x000000000a610000 	/usr/lib/liblangid.dylib
0x000000000a610000 	/System/Library/PrivateFrameworks/MultitouchSupport.framework/Versions/A/MultitouchSupport
0x000000000a610000 	/System/Library/Frameworks/IOKit.framework/Versions/A/IOKit
0x000000000a610000 	/usr/lib/libDiagnosticMessagesClient.dylib
0x000000000a610000 	/System/Library/Frameworks/CoreServices.framework/Versions/A/CoreServices
0x000000000a610000 	/System/Library/PrivateFrameworks/PerformanceAnalysis.framework/Versions/A/PerformanceAnalysis
0x000000000a610000 	/System/Library/PrivateFrameworks/GenerationalStorage.framework/Versions/A/GenerationalStorage
0x000000000a610000 	/System/Library/Frameworks/OpenGL.framework/Versions/A/OpenGL
0x000000000a610000 	/System/Library/PrivateFrameworks/Sharing.framework/Versions/A/Sharing
0x000000000a610000 	/System/Library/Frameworks/CoreGraphics.framework/Versions/A/CoreGraphics
0x000000000a610000 	/System/Library/Frameworks/CoreText.framework/Versions/A/CoreText
0x000000000a610000 	/System/Library/Frameworks/ImageIO.framework/Versions/A/ImageIO
0x000000000a610000 	/usr/lib/libextension.dylib
0x000000000a610000 	/System/Library/PrivateFrameworks/Backup.framework/Versions/A/Backup
0x000000000a610000 	/usr/lib/libarchive.2.dylib
0x000000000a610000 	/System/Library/Frameworks/CFNetwork.framework/Versions/A/CFNetwork
0x000000000a610000 	/System/Library/Frameworks/SystemConfiguration.framework/Versions/A/SystemConfiguration
0x000000000a610000 	/usr/lib/libCRFSuite.dylib
0x000000000a610000 	/usr/lib/libc++.1.dylib
0x000000000a610000 	/usr/lib/libc++abi.dylib
0x000000000a610000 	/usr/lib/system/libcache.dylib
0x000000000a610000 	/usr/lib/system/libcommonCrypto.dylib
0x000000000a610000 	/usr/lib/system/libcompiler_rt.dylib
0x000000000a610000 	/usr/lib/system/libcopyfile.dylib
0x000000000a610000 	/usr/lib/system/libcorecrypto.dylib
0x000000000a610000 	/usr/lib/system/libdispatch.dylib
0x000000000a610000 	/usr/lib/system/libdyld.dylib
0x000000000a610000 	/usr/lib/system/libkeymgr.dylib
0x000000000a610000 	/usr/lib/system/liblaunch.dylib
0x000000000a610000 	/usr/lib/system/libmacho.dylib
0x000000000a610000 	/usr/lib/system/libquarantine.dylib
0x000000000a610000 	/usr/lib/system/libremovefile.dylib
0x000000000a610000 	/usr/lib/system/libsystem_asl.dylib
0x000000000a610000 	/usr/lib/system/libsystem_blocks.dylib
0x000000000a610000 	/usr/lib/system/libsystem_c.dylib
0x000000000a610000 	/usr/lib/system/libsystem_configuration.dylib
0x000000000a610000 	/usr/lib/system/libsystem_coreservices.dylib
0x000000000a610000 	/usr/lib/system/libsystem_coretls.dylib
0x000000000a610000 	/usr/lib/system/libsystem_dnssd.dylib
0x000000000a610000 	/usr/lib/system/libsystem_info.dylib
0x000000000a610000 	/usr/lib/system/libsystem_kernel.dylib
0x000000000a610000 	/usr/lib/system/libsystem_m.dylib
0x000000000a610000 	/usr/lib/system/libsystem_malloc.dylib
0x000000000a610000 	/usr/lib/system/libsystem_network.dylib
0x000000000a610000 	/usr/lib/system/libsystem_networkextension.dylib
0x000000000a610000 	/usr/lib/system/libsystem_notify.dylib
0x000000000a610000 	/usr/lib/system/libsystem_platform.dylib
0x000000000a610000 	/usr/lib/system/libsystem_pthread.dylib
0x000000000a610000 	/usr/lib/system/libsystem_sandbox.dylib
0x000000000a610000 	/usr/lib/system/libsystem_secinit.dylib
0x000000000a610000 	/usr/lib/system/libsystem_stats.dylib
0x000000000a610000 	/usr/lib/system/libsystem_trace.dylib
0x000000000a610000 	/usr/lib/system/libunc.dylib
0x000000000a610000 	/usr/lib/system/libunwind.dylib
0x000000000a610000 	/usr/lib/system/libxpc.dylib
0x000000000a610000 	/usr/lib/libbz2.1.0.dylib
0x000000000a610000 	/usr/lib/liblzma.5.dylib
0x000000000a610000 	/usr/lib/libbsm.0.dylib
0x000000000a610000 	/usr/lib/libsqlite3.dylib
0x000000000a610000 	/usr/lib/system/libkxld.dylib
0x000000000a610000 	/usr/lib/libxar.1.dylib
0x000000000a610000 	/usr/lib/libpam.2.dylib
0x000000000a610000 	/usr/lib/libOpenScriptingUtil.dylib
0x000000000a610000 	/System/Library/Frameworks/CoreServices.framework/Versions/A/Frameworks/FSEvents.framework/Versions/A/FSEvents
0x000000000a610000 	/System/Library/Frameworks/CoreServices.framework/Versions/A/Frameworks/CarbonCore.framework/Versions/A/CarbonCore
0x000000000a610000 	/System/Library/Frameworks/CoreServices.framework/Versions/A/Frameworks/Metadata.framework/Versions/A/Metadata
0x000000000a610000 	/System/Library/Frameworks/CoreServices.framework/Versions/A/Frameworks/OSServices.framework/Versions/A/OSServices
0x000000000a610000 	/System/Library/Frameworks/CoreServices.framework/Versions/A/Frameworks/SearchKit.framework/Versions/A/SearchKit
0x000000000a610000 	/System/Library/Frameworks/CoreServices.framework/Versions/A/Frameworks/AE.framework/Versions/A/AE
0x000000000a610000 	/System/Library/Frameworks/CoreServices.framework/Versions/A/Frameworks/LaunchServices.framework/Versions/A/LaunchServices
0x000000000a610000 	/System/Library/Frameworks/CoreServices.framework/Versions/A/Frameworks/DictionaryServices.framework/Versions/A/DictionaryServices
0x000000000a610000 	/System/Library/Frameworks/NetFS.framework/Versions/A/NetFS
0x000000000a610000 	/System/Library/PrivateFrameworks/NetAuth.framework/Versions/A/NetAuth
0x000000000a610000 	/System/Library/PrivateFrameworks/login.framework/Versions/A/Frameworks/loginsupport.framework/Versions/A/loginsupport
0x000000000a610000 	/System/Library/PrivateFrameworks/TCC.framework/Versions/A/TCC
0x000000000a610000 	/usr/lib/libmecabra.dylib
0x000000000a610000 	/System/Library/Frameworks/ApplicationServices.framework/Versions/A/Frameworks/ATS.framework/Versions/A/ATS
0x000000000a610000 	/System/Library/Frameworks/ApplicationServices.framework/Versions/A/Frameworks/ColorSync.framework/Versions/A/ColorSync
0x000000000a610000 	/System/Library/Frameworks/ApplicationServices.framework/Versions/A/Frameworks/HIServices.framework/Versions/A/HIServices
0x000000000a610000 	/System/Library/Frameworks/ApplicationServices.framework/Versions/A/Frameworks/LangAnalysis.framework/Versions/A/LangAnalysis
0x000000000a610000 	/System/Library/Frameworks/ApplicationServices.framework/Versions/A/Frameworks/PrintCore.framework/Versions/A/PrintCore
0x000000000a610000 	/System/Library/Frameworks/ApplicationServices.framework/Versions/A/Frameworks/QD.framework/Versions/A/QD
0x000000000a610000 	/System/Library/Frameworks/ApplicationServices.framework/Versions/A/Frameworks/SpeechSynthesis.framework/Versions/A/SpeechSynthesis
0x000000000a610000 	/System/Library/Frameworks/Accelerate.framework/Versions/A/Accelerate
0x000000000a610000 	/System/Library/Frameworks/Accelerate.framework/Versions/A/Frameworks/vImage.framework/Versions/A/vImage
0x000000000a610000 	/System/Library/Frameworks/Accelerate.framework/Versions/A/Frameworks/vecLib.framework/Versions/A/vecLib
0x000000000a610000 	/System/Library/Frameworks/Accelerate.framework/Versions/A/Frameworks/vecLib.framework/Versions/A/libvDSP.dylib
0x000000000a610000 	/System/Library/Frameworks/Accelerate.framework/Versions/A/Frameworks/vecLib.framework/Versions/A/libvMisc.dylib
0x000000000a610000 	/System/Library/Frameworks/Accelerate.framework/Versions/A/Frameworks/vecLib.framework/Versions/A/libLAPACK.dylib
0x000000000a610000 	/System/Library/Frameworks/Accelerate.framework/Versions/A/Frameworks/vecLib.framework/Versions/A/libBLAS.dylib
0x000000000a610000 	/System/Library/Frameworks/Accelerate.framework/Versions/A/Frameworks/vecLib.framework/Versions/A/libLinearAlgebra.dylib
0x000000000a610000 	/System/Library/Frameworks/ApplicationServices.framework/Versions/A/Frameworks/ATS.framework/Versions/A/Resources/libFontParser.dylib
0x000000000a610000 	/System/Library/Frameworks/ApplicationServices.framework/Versions/A/Frameworks/ATS.framework/Versions/A/Resources/libFontRegistry.dylib
0x000000000a610000 	/System/Library/PrivateFrameworks/AppleVPA.framework/Versions/A/AppleVPA
0x000000000a610000 	/System/Library/PrivateFrameworks/AppleJPEG.framework/Versions/A/AppleJPEG
0x000000000a610000 	/System/Library/Frameworks/ImageIO.framework/Versions/A/Resources/libJPEG.dylib
0x000000000a610000 	/System/Library/Frameworks/ImageIO.framework/Versions/A/Resources/libTIFF.dylib
0x000000000a610000 	/System/Library/Frameworks/ImageIO.framework/Versions/A/Resources/libPng.dylib
0x000000000a610000 	/System/Library/Frameworks/ImageIO.framework/Versions/A/Resources/libGIF.dylib
0x000000000a610000 	/System/Library/Frameworks/ImageIO.framework/Versions/A/Resources/libJP2.dylib
0x000000000a610000 	/System/Library/Frameworks/ImageIO.framework/Versions/A/Resources/libRadiance.dylib
0x000000000a610000 	/System/Library/Frameworks/CoreVideo.framework/Versions/A/CoreVideo
0x000000000a610000 	/System/Library/Frameworks/OpenGL.framework/Versions/A/Libraries/libGLU.dylib
0x000000000a610000 	/System/Library/Frameworks/OpenGL.framework/Versions/A/Libraries/libGFXShared.dylib
0x000000000a610000 	/System/Library/Frameworks/OpenGL.framework/Versions/A/Libraries/libGL.dylib
0x000000000a610000 	/System/Library/Frameworks/OpenGL.framework/Versions/A/Libraries/libGLImage.dylib
0x000000000a610000 	/System/Library/Frameworks/OpenGL.framework/Versions/A/Libraries/libCVMSPluginSupport.dylib
0x000000000a610000 	/System/Library/Frameworks/OpenGL.framework/Versions/A/Libraries/libCoreVMClient.dylib
0x000000000a610000 	/usr/lib/libcups.2.dylib
0x000000000a610000 	/System/Library/Frameworks/Kerberos.framework/Versions/A/Kerberos
0x000000000a610000 	/System/Library/Frameworks/GSS.framework/Versions/A/GSS
0x000000000a610000 	/usr/lib/libresolv.9.dylib
0x000000000a610000 	/usr/lib/libiconv.2.dylib
0x000000000a610000 	/System/Library/PrivateFrameworks/Heimdal.framework/Versions/A/Heimdal
0x000000000a610000 	/usr/lib/libheimdal-asn1.dylib
0x000000000a610000 	/System/Library/Frameworks/OpenDirectory.framework/Versions/A/OpenDirectory
0x000000000a610000 	/System/Library/PrivateFrameworks/CommonAuth.framework/Versions/A/CommonAuth
0x000000000a610000 	/System/Library/Frameworks/OpenDirectory.framework/Versions/A/Frameworks/CFOpenDirectory.framework/Versions/A/CFOpenDirectory
0x000000000a610000 	/System/Library/Frameworks/SecurityFoundation.framework/Versions/A/SecurityFoundation
0x000000000a610000 	/System/Library/PrivateFrameworks/LanguageModeling.framework/Versions/A/LanguageModeling
0x000000000a610000 	/usr/lib/libcmph.dylib
0x000000000a610000 	/System/Library/Frameworks/ServiceManagement.framework/Versions/A/ServiceManagement
0x000000000a610000 	/usr/lib/libxslt.1.dylib
0x000000000a610000 	/System/Library/Frameworks/Carbon.framework/Versions/A/Frameworks/Ink.framework/Versions/A/Ink
0x000000000a610000 	/System/Library/Frameworks/QuartzCore.framework/Versions/A/Frameworks/CoreImage.framework/Versions/A/CoreImage
0x000000000a610000 	/System/Library/PrivateFrameworks/CrashReporterSupport.framework/Versions/A/CrashReporterSupport
0x000000000a610000 	/System/Library/Frameworks/OpenCL.framework/Versions/A/OpenCL
0x000000000a610000 	/System/Library/PrivateFrameworks/FaceCore.framework/Versions/A/FaceCore
0x000000000a610000 	/System/Library/PrivateFrameworks/Ubiquity.framework/Versions/A/Ubiquity
0x000000000a610000 	/System/Library/PrivateFrameworks/IconServices.framework/Versions/A/IconServices
0x000000000a610000 	/System/Library/PrivateFrameworks/ChunkingLibrary.framework/Versions/A/ChunkingLibrary
0x000000000a610000 	/System/Library/PrivateFrameworks/Apple80211.framework/Versions/A/Apple80211
0x000000000a610000 	/System/Library/Frameworks/CoreWLAN.framework/Versions/A/CoreWLAN
0x000000000a610000 	/System/Library/Frameworks/IOBluetooth.framework/Versions/A/IOBluetooth
0x000000000a610000 	/System/Library/PrivateFrameworks/CoreWiFi.framework/Versions/A/CoreWiFi
0x000000000a610000 	/System/Library/Frameworks/CoreBluetooth.framework/Versions/A/CoreBluetooth
0x000000000a610000 	/System/Library/PrivateFrameworks/DebugSymbols.framework/Versions/A/DebugSymbols
0x000000000a610000 	/System/Library/PrivateFrameworks/CoreSymbolication.framework/Versions/A/CoreSymbolication
0x000000000a610000 	/System/Library/PrivateFrameworks/Symbolication.framework/Versions/A/Symbolication
0x000000000a610000 	/System/Library/PrivateFrameworks/SpeechRecognitionCore.framework/Versions/A/SpeechRecognitionCore
0x0000000101200000 	/Library/Java/JavaVirtualMachines/jdk1.8.0_45.jdk/Contents/Home/jre/lib/server/libjvm.dylib
0x000000000a610000 	/usr/lib/libstdc++.6.dylib
0x0000000100163000 	/Library/Java/JavaVirtualMachines/jdk1.8.0_45.jdk/Contents/Home/jre/lib/libverify.dylib
0x0000000100171000 	/Library/Java/JavaVirtualMachines/jdk1.8.0_45.jdk/Contents/Home/jre/lib/libjava.dylib
0x00000001001b0000 	/Library/Java/JavaVirtualMachines/jdk1.8.0_45.jdk/Contents/Home/jre/lib/libzip.dylib
0x00000001001e2000 	/System/Library/Frameworks/JavaVM.framework/Frameworks/JavaRuntimeSupport.framework/JavaRuntimeSupport
0x0000000119347000 	/System/Library/Frameworks/JavaVM.framework/Versions/A/Frameworks/JavaNativeFoundation.framework/Versions/A/JavaNativeFoundation
0x000000011935c000 	/System/Library/Frameworks/JavaVM.framework/Versions/A/JavaVM
0x000000000a610000 	/System/Library/Frameworks/Carbon.framework/Versions/A/Carbon
0x0000000119369000 	/System/Library/PrivateFrameworks/JavaLaunching.framework/Versions/A/JavaLaunching
0x000000000a610000 	/System/Library/Frameworks/Carbon.framework/Versions/A/Frameworks/CommonPanels.framework/Versions/A/CommonPanels
0x000000000a610000 	/System/Library/Frameworks/Carbon.framework/Versions/A/Frameworks/Help.framework/Versions/A/Help
0x000000000a610000 	/System/Library/Frameworks/Carbon.framework/Versions/A/Frameworks/ImageCapture.framework/Versions/A/ImageCapture
0x000000000a610000 	/System/Library/Frameworks/Carbon.framework/Versions/A/Frameworks/OpenScripting.framework/Versions/A/OpenScripting
0x000000000a610000 	/System/Library/Frameworks/Carbon.framework/Versions/A/Frameworks/Print.framework/Versions/A/Print
0x000000000a610000 	/System/Library/Frameworks/Carbon.framework/Versions/A/Frameworks/SecurityHI.framework/Versions/A/SecurityHI
0x000000011b4bc000 	/Library/Java/JavaVirtualMachines/jdk1.8.0_45.jdk/Contents/Home/jre/lib/libawt.dylib
0x000000011b564000 	/Library/Java/JavaVirtualMachines/jdk1.8.0_45.jdk/Contents/Home/jre/lib/./libmlib_image.dylib
0x000000011b630000 	/Library/Java/JavaVirtualMachines/jdk1.8.0_45.jdk/Contents/Home/jre/lib/libawt_lwawt.dylib
0x000000011b6e4000 	/Library/Java/JavaVirtualMachines/jdk1.8.0_45.jdk/Contents/Home/jre/lib/./libosxapp.dylib
0x000000000a610000 	/System/Library/Frameworks/ExceptionHandling.framework/Versions/A/ExceptionHandling
0x000000000a610000 	/System/Library/PrivateFrameworks/CoreServicesInternal.framework/Versions/A/CoreServicesInternal
0x000000000a610000 	/System/Library/PrivateFrameworks/CloudDocs.framework/Versions/A/CloudDocs
0x000000000a610000 	/System/Library/PrivateFrameworks/CoreDuet.framework/Versions/A/CoreDuet
0x000000000a610000 	/System/Library/Frameworks/CloudKit.framework/Versions/A/CloudKit
0x000000000a610000 	/System/Library/PrivateFrameworks/ProtocolBuffer.framework/Versions/A/ProtocolBuffer
0x000000000a610000 	/System/Library/PrivateFrameworks/CoreDuetDaemonProtocol.framework/Versions/A/CoreDuetDaemonProtocol
0x000000000a610000 	/System/Library/PrivateFrameworks/CoreDuetDebugLogging.framework/Versions/A/CoreDuetDebugLogging
0x000000000a610000 	/System/Library/PrivateFrameworks/MMCS.framework/Versions/A/MMCS
0x000000000a610000 	/System/Library/Frameworks/CoreLocation.framework/Versions/A/CoreLocation
0x000000000a610000 	/System/Library/PrivateFrameworks/ProtectedCloudStorage.framework/Versions/A/ProtectedCloudStorage
0x000000000a610000 	/System/Library/PrivateFrameworks/GeoServices.framework/Versions/A/GeoServices
0x000000000a610000 	/System/Library/Frameworks/CoreGraphics.framework/Versions/A/Resources/libCGCMS.A.dylib
0x000000000a610000 	/System/Library/Frameworks/CoreGraphics.framework/Versions/A/Resources/libRIP.A.dylib
0x000000000a610000 	/System/Library/Frameworks/CoreGraphics.framework/Versions/A/Resources/libCGXType.A.dylib
0x000000000a610000 	/System/Library/Frameworks/OpenCL.framework/Versions/A/Libraries/libcldcpuengine.dylib
0x000000000a610000 	/System/Library/PrivateFrameworks/DiskImages.framework/Versions/A/DiskImages
0x000000000a610000 	/System/Library/Frameworks/DiscRecording.framework/Versions/A/DiscRecording
0x000000000a610000 	/usr/lib/libcsfde.dylib
0x000000000a610000 	/usr/lib/libcurl.4.dylib
0x000000000a610000 	/System/Library/PrivateFrameworks/MediaKit.framework/Versions/A/MediaKit
0x000000000a610000 	/usr/lib/libCoreStorage.dylib
0x000000000a610000 	/System/Library/PrivateFrameworks/EFILogin.framework/Versions/A/EFILogin
0x000000000a610000 	/usr/lib/libutil.dylib
0x000000000a610000 	/System/Library/PrivateFrameworks/FindMyDevice.framework/Versions/A/FindMyDevice
0x000000000a610000 	/System/Library/Frameworks/LDAP.framework/Versions/A/LDAP
0x000000000a610000 	/usr/lib/libsasl2.2.dylib
0x000000000a610000 	/System/Library/PrivateFrameworks/CoreDaemon.framework/Versions/B/CoreDaemon
0x000000000a610000 	/usr/lib/libcrypto.0.9.8.dylib
0x000000000a610000 	/System/Library/PrivateFrameworks/AppleSRP.framework/Versions/A/AppleSRP
0x000000000a610000 	/System/Library/PrivateFrameworks/TrustEvaluationAgent.framework/Versions/A/TrustEvaluationAgent
0x000000011e9a6000 	cl_kernels
0x000000011e9a8000 	/System/Library/Frameworks/OpenCL.framework/Versions/A/Libraries/ImageFormats/unorm8_bgra.dylib
0x000000011e998000 	cl_kernels
0x000000000a610000 	/System/Library/PrivateFrameworks/FamilyControls.framework/Versions/A/FamilyControls
0x000000000a610000 	/System/Library/PrivateFrameworks/CommerceKit.framework/Versions/A/Frameworks/CommerceCore.framework/Versions/A/CommerceCore
0x000000000a610000 	/System/Library/PrivateFrameworks/SystemAdministration.framework/Versions/A/SystemAdministration
0x000000000a610000 	/System/Library/PrivateFrameworks/AppContainer.framework/Versions/A/AppContainer
0x000000000a610000 	/System/Library/PrivateFrameworks/SecCodeWrapper.framework/Versions/A/SecCodeWrapper
0x000000000a610000 	/System/Library/Frameworks/DirectoryService.framework/Versions/A/DirectoryService
0x000000000a610000 	/System/Library/PrivateFrameworks/LoginUIKit.framework/Versions/A/Frameworks/LoginUICore.framework/Versions/A/LoginUICore
0x000000000a610000 	/usr/lib/libodfde.dylib
0x000000000a610000 	/System/Library/Frameworks/OpenGL.framework/Versions/A/Resources/GLEngine.bundle/GLEngine
0x000000000a610000 	/System/Library/Frameworks/OpenGL.framework/Versions/A/Libraries/libGLProgrammability.dylib
0x0000000000000000 	/System/Library/Extensions/AppleIntelHD5000GraphicsGLDriver.bundle/Contents/MacOS/AppleIntelHD5000GraphicsGLDriver
0x000000000a610000 	/System/Library/PrivateFrameworks/IOAccelerator.framework/Versions/A/IOAccelerator
0x000000000a610000 	/System/Library/PrivateFrameworks/GPUSupport.framework/Versions/A/Libraries/libGPUSupportMercury.dylib
0x0000000000000000 	/System/Library/Extensions/GeForceGLDriver.bundle/Contents/MacOS/GeForceGLDriver
0x000000000a610000 	/System/Library/Extensions/GeForceGLDriver.bundle/Contents/MacOS/libclh.dylib
0x000000000a610000 	/System/Library/Frameworks/OpenGL.framework/Versions/A/Resources/GLRendererFloat.bundle/GLRendererFloat
0x00000001213f6000 	/Library/Java/JavaVirtualMachines/jdk1.8.0_45.jdk/Contents/Home/jre/lib/libfontmanager.dylib
0x000000012145d000 	/Library/Java/JavaVirtualMachines/jdk1.8.0_45.jdk/Contents/Home/jre/lib/libosxui.dylib
0x0000000121a0f000 	/Library/Java/JavaVirtualMachines/jdk1.8.0_45.jdk/Contents/Home/jre/lib/libnet.dylib
0x0000000121a6e000 	/Library/Java/JavaVirtualMachines/jdk1.8.0_45.jdk/Contents/Home/jre/lib/libnio.dylib
0x000000000a610000 	/System/Library/Frameworks/Accelerate.framework/Versions/A/Frameworks/vImage.framework/Versions/A/Libraries/libCGInterfaces.dylib
0x0000000122a34000 	/Library/Java/JavaVirtualMachines/jdk1.8.0_45.jdk/Contents/Home/jre/lib/libosx.dylib
0x0000000122bef000 	/Library/Java/JavaVirtualMachines/jdk1.8.0_45.jdk/Contents/Home/jre/lib/libprism_es2.dylib
0x0000000122c42000 	/private/var/folders/_3/gr58kqxs4vq4rdz44_t3sk9c0000gn/T/jogamp_0000/file_cache/jln3043219173996971871/jln8946230369004251426/libgluegen-rt.jnilib
0x00000001230f2000 	/Library/Java/JavaVirtualMachines/jdk1.8.0_45.jdk/Contents/Home/jre/lib/libglass.dylib
0x0000000122d45000 	/private/var/folders/_3/gr58kqxs4vq4rdz44_t3sk9c0000gn/T/jogamp_0000/file_cache/jln3043219173996971871/jln8946230369004251426/libnativewindow_awt.jnilib
0x0000000122d48000 	/Library/Java/JavaVirtualMachines/jdk1.8.0_45.jdk/Contents/Home/jre/lib/libjawt.dylib
0x000000012366b000 	/private/var/folders/_3/gr58kqxs4vq4rdz44_t3sk9c0000gn/T/jogamp_0000/file_cache/jln3043219173996971871/jln8946230369004251426/libnativewindow_macosx.jnilib
0x0000000126ac5000 	/private/var/folders/_3/gr58kqxs4vq4rdz44_t3sk9c0000gn/T/jogamp_0000/file_cache/jln3043219173996971871/jln8946230369004251426/libjogl_desktop.jnilib
0x0000000125c75000 	/private/var/folders/_3/gr58kqxs4vq4rdz44_t3sk9c0000gn/T/jogamp_0000/file_cache/jln3043219173996971871/jln8946230369004251426/libjogl_mobile.jnilib
0x000000012bae3000 	/Users/stefanmeier/Documents/FHNW/JHelioviewer/JHelioviewer/lib/native/libkdu_jni.jnilib
0x000000012bc1d000 	/Users/stefanmeier/Documents/FHNW/JHelioviewer/JHelioviewer/lib/native/libkdu_v75R.dylib
0x000000012bd1c000 	/Users/stefanmeier/Documents/FHNW/JHelioviewer/JHelioviewer/lib/native/libkdu_a75R.dylib
0x000000012ba91000 	/Library/Java/JavaVirtualMachines/jdk1.8.0_45.jdk/Contents/Home/jre/lib/libdcpr.dylib
0x000000012628a000 	/System/Library/Frameworks/Security.framework/PlugIns/csparser.bundle/Contents/MacOS/csparser
0x000000000a610000 	/System/Library/PrivateFrameworks/FinderKit.framework/Versions/A/FinderKit
0x000000000a610000 	/System/Library/PrivateFrameworks/Suggestions.framework/Versions/A/Suggestions
0x000000000a610000 	/System/Library/Frameworks/Quartz.framework/Versions/A/Frameworks/QuickLookUI.framework/Versions/A/QuickLookUI
0x000000000a610000 	/System/Library/Frameworks/Quartz.framework/Versions/A/Frameworks/ImageKit.framework/Versions/A/ImageKit
0x000000000a610000 	/System/Library/PrivateFrameworks/Bom.framework/Versions/A/Bom
0x000000000a610000 	/System/Library/Frameworks/QuickLook.framework/Versions/A/QuickLook
0x000000000a610000 	/System/Library/PrivateFrameworks/AppleSystemInfo.framework/Versions/A/AppleSystemInfo
0x000000000a610000 	/System/Library/Frameworks/ImageCaptureCore.framework/Versions/A/ImageCaptureCore
0x000000000a610000 	/System/Library/Frameworks/AddressBook.framework/Versions/A/AddressBook
0x000000000a610000 	/System/Library/PrivateFrameworks/IntlPreferences.framework/Versions/A/IntlPreferences
0x000000000a610000 	/System/Library/PrivateFrameworks/ToneLibrary.framework/Versions/A/ToneLibrary
0x000000000a610000 	/System/Library/PrivateFrameworks/ToneKit.framework/Versions/A/ToneKit
0x000000000a610000 	/System/Library/PrivateFrameworks/vCard.framework/Versions/A/vCard
0x000000000a610000 	/System/Library/PrivateFrameworks/ApplePushService.framework/Versions/A/ApplePushService
0x000000000a610000 	/System/Library/PrivateFrameworks/ContactsData.framework/Versions/A/ContactsData
0x000000000a610000 	/System/Library/PrivateFrameworks/ContactsFoundation.framework/Versions/A/ContactsFoundation
0x000000000a610000 	/System/Library/Frameworks/SecurityInterface.framework/Versions/A/SecurityInterface
0x000000000a610000 	/System/Library/PrivateFrameworks/PhoneNumbers.framework/Versions/A/PhoneNumbers
0x000000000a610000 	/System/Library/Frameworks/Quartz.framework/Versions/A/Quartz
0x000000000a610000 	/System/Library/Frameworks/AVFoundation.framework/Versions/A/AVFoundation
0x000000000a610000 	/System/Library/Frameworks/AVFoundation.framework/Versions/A/Resources/libAVFAudio.dylib
0x000000000a610000 	/System/Library/Frameworks/CoreMedia.framework/Versions/A/CoreMedia
0x000000000a610000 	/System/Library/Frameworks/MediaToolbox.framework/Versions/A/MediaToolbox
0x000000000a610000 	/System/Library/Frameworks/VideoToolbox.framework/Versions/A/VideoToolbox
0x000000000a610000 	/System/Library/Frameworks/CoreMediaIO.framework/Versions/A/CoreMediaIO
0x000000000a610000 	/System/Library/PrivateFrameworks/MediaControlSender.framework/Versions/A/MediaControlSender
0x000000000a610000 	/System/Library/PrivateFrameworks/CoreAVCHD.framework/Versions/A/CoreAVCHD
0x000000000a610000 	/System/Library/Frameworks/MediaAccessibility.framework/Versions/A/MediaAccessibility
0x000000000a610000 	/System/Library/PrivateFrameworks/Mangrove.framework/Versions/A/Mangrove
0x000000000a610000 	/System/Library/PrivateFrameworks/CoreAUC.framework/Versions/A/CoreAUC
0x000000000a610000 	/System/Library/PrivateFrameworks/NetworkStatistics.framework/Versions/A/NetworkStatistics
0x000000000a610000 	/System/Library/PrivateFrameworks/AirPlaySupport.framework/Versions/A/AirPlaySupport
0x000000000a610000 	/System/Library/PrivateFrameworks/CoreUtils.framework/Versions/A/CoreUtils
0x000000000a610000 	/System/Library/PrivateFrameworks/AppleVA.framework/Versions/A/AppleVA
0x000000000a610000 	/System/Library/PrivateFrameworks/XPCService.framework/Versions/A/XPCService
0x000000000a610000 	/System/Library/PrivateFrameworks/AppSandbox.framework/Versions/A/AppSandbox
0x000000000a610000 	/usr/lib/libsandbox.1.dylib
0x000000000a610000 	/usr/lib/libMatch.1.dylib
0x000000000a610000 	/System/Library/PrivateFrameworks/SafariServices.framework/Versions/A/SafariServices
0x000000000a610000 	/usr/lib/libspindump.dylib
0x000000000a610000 	/System/Library/Frameworks/QTKit.framework/Versions/A/QTKit
0x000000000a610000 	/System/Library/PrivateFrameworks/CoreMediaAuthoring.framework/Versions/A/CoreMediaAuthoring
0x000000000a610000 	/System/Library/Frameworks/Quartz.framework/Versions/A/Frameworks/QuartzComposer.framework/Versions/A/QuartzComposer
0x000000000a610000 	/System/Library/Frameworks/Quartz.framework/Versions/A/Frameworks/PDFKit.framework/Versions/A/PDFKit
0x000000000a610000 	/System/Library/Frameworks/Quartz.framework/Versions/A/Frameworks/QuartzFilters.framework/Versions/A/QuartzFilters
0x000000000a610000 	/System/Library/Frameworks/JavaScriptCore.framework/Versions/A/JavaScriptCore
0x000000000a610000 	/System/Library/PrivateFrameworks/CorePDF.framework/Versions/A/CorePDF
0x000000000a610000 	/System/Library/PrivateFrameworks/DisplayServices.framework/Versions/A/DisplayServices
0x000000000a610000 	/System/Library/PrivateFrameworks/AppleFSCompression.framework/Versions/A/AppleFSCompression
0x0000000129b3d000 	/System/Library/PrivateFrameworks/CacheDelete.framework/CacheDelete
0x000000000a610000 	/System/Library/PrivateFrameworks/PlugInKit.framework/Versions/A/PlugInKit
0x000000000a610000 	/System/Library/CoreServices/RawCamera.bundle/Contents/MacOS/RawCamera
0x000000013f561000 	/System/Library/Frameworks/OpenCL.framework/Versions/A/Libraries/ImageFormats/unorm8_rgba.dylib
0x000000012aede000 	cl_kernels
0x000000012b0c6000 	cl_kernels
0x000000012b0ca000 	cl_kernels

VM Arguments:
jvm_args: -Dapple.laf.useScreenMenuBar=true -Xmx2048m -Djava.library.path=/Users/stefanmeier/Documents/FHNW/JHelioviewer/JHelioviewer/lib/native:/Users/stefanmeier/Documents/FHNW/JHelioviewer/JHelioviewer/lib/native -Dfile.encoding=UTF-8 
java_command: org.helioviewer.jhv.JHelioviewer
java_class_path (initial): /Users/stefanmeier/Documents/FHNW/JHelioviewer/JHelioviewer/bin:/Users/stefanmeier/Documents/FHNW/JHelioviewer/JHelioviewer/lib/fits.jar:/Users/stefanmeier/Documents/FHNW/JHelioviewer/JHelioviewer/lib/forms-1.3.0.jar:/Users/stefanmeier/Documents/FHNW/JHelioviewer/JHelioviewer/lib/gluegen-rt.jar:/Users/stefanmeier/Documents/FHNW/JHelioviewer/JHelioviewer/lib/jgoodies-forms-1.8.0.jar:/Users/stefanmeier/Documents/FHNW/JHelioviewer/JHelioviewer/lib/json.jar:/Users/stefanmeier/Documents/FHNW/JHelioviewer/JHelioviewer/lib/log4j-1.2.16.jar:/Users/stefanmeier/Documents/FHNW/JHelioviewer/JHelioviewer/lib/xuggle-xuggler-5.4-all.jar:/Users/stefanmeier/Documents/FHNW/JHelioviewer/JHelioviewer/lib/bzip2.jar:/Users/stefanmeier/Documents/FHNW/JHelioviewer/JHelioviewer/lib/slf4j-api-1.7.7.jar:/Users/stefanmeier/Documents/FHNW/JHelioviewer/JHelioviewer/lib/slf4j-nop-1.7.7.jar:/Users/stefanmeier/Documents/FHNW/JHelioviewer/JHelioviewer/lib/gson-2.2.4.jar:/Users/stefanmeier/Documents/FHNW/JHelioviewer/JHelioviewer/lib/i4jruntime.jar:/Users/stefanmeier/Documents/FHNW/JHelioviewer/JHelioviewer/lib/kdu.jar:/Users/stefanmeier/Documents/FHNW/JHelioviewer/JHelioviewer/lib/junrar-0.7.jar:/Users/stefanmeier/Documents/FHNW/JHelioviewer/JHelioviewer/lib/commons-logging-1.2.jar:/Users/stefanmeier/Documents/FHNW/JHelioviewer/JHelioviewer/lib/core-2.0.0.jar:/Users/stefanmeier/Documents/FHNW/JHelioviewer/JHelioviewer/lib/gluegen-rt-natives-linux-amd64.jar:/Users/stefanmeier/Documents/FHNW/JHelioviewer/JHelioviewer/lib/gluegen-rt-natives-linux-i586.jar:/Users/stefanmeier/Documents/FHNW/JHelioviewer/JHelioviewer/lib/gluegen-rt-natives-macosx-universal.jar:/Users/stefanmeier/Documents/FHNW/JHelioviewer/JHelioviewer/lib/gluegen-rt-natives-windows-amd64.jar:/Users/stefanmeier/Documents/FHNW/JHelioviewer/JHelioviewer/lib/gluegen-rt-natives-windows-i586.jar:/Users/stefanmeier/Documents/FHNW/JHelioviewer/JHelioviewer/lib/jogl-all-natives-linux-amd64.jar:/Users/stefanmeier/Docum
Launcher Type: SUN_STANDARD

Environment Variables:
PATH=/usr/bin:/bin:/usr/sbin:/sbin
SHELL=/bin/bash

Signal Handlers:
SIGSEGV: [libjvm.dylib+0x58ef95], sa_mask[0]=11111111011111110111111111111111, sa_flags=SA_ONSTACK|SA_RESTART|SA_SIGINFO
SIGBUS: [libjvm.dylib+0x58ef95], sa_mask[0]=11111111011111110111111111111111, sa_flags=SA_RESTART|SA_SIGINFO
SIGFPE: [libjvm.dylib+0x46c108], sa_mask[0]=11111111011111110111111111111111, sa_flags=SA_RESTART|SA_SIGINFO
SIGPIPE: SIG_IGN, sa_mask[0]=00000000000000000000000000000000, sa_flags=SA_RESTART
SIGXFSZ: [libjvm.dylib+0x46c108], sa_mask[0]=11111111011111110111111111111111, sa_flags=SA_RESTART|SA_SIGINFO
SIGILL: [libjvm.dylib+0x46c108], sa_mask[0]=11111111011111110111111111111111, sa_flags=SA_RESTART|SA_SIGINFO
SIGUSR1: SIG_DFL, sa_mask[0]=00000000000000000000000000000000, sa_flags=none
SIGUSR2: [libjvm.dylib+0x46bc26], sa_mask[0]=00100000000000000000000000000000, sa_flags=SA_RESTART|SA_SIGINFO
SIGHUP: [libjvm.dylib+0x46a1f9], sa_mask[0]=11111111011111110111111111111111, sa_flags=SA_RESTART|SA_SIGINFO
SIGINT: [libjvm.dylib+0x46a1f9], sa_mask[0]=11111111011111110111111111111111, sa_flags=SA_RESTART|SA_SIGINFO
SIGTERM: [libjvm.dylib+0x46a1f9], sa_mask[0]=11111111011111110111111111111111, sa_flags=SA_RESTART|SA_SIGINFO
SIGQUIT: [libjvm.dylib+0x46a1f9], sa_mask[0]=11111111011111110111111111111111, sa_flags=SA_RESTART|SA_SIGINFO


---------------  S Y S T E M  ---------------

OS:Bsduname:Darwin 14.4.0 Darwin Kernel Version 14.4.0: Thu May 28 11:35:04 PDT 2015; root:xnu-2782.30.5~1/RELEASE_X86_64 x86_64
rlimit: STACK 8192k, CORE 0k, NPROC 709, NOFILE 10240, AS infinity
load average:5.40 4.04 3.37

CPU:total 8 (4 cores per cpu, 2 threads per core) family 6 model 70 stepping 1, cmov, cx8, fxsr, mmx, sse, sse2, sse3, ssse3, sse4.1, sse4.2, popcnt, avx, avx2, aes, clmul, erms, rtm, lzcnt, ht, tsc, tscinvbit, bmi1, bmi2

Memory: 4k page, physical 16777216k(830316k free)

/proc/meminfo:


vm_info: Java HotSpot(TM) 64-Bit Server VM (25.45-b02) for bsd-amd64 JRE (1.8.0_45-b14), built on Apr 10 2015 10:46:38 by "java_re" with gcc 4.2.1 (Based on Apple Inc. build 5658) (LLVM build 2336.11.00)

time: Mon Aug 24 14:07:05 2015
elapsed time: 629 seconds (0d 0h 10m 29s)

