#
# A fatal error has been detected by the Java Runtime Environment:
#
#  SIGSEGV (0xb) at pc=0x000000013583c449, pid=11825, tid=145015
#
# JRE version: Java(TM) SE Runtime Environment (8.0_45-b14) (build 1.8.0_45-b14)
# Java VM: Java HotSpot(TM) 64-Bit Server VM (25.45-b02 mixed mode bsd-amd64 compressed oops)
# Problematic frame:
# C  [libkdu_v75R.dylib+0x44449]  kdu_core::kdu_subband::close_block(kdu_core::kdu_block*, kdu_core::kdu_thread_env*)+0x199
#
# Failed to write core dump. Core dumps have been disabled. To enable core dumping, try "ulimit -c unlimited" before starting Java again
#
# If you would like to submit a bug report, please visit:
#   http://bugreport.java.com/bugreport/crash.jsp
# The crash happened outside the Java Virtual Machine in native code.
# See problematic frame for where to report the bug.
#

---------------  T H R E A D  ---------------

Current thread (0x00007fef39d62800):  JavaThread "Decoding-Data" [_thread_in_native, id=145015, stack(0x0000000133bbe000,0x0000000133cbe000)]

siginfo: si_signo: 11 (SIGSEGV), si_code: 1 (SEGV_MAPERR), si_addr: 0x0000000000000020

Registers:
RAX=0xffffffffffffffff, RBX=0x00007fef4383f240, RCX=0x0000000000000040, RDX=0x00007fef4383f240
RSP=0x0000000133cbce80, RBP=0x0000000133cbced0, RSI=0x00007fef3bb14400, RDI=0x000000014c2d7810
R8 =0x0000000000000040, R9 =0x0000000000000100, R10=0x0000000000000040, R11=0x0000000000000000
R12=0x0000000000000000, R13=0x00007fef4383fd98, R14=0x0000000000000001, R15=0x00007fef3a915bc0
RIP=0x000000013583c449, EFLAGS=0x0000000000010297, ERR=0x0000000000000006
  TRAPNO=0x000000000000000e

Top of Stack: (sp=0x0000000133cbce80)
0x0000000133cbce80:   000000000008a100 00000001358ccfe0
0x0000000133cbce90:   0000000000052100 00000001358cd020
0x0000000133cbcea0:   c400a1f152349b71 00007fef4383f240
0x0000000133cbceb0:   0000000000000040 0000000000000040
0x0000000133cbcec0:   000000014c2d7810 0000000000000011
0x0000000133cbced0:   0000000133cbcff0 0000000135803570
0x0000000133cbcee0:   0000000000000000 39089f6000000006
0x0000000133cbcef0:   0000000140889f60 0000000000000000
0x0000000133cbcf00:   0000000000000001 01007fef47089f60
0x0000000133cbcf10:   37089f6030889f60 00007fef421dc200
0x0000000133cbcf20:   0000000100000040 000000014c2d7810
0x0000000133cbcf30:   010000010000000e 00007fef4383f240
0x0000000133cbcf40:   0000000000000001 000000000000000e
0x0000000133cbcf50:   000000014c2d7800 000000014383f240
0x0000000133cbcf60:   0000000000000001 0000000000000034
0x0000000133cbcf70:   00007fef4383fd98 00007fef3b216800
0x0000000133cbcf80:   0000000000000040 00007fef42431ea0
0x0000000133cbcf90:   00007fef4383f240 0000000000000001
0x0000000133cbcfa0:   0000000133cbcff0 000000013588083c
0x0000000133cbcfb0:   00000001358cb740 ffffffff00001002
0x0000000133cbcfc0:   00007fef4383f240 00007fef4383fcf0
0x0000000133cbcfd0:   0000000000000000 0000000000000000
0x0000000133cbcfe0:   00007fef4383f240 0000000000000000
0x0000000133cbcff0:   0000000133cbd090 00000001358770a5
0x0000000133cbd000:   000000003bb14400 00007fff7b5bb1b0
0x0000000133cbd010:   0000000000000000 0000000000000001
0x0000000133cbd020:   010000010a3d7000 0000000000000000
0x0000000133cbd030:   0000000000cbd060 0000000000000000
0x0000000133cbd040:   010000010a407000 0000000000000000
0x0000000133cbd050:   00007fef4383fcf0 00007fef4383f240
0x0000000133cbd060:   0000000133cbd080 00007fef4383fcf0
0x0000000133cbd070:   00007fef4383f240 00007fef42431dd0 

Instructions: (pc=0x000000013583c449)
0x000000013583c429:   c6 47 12 ff 4c 8b 65 c0 44 8b 75 d0 48 8b 75 b8
0x000000013583c439:   45 85 f6 0f 8e 98 08 00 00 44 89 f0 f7 d8 48 98
0x000000013583c449:   f0 49 0f c1 44 24 20 44 39 f0 0f 85 81 08 00 00
0x000000013583c459:   48 81 c6 c8 04 00 00 48 8b 0e 49 89 4c 24 38 48 

Register to memory mapping:

RAX=0xffffffffffffffff is an unknown value
RBX=0x00007fef4383f240 is an unknown value
RCX=0x0000000000000040 is an unknown value
RDX=0x00007fef4383f240 is an unknown value
RSP=0x0000000133cbce80 is pointing into the stack for thread: 0x00007fef39d62800
RBP=0x0000000133cbced0 is pointing into the stack for thread: 0x00007fef39d62800
RSI=0x00007fef3bb14400 is an unknown value
RDI=0x000000014c2d7810 is an unknown value
R8 =0x0000000000000040 is an unknown value
R9 =0x0000000000000100 is an unknown value
R10=0x0000000000000040 is an unknown value
R11=0x0000000000000000 is an unknown value
R12=0x0000000000000000 is an unknown value
R13=0x00007fef4383fd98 is an unknown value
R14=0x0000000000000001 is an unknown value
R15=0x00007fef3a915bc0 is an unknown value


Stack: [0x0000000133bbe000,0x0000000133cbe000],  sp=0x0000000133cbce80,  free space=1019k
Native frames: (J=compiled Java code, j=interpreted, Vv=VM code, C=native code)
C  [libkdu_v75R.dylib+0x44449]  kdu_core::kdu_subband::close_block(kdu_core::kdu_block*, kdu_core::kdu_thread_env*)+0x199
C  [libkdu_v75R.dylib+0xb570]  kd_core_local::kd_decoder_job::decode_blocks(kd_core_local::kd_decoder_job*, kdu_core::kdu_thread_env*)+0xc00
C  [libkdu_v75R.dylib+0x7f0a5]  kdu_core::kdu_thread_entity::process_jobs(kdu_core::kdu_thread_entity_condition*)+0x735
C  [libkdu_v75R.dylib+0x7e048]  kdu_core::kdu_thread_entity::wait_for_condition(char const*)+0x38
C  [libkdu_v75R.dylib+0x896ce]  kd_core_local::kd_multi_component::get_new_synthesized_stripe(kdu_core::kdu_thread_env*)+0x10e
C  [libkdu_v75R.dylib+0x8cef3]  kd_core_local::kd_multi_synthesis::get_line(kd_core_local::kd_multi_line*, int, kdu_core::kdu_thread_env*)+0x153
C  [libkdu_v75R.dylib+0x8cd7a]  kd_core_local::kd_multi_synthesis::get_line(int, kdu_core::kdu_thread_env*)+0x5a
C  [libkdu_a75R.dylib+0x82074]  kdu_supp::kdu_region_decompressor::process_generic(int, int, kdu_core::kdu_coords, int, int, int, kdu_core::kdu_dims&, kdu_core::kdu_dims&, int, int)+0x71e
C  [libkdu_a75R.dylib+0x85ded]  kdu_supp::kdu_region_decompressor::process(unsigned char*, int*, int, kdu_core::kdu_coords, int, int, int, kdu_core::kdu_dims&, kdu_core::kdu_dims&, int, bool, int, int, int)+0x1cd
C  [libkdu_a75R.dylib+0x6d020]  kd_supp_local::kdrc_stream::process(int, kdu_core::kdu_dims&, int&)+0x746
C  [libkdu_a75R.dylib+0x777dd]  kdu_supp::kdu_region_compositor::process(int, kdu_core::kdu_dims&, int)+0x1f3
C  [libkdu_jni.jnilib+0x5db2d]  Java_kdu_1jni_Kdu_1region_1compositor_Process+0xa1
j  kdu_jni.Kdu_region_compositor.Process(ILkdu_jni/Kdu_dims;I)Z+0
j  kdu_jni.Kdu_region_compositor.Process(ILkdu_jni/Kdu_dims;)Z+4
j  org.helioviewer.jhv.viewmodel.view.jp2view.newjpx.KakaduRender.getImage(IIFLjava/awt/Rectangle;)Ljava/nio/ByteBuffer;+253
j  org.helioviewer.jhv.viewmodel.view.jp2view.newjpx.UltimateLayer.getImageData(Ljava/time/LocalDateTime;Lorg/helioviewer/jhv/base/ImageRegion;Lorg/helioviewer/jhv/viewmodel/metadata/MetaData;Z)Ljava/nio/ByteBuffer;+238
j  org.helioviewer.jhv.layers.ImageLayer$1.run()V+125
j  java.lang.Thread.run()V+11
v  ~StubRoutines::call_stub
V  [libjvm.dylib+0x2e032a]  JavaCalls::call_helper(JavaValue*, methodHandle*, JavaCallArguments*, Thread*)+0x6ae
V  [libjvm.dylib+0x2e0ab8]  JavaCalls::call_virtual(JavaValue*, KlassHandle, Symbol*, Symbol*, JavaCallArguments*, Thread*)+0x164
V  [libjvm.dylib+0x2e0c64]  JavaCalls::call_virtual(JavaValue*, Handle, KlassHandle, Symbol*, Symbol*, Thread*)+0x4a
V  [libjvm.dylib+0x3331a5]  thread_entry(JavaThread*, Thread*)+0x7c
V  [libjvm.dylib+0x549acf]  JavaThread::thread_main_inner()+0x9b
V  [libjvm.dylib+0x54b1c0]  JavaThread::run()+0x1c2
V  [libjvm.dylib+0x46ea7e]  java_start(Thread*)+0xf6
C  [libsystem_pthread.dylib+0x3268]  _pthread_body+0x83
C  [libsystem_pthread.dylib+0x31e5]  _pthread_body+0x0
C  [libsystem_pthread.dylib+0x141d]  thread_start+0xd
C  0x0000000000000000

Java frames: (J=compiled Java code, j=interpreted, Vv=VM code)
j  kdu_jni.Kdu_region_compositor.Process(ILkdu_jni/Kdu_dims;I)Z+0
j  kdu_jni.Kdu_region_compositor.Process(ILkdu_jni/Kdu_dims;)Z+4
j  org.helioviewer.jhv.viewmodel.view.jp2view.newjpx.KakaduRender.getImage(IIFLjava/awt/Rectangle;)Ljava/nio/ByteBuffer;+253
j  org.helioviewer.jhv.viewmodel.view.jp2view.newjpx.UltimateLayer.getImageData(Ljava/time/LocalDateTime;Lorg/helioviewer/jhv/base/ImageRegion;Lorg/helioviewer/jhv/viewmodel/metadata/MetaData;Z)Ljava/nio/ByteBuffer;+238
j  org.helioviewer.jhv.layers.ImageLayer$1.run()V+125
j  java.lang.Thread.run()V+11
v  ~StubRoutines::call_stub

---------------  P R O C E S S  ---------------

Java Threads: ( => current thread )
  0x00007fef3d83e800 JavaThread "Decoding-Data" [_thread_in_native, id=147731, stack(0x0000000133f8a000,0x000000013408a000)]
  0x00007fef39ad6800 JavaThread "Decoding-Data" [_thread_in_native, id=145431, stack(0x0000000133cc1000,0x0000000133dc1000)]
=>0x00007fef39d62800 JavaThread "Decoding-Data" [_thread_in_native, id=145015, stack(0x0000000133bbe000,0x0000000133cbe000)]
  0x00007fef3be46000 JavaThread "UI latency watchdog" daemon [_thread_blocked, id=79115, stack(0x0000000140745000,0x0000000140845000)]
  0x00007fef39dea000 JavaThread "DestroyJavaVM" [_thread_blocked, id=4867, stack(0x000000010a4d3000,0x000000010a5d3000)]
  0x00007fef3b502800 JavaThread "Image Fetcher 1" daemon [_thread_blocked, id=78091, stack(0x000000013fa70000,0x000000013fb70000)]
  0x00007fef39c6a800 JavaThread "Download-Thread-5" [_thread_blocked, id=76035, stack(0x000000013e6da000,0x000000013e7da000)]
  0x00007fef39c6a000 JavaThread "Download-Thread-4" [_thread_blocked, id=75523, stack(0x000000013e5d7000,0x000000013e6d7000)]
  0x00007fef3d024800 JavaThread "Download-Thread-3" [_thread_blocked, id=75011, stack(0x000000013e4d4000,0x000000013e5d4000)]
  0x00007fef3c879800 JavaThread "Download-Thread-2" [_thread_blocked, id=74499, stack(0x000000013e3d1000,0x000000013e4d1000)]
  0x00007fef39c69000 JavaThread "Download-Thread-1" [_thread_blocked, id=73987, stack(0x000000013e2ce000,0x000000013e3ce000)]
  0x00007fef39c5e800 JavaThread "Download-Thread-0" [_thread_blocked, id=73475, stack(0x000000013e1cb000,0x000000013e2cb000)]
  0x00007fef39ad5000 JavaThread "Image Fetcher 0" daemon [_thread_blocked, id=66311, stack(0x000000013349c000,0x000000013359c000)]
  0x00007fef3c814800 JavaThread "Thread-6" daemon [_thread_in_native, id=64771, stack(0x000000012d365000,0x000000012d3e5000)]
  0x00007fef3c814000 JavaThread "Thread-5" daemon [_thread_blocked, id=59663, stack(0x000000012d016000,0x000000012d116000)]
  0x00007fef39947800 JavaThread "QuantumRenderer-0" daemon [_thread_blocked, id=60167, stack(0x000000012c74e000,0x000000012c84e000)]
  0x00007fef3b9f0000 JavaThread "Timer-0" daemon [_thread_blocked, id=61711, stack(0x000000012c9b3000,0x000000012cab3000)]
  0x00007fef3a356800 JavaThread "TimerQueue" daemon [_thread_blocked, id=63551, stack(0x0000000131bcc000,0x0000000131ccc000)]
  0x00007fef3b988000 JavaThread "AWT-EventQueue-0" [_thread_blocked, id=56579, stack(0x000000012b0cf000,0x000000012b1cf000)]
  0x00007fef3b9a4800 JavaThread "Java2D Disposer" daemon [_thread_blocked, id=56075, stack(0x000000012af56000,0x000000012b056000)]
  0x00007fef398c0800 JavaThread "Java2D Queue Flusher" daemon [_thread_blocked, id=45603, stack(0x000000012a140000,0x000000012a240000)]
  0x00007fef39807000 JavaThread "AWT-Shutdown" [_thread_blocked, id=30739, stack(0x00000001271c8000,0x00000001272c8000)]
  0x00007fef3b017800 JavaThread "AWT-AppKit" daemon [_thread_in_native, id=1811, stack(0x00007fff55044000,0x00007fff55844000)]
  0x00007fef3b853000 JavaThread "Service Thread" daemon [_thread_blocked, id=20739, stack(0x00000001254cf000,0x00000001255cf000)]
  0x00007fef39842000 JavaThread "C1 CompilerThread3" daemon [_thread_blocked, id=20227, stack(0x00000001253cc000,0x00000001254cc000)]
  0x00007fef39839000 JavaThread "C2 CompilerThread2" daemon [_thread_blocked, id=19715, stack(0x00000001252c9000,0x00000001253c9000)]
  0x00007fef3a004800 JavaThread "C2 CompilerThread1" daemon [_thread_in_native, id=19203, stack(0x00000001251c6000,0x00000001252c6000)]
  0x00007fef3b852800 JavaThread "C2 CompilerThread0" daemon [_thread_in_native, id=18691, stack(0x00000001250c3000,0x00000001251c3000)]
  0x00007fef3b851800 JavaThread "Signal Dispatcher" daemon [_thread_blocked, id=14611, stack(0x0000000124fc0000,0x00000001250c0000)]
  0x00007fef39836000 JavaThread "Finalizer" daemon [_thread_blocked, id=13571, stack(0x000000012359f000,0x000000012369f000)]
  0x00007fef39835000 JavaThread "Reference Handler" daemon [_thread_blocked, id=13059, stack(0x000000012349c000,0x000000012359c000)]

Other Threads:
  0x00007fef39832800 VMThread [stack: 0x0000000123399000,0x0000000123499000] [id=12547]
  0x00007fef3a035800 WatcherThread [stack: 0x00000001255d2000,0x00000001256d2000] [id=21251]

VM state:not at safepoint (normal execution)

VM Mutex/Monitor currently owned by a thread: None

Heap:
 PSYoungGen      total 76288K, used 36544K [0x0000000795580000, 0x000000079aa80000, 0x00000007c0000000)
  eden space 65536K, 39% used [0x0000000795580000,0x0000000796eb2438,0x0000000799580000)
  from space 10752K, 99% used [0x0000000799580000,0x0000000799ffdfc0,0x000000079a000000)
  to   space 10752K, 0% used [0x000000079a000000,0x000000079a000000,0x000000079aa80000)
 ParOldGen       total 74240K, used 14062K [0x0000000740000000, 0x0000000744880000, 0x0000000795580000)
  object space 74240K, 18% used [0x0000000740000000,0x0000000740dbb898,0x0000000744880000)
 Metaspace       used 33282K, capacity 33745K, committed 34176K, reserved 1079296K
  class space    used 4003K, capacity 4145K, committed 4224K, reserved 1048576K

Card table byte_map: [0x000000011b95e000,0x000000011bd5f000] byte_map_base: 0x0000000117f5e000

Marking Bits: (ParMarkBitMap*) 0x000000010bec27a0
 Begin Bits: [0x000000011c822000, 0x000000011e822000)
 End Bits:   [0x000000011e822000, 0x0000000120822000)

Polling page: 0x000000010a5e3000

CodeCache: size=245760Kb used=10531Kb max_used=11120Kb free=235228Kb
 bounds [0x000000010c59e000, 0x000000010d08e000, 0x000000011b59e000]
 total_blobs=4428 nmethods=3391 adapters=947
 compilation: enabled

Compilation events (10 events):
Event: 16.395 Thread 0x00007fef39842000 nmethod 3834 0x000000010c8c2d50 code [0x000000010c8c2ec0, 0x000000010c8c30e8]
Event: 16.395 Thread 0x00007fef39842000 3836       3       java.time.LocalDateTime::until (405 bytes)
Event: 16.396 Thread 0x00007fef39839000 3840       4       org.helioviewer.jhv.viewmodel.metadata.MetaDataContainer::getValueFromXML (113 bytes)
Event: 16.397 Thread 0x00007fef39842000 nmethod 3836 0x000000010ce710d0 code [0x000000010ce71500, 0x000000010ce73b28]
Event: 16.397 Thread 0x00007fef39842000 3838       3       java.util.concurrent.ArrayBlockingQueue$Itr::isDetached (13 bytes)
Event: 16.397 Thread 0x00007fef39842000 nmethod 3838 0x000000010ce360d0 code [0x000000010ce36240, 0x000000010ce363f0]
Event: 16.397 Thread 0x00007fef39842000 3839       3       com.sun.org.apache.xerces.internal.impl.XMLEntityManager::setEntityHandler (6 bytes)
Event: 16.398 Thread 0x00007fef39842000 nmethod 3839 0x000000010cfaf490 code [0x000000010cfaf5e0, 0x000000010cfaf750]
Event: 16.398 Thread 0x00007fef39842000 3837       1       org.helioviewer.jhv.viewmodel.metadata.MetaData::getResolution (5 bytes)
Event: 16.398 Thread 0x00007fef39842000 nmethod 3837 0x000000010cc88110 code [0x000000010cc88260, 0x000000010cc88370]

GC Heap History (8 events):
Event: 2.527 GC heap before
{Heap before GC invocations=1 (full 0):
 PSYoungGen      total 76288K, used 43292K [0x0000000795580000, 0x000000079aa80000, 0x00000007c0000000)
  eden space 65536K, 66% used [0x0000000795580000,0x0000000797fc73f8,0x0000000799580000)
  from space 10752K, 0% used [0x000000079a000000,0x000000079a000000,0x000000079aa80000)
  to   space 10752K, 0% used [0x0000000799580000,0x0000000799580000,0x000000079a000000)
 ParOldGen       total 175104K, used 0K [0x0000000740000000, 0x000000074ab00000, 0x0000000795580000)
  object space 175104K, 0% used [0x0000000740000000,0x0000000740000000,0x000000074ab00000)
 Metaspace       used 20694K, capacity 21025K, committed 21296K, reserved 1069056K
  class space    used 2308K, capacity 2401K, committed 2432K, reserved 1048576K
Event: 2.533 GC heap after
Heap after GC invocations=1 (full 0):
 PSYoungGen      total 76288K, used 8838K [0x0000000795580000, 0x000000079aa80000, 0x00000007c0000000)
  eden space 65536K, 0% used [0x0000000795580000,0x0000000795580000,0x0000000799580000)
  from space 10752K, 82% used [0x0000000799580000,0x0000000799e21870,0x000000079a000000)
  to   space 10752K, 0% used [0x000000079a000000,0x000000079a000000,0x000000079aa80000)
 ParOldGen       total 175104K, used 16K [0x0000000740000000, 0x000000074ab00000, 0x0000000795580000)
  object space 175104K, 0% used [0x0000000740000000,0x0000000740004000,0x000000074ab00000)
 Metaspace       used 20694K, capacity 21025K, committed 21296K, reserved 1069056K
  class space    used 2308K, capacity 2401K, committed 2432K, reserved 1048576K
}
Event: 2.533 GC heap before
{Heap before GC invocations=2 (full 1):
 PSYoungGen      total 76288K, used 8838K [0x0000000795580000, 0x000000079aa80000, 0x00000007c0000000)
  eden space 65536K, 0% used [0x0000000795580000,0x0000000795580000,0x0000000799580000)
  from space 10752K, 82% used [0x0000000799580000,0x0000000799e21870,0x000000079a000000)
  to   space 10752K, 0% used [0x000000079a000000,0x000000079a000000,0x000000079aa80000)
 ParOldGen       total 175104K, used 16K [0x0000000740000000, 0x000000074ab00000, 0x0000000795580000)
  object space 175104K, 0% used [0x0000000740000000,0x0000000740004000,0x000000074ab00000)
 Metaspace       used 20694K, capacity 21025K, committed 21296K, reserved 1069056K
  class space    used 2308K, capacity 2401K, committed 2432K, reserved 1048576K
Event: 2.553 GC heap after
Heap after GC invocations=2 (full 1):
 PSYoungGen      total 76288K, used 0K [0x0000000795580000, 0x000000079aa80000, 0x00000007c0000000)
  eden space 65536K, 0% used [0x0000000795580000,0x0000000795580000,0x0000000799580000)
  from space 10752K, 0% used [0x0000000799580000,0x0000000799580000,0x000000079a000000)
  to   space 10752K, 0% used [0x000000079a000000,0x000000079a000000,0x000000079aa80000)
 ParOldGen       total 74240K, used 8356K [0x0000000740000000, 0x0000000744880000, 0x0000000795580000)
  object space 74240K, 11% used [0x0000000740000000,0x0000000740829220,0x0000000744880000)
 Metaspace       used 20694K, capacity 21025K, committed 21296K, reserved 1069056K
  class space    used 2308K, capacity 2401K, committed 2432K, reserved 1048576K
}
Event: 7.058 GC heap before
{Heap before GC invocations=3 (full 1):
 PSYoungGen      total 76288K, used 65536K [0x0000000795580000, 0x000000079aa80000, 0x00000007c0000000)
  eden space 65536K, 100% used [0x0000000795580000,0x0000000799580000,0x0000000799580000)
  from space 10752K, 0% used [0x0000000799580000,0x0000000799580000,0x000000079a000000)
  to   space 10752K, 0% used [0x000000079a000000,0x000000079a000000,0x000000079aa80000)
 ParOldGen       total 74240K, used 8356K [0x0000000740000000, 0x0000000744880000, 0x0000000795580000)
  object space 74240K, 11% used [0x0000000740000000,0x0000000740829220,0x0000000744880000)
 Metaspace       used 32675K, capacity 33061K, committed 33664K, reserved 1079296K
  class space    used 3984K, capacity 4111K, committed 4224K, reserved 1048576K
Event: 7.065 GC heap after
Heap after GC invocations=3 (full 1):
 PSYoungGen      total 76288K, used 10733K [0x0000000795580000, 0x000000079aa80000, 0x00000007c0000000)
  eden space 65536K, 0% used [0x0000000795580000,0x0000000795580000,0x0000000799580000)
  from space 10752K, 99% used [0x000000079a000000,0x000000079aa7b5f0,0x000000079aa80000)
  to   space 10752K, 0% used [0x0000000799580000,0x0000000799580000,0x000000079a000000)
 ParOldGen       total 74240K, used 13770K [0x0000000740000000, 0x0000000744880000, 0x0000000795580000)
  object space 74240K, 18% used [0x0000000740000000,0x0000000740d72878,0x0000000744880000)
 Metaspace       used 32675K, capacity 33061K, committed 33664K, reserved 1079296K
  class space    used 3984K, capacity 4111K, committed 4224K, reserved 1048576K
}
Event: 14.274 GC heap before
{Heap before GC invocations=4 (full 1):
 PSYoungGen      total 76288K, used 76269K [0x0000000795580000, 0x000000079aa80000, 0x00000007c0000000)
  eden space 65536K, 100% used [0x0000000795580000,0x0000000799580000,0x0000000799580000)
  from space 10752K, 99% used [0x000000079a000000,0x000000079aa7b5f0,0x000000079aa80000)
  to   space 10752K, 0% used [0x0000000799580000,0x0000000799580000,0x000000079a000000)
 ParOldGen       total 74240K, used 13770K [0x0000000740000000, 0x0000000744880000, 0x0000000795580000)
  object space 74240K, 18% used [0x0000000740000000,0x0000000740d72878,0x0000000744880000)
 Metaspace       used 33144K, capacity 33585K, committed 34176K, reserved 1079296K
  class space    used 4001K, capacity 4113K, committed 4224K, reserved 1048576K
Event: 14.278 GC heap after
Heap after GC invocations=4 (full 1):
 PSYoungGen      total 76288K, used 10743K [0x0000000795580000, 0x000000079aa80000, 0x00000007c0000000)
  eden space 65536K, 0% used [0x0000000795580000,0x0000000795580000,0x0000000799580000)
  from space 10752K, 99% used [0x0000000799580000,0x0000000799ffdfc0,0x000000079a000000)
  to   space 10752K, 0% used [0x000000079a000000,0x000000079a000000,0x000000079aa80000)
 ParOldGen       total 74240K, used 14062K [0x0000000740000000, 0x0000000744880000, 0x0000000795580000)
  object space 74240K, 18% used [0x0000000740000000,0x0000000740dbb898,0x0000000744880000)
 Metaspace       used 33144K, capacity 33585K, committed 34176K, reserved 1079296K
  class space    used 4001K, capacity 4113K, committed 4224K, reserved 1048576K
}

Deoptimization events (10 events):
Event: 3.013 Thread 0x00007fef39c6a000 Uncommon trap: reason=predicate action=maybe_recompile pc=0x000000010c916ef4 method=sun.net.www.ParseUtil.encodePath(Ljava/lang/String;Z)Ljava/lang/String; @ 36
Event: 3.183 Thread 0x00007fef3b002000 Uncommon trap: reason=unstable_if action=reinterpret pc=0x000000010cb6a5a0 method=java.lang.String.regionMatches(ZILjava/lang/String;II)Z @ 123
Event: 3.281 Thread 0x00007fef39c6a000 Uncommon trap: reason=class_check action=maybe_recompile pc=0x000000010c9b5b8c method=java.io.BufferedInputStream.read1([BII)I @ 39
Event: 3.281 Thread 0x00007fef39c6a000 Uncommon trap: reason=class_check action=maybe_recompile pc=0x000000010c9b5b8c method=java.io.BufferedInputStream.read1([BII)I @ 39
Event: 3.332 Thread 0x00007fef3b002000 Uncommon trap: reason=predicate action=maybe_recompile pc=0x000000010cc85238 method=java.awt.image.ComponentSampleModel.getPixel(II[ILjava/awt/image/DataBuffer;)[I @ 79
Event: 3.497 Thread 0x00007fef3b3fe800 Uncommon trap: reason=unstable_if action=reinterpret pc=0x000000010c919030 method=java.util.ArrayList.rangeCheck(I)V @ 5
Event: 4.204 Thread 0x00007fef3b017800 Uncommon trap: reason=unstable_if action=reinterpret pc=0x000000010cdaa7c0 method=java.util.ArrayList.indexOf(Ljava/lang/Object;)I @ 1
Event: 4.376 Thread 0x00007fef3b988000 Uncommon trap: reason=unstable_if action=reinterpret pc=0x000000010cd787fc method=javax.swing.RepaintManager.addDirtyRegion0(Ljava/awt/Container;IIII)V @ 7
Event: 4.376 Thread 0x00007fef3b988000 Uncommon trap: reason=unstable_if action=reinterpret pc=0x000000010cd74bc8 method=javax.swing.RepaintManager.addDirtyRegion0(Ljava/awt/Container;IIII)V @ 7
Event: 7.217 Thread 0x00007fef3b988000 Uncommon trap: reason=unstable_if action=reinterpret pc=0x000000010ccbca48 method=java.awt.image.ComponentColorModel.extractComponent(Ljava/lang/Object;II)I @ 497

Internal exceptions (10 events):
Event: 3.279 Thread 0x00007fef3b002000 Exception <a 'java/io/FileNotFoundException'> (0x00000007976681a8) thrown at [/Users/java_re/workspace/8-2-build-macosx-x86_64/jdk8u45/3457/hotspot/src/share/vm/prims/jni.cpp, line 709]
Event: 3.280 Thread 0x00007fef3b002000 Exception <a 'java/io/FileNotFoundException'> (0x000000079766b458) thrown at [/Users/java_re/workspace/8-2-build-macosx-x86_64/jdk8u45/3457/hotspot/src/share/vm/prims/jni.cpp, line 709]
Event: 3.280 Thread 0x00007fef3b002000 Exception <a 'java/io/FileNotFoundException'> (0x000000079766e708) thrown at [/Users/java_re/workspace/8-2-build-macosx-x86_64/jdk8u45/3457/hotspot/src/share/vm/prims/jni.cpp, line 709]
Event: 3.281 Thread 0x00007fef3b002000 Exception <a 'java/io/FileNotFoundException'> (0x00000007976719b8) thrown at [/Users/java_re/workspace/8-2-build-macosx-x86_64/jdk8u45/3457/hotspot/src/share/vm/prims/jni.cpp, line 709]
Event: 3.281 Thread 0x00007fef3b002000 Exception <a 'java/io/FileNotFoundException'> (0x0000000797674c68) thrown at [/Users/java_re/workspace/8-2-build-macosx-x86_64/jdk8u45/3457/hotspot/src/share/vm/prims/jni.cpp, line 709]
Event: 3.281 Thread 0x00007fef3b002000 Exception <a 'java/io/FileNotFoundException'> (0x0000000797677f18) thrown at [/Users/java_re/workspace/8-2-build-macosx-x86_64/jdk8u45/3457/hotspot/src/share/vm/prims/jni.cpp, line 709]
Event: 3.340 Thread 0x00007fef3b002000 Exception <a 'java/io/FileNotFoundException'> (0x0000000797b6e7e8) thrown at [/Users/java_re/workspace/8-2-build-macosx-x86_64/jdk8u45/3457/hotspot/src/share/vm/prims/jni.cpp, line 709]
Event: 3.347 Thread 0x00007fef3b002000 Exception <a 'java/io/FileNotFoundException'> (0x0000000797bb2d50) thrown at [/Users/java_re/workspace/8-2-build-macosx-x86_64/jdk8u45/3457/hotspot/src/share/vm/prims/jni.cpp, line 709]
Event: 3.624 Thread 0x00007fef3b988000 Exception <a 'java/io/FileNotFoundException'> (0x0000000798127708) thrown at [/Users/java_re/workspace/8-2-build-macosx-x86_64/jdk8u45/3457/hotspot/src/share/vm/prims/jni.cpp, line 709]
Event: 4.189 Thread 0x00007fef3b988000 Exception <a 'java/lang/NullPointerException'> (0x00000007982d2cd8) thrown at [/Users/java_re/workspace/8-2-build-macosx-x86_64/jdk8u45/3457/hotspot/src/share/vm/interpreter/linkResolver.cpp, line 1178]

Events (10 events):
Event: 16.386 Executing VM operation: RevokeBias done
Event: 16.387 Thread 0x00007fef39842000 flushing nmethod 0x000000010c841450
Event: 16.388 Thread 0x00007fef39842000 flushing nmethod 0x000000010c991c50
Event: 16.391 Thread 0x00007fef39842000 flushing nmethod 0x000000010cc70fd0
Event: 16.392 Thread 0x00007fef39d62800 Thread added: 0x00007fef39d62800
Event: 16.392 Thread 0x00007fef39ad6800 Thread added: 0x00007fef39ad6800
Event: 16.392 Thread 0x00007fef3d83e800 Thread added: 0x00007fef3d83e800
Event: 16.393 Thread 0x00007fef39842000 flushing nmethod 0x000000010cd40590
Event: 16.393 Thread 0x00007fef39842000 flushing nmethod 0x000000010ce360d0
Event: 16.394 Thread 0x00007fef39842000 flushing nmethod 0x000000010cfaf290


Dynamic libraries:
0x000000000a610000 	/System/Library/Frameworks/Cocoa.framework/Versions/A/Cocoa
0x000000000a610000 	/System/Library/Frameworks/Security.framework/Versions/A/Security
0x000000000a610000 	/System/Library/Frameworks/ApplicationServices.framework/Versions/A/ApplicationServices
0x000000000a610000 	/usr/lib/libz.1.dylib
0x000000000a610000 	/usr/lib/libSystem.B.dylib
0x000000000a610000 	/usr/lib/libobjc.A.dylib
0x000000000a610000 	/System/Library/Frameworks/CoreFoundation.framework/Versions/A/CoreFoundation
0x000000000a610000 	/System/Library/Frameworks/Foundation.framework/Versions/C/Foundation
0x000000000a610000 	/System/Library/Frameworks/AppKit.framework/Versions/C/AppKit
0x000000000a610000 	/System/Library/Frameworks/CoreData.framework/Versions/A/CoreData
0x000000000a610000 	/System/Library/PrivateFrameworks/RemoteViewServices.framework/Versions/A/RemoteViewServices
0x000000000a610000 	/System/Library/PrivateFrameworks/UIFoundation.framework/Versions/A/UIFoundation
0x000000000a610000 	/System/Library/Frameworks/IOSurface.framework/Versions/A/IOSurface
0x000000000a610000 	/System/Library/Frameworks/AudioToolbox.framework/Versions/A/AudioToolbox
0x000000000a610000 	/System/Library/Frameworks/AudioUnit.framework/Versions/A/AudioUnit
0x000000000a610000 	/System/Library/PrivateFrameworks/DataDetectorsCore.framework/Versions/A/DataDetectorsCore
0x000000000a610000 	/System/Library/PrivateFrameworks/DesktopServicesPriv.framework/Versions/A/DesktopServicesPriv
0x000000000a610000 	/System/Library/Frameworks/Carbon.framework/Versions/A/Frameworks/HIToolbox.framework/Versions/A/HIToolbox
0x000000000a610000 	/System/Library/Frameworks/QuartzCore.framework/Versions/A/QuartzCore
0x000000000a610000 	/System/Library/Frameworks/Carbon.framework/Versions/A/Frameworks/SpeechRecognition.framework/Versions/A/SpeechRecognition
0x000000000a610000 	/usr/lib/libauto.dylib
0x000000000a610000 	/usr/lib/libicucore.A.dylib
0x000000000a610000 	/usr/lib/libxml2.2.dylib
0x000000000a610000 	/System/Library/PrivateFrameworks/CoreUI.framework/Versions/A/CoreUI
0x000000000a610000 	/System/Library/Frameworks/CoreAudio.framework/Versions/A/CoreAudio
0x000000000a610000 	/System/Library/Frameworks/DiskArbitration.framework/Versions/A/DiskArbitration
0x000000000a610000 	/usr/lib/liblangid.dylib
0x000000000a610000 	/System/Library/PrivateFrameworks/MultitouchSupport.framework/Versions/A/MultitouchSupport
0x000000000a610000 	/System/Library/Frameworks/IOKit.framework/Versions/A/IOKit
0x000000000a610000 	/usr/lib/libDiagnosticMessagesClient.dylib
0x000000000a610000 	/System/Library/Frameworks/CoreServices.framework/Versions/A/CoreServices
0x000000000a610000 	/System/Library/PrivateFrameworks/PerformanceAnalysis.framework/Versions/A/PerformanceAnalysis
0x000000000a610000 	/System/Library/PrivateFrameworks/GenerationalStorage.framework/Versions/A/GenerationalStorage
0x000000000a610000 	/System/Library/Frameworks/OpenGL.framework/Versions/A/OpenGL
0x000000000a610000 	/System/Library/PrivateFrameworks/Sharing.framework/Versions/A/Sharing
0x000000000a610000 	/System/Library/Frameworks/CoreGraphics.framework/Versions/A/CoreGraphics
0x000000000a610000 	/System/Library/Frameworks/CoreText.framework/Versions/A/CoreText
0x000000000a610000 	/System/Library/Frameworks/ImageIO.framework/Versions/A/ImageIO
0x000000000a610000 	/usr/lib/libextension.dylib
0x000000000a610000 	/System/Library/PrivateFrameworks/Backup.framework/Versions/A/Backup
0x000000000a610000 	/usr/lib/libarchive.2.dylib
0x000000000a610000 	/System/Library/Frameworks/CFNetwork.framework/Versions/A/CFNetwork
0x000000000a610000 	/System/Library/Frameworks/SystemConfiguration.framework/Versions/A/SystemConfiguration
0x000000000a610000 	/usr/lib/libCRFSuite.dylib
0x000000000a610000 	/usr/lib/libc++.1.dylib
0x000000000a610000 	/usr/lib/libc++abi.dylib
0x000000000a610000 	/usr/lib/system/libcache.dylib
0x000000000a610000 	/usr/lib/system/libcommonCrypto.dylib
0x000000000a610000 	/usr/lib/system/libcompiler_rt.dylib
0x000000000a610000 	/usr/lib/system/libcopyfile.dylib
0x000000000a610000 	/usr/lib/system/libcorecrypto.dylib
0x000000000a610000 	/usr/lib/system/libdispatch.dylib
0x000000000a610000 	/usr/lib/system/libdyld.dylib
0x000000000a610000 	/usr/lib/system/libkeymgr.dylib
0x000000000a610000 	/usr/lib/system/liblaunch.dylib
0x000000000a610000 	/usr/lib/system/libmacho.dylib
0x000000000a610000 	/usr/lib/system/libquarantine.dylib
0x000000000a610000 	/usr/lib/system/libremovefile.dylib
0x000000000a610000 	/usr/lib/system/libsystem_asl.dylib
0x000000000a610000 	/usr/lib/system/libsystem_blocks.dylib
0x000000000a610000 	/usr/lib/system/libsystem_c.dylib
0x000000000a610000 	/usr/lib/system/libsystem_configuration.dylib
0x000000000a610000 	/usr/lib/system/libsystem_coreservices.dylib
0x000000000a610000 	/usr/lib/system/libsystem_coretls.dylib
0x000000000a610000 	/usr/lib/system/libsystem_dnssd.dylib
0x000000000a610000 	/usr/lib/system/libsystem_info.dylib
0x000000000a610000 	/usr/lib/system/libsystem_kernel.dylib
0x000000000a610000 	/usr/lib/system/libsystem_m.dylib
0x000000000a610000 	/usr/lib/system/libsystem_malloc.dylib
0x000000000a610000 	/usr/lib/system/libsystem_network.dylib
0x000000000a610000 	/usr/lib/system/libsystem_networkextension.dylib
0x000000000a610000 	/usr/lib/system/libsystem_notify.dylib
0x000000000a610000 	/usr/lib/system/libsystem_platform.dylib
0x000000000a610000 	/usr/lib/system/libsystem_pthread.dylib
0x000000000a610000 	/usr/lib/system/libsystem_sandbox.dylib
0x000000000a610000 	/usr/lib/system/libsystem_secinit.dylib
0x000000000a610000 	/usr/lib/system/libsystem_stats.dylib
0x000000000a610000 	/usr/lib/system/libsystem_trace.dylib
0x000000000a610000 	/usr/lib/system/libunc.dylib
0x000000000a610000 	/usr/lib/system/libunwind.dylib
0x000000000a610000 	/usr/lib/system/libxpc.dylib
0x000000000a610000 	/usr/lib/libbz2.1.0.dylib
0x000000000a610000 	/usr/lib/liblzma.5.dylib
0x000000000a610000 	/usr/lib/libbsm.0.dylib
0x000000000a610000 	/usr/lib/libsqlite3.dylib
0x000000000a610000 	/usr/lib/system/libkxld.dylib
0x000000000a610000 	/usr/lib/libxar.1.dylib
0x000000000a610000 	/usr/lib/libpam.2.dylib
0x000000000a610000 	/usr/lib/libOpenScriptingUtil.dylib
0x000000000a610000 	/System/Library/Frameworks/CoreServices.framework/Versions/A/Frameworks/FSEvents.framework/Versions/A/FSEvents
0x000000000a610000 	/System/Library/Frameworks/CoreServices.framework/Versions/A/Frameworks/CarbonCore.framework/Versions/A/CarbonCore
0x000000000a610000 	/System/Library/Frameworks/CoreServices.framework/Versions/A/Frameworks/Metadata.framework/Versions/A/Metadata
0x000000000a610000 	/System/Library/Frameworks/CoreServices.framework/Versions/A/Frameworks/OSServices.framework/Versions/A/OSServices
0x000000000a610000 	/System/Library/Frameworks/CoreServices.framework/Versions/A/Frameworks/SearchKit.framework/Versions/A/SearchKit
0x000000000a610000 	/System/Library/Frameworks/CoreServices.framework/Versions/A/Frameworks/AE.framework/Versions/A/AE
0x000000000a610000 	/System/Library/Frameworks/CoreServices.framework/Versions/A/Frameworks/LaunchServices.framework/Versions/A/LaunchServices
0x000000000a610000 	/System/Library/Frameworks/CoreServices.framework/Versions/A/Frameworks/DictionaryServices.framework/Versions/A/DictionaryServices
0x000000000a610000 	/System/Library/Frameworks/NetFS.framework/Versions/A/NetFS
0x000000000a610000 	/System/Library/PrivateFrameworks/NetAuth.framework/Versions/A/NetAuth
0x000000000a610000 	/System/Library/PrivateFrameworks/login.framework/Versions/A/Frameworks/loginsupport.framework/Versions/A/loginsupport
0x000000000a610000 	/System/Library/PrivateFrameworks/TCC.framework/Versions/A/TCC
0x000000000a610000 	/usr/lib/libmecabra.dylib
0x000000000a610000 	/System/Library/Frameworks/ApplicationServices.framework/Versions/A/Frameworks/ATS.framework/Versions/A/ATS
0x000000000a610000 	/System/Library/Frameworks/ApplicationServices.framework/Versions/A/Frameworks/ColorSync.framework/Versions/A/ColorSync
0x000000000a610000 	/System/Library/Frameworks/ApplicationServices.framework/Versions/A/Frameworks/HIServices.framework/Versions/A/HIServices
0x000000000a610000 	/System/Library/Frameworks/ApplicationServices.framework/Versions/A/Frameworks/LangAnalysis.framework/Versions/A/LangAnalysis
0x000000000a610000 	/System/Library/Frameworks/ApplicationServices.framework/Versions/A/Frameworks/PrintCore.framework/Versions/A/PrintCore
0x000000000a610000 	/System/Library/Frameworks/ApplicationServices.framework/Versions/A/Frameworks/QD.framework/Versions/A/QD
0x000000000a610000 	/System/Library/Frameworks/ApplicationServices.framework/Versions/A/Frameworks/SpeechSynthesis.framework/Versions/A/SpeechSynthesis
0x000000000a610000 	/System/Library/Frameworks/Accelerate.framework/Versions/A/Accelerate
0x000000000a610000 	/System/Library/Frameworks/Accelerate.framework/Versions/A/Frameworks/vImage.framework/Versions/A/vImage
0x000000000a610000 	/System/Library/Frameworks/Accelerate.framework/Versions/A/Frameworks/vecLib.framework/Versions/A/vecLib
0x000000000a610000 	/System/Library/Frameworks/Accelerate.framework/Versions/A/Frameworks/vecLib.framework/Versions/A/libvDSP.dylib
0x000000000a610000 	/System/Library/Frameworks/Accelerate.framework/Versions/A/Frameworks/vecLib.framework/Versions/A/libvMisc.dylib
0x000000000a610000 	/System/Library/Frameworks/Accelerate.framework/Versions/A/Frameworks/vecLib.framework/Versions/A/libLAPACK.dylib
0x000000000a610000 	/System/Library/Frameworks/Accelerate.framework/Versions/A/Frameworks/vecLib.framework/Versions/A/libBLAS.dylib
0x000000000a610000 	/System/Library/Frameworks/Accelerate.framework/Versions/A/Frameworks/vecLib.framework/Versions/A/libLinearAlgebra.dylib
0x000000000a610000 	/System/Library/Frameworks/ApplicationServices.framework/Versions/A/Frameworks/ATS.framework/Versions/A/Resources/libFontParser.dylib
0x000000000a610000 	/System/Library/Frameworks/ApplicationServices.framework/Versions/A/Frameworks/ATS.framework/Versions/A/Resources/libFontRegistry.dylib
0x000000000a610000 	/System/Library/PrivateFrameworks/AppleVPA.framework/Versions/A/AppleVPA
0x000000000a610000 	/System/Library/PrivateFrameworks/AppleJPEG.framework/Versions/A/AppleJPEG
0x000000000a610000 	/System/Library/Frameworks/ImageIO.framework/Versions/A/Resources/libJPEG.dylib
0x000000000a610000 	/System/Library/Frameworks/ImageIO.framework/Versions/A/Resources/libTIFF.dylib
0x000000000a610000 	/System/Library/Frameworks/ImageIO.framework/Versions/A/Resources/libPng.dylib
0x000000000a610000 	/System/Library/Frameworks/ImageIO.framework/Versions/A/Resources/libGIF.dylib
0x000000000a610000 	/System/Library/Frameworks/ImageIO.framework/Versions/A/Resources/libJP2.dylib
0x000000000a610000 	/System/Library/Frameworks/ImageIO.framework/Versions/A/Resources/libRadiance.dylib
0x000000000a610000 	/System/Library/Frameworks/CoreVideo.framework/Versions/A/CoreVideo
0x000000000a610000 	/System/Library/Frameworks/OpenGL.framework/Versions/A/Libraries/libGLU.dylib
0x000000000a610000 	/System/Library/Frameworks/OpenGL.framework/Versions/A/Libraries/libGFXShared.dylib
0x000000000a610000 	/System/Library/Frameworks/OpenGL.framework/Versions/A/Libraries/libGL.dylib
0x000000000a610000 	/System/Library/Frameworks/OpenGL.framework/Versions/A/Libraries/libGLImage.dylib
0x000000000a610000 	/System/Library/Frameworks/OpenGL.framework/Versions/A/Libraries/libCVMSPluginSupport.dylib
0x000000000a610000 	/System/Library/Frameworks/OpenGL.framework/Versions/A/Libraries/libCoreVMClient.dylib
0x000000000a610000 	/usr/lib/libcups.2.dylib
0x000000000a610000 	/System/Library/Frameworks/Kerberos.framework/Versions/A/Kerberos
0x000000000a610000 	/System/Library/Frameworks/GSS.framework/Versions/A/GSS
0x000000000a610000 	/usr/lib/libresolv.9.dylib
0x000000000a610000 	/usr/lib/libiconv.2.dylib
0x000000000a610000 	/System/Library/PrivateFrameworks/Heimdal.framework/Versions/A/Heimdal
0x000000000a610000 	/usr/lib/libheimdal-asn1.dylib
0x000000000a610000 	/System/Library/Frameworks/OpenDirectory.framework/Versions/A/OpenDirectory
0x000000000a610000 	/System/Library/PrivateFrameworks/CommonAuth.framework/Versions/A/CommonAuth
0x000000000a610000 	/System/Library/Frameworks/OpenDirectory.framework/Versions/A/Frameworks/CFOpenDirectory.framework/Versions/A/CFOpenDirectory
0x000000000a610000 	/System/Library/Frameworks/SecurityFoundation.framework/Versions/A/SecurityFoundation
0x000000000a610000 	/System/Library/PrivateFrameworks/LanguageModeling.framework/Versions/A/LanguageModeling
0x000000000a610000 	/usr/lib/libcmph.dylib
0x000000000a610000 	/System/Library/Frameworks/ServiceManagement.framework/Versions/A/ServiceManagement
0x000000000a610000 	/usr/lib/libxslt.1.dylib
0x000000000a610000 	/System/Library/Frameworks/Carbon.framework/Versions/A/Frameworks/Ink.framework/Versions/A/Ink
0x000000000a610000 	/System/Library/Frameworks/QuartzCore.framework/Versions/A/Frameworks/CoreImage.framework/Versions/A/CoreImage
0x000000000a610000 	/System/Library/PrivateFrameworks/CrashReporterSupport.framework/Versions/A/CrashReporterSupport
0x000000000a610000 	/System/Library/Frameworks/OpenCL.framework/Versions/A/OpenCL
0x000000000a610000 	/System/Library/PrivateFrameworks/FaceCore.framework/Versions/A/FaceCore
0x000000000a610000 	/System/Library/PrivateFrameworks/Ubiquity.framework/Versions/A/Ubiquity
0x000000000a610000 	/System/Library/PrivateFrameworks/IconServices.framework/Versions/A/IconServices
0x000000000a610000 	/System/Library/PrivateFrameworks/ChunkingLibrary.framework/Versions/A/ChunkingLibrary
0x000000000a610000 	/System/Library/PrivateFrameworks/Apple80211.framework/Versions/A/Apple80211
0x000000000a610000 	/System/Library/Frameworks/CoreWLAN.framework/Versions/A/CoreWLAN
0x000000000a610000 	/System/Library/Frameworks/IOBluetooth.framework/Versions/A/IOBluetooth
0x000000000a610000 	/System/Library/PrivateFrameworks/CoreWiFi.framework/Versions/A/CoreWiFi
0x000000000a610000 	/System/Library/Frameworks/CoreBluetooth.framework/Versions/A/CoreBluetooth
0x000000000a610000 	/System/Library/PrivateFrameworks/DebugSymbols.framework/Versions/A/DebugSymbols
0x000000000a610000 	/System/Library/PrivateFrameworks/CoreSymbolication.framework/Versions/A/CoreSymbolication
0x000000000a610000 	/System/Library/PrivateFrameworks/Symbolication.framework/Versions/A/Symbolication
0x000000000a610000 	/System/Library/PrivateFrameworks/SpeechRecognitionCore.framework/Versions/A/SpeechRecognitionCore
0x000000010b600000 	/Library/Java/JavaVirtualMachines/jdk1.8.0_45.jdk/Contents/Home/jre/lib/server/libjvm.dylib
0x000000000a610000 	/usr/lib/libstdc++.6.dylib
0x000000010a5d5000 	/Library/Java/JavaVirtualMachines/jdk1.8.0_45.jdk/Contents/Home/jre/lib/libverify.dylib
0x000000010c569000 	/Library/Java/JavaVirtualMachines/jdk1.8.0_45.jdk/Contents/Home/jre/lib/libjava.dylib
0x000000010a5ed000 	/Library/Java/JavaVirtualMachines/jdk1.8.0_45.jdk/Contents/Home/jre/lib/libzip.dylib
0x00000001236a1000 	/System/Library/Frameworks/JavaVM.framework/Frameworks/JavaRuntimeSupport.framework/JavaRuntimeSupport
0x00000001236b9000 	/System/Library/Frameworks/JavaVM.framework/Versions/A/Frameworks/JavaNativeFoundation.framework/Versions/A/JavaNativeFoundation
0x00000001236ce000 	/System/Library/Frameworks/JavaVM.framework/Versions/A/JavaVM
0x000000000a610000 	/System/Library/Frameworks/Carbon.framework/Versions/A/Carbon
0x00000001236db000 	/System/Library/PrivateFrameworks/JavaLaunching.framework/Versions/A/JavaLaunching
0x000000000a610000 	/System/Library/Frameworks/Carbon.framework/Versions/A/Frameworks/CommonPanels.framework/Versions/A/CommonPanels
0x000000000a610000 	/System/Library/Frameworks/Carbon.framework/Versions/A/Frameworks/Help.framework/Versions/A/Help
0x000000000a610000 	/System/Library/Frameworks/Carbon.framework/Versions/A/Frameworks/ImageCapture.framework/Versions/A/ImageCapture
0x000000000a610000 	/System/Library/Frameworks/Carbon.framework/Versions/A/Frameworks/OpenScripting.framework/Versions/A/OpenScripting
0x000000000a610000 	/System/Library/Frameworks/Carbon.framework/Versions/A/Frameworks/Print.framework/Versions/A/Print
0x000000000a610000 	/System/Library/Frameworks/Carbon.framework/Versions/A/Frameworks/SecurityHI.framework/Versions/A/SecurityHI
0x000000012582b000 	/Library/Java/JavaVirtualMachines/jdk1.8.0_45.jdk/Contents/Home/jre/lib/libawt.dylib
0x00000001258d3000 	/Library/Java/JavaVirtualMachines/jdk1.8.0_45.jdk/Contents/Home/jre/lib/./libmlib_image.dylib
0x000000012599f000 	/Library/Java/JavaVirtualMachines/jdk1.8.0_45.jdk/Contents/Home/jre/lib/libawt_lwawt.dylib
0x0000000125a53000 	/Library/Java/JavaVirtualMachines/jdk1.8.0_45.jdk/Contents/Home/jre/lib/./libosxapp.dylib
0x000000000a610000 	/System/Library/Frameworks/ExceptionHandling.framework/Versions/A/ExceptionHandling
0x000000000a610000 	/System/Library/PrivateFrameworks/CoreServicesInternal.framework/Versions/A/CoreServicesInternal
0x000000000a610000 	/System/Library/PrivateFrameworks/CloudDocs.framework/Versions/A/CloudDocs
0x000000000a610000 	/System/Library/PrivateFrameworks/CoreDuet.framework/Versions/A/CoreDuet
0x000000000a610000 	/System/Library/Frameworks/CloudKit.framework/Versions/A/CloudKit
0x000000000a610000 	/System/Library/PrivateFrameworks/ProtocolBuffer.framework/Versions/A/ProtocolBuffer
0x000000000a610000 	/System/Library/PrivateFrameworks/CoreDuetDaemonProtocol.framework/Versions/A/CoreDuetDaemonProtocol
0x000000000a610000 	/System/Library/PrivateFrameworks/CoreDuetDebugLogging.framework/Versions/A/CoreDuetDebugLogging
0x000000000a610000 	/System/Library/PrivateFrameworks/MMCS.framework/Versions/A/MMCS
0x000000000a610000 	/System/Library/Frameworks/CoreLocation.framework/Versions/A/CoreLocation
0x000000000a610000 	/System/Library/PrivateFrameworks/ProtectedCloudStorage.framework/Versions/A/ProtectedCloudStorage
0x000000000a610000 	/System/Library/PrivateFrameworks/GeoServices.framework/Versions/A/GeoServices
0x000000000a610000 	/System/Library/Frameworks/CoreGraphics.framework/Versions/A/Resources/libCGCMS.A.dylib
0x000000000a610000 	/System/Library/Frameworks/CoreGraphics.framework/Versions/A/Resources/libRIP.A.dylib
0x000000000a610000 	/System/Library/Frameworks/CoreGraphics.framework/Versions/A/Resources/libCGXType.A.dylib
0x000000000a610000 	/System/Library/Frameworks/OpenCL.framework/Versions/A/Libraries/libcldcpuengine.dylib
0x000000000a610000 	/System/Library/PrivateFrameworks/DiskImages.framework/Versions/A/DiskImages
0x000000000a610000 	/System/Library/Frameworks/DiscRecording.framework/Versions/A/DiscRecording
0x000000000a610000 	/usr/lib/libcsfde.dylib
0x000000000a610000 	/usr/lib/libcurl.4.dylib
0x000000000a610000 	/System/Library/PrivateFrameworks/MediaKit.framework/Versions/A/MediaKit
0x000000000a610000 	/usr/lib/libCoreStorage.dylib
0x000000000a610000 	/System/Library/PrivateFrameworks/EFILogin.framework/Versions/A/EFILogin
0x000000000a610000 	/usr/lib/libutil.dylib
0x000000000a610000 	/System/Library/PrivateFrameworks/FindMyDevice.framework/Versions/A/FindMyDevice
0x000000000a610000 	/System/Library/Frameworks/LDAP.framework/Versions/A/LDAP
0x000000000a610000 	/usr/lib/libsasl2.2.dylib
0x000000000a610000 	/System/Library/PrivateFrameworks/CoreDaemon.framework/Versions/B/CoreDaemon
0x000000000a610000 	/usr/lib/libcrypto.0.9.8.dylib
0x000000000a610000 	/System/Library/PrivateFrameworks/AppleSRP.framework/Versions/A/AppleSRP
0x000000000a610000 	/System/Library/PrivateFrameworks/TrustEvaluationAgent.framework/Versions/A/TrustEvaluationAgent
0x0000000128d15000 	cl_kernels
0x0000000128d17000 	/System/Library/Frameworks/OpenCL.framework/Versions/A/Libraries/ImageFormats/unorm8_bgra.dylib
0x0000000128d07000 	cl_kernels
0x000000000a610000 	/System/Library/PrivateFrameworks/FamilyControls.framework/Versions/A/FamilyControls
0x000000000a610000 	/System/Library/PrivateFrameworks/CommerceKit.framework/Versions/A/Frameworks/CommerceCore.framework/Versions/A/CommerceCore
0x000000000a610000 	/System/Library/PrivateFrameworks/SystemAdministration.framework/Versions/A/SystemAdministration
0x000000000a610000 	/System/Library/PrivateFrameworks/AppContainer.framework/Versions/A/AppContainer
0x000000000a610000 	/System/Library/PrivateFrameworks/SecCodeWrapper.framework/Versions/A/SecCodeWrapper
0x000000000a610000 	/System/Library/Frameworks/DirectoryService.framework/Versions/A/DirectoryService
0x000000000a610000 	/System/Library/PrivateFrameworks/LoginUIKit.framework/Versions/A/Frameworks/LoginUICore.framework/Versions/A/LoginUICore
0x000000000a610000 	/usr/lib/libodfde.dylib
0x000000000a610000 	/System/Library/Frameworks/OpenGL.framework/Versions/A/Resources/GLEngine.bundle/GLEngine
0x000000000a610000 	/System/Library/Frameworks/OpenGL.framework/Versions/A/Libraries/libGLProgrammability.dylib
0x0000000000000000 	/System/Library/Extensions/AppleIntelHD5000GraphicsGLDriver.bundle/Contents/MacOS/AppleIntelHD5000GraphicsGLDriver
0x000000000a610000 	/System/Library/PrivateFrameworks/IOAccelerator.framework/Versions/A/IOAccelerator
0x000000000a610000 	/System/Library/PrivateFrameworks/GPUSupport.framework/Versions/A/Libraries/libGPUSupportMercury.dylib
0x0000000000000000 	/System/Library/Extensions/GeForceGLDriver.bundle/Contents/MacOS/GeForceGLDriver
0x000000000a610000 	/System/Library/Extensions/GeForceGLDriver.bundle/Contents/MacOS/libclh.dylib
0x000000000a610000 	/System/Library/Frameworks/OpenGL.framework/Versions/A/Resources/GLRendererFloat.bundle/GLRendererFloat
0x000000012b05d000 	/Library/Java/JavaVirtualMachines/jdk1.8.0_45.jdk/Contents/Home/jre/lib/libfontmanager.dylib
0x000000012b0c4000 	/Library/Java/JavaVirtualMachines/jdk1.8.0_45.jdk/Contents/Home/jre/lib/libosxui.dylib
0x000000012b674000 	/Library/Java/JavaVirtualMachines/jdk1.8.0_45.jdk/Contents/Home/jre/lib/libnet.dylib
0x000000012b6d3000 	/Library/Java/JavaVirtualMachines/jdk1.8.0_45.jdk/Contents/Home/jre/lib/libnio.dylib
0x000000000a610000 	/System/Library/Frameworks/Accelerate.framework/Versions/A/Frameworks/vImage.framework/Versions/A/Libraries/libCGInterfaces.dylib
0x000000012c69a000 	/Library/Java/JavaVirtualMachines/jdk1.8.0_45.jdk/Contents/Home/jre/lib/libosx.dylib
0x000000012c850000 	/Library/Java/JavaVirtualMachines/jdk1.8.0_45.jdk/Contents/Home/jre/lib/libprism_es2.dylib
0x000000012c9a7000 	/private/var/folders/_3/gr58kqxs4vq4rdz44_t3sk9c0000gn/T/jogamp_0000/file_cache/jln6008925200055701832/jln1471931097469489621/libgluegen-rt.jnilib
0x000000012cf0b000 	/Library/Java/JavaVirtualMachines/jdk1.8.0_45.jdk/Contents/Home/jre/lib/libglass.dylib
0x000000012cdd3000 	/private/var/folders/_3/gr58kqxs4vq4rdz44_t3sk9c0000gn/T/jogamp_0000/file_cache/jln6008925200055701832/jln1471931097469489621/libnativewindow_awt.jnilib
0x000000012cdd6000 	/Library/Java/JavaVirtualMachines/jdk1.8.0_45.jdk/Contents/Home/jre/lib/libjawt.dylib
0x000000012cf79000 	/private/var/folders/_3/gr58kqxs4vq4rdz44_t3sk9c0000gn/T/jogamp_0000/file_cache/jln6008925200055701832/jln1471931097469489621/libnativewindow_macosx.jnilib
0x000000012fb19000 	/private/var/folders/_3/gr58kqxs4vq4rdz44_t3sk9c0000gn/T/jogamp_0000/file_cache/jln6008925200055701832/jln1471931097469489621/libjogl_desktop.jnilib
0x000000012f56d000 	/private/var/folders/_3/gr58kqxs4vq4rdz44_t3sk9c0000gn/T/jogamp_0000/file_cache/jln6008925200055701832/jln1471931097469489621/libjogl_mobile.jnilib
0x00000001356be000 	/Users/stefanmeier/Documents/FHNW/JHelioviewer/JHelioviewer/lib/native/libkdu_jni.jnilib
0x00000001357f8000 	/Users/stefanmeier/Documents/FHNW/JHelioviewer/JHelioviewer/lib/native/libkdu_v75R.dylib
0x00000001358f7000 	/Users/stefanmeier/Documents/FHNW/JHelioviewer/JHelioviewer/lib/native/libkdu_a75R.dylib
0x000000014380f000 	/Library/Java/JavaVirtualMachines/jdk1.8.0_45.jdk/Contents/Home/jre/lib/libdcpr.dylib
0x0000000133821000 	/System/Library/Frameworks/Security.framework/PlugIns/csparser.bundle/Contents/MacOS/csparser
0x000000000a610000 	/System/Library/PrivateFrameworks/FinderKit.framework/Versions/A/FinderKit
0x000000000a610000 	/System/Library/PrivateFrameworks/Suggestions.framework/Versions/A/Suggestions
0x000000000a610000 	/System/Library/Frameworks/Quartz.framework/Versions/A/Frameworks/QuickLookUI.framework/Versions/A/QuickLookUI
0x000000000a610000 	/System/Library/Frameworks/Quartz.framework/Versions/A/Frameworks/ImageKit.framework/Versions/A/ImageKit
0x000000000a610000 	/System/Library/PrivateFrameworks/Bom.framework/Versions/A/Bom
0x000000000a610000 	/System/Library/Frameworks/QuickLook.framework/Versions/A/QuickLook
0x000000000a610000 	/System/Library/PrivateFrameworks/AppleSystemInfo.framework/Versions/A/AppleSystemInfo
0x000000000a610000 	/System/Library/Frameworks/ImageCaptureCore.framework/Versions/A/ImageCaptureCore
0x000000000a610000 	/System/Library/Frameworks/AddressBook.framework/Versions/A/AddressBook
0x000000000a610000 	/System/Library/PrivateFrameworks/IntlPreferences.framework/Versions/A/IntlPreferences
0x000000000a610000 	/System/Library/PrivateFrameworks/ToneLibrary.framework/Versions/A/ToneLibrary
0x000000000a610000 	/System/Library/PrivateFrameworks/ToneKit.framework/Versions/A/ToneKit
0x000000000a610000 	/System/Library/PrivateFrameworks/vCard.framework/Versions/A/vCard
0x000000000a610000 	/System/Library/PrivateFrameworks/ApplePushService.framework/Versions/A/ApplePushService
0x000000000a610000 	/System/Library/PrivateFrameworks/ContactsData.framework/Versions/A/ContactsData
0x000000000a610000 	/System/Library/PrivateFrameworks/ContactsFoundation.framework/Versions/A/ContactsFoundation
0x000000000a610000 	/System/Library/Frameworks/SecurityInterface.framework/Versions/A/SecurityInterface
0x000000000a610000 	/System/Library/PrivateFrameworks/PhoneNumbers.framework/Versions/A/PhoneNumbers
0x000000000a610000 	/System/Library/Frameworks/Quartz.framework/Versions/A/Quartz
0x000000000a610000 	/System/Library/Frameworks/AVFoundation.framework/Versions/A/AVFoundation
0x000000000a610000 	/System/Library/Frameworks/AVFoundation.framework/Versions/A/Resources/libAVFAudio.dylib
0x000000000a610000 	/System/Library/Frameworks/CoreMedia.framework/Versions/A/CoreMedia
0x000000000a610000 	/System/Library/Frameworks/MediaToolbox.framework/Versions/A/MediaToolbox
0x000000000a610000 	/System/Library/Frameworks/VideoToolbox.framework/Versions/A/VideoToolbox
0x000000000a610000 	/System/Library/Frameworks/CoreMediaIO.framework/Versions/A/CoreMediaIO
0x000000000a610000 	/System/Library/PrivateFrameworks/MediaControlSender.framework/Versions/A/MediaControlSender
0x000000000a610000 	/System/Library/PrivateFrameworks/CoreAVCHD.framework/Versions/A/CoreAVCHD
0x000000000a610000 	/System/Library/Frameworks/MediaAccessibility.framework/Versions/A/MediaAccessibility
0x000000000a610000 	/System/Library/PrivateFrameworks/Mangrove.framework/Versions/A/Mangrove
0x000000000a610000 	/System/Library/PrivateFrameworks/CoreAUC.framework/Versions/A/CoreAUC
0x000000000a610000 	/System/Library/PrivateFrameworks/NetworkStatistics.framework/Versions/A/NetworkStatistics
0x000000000a610000 	/System/Library/PrivateFrameworks/AirPlaySupport.framework/Versions/A/AirPlaySupport
0x000000000a610000 	/System/Library/PrivateFrameworks/CoreUtils.framework/Versions/A/CoreUtils
0x000000000a610000 	/System/Library/PrivateFrameworks/AppleVA.framework/Versions/A/AppleVA
0x000000000a610000 	/System/Library/PrivateFrameworks/XPCService.framework/Versions/A/XPCService
0x000000000a610000 	/System/Library/PrivateFrameworks/AppSandbox.framework/Versions/A/AppSandbox
0x000000000a610000 	/usr/lib/libsandbox.1.dylib
0x000000000a610000 	/usr/lib/libMatch.1.dylib
0x000000000a610000 	/System/Library/PrivateFrameworks/SafariServices.framework/Versions/A/SafariServices
0x000000000a610000 	/usr/lib/libspindump.dylib
0x000000000a610000 	/System/Library/Frameworks/QTKit.framework/Versions/A/QTKit
0x000000000a610000 	/System/Library/PrivateFrameworks/CoreMediaAuthoring.framework/Versions/A/CoreMediaAuthoring
0x000000000a610000 	/System/Library/Frameworks/Quartz.framework/Versions/A/Frameworks/QuartzComposer.framework/Versions/A/QuartzComposer
0x000000000a610000 	/System/Library/Frameworks/Quartz.framework/Versions/A/Frameworks/PDFKit.framework/Versions/A/PDFKit
0x000000000a610000 	/System/Library/Frameworks/Quartz.framework/Versions/A/Frameworks/QuartzFilters.framework/Versions/A/QuartzFilters
0x000000000a610000 	/System/Library/Frameworks/JavaScriptCore.framework/Versions/A/JavaScriptCore
0x000000000a610000 	/System/Library/PrivateFrameworks/CorePDF.framework/Versions/A/CorePDF
0x000000000a610000 	/System/Library/PrivateFrameworks/DisplayServices.framework/Versions/A/DisplayServices
0x000000000a610000 	/System/Library/PrivateFrameworks/AppleFSCompression.framework/Versions/A/AppleFSCompression
0x000000013384f000 	/System/Library/PrivateFrameworks/CacheDelete.framework/CacheDelete
0x000000000a610000 	/System/Library/PrivateFrameworks/PlugInKit.framework/Versions/A/PlugInKit
0x000000000a610000 	/System/Library/CoreServices/RawCamera.bundle/Contents/MacOS/RawCamera
0x0000000135ba8000 	/System/Library/Frameworks/OpenCL.framework/Versions/A/Libraries/ImageFormats/unorm8_rgba.dylib
0x0000000134d88000 	cl_kernels
0x0000000134f70000 	cl_kernels
0x0000000134f74000 	cl_kernels

VM Arguments:
jvm_args: -Dapple.laf.useScreenMenuBar=true -Xmx2048m -Djava.library.path=/Users/stefanmeier/Documents/FHNW/JHelioviewer/JHelioviewer/lib/native:/Users/stefanmeier/Documents/FHNW/JHelioviewer/JHelioviewer/lib/native -Dfile.encoding=UTF-8 
java_command: org.helioviewer.jhv.JHelioviewer
java_class_path (initial): /Users/stefanmeier/Documents/FHNW/JHelioviewer/JHelioviewer/bin:/Users/stefanmeier/Documents/FHNW/JHelioviewer/JHelioviewer/lib/fits.jar:/Users/stefanmeier/Documents/FHNW/JHelioviewer/JHelioviewer/lib/forms-1.3.0.jar:/Users/stefanmeier/Documents/FHNW/JHelioviewer/JHelioviewer/lib/gluegen-rt.jar:/Users/stefanmeier/Documents/FHNW/JHelioviewer/JHelioviewer/lib/jgoodies-forms-1.8.0.jar:/Users/stefanmeier/Documents/FHNW/JHelioviewer/JHelioviewer/lib/json.jar:/Users/stefanmeier/Documents/FHNW/JHelioviewer/JHelioviewer/lib/log4j-1.2.16.jar:/Users/stefanmeier/Documents/FHNW/JHelioviewer/JHelioviewer/lib/xuggle-xuggler-5.4-all.jar:/Users/stefanmeier/Documents/FHNW/JHelioviewer/JHelioviewer/lib/bzip2.jar:/Users/stefanmeier/Documents/FHNW/JHelioviewer/JHelioviewer/lib/slf4j-api-1.7.7.jar:/Users/stefanmeier/Documents/FHNW/JHelioviewer/JHelioviewer/lib/slf4j-nop-1.7.7.jar:/Users/stefanmeier/Documents/FHNW/JHelioviewer/JHelioviewer/lib/gson-2.2.4.jar:/Users/stefanmeier/Documents/FHNW/JHelioviewer/JHelioviewer/lib/i4jruntime.jar:/Users/stefanmeier/Documents/FHNW/JHelioviewer/JHelioviewer/lib/kdu.jar:/Users/stefanmeier/Documents/FHNW/JHelioviewer/JHelioviewer/lib/junrar-0.7.jar:/Users/stefanmeier/Documents/FHNW/JHelioviewer/JHelioviewer/lib/commons-logging-1.2.jar:/Users/stefanmeier/Documents/FHNW/JHelioviewer/JHelioviewer/lib/core-2.0.0.jar:/Users/stefanmeier/Documents/FHNW/JHelioviewer/JHelioviewer/lib/gluegen-rt-natives-linux-amd64.jar:/Users/stefanmeier/Documents/FHNW/JHelioviewer/JHelioviewer/lib/gluegen-rt-natives-linux-i586.jar:/Users/stefanmeier/Documents/FHNW/JHelioviewer/JHelioviewer/lib/gluegen-rt-natives-macosx-universal.jar:/Users/stefanmeier/Documents/FHNW/JHelioviewer/JHelioviewer/lib/gluegen-rt-natives-windows-amd64.jar:/Users/stefanmeier/Documents/FHNW/JHelioviewer/JHelioviewer/lib/gluegen-rt-natives-windows-i586.jar:/Users/stefanmeier/Documents/FHNW/JHelioviewer/JHelioviewer/lib/jogl-all-natives-linux-amd64.jar:/Users/stefanmeier/Docum
Launcher Type: SUN_STANDARD

Environment Variables:
PATH=/usr/bin:/bin:/usr/sbin:/sbin
SHELL=/bin/bash

Signal Handlers:
SIGSEGV: [libjvm.dylib+0x58ef95], sa_mask[0]=11111111011111110111111111111111, sa_flags=SA_ONSTACK|SA_RESTART|SA_SIGINFO
SIGBUS: [libjvm.dylib+0x58ef95], sa_mask[0]=11111111011111110111111111111111, sa_flags=SA_RESTART|SA_SIGINFO
SIGFPE: [libjvm.dylib+0x46c108], sa_mask[0]=11111111011111110111111111111111, sa_flags=SA_RESTART|SA_SIGINFO
SIGPIPE: SIG_IGN, sa_mask[0]=00000000000000000000000000000000, sa_flags=SA_RESTART
SIGXFSZ: [libjvm.dylib+0x46c108], sa_mask[0]=11111111011111110111111111111111, sa_flags=SA_RESTART|SA_SIGINFO
SIGILL: [libjvm.dylib+0x46c108], sa_mask[0]=11111111011111110111111111111111, sa_flags=SA_RESTART|SA_SIGINFO
SIGUSR1: SIG_DFL, sa_mask[0]=00000000000000000000000000000000, sa_flags=none
SIGUSR2: [libjvm.dylib+0x46bc26], sa_mask[0]=00100000000000000000000000000000, sa_flags=SA_RESTART|SA_SIGINFO
SIGHUP: [libjvm.dylib+0x46a1f9], sa_mask[0]=11111111011111110111111111111111, sa_flags=SA_RESTART|SA_SIGINFO
SIGINT: [libjvm.dylib+0x46a1f9], sa_mask[0]=11111111011111110111111111111111, sa_flags=SA_RESTART|SA_SIGINFO
SIGTERM: [libjvm.dylib+0x46a1f9], sa_mask[0]=11111111011111110111111111111111, sa_flags=SA_RESTART|SA_SIGINFO
SIGQUIT: [libjvm.dylib+0x46a1f9], sa_mask[0]=11111111011111110111111111111111, sa_flags=SA_RESTART|SA_SIGINFO


---------------  S Y S T E M  ---------------

OS:Bsduname:Darwin 14.4.0 Darwin Kernel Version 14.4.0: Thu May 28 11:35:04 PDT 2015; root:xnu-2782.30.5~1/RELEASE_X86_64 x86_64
rlimit: STACK 8192k, CORE 0k, NPROC 709, NOFILE 10240, AS infinity
load average:1.86 1.89 1.83

CPU:total 8 (4 cores per cpu, 2 threads per core) family 6 model 70 stepping 1, cmov, cx8, fxsr, mmx, sse, sse2, sse3, ssse3, sse4.1, sse4.2, popcnt, avx, avx2, aes, clmul, erms, rtm, lzcnt, ht, tsc, tscinvbit, bmi1, bmi2

Memory: 4k page, physical 16777216k(4032456k free)

/proc/meminfo:


vm_info: Java HotSpot(TM) 64-Bit Server VM (25.45-b02) for bsd-amd64 JRE (1.8.0_45-b14), built on Apr 10 2015 10:46:38 by "java_re" with gcc 4.2.1 (Based on Apple Inc. build 5658) (LLVM build 2336.11.00)

time: Fri Aug 21 13:35:01 2015
elapsed time: 16 seconds (0d 0h 0m 16s)

