#
# A fatal error has been detected by the Java Runtime Environment:
#
#  SIGSEGV (0xb) at pc=0x0000000133fe38a2, pid=12259, tid=75787
#
# JRE version: Java(TM) SE Runtime Environment (8.0_45-b14) (build 1.8.0_45-b14)
# Java VM: Java HotSpot(TM) 64-Bit Server VM (25.45-b02 mixed mode bsd-amd64 compressed oops)
# Problematic frame:
# C  [libkdu_v75R.dylib+0x4e8a2]  _ZN8kdu_core9kdu_errorC1EPKc+0x32
#
# Failed to write core dump. Core dumps have been disabled. To enable core dumping, try "ulimit -c unlimited" before starting Java again
#
# If you would like to submit a bug report, please visit:
#   http://bugreport.java.com/bugreport/crash.jsp
# The crash happened outside the Java Virtual Machine in native code.
# See problematic frame for where to report the bug.
#

---------------  T H R E A D  ---------------

Current thread (0x00007fc373816800):  JavaThread "Download-Thread-1" [_thread_in_native, id=75787, stack(0x00000001360cc000,0x00000001361cc000)]

siginfo: si_signo: 11 (SIGSEGV), si_code: 0 (unknown), si_addr: 0x0000000000000000

Registers:
RAX=0x627573003a746e75, RBX=0x00000001361cb6a8, RCX=0x000000010b3fa101, RDX=0x0000000000000001
RSP=0x00000001361cb660, RBP=0x00000001361cb670, RSI=0x00000001341bfb98, RDI=0x00007fc3788cb200
R8 =0x0000000000000000, R9 =0x0000000745078fb8, R10=0x000000000000ab88, R11=0x0000000133fe3870
R12=0x00000001361cb6a8, R13=0x00000001361cb7c8, R14=0x00000001341bfb98, R15=0x00007fc378b67010
RIP=0x0000000133fe38a2, EFLAGS=0x0000000000010206, ERR=0x0000000000000000
  TRAPNO=0x000000000000000d

Top of Stack: (sp=0x00000001361cb660)
0x00000001361cb660:   00007fc3788e7480 0000000000000001
0x00000001361cb670:   00000001361cb6f0 00000001340ea7f0
0x00000001361cb680:   00000001361cb6d0 0000000000000005
0x00000001361cb690:   00007fc373816800 00007fc373816800
0x00000001361cb6a0:   0000000000000000 00000001340678b0
0x00000001361cb6b0:   0000000000000000 00007fc3788cb200
0x00000001361cb6c0:   00007fc300000000 0000000000000001
0x00000001361cb6d0:   00000001340ea7b0 00000001361cb7c0
0x00000001361cb6e0:   00007fc3738169f8 00007fc378b67010
0x00000001361cb6f0:   00000001361cb730 0000000133e66606
0x00000001361cb700:   0000000133e66586 0000000134ab7cb8
0x00000001361cb710:   0000000000000000 0000000134ab7cb0
0x00000001361cb720:   00000001361cb7c8 00007fc373816800
0x00000001361cb730:   00000001361cb798 000000010bc81954
0x00000001361cb740:   00000001361cb798 000000010bc816e7
0x00000001361cb750:   000000010bc816a2 00000001361cb758
0x00000001361cb760:   0000000134ab7cb0 00000001361cb7c8
0x00000001361cb770:   0000000134ab9340 0000000000000000
0x00000001361cb780:   0000000134ab7cb8 0000000000000000
0x00000001361cb790:   00000001361cb7b8 00000001361cb810
0x00000001361cb7a0:   000000010bc73c4d 0000000000000000
0x00000001361cb7b0:   000000010bc7b578 0000000000000001
0x00000001361cb7c0:   0000000796619f90 0000000745078fb8
0x00000001361cb7d0:   00000001361cb7d0 0000000134ab7d53
0x00000001361cb7e0:   00000001361cb828 0000000134ab9340
0x00000001361cb7f0:   0000000000000000 0000000134ab7d80
0x00000001361cb800:   00000001361cb7b8 00000001361cb820
0x00000001361cb810:   00000001361cb870 000000010bc73c4d
0x00000001361cb820:   0000000796619f90 0000000745078fb8
0x00000001361cb830:   00000001361cb830 000000013e3d9deb
0x00000001361cb840:   00000001361cb890 000000013e3da2a0
0x00000001361cb850:   0000000000000000 000000013e3d9e48 

Instructions: (pc=0x0000000133fe38a2)
0x0000000133fe3882:   8d 05 28 40 08 00 48 89 03 48 8b 3d 16 58 08 00
0x0000000133fe3892:   48 89 7b 10 48 85 ff 74 09 48 8b 07 48 8b 40 28
0x0000000133fe38a2:   ff d0 48 c7 43 20 00 00 00 00 48 c7 43 18 00 00
0x0000000133fe38b2:   00 00 41 80 3e 00 74 0f 48 8b 03 48 8b 40 10 48 

Register to memory mapping:

RAX=0x627573003a746e75 is an unknown value
RBX=0x00000001361cb6a8 is pointing into the stack for thread: 0x00007fc373816800
RCX=0x000000010b3fa101: type2field+0x31 in /Library/Java/JavaVirtualMachines/jdk1.8.0_45.jdk/Contents/Home/jre/lib/server/libjvm.dylib at 0x000000010ac00000
RDX=0x0000000000000001 is an unknown value
RSP=0x00000001361cb660 is pointing into the stack for thread: 0x00007fc373816800
RBP=0x00000001361cb670 is pointing into the stack for thread: 0x00007fc373816800
RSI=0x00000001341bfb98: _ZTSN8kdu_supp10jpb_targetE+0x3388 in /Users/stefanmeier/Documents/FHNW/JHelioviewer/JHelioviewer/lib/native/libkdu_a75R.dylib at 0x00000001340d4000
RDI=0x00007fc3788cb200 is an unknown value
R8 =0x0000000000000000 is an unknown value
R9 =0x0000000745078fb8 is an oop
kdu_jni.Jp2_threadsafe_family_src 
 - klass: 'kdu_jni/Jp2_threadsafe_family_src'
R10=0x000000000000ab88 is an unknown value
R11=0x0000000133fe3870: _ZN8kdu_core9kdu_errorC1EPKc+0 in /Users/stefanmeier/Documents/FHNW/JHelioviewer/JHelioviewer/lib/native/libkdu_v75R.dylib at 0x0000000133f95000
R12=0x00000001361cb6a8 is pointing into the stack for thread: 0x00007fc373816800
R13=0x00000001361cb7c8 is pointing into the stack for thread: 0x00007fc373816800
R14=0x00000001341bfb98: _ZTSN8kdu_supp10jpb_targetE+0x3388 in /Users/stefanmeier/Documents/FHNW/JHelioviewer/JHelioviewer/lib/native/libkdu_a75R.dylib at 0x00000001340d4000
R15=0x00007fc378b67010 is an unknown value


Stack: [0x00000001360cc000,0x00000001361cc000],  sp=0x00000001361cb660,  free space=1021k
Native frames: (J=compiled Java code, j=interpreted, Vv=VM code, C=native code)
C  [libkdu_v75R.dylib+0x4e8a2]  _ZN8kdu_core9kdu_errorC1EPKc+0x32
C  [libkdu_a75R.dylib+0x167f0]  _ZN8kdu_supp14jp2_family_src4openEPKcb+0x40
C  [libkdu_jni.jnilib+0xb606]  Java_kdu_1jni_Jp2_1family_1src_Open__Ljava_lang_String_2Z+0x80
j  kdu_jni.Jp2_family_src.Open(Ljava/lang/String;Z)V+0
j  kdu_jni.Jp2_family_src.Open(Ljava/lang/String;)V+3
j  org.helioviewer.jhv.layers.CacheableImageData.setFile(Ljava/lang/String;)V+27
j  org.helioviewer.jhv.base.downloadmanager.JPIPDownloadRequest.execute()V+164
j  org.helioviewer.jhv.base.downloadmanager.UltimateDownloadManager$DownloadThread.run()V+24
v  ~StubRoutines::call_stub
V  [libjvm.dylib+0x2e032a]
V  [libjvm.dylib+0x2e0ab8]
V  [libjvm.dylib+0x2e0c64]
V  [libjvm.dylib+0x3331a5]
V  [libjvm.dylib+0x549acf]
V  [libjvm.dylib+0x54b1c0]
V  [libjvm.dylib+0x46ea7e]
C  [libsystem_pthread.dylib+0x3268]  _pthread_body+0x83
C  [libsystem_pthread.dylib+0x31e5]  _pthread_body+0x0
C  [libsystem_pthread.dylib+0x141d]  thread_start+0xd
C  0x0000000000000000

Java frames: (J=compiled Java code, j=interpreted, Vv=VM code)
j  kdu_jni.Jp2_family_src.Open(Ljava/lang/String;Z)V+0
j  kdu_jni.Jp2_family_src.Open(Ljava/lang/String;)V+3
j  org.helioviewer.jhv.layers.CacheableImageData.setFile(Ljava/lang/String;)V+27
j  org.helioviewer.jhv.base.downloadmanager.JPIPDownloadRequest.execute()V+164
j  org.helioviewer.jhv.base.downloadmanager.UltimateDownloadManager$DownloadThread.run()V+24
v  ~StubRoutines::call_stub

---------------  P R O C E S S  ---------------

Java Threads: ( => current thread )
  0x00007fc3756ad000 JavaThread "Keep-Alive-Timer" daemon [_thread_blocked, id=47435, stack(0x0000000128544000,0x0000000128644000)]
  0x00007fc3766a8800 JavaThread "JPIP_URI_LOADER" [_thread_blocked, id=107267, stack(0x0000000143d1e000,0x0000000143e1e000)]
  0x00007fc37662d000 JavaThread "UI latency watchdog" daemon [_thread_blocked, id=80655, stack(0x000000013dacd000,0x000000013dbcd000)]
  0x00007fc3746b0800 JavaThread "DestroyJavaVM" [_thread_blocked, id=4867, stack(0x000000010bb6a000,0x000000010bc6a000)]
  0x00007fc372b9c000 JavaThread "Download-Thread-5" [_thread_in_native, id=78083, stack(0x000000013654a000,0x000000013664a000)]
  0x00007fc372b9b000 JavaThread "Download-Thread-4" [_thread_in_native, id=77571, stack(0x0000000136447000,0x0000000136547000)]
  0x00007fc372b9a800 JavaThread "Download-Thread-3" [_thread_in_native, id=77059, stack(0x00000001362d2000,0x00000001363d2000)]
  0x00007fc3754e5000 JavaThread "Download-Thread-2" [_thread_in_native, id=76547, stack(0x00000001361cf000,0x00000001362cf000)]
=>0x00007fc373816800 JavaThread "Download-Thread-1" [_thread_in_native, id=75787, stack(0x00000001360cc000,0x00000001361cc000)]
  0x00007fc376442800 JavaThread "Download-Thread-0" [_thread_in_native, id=75035, stack(0x0000000135fc9000,0x00000001360c9000)]
  0x00007fc3741d6800 JavaThread "Thread-6" daemon [_thread_in_native, id=65803, stack(0x000000012ef83000,0x000000012f003000)]
  0x00007fc372989800 JavaThread "Thread-5" daemon [_thread_blocked, id=61203, stack(0x000000012c79d000,0x000000012c89d000)]
  0x00007fc376221800 JavaThread "QuantumRenderer-0" daemon [_thread_blocked, id=61719, stack(0x000000012bed5000,0x000000012bfd5000)]
  0x00007fc37629e000 JavaThread "Timer-0" daemon [_thread_blocked, id=62991, stack(0x000000012c13a000,0x000000012c23a000)]
  0x00007fc37629c800 JavaThread "TimerQueue" daemon [_thread_blocked, id=64835, stack(0x0000000131050000,0x0000000131150000)]
  0x00007fc3728fa000 JavaThread "AWT-EventQueue-0" [_thread_blocked, id=57867, stack(0x000000012a856000,0x000000012a956000)]
  0x00007fc3728da000 JavaThread "Java2D Disposer" daemon [_thread_blocked, id=57619, stack(0x000000012a6dd000,0x000000012a7dd000)]
  0x00007fc373800000 JavaThread "Java2D Queue Flusher" daemon [_thread_blocked, id=50187, stack(0x00000001298c7000,0x00000001299c7000)]
  0x00007fc3740ff800 JavaThread "AWT-Shutdown" [_thread_blocked, id=30995, stack(0x0000000126848000,0x0000000126948000)]
  0x00007fc3740fc800 JavaThread "AWT-AppKit" daemon [_thread_in_native, id=1811, stack(0x00007fff559c3000,0x00007fff561c3000)]
  0x00007fc37284a000 JavaThread "Service Thread" daemon [_thread_blocked, id=20739, stack(0x0000000124b4d000,0x0000000124c4d000)]
  0x00007fc375016800 JavaThread "C1 CompilerThread3" daemon [_thread_blocked, id=20227, stack(0x0000000124a4a000,0x0000000124b4a000)]
  0x00007fc37600a000 JavaThread "C2 CompilerThread2" daemon [_thread_blocked, id=19715, stack(0x0000000124947000,0x0000000124a47000)]
  0x00007fc375015800 JavaThread "C2 CompilerThread1" daemon [_thread_blocked, id=19203, stack(0x0000000124844000,0x0000000124944000)]
  0x00007fc372835800 JavaThread "C2 CompilerThread0" daemon [_thread_blocked, id=18691, stack(0x0000000124741000,0x0000000124841000)]
  0x00007fc37283e800 JavaThread "Signal Dispatcher" daemon [_thread_blocked, id=14615, stack(0x000000012463e000,0x000000012473e000)]
  0x00007fc376004800 JavaThread "Finalizer" daemon [_thread_blocked, id=13571, stack(0x0000000122c1d000,0x0000000122d1d000)]
  0x00007fc376004000 JavaThread "Reference Handler" daemon [_thread_blocked, id=13059, stack(0x0000000122b1a000,0x0000000122c1a000)]

Other Threads:
  0x00007fc376001000 VMThread [stack: 0x0000000122a17000,0x0000000122b17000] [id=12547]
  0x00007fc374049000 WatcherThread [stack: 0x0000000124c50000,0x0000000124d50000] [id=21251]

VM state:not at safepoint (normal execution)

VM Mutex/Monitor currently owned by a thread: None

Heap:
 PSYoungGen      total 120320K, used 27824K [0x0000000795580000, 0x00000007a2d80000, 0x00000007c0000000)
  eden space 109568K, 25% used [0x0000000795580000,0x00000007970ac288,0x000000079c080000)
  from space 10752K, 0% used [0x000000079c080000,0x000000079c080000,0x000000079cb00000)
  to   space 28160K, 0% used [0x00000007a1200000,0x00000007a1200000,0x00000007a2d80000)
 ParOldGen       total 227840K, used 86021K [0x0000000740000000, 0x000000074de80000, 0x0000000795580000)
  object space 227840K, 37% used [0x0000000740000000,0x00000007454017c8,0x000000074de80000)
 Metaspace       used 31032K, capacity 31427K, committed 31872K, reserved 1077248K
  class space    used 3776K, capacity 3916K, committed 3968K, reserved 1048576K

Card table byte_map: [0x000000011b02c000,0x000000011b42d000] byte_map_base: 0x000000011762c000

Marking Bits: (ParMarkBitMap*) 0x000000010b4c27a0
 Begin Bits: [0x000000011bef0000, 0x000000011def0000)
 End Bits:   [0x000000011def0000, 0x000000011fef0000)

Polling page: 0x0000000109b96000

CodeCache: size=245760Kb used=9744Kb max_used=9756Kb free=236015Kb
 bounds [0x000000010bc6c000, 0x000000010c5fc000, 0x000000011ac6c000]
 total_blobs=3827 nmethods=2814 adapters=924
 compilation: enabled

Compilation events (10 events):
Event: 12.020 Thread 0x00007fc375016800 2811       1       java.lang.StackTraceElement::getClassName (5 bytes)
Event: 12.021 Thread 0x00007fc375016800 nmethod 2811 0x000000010c5ecbd0 code [0x000000010c5ecd20, 0x000000010c5ece30]
Event: 13.975 Thread 0x00007fc375016800 2812       1       sun.java2d.pipe.RenderBuffer::position (11 bytes)
Event: 13.975 Thread 0x00007fc375016800 nmethod 2812 0x000000010c5e2e50 code [0x000000010c5e2fa0, 0x000000010c5e30b0]
Event: 15.703 Thread 0x00007fc375016800 2813       1       sun.java2d.opengl.OGLRenderQueue::access$000 (5 bytes)
Event: 15.703 Thread 0x00007fc375016800 nmethod 2813 0x000000010c5e2b90 code [0x000000010c5e2ce0, 0x000000010c5e2dd0]
Event: 16.484 Thread 0x00007fc375015800 2814 % !   4       org.helioviewer.jhv.viewmodel.view.jp2view.newjpx.UltimateLayer$1::run @ 725 (935 bytes)
Event: 16.497 Thread 0x00007fc375015800 nmethod 2814% 0x000000010c5f7990 code [0x000000010c5f7b40, 0x000000010c5f8308]
Event: 24.443 Thread 0x00007fc375016800 2815       3       java.util.Stack::push (7 bytes)
Event: 24.443 Thread 0x00007fc375016800 nmethod 2815 0x000000010c5f5dd0 code [0x000000010c5f5f40, 0x000000010c5f6168]

GC Heap History (10 events):
Event: 3.599 GC heap before
{Heap before GC invocations=3 (full 1):
 PSYoungGen      total 76288K, used 65536K [0x0000000795580000, 0x000000079aa80000, 0x00000007c0000000)
  eden space 65536K, 100% used [0x0000000795580000,0x0000000799580000,0x0000000799580000)
  from space 10752K, 0% used [0x0000000799580000,0x0000000799580000,0x000000079a000000)
  to   space 10752K, 0% used [0x000000079a000000,0x000000079a000000,0x000000079aa80000)
 ParOldGen       total 74240K, used 8528K [0x0000000740000000, 0x0000000744880000, 0x0000000795580000)
  object space 74240K, 11% used [0x0000000740000000,0x0000000740854298,0x0000000744880000)
 Metaspace       used 30591K, capacity 31029K, committed 31360K, reserved 1077248K
  class space    used 3729K, capacity 3847K, committed 3968K, reserved 1048576K
Event: 3.607 GC heap after
Heap after GC invocations=3 (full 1):
 PSYoungGen      total 76288K, used 10738K [0x0000000795580000, 0x000000079c280000, 0x00000007c0000000)
  eden space 65536K, 0% used [0x0000000795580000,0x0000000795580000,0x0000000799580000)
  from space 10752K, 99% used [0x000000079a000000,0x000000079aa7cb20,0x000000079aa80000)
  to   space 10752K, 0% used [0x0000000799580000,0x0000000799580000,0x000000079a000000)
 ParOldGen       total 74240K, used 14604K [0x0000000740000000, 0x0000000744880000, 0x0000000795580000)
  object space 74240K, 19% used [0x0000000740000000,0x0000000740e43228,0x0000000744880000)
 Metaspace       used 30591K, capacity 31029K, committed 31360K, reserved 1077248K
  class space    used 3729K, capacity 3847K, committed 3968K, reserved 1048576K
}
Event: 3.696 GC heap before
{Heap before GC invocations=4 (full 1):
 PSYoungGen      total 76288K, used 76274K [0x0000000795580000, 0x000000079c280000, 0x00000007c0000000)
  eden space 65536K, 100% used [0x0000000795580000,0x0000000799580000,0x0000000799580000)
  from space 10752K, 99% used [0x000000079a000000,0x000000079aa7cb20,0x000000079aa80000)
  to   space 10752K, 0% used [0x0000000799580000,0x0000000799580000,0x000000079a000000)
 ParOldGen       total 74240K, used 14604K [0x0000000740000000, 0x0000000744880000, 0x0000000795580000)
  object space 74240K, 19% used [0x0000000740000000,0x0000000740e43228,0x0000000744880000)
 Metaspace       used 30673K, capacity 31093K, committed 31616K, reserved 1077248K
  class space    used 3733K, capacity 3847K, committed 3968K, reserved 1048576K
Event: 3.700 GC heap after
Heap after GC invocations=4 (full 1):
 PSYoungGen      total 76288K, used 10748K [0x0000000795580000, 0x000000079d580000, 0x00000007c0000000)
  eden space 65536K, 0% used [0x0000000795580000,0x0000000795580000,0x0000000799580000)
  from space 10752K, 99% used [0x0000000799580000,0x0000000799fff050,0x000000079a000000)
  to   space 10752K, 0% used [0x000000079cb00000,0x000000079cb00000,0x000000079d580000)
 ParOldGen       total 74240K, used 15626K [0x0000000740000000, 0x0000000744880000, 0x0000000795580000)
  object space 74240K, 21% used [0x0000000740000000,0x0000000740f42868,0x0000000744880000)
 Metaspace       used 30673K, capacity 31093K, committed 31616K, reserved 1077248K
  class space    used 3733K, capacity 3847K, committed 3968K, reserved 1048576K
}
Event: 9.705 GC heap before
{Heap before GC invocations=5 (full 1):
 PSYoungGen      total 76288K, used 75693K [0x0000000795580000, 0x000000079d580000, 0x00000007c0000000)
  eden space 65536K, 99% used [0x0000000795580000,0x00000007994ec768,0x0000000799580000)
  from space 10752K, 99% used [0x0000000799580000,0x0000000799fff050,0x000000079a000000)
  to   space 10752K, 0% used [0x000000079cb00000,0x000000079cb00000,0x000000079d580000)
 ParOldGen       total 74240K, used 15626K [0x0000000740000000, 0x0000000744880000, 0x0000000795580000)
  object space 74240K, 21% used [0x0000000740000000,0x0000000740f42868,0x0000000744880000)
 Metaspace       used 31029K, capacity 31427K, committed 31872K, reserved 1077248K
  class space    used 3775K, capacity 3916K, committed 3968K, reserved 1048576K
Event: 9.716 GC heap after
Heap after GC invocations=5 (full 1):
 PSYoungGen      total 116736K, used 10727K [0x0000000795580000, 0x000000079d580000, 0x00000007c0000000)
  eden space 105984K, 0% used [0x0000000795580000,0x0000000795580000,0x000000079bd00000)
  from space 10752K, 99% used [0x000000079cb00000,0x000000079d579eb0,0x000000079d580000)
  to   space 10752K, 0% used [0x000000079c080000,0x000000079c080000,0x000000079cb00000)
 ParOldGen       total 74240K, used 31614K [0x0000000740000000, 0x0000000744880000, 0x0000000795580000)
  object space 74240K, 42% used [0x0000000740000000,0x0000000741edfa88,0x0000000744880000)
 Metaspace       used 31029K, capacity 31427K, committed 31872K, reserved 1077248K
  class space    used 3775K, capacity 3916K, committed 3968K, reserved 1048576K
}
Event: 24.240 GC heap before
{Heap before GC invocations=6 (full 1):
 PSYoungGen      total 116736K, used 112071K [0x0000000795580000, 0x000000079d580000, 0x00000007c0000000)
  eden space 105984K, 95% used [0x0000000795580000,0x000000079b8780b8,0x000000079bd00000)
  from space 10752K, 99% used [0x000000079cb00000,0x000000079d579eb0,0x000000079d580000)
  to   space 10752K, 0% used [0x000000079c080000,0x000000079c080000,0x000000079cb00000)
 ParOldGen       total 74240K, used 31614K [0x0000000740000000, 0x0000000744880000, 0x0000000795580000)
  object space 74240K, 42% used [0x0000000740000000,0x0000000741edfa88,0x0000000744880000)
 Metaspace       used 31031K, capacity 31427K, committed 31872K, reserved 1077248K
  class space    used 3776K, capacity 3916K, committed 3968K, reserved 1048576K
Event: 24.261 GC heap after
Heap after GC invocations=6 (full 1):
 PSYoungGen      total 120320K, used 6548K [0x0000000795580000, 0x00000007a2d80000, 0x00000007c0000000)
  eden space 109568K, 0% used [0x0000000795580000,0x0000000795580000,0x000000079c080000)
  from space 10752K, 60% used [0x000000079c080000,0x000000079c6e53e0,0x000000079cb00000)
  to   space 28160K, 0% used [0x00000007a1200000,0x00000007a1200000,0x00000007a2d80000)
 ParOldGen       total 99840K, used 97158K [0x0000000740000000, 0x0000000746180000, 0x0000000795580000)
  object space 99840K, 97% used [0x0000000740000000,0x0000000745ee1ae8,0x0000000746180000)
 Metaspace       used 31031K, capacity 31427K, committed 31872K, reserved 1077248K
  class space    used 3776K, capacity 3916K, committed 3968K, reserved 1048576K
}
Event: 24.261 GC heap before
{Heap before GC invocations=7 (full 2):
 PSYoungGen      total 120320K, used 6548K [0x0000000795580000, 0x00000007a2d80000, 0x00000007c0000000)
  eden space 109568K, 0% used [0x0000000795580000,0x0000000795580000,0x000000079c080000)
  from space 10752K, 60% used [0x000000079c080000,0x000000079c6e53e0,0x000000079cb00000)
  to   space 28160K, 0% used [0x00000007a1200000,0x00000007a1200000,0x00000007a2d80000)
 ParOldGen       total 99840K, used 97158K [0x0000000740000000, 0x0000000746180000, 0x0000000795580000)
  object space 99840K, 97% used [0x0000000740000000,0x0000000745ee1ae8,0x0000000746180000)
 Metaspace       used 31031K, capacity 31427K, committed 31872K, reserved 1077248K
  class space    used 3776K, capacity 3916K, committed 3968K, reserved 1048576K
Event: 24.288 GC heap after
Heap after GC invocations=7 (full 2):
 PSYoungGen      total 120320K, used 0K [0x0000000795580000, 0x00000007a2d80000, 0x00000007c0000000)
  eden space 109568K, 0% used [0x0000000795580000,0x0000000795580000,0x000000079c080000)
  from space 10752K, 0% used [0x000000079c080000,0x000000079c080000,0x000000079cb00000)
  to   space 28160K, 0% used [0x00000007a1200000,0x00000007a1200000,0x00000007a2d80000)
 ParOldGen       total 227840K, used 86021K [0x0000000740000000, 0x000000074de80000, 0x0000000795580000)
  object space 227840K, 37% used [0x0000000740000000,0x00000007454017c8,0x000000074de80000)
 Metaspace       used 31031K, capacity 31427K, committed 31872K, reserved 1077248K
  class space    used 3776K, capacity 3916K, committed 3968K, reserved 1048576K
}

Deoptimization events (10 events):
Event: 3.241 Thread 0x00007fc376442800 Uncommon trap: reason=class_check action=maybe_recompile pc=0x000000010c07ec8c method=java.io.BufferedInputStream.read1([BII)I @ 39
Event: 3.309 Thread 0x00007fc373801800 Uncommon trap: reason=predicate action=maybe_recompile pc=0x000000010c36b9b4 method=java.awt.image.ComponentSampleModel.getPixel(II[ILjava/awt/image/DataBuffer;)[I @ 79
Event: 3.310 Thread 0x00007fc373801800 Uncommon trap: reason=predicate action=maybe_recompile pc=0x000000010c364af8 method=java.awt.image.ComponentSampleModel.getPixel(II[ILjava/awt/image/DataBuffer;)[I @ 79
Event: 3.435 Thread 0x00007fc37461d800 Uncommon trap: reason=unstable_if action=reinterpret pc=0x000000010bfebd30 method=java.util.ArrayList.rangeCheck(I)V @ 5
Event: 3.703 Thread 0x00007fc3766a8800 Uncommon trap: reason=unstable_if action=reinterpret pc=0x000000010c4dcdf4 method=org.helioviewer.jhv.viewmodel.view.jp2view.newjpx.UltimateLayer$1.run()V @ 399
Event: 3.709 Thread 0x00007fc3766a8800 Uncommon trap: reason=null_check action=make_not_entrant pc=0x000000010c4ddfe8 method=org.helioviewer.jhv.viewmodel.view.jp2view.newjpx.UltimateLayer$1.run()V @ 389
Event: 3.781 Thread 0x00007fc373816800 Uncommon trap: reason=class_check action=maybe_recompile pc=0x000000010c07ec8c method=java.io.BufferedInputStream.read1([BII)I @ 39
Event: 3.781 Thread 0x00007fc373816800 Uncommon trap: reason=class_check action=maybe_recompile pc=0x000000010c07ec8c method=java.io.BufferedInputStream.read1([BII)I @ 39
Event: 3.782 Thread 0x00007fc373816800 Uncommon trap: reason=class_check action=maybe_recompile pc=0x000000010c069b68 method=java.io.BufferedInputStream.read1([BII)I @ 39
Event: 24.443 Thread 0x00007fc373816800 Uncommon trap: reason=unstable_if action=reinterpret pc=0x000000010c5f67f0 method=sun.net.www.MeteredStream.justRead(J)V @ 101

Internal exceptions (10 events):
Event: 3.255 Thread 0x00007fc373801800 Exception <a 'java/io/FileNotFoundException'> (0x00000007976dfef8) thrown at [/Users/java_re/workspace/8-2-build-macosx-x86_64/jdk8u45/3457/hotspot/src/share/vm/prims/jni.cpp, line 709]
Event: 3.256 Thread 0x00007fc373801800 Exception <a 'java/io/FileNotFoundException'> (0x00000007976e31a8) thrown at [/Users/java_re/workspace/8-2-build-macosx-x86_64/jdk8u45/3457/hotspot/src/share/vm/prims/jni.cpp, line 709]
Event: 3.256 Thread 0x00007fc373801800 Exception <a 'java/io/FileNotFoundException'> (0x00000007976e6458) thrown at [/Users/java_re/workspace/8-2-build-macosx-x86_64/jdk8u45/3457/hotspot/src/share/vm/prims/jni.cpp, line 709]
Event: 3.257 Thread 0x00007fc373801800 Exception <a 'java/io/FileNotFoundException'> (0x00000007976e9708) thrown at [/Users/java_re/workspace/8-2-build-macosx-x86_64/jdk8u45/3457/hotspot/src/share/vm/prims/jni.cpp, line 709]
Event: 3.257 Thread 0x00007fc373801800 Exception <a 'java/io/FileNotFoundException'> (0x00000007976ec9b8) thrown at [/Users/java_re/workspace/8-2-build-macosx-x86_64/jdk8u45/3457/hotspot/src/share/vm/prims/jni.cpp, line 709]
Event: 3.258 Thread 0x00007fc373801800 Exception <a 'java/io/FileNotFoundException'> (0x00000007976efc68) thrown at [/Users/java_re/workspace/8-2-build-macosx-x86_64/jdk8u45/3457/hotspot/src/share/vm/prims/jni.cpp, line 709]
Event: 3.317 Thread 0x00007fc373801800 Exception <a 'java/io/FileNotFoundException'> (0x0000000797b62858) thrown at [/Users/java_re/workspace/8-2-build-macosx-x86_64/jdk8u45/3457/hotspot/src/share/vm/prims/jni.cpp, line 709]
Event: 3.324 Thread 0x00007fc373801800 Exception <a 'java/io/FileNotFoundException'> (0x0000000797ba6dc0) thrown at [/Users/java_re/workspace/8-2-build-macosx-x86_64/jdk8u45/3457/hotspot/src/share/vm/prims/jni.cpp, line 709]
Event: 3.595 Thread 0x00007fc3728fa000 Exception <a 'java/io/FileNotFoundException'> (0x00000007985ba928) thrown at [/Users/java_re/workspace/8-2-build-macosx-x86_64/jdk8u45/3457/hotspot/src/share/vm/prims/jni.cpp, line 709]
Event: 3.709 Thread 0x00007fc3766a8800 Implicit null exception at 0x000000010c4dde77 to 0x000000010c4ddfbd

Events (10 events):
Event: 12.020 Executing VM operation: ThreadDump
Event: 12.021 Executing VM operation: ThreadDump done
Event: 24.240 Executing VM operation: ParallelGCFailedAllocation
Event: 24.288 Executing VM operation: ParallelGCFailedAllocation done
Event: 24.288 Executing VM operation: RevokeBias
Event: 24.289 Executing VM operation: RevokeBias done
Event: 24.443 Thread 0x00007fc373816800 Uncommon trap: trap_request=0xffffff65 fr.pc=0x000000010c5f67f0
Event: 24.443 Thread 0x00007fc373816800 DEOPT PACKING pc=0x000000010c5f67f0 sp=0x00000001361cb730
Event: 24.443 Thread 0x00007fc373816800 DEOPT UNPACKING pc=0x000000010bc71229 sp=0x00000001361cb548 mode 2
Event: 24.443 Thread 0x00007fc3756ad000 Thread added: 0x00007fc3756ad000


Dynamic libraries:
0x000000000a610000 	/System/Library/Frameworks/Cocoa.framework/Versions/A/Cocoa
0x000000000a610000 	/System/Library/Frameworks/Security.framework/Versions/A/Security
0x000000000a610000 	/System/Library/Frameworks/ApplicationServices.framework/Versions/A/ApplicationServices
0x000000000a610000 	/usr/lib/libz.1.dylib
0x000000000a610000 	/usr/lib/libSystem.B.dylib
0x000000000a610000 	/usr/lib/libobjc.A.dylib
0x000000000a610000 	/System/Library/Frameworks/CoreFoundation.framework/Versions/A/CoreFoundation
0x000000000a610000 	/System/Library/Frameworks/Foundation.framework/Versions/C/Foundation
0x000000000a610000 	/System/Library/Frameworks/AppKit.framework/Versions/C/AppKit
0x000000000a610000 	/System/Library/Frameworks/CoreData.framework/Versions/A/CoreData
0x000000000a610000 	/System/Library/PrivateFrameworks/RemoteViewServices.framework/Versions/A/RemoteViewServices
0x000000000a610000 	/System/Library/PrivateFrameworks/UIFoundation.framework/Versions/A/UIFoundation
0x000000000a610000 	/System/Library/Frameworks/IOSurface.framework/Versions/A/IOSurface
0x000000000a610000 	/System/Library/Frameworks/AudioToolbox.framework/Versions/A/AudioToolbox
0x000000000a610000 	/System/Library/Frameworks/AudioUnit.framework/Versions/A/AudioUnit
0x000000000a610000 	/System/Library/PrivateFrameworks/DataDetectorsCore.framework/Versions/A/DataDetectorsCore
0x000000000a610000 	/System/Library/PrivateFrameworks/DesktopServicesPriv.framework/Versions/A/DesktopServicesPriv
0x000000000a610000 	/System/Library/Frameworks/Carbon.framework/Versions/A/Frameworks/HIToolbox.framework/Versions/A/HIToolbox
0x000000000a610000 	/System/Library/Frameworks/QuartzCore.framework/Versions/A/QuartzCore
0x000000000a610000 	/System/Library/Frameworks/Carbon.framework/Versions/A/Frameworks/SpeechRecognition.framework/Versions/A/SpeechRecognition
0x000000000a610000 	/usr/lib/libauto.dylib
0x000000000a610000 	/usr/lib/libicucore.A.dylib
0x000000000a610000 	/usr/lib/libxml2.2.dylib
0x000000000a610000 	/System/Library/PrivateFrameworks/CoreUI.framework/Versions/A/CoreUI
0x000000000a610000 	/System/Library/Frameworks/CoreAudio.framework/Versions/A/CoreAudio
0x000000000a610000 	/System/Library/Frameworks/DiskArbitration.framework/Versions/A/DiskArbitration
0x000000000a610000 	/usr/lib/liblangid.dylib
0x000000000a610000 	/System/Library/PrivateFrameworks/MultitouchSupport.framework/Versions/A/MultitouchSupport
0x000000000a610000 	/System/Library/Frameworks/IOKit.framework/Versions/A/IOKit
0x000000000a610000 	/usr/lib/libDiagnosticMessagesClient.dylib
0x000000000a610000 	/System/Library/Frameworks/CoreServices.framework/Versions/A/CoreServices
0x000000000a610000 	/System/Library/PrivateFrameworks/PerformanceAnalysis.framework/Versions/A/PerformanceAnalysis
0x000000000a610000 	/System/Library/PrivateFrameworks/GenerationalStorage.framework/Versions/A/GenerationalStorage
0x000000000a610000 	/System/Library/Frameworks/OpenGL.framework/Versions/A/OpenGL
0x000000000a610000 	/System/Library/PrivateFrameworks/Sharing.framework/Versions/A/Sharing
0x000000000a610000 	/System/Library/Frameworks/CoreGraphics.framework/Versions/A/CoreGraphics
0x000000000a610000 	/System/Library/Frameworks/CoreText.framework/Versions/A/CoreText
0x000000000a610000 	/System/Library/Frameworks/ImageIO.framework/Versions/A/ImageIO
0x000000000a610000 	/usr/lib/libextension.dylib
0x000000000a610000 	/System/Library/PrivateFrameworks/Backup.framework/Versions/A/Backup
0x000000000a610000 	/usr/lib/libarchive.2.dylib
0x000000000a610000 	/System/Library/Frameworks/CFNetwork.framework/Versions/A/CFNetwork
0x000000000a610000 	/System/Library/Frameworks/SystemConfiguration.framework/Versions/A/SystemConfiguration
0x000000000a610000 	/usr/lib/libCRFSuite.dylib
0x000000000a610000 	/usr/lib/libc++.1.dylib
0x000000000a610000 	/usr/lib/libc++abi.dylib
0x000000000a610000 	/usr/lib/system/libcache.dylib
0x000000000a610000 	/usr/lib/system/libcommonCrypto.dylib
0x000000000a610000 	/usr/lib/system/libcompiler_rt.dylib
0x000000000a610000 	/usr/lib/system/libcopyfile.dylib
0x000000000a610000 	/usr/lib/system/libcorecrypto.dylib
0x000000000a610000 	/usr/lib/system/libdispatch.dylib
0x000000000a610000 	/usr/lib/system/libdyld.dylib
0x000000000a610000 	/usr/lib/system/libkeymgr.dylib
0x000000000a610000 	/usr/lib/system/liblaunch.dylib
0x000000000a610000 	/usr/lib/system/libmacho.dylib
0x000000000a610000 	/usr/lib/system/libquarantine.dylib
0x000000000a610000 	/usr/lib/system/libremovefile.dylib
0x000000000a610000 	/usr/lib/system/libsystem_asl.dylib
0x000000000a610000 	/usr/lib/system/libsystem_blocks.dylib
0x000000000a610000 	/usr/lib/system/libsystem_c.dylib
0x000000000a610000 	/usr/lib/system/libsystem_configuration.dylib
0x000000000a610000 	/usr/lib/system/libsystem_coreservices.dylib
0x000000000a610000 	/usr/lib/system/libsystem_coretls.dylib
0x000000000a610000 	/usr/lib/system/libsystem_dnssd.dylib
0x000000000a610000 	/usr/lib/system/libsystem_info.dylib
0x000000000a610000 	/usr/lib/system/libsystem_kernel.dylib
0x000000000a610000 	/usr/lib/system/libsystem_m.dylib
0x000000000a610000 	/usr/lib/system/libsystem_malloc.dylib
0x000000000a610000 	/usr/lib/system/libsystem_network.dylib
0x000000000a610000 	/usr/lib/system/libsystem_networkextension.dylib
0x000000000a610000 	/usr/lib/system/libsystem_notify.dylib
0x000000000a610000 	/usr/lib/system/libsystem_platform.dylib
0x000000000a610000 	/usr/lib/system/libsystem_pthread.dylib
0x000000000a610000 	/usr/lib/system/libsystem_sandbox.dylib
0x000000000a610000 	/usr/lib/system/libsystem_secinit.dylib
0x000000000a610000 	/usr/lib/system/libsystem_stats.dylib
0x000000000a610000 	/usr/lib/system/libsystem_trace.dylib
0x000000000a610000 	/usr/lib/system/libunc.dylib
0x000000000a610000 	/usr/lib/system/libunwind.dylib
0x000000000a610000 	/usr/lib/system/libxpc.dylib
0x000000000a610000 	/usr/lib/libbz2.1.0.dylib
0x000000000a610000 	/usr/lib/liblzma.5.dylib
0x000000000a610000 	/usr/lib/libbsm.0.dylib
0x000000000a610000 	/usr/lib/libsqlite3.dylib
0x000000000a610000 	/usr/lib/system/libkxld.dylib
0x000000000a610000 	/usr/lib/libxar.1.dylib
0x000000000a610000 	/usr/lib/libpam.2.dylib
0x000000000a610000 	/usr/lib/libOpenScriptingUtil.dylib
0x000000000a610000 	/System/Library/Frameworks/CoreServices.framework/Versions/A/Frameworks/FSEvents.framework/Versions/A/FSEvents
0x000000000a610000 	/System/Library/Frameworks/CoreServices.framework/Versions/A/Frameworks/CarbonCore.framework/Versions/A/CarbonCore
0x000000000a610000 	/System/Library/Frameworks/CoreServices.framework/Versions/A/Frameworks/Metadata.framework/Versions/A/Metadata
0x000000000a610000 	/System/Library/Frameworks/CoreServices.framework/Versions/A/Frameworks/OSServices.framework/Versions/A/OSServices
0x000000000a610000 	/System/Library/Frameworks/CoreServices.framework/Versions/A/Frameworks/SearchKit.framework/Versions/A/SearchKit
0x000000000a610000 	/System/Library/Frameworks/CoreServices.framework/Versions/A/Frameworks/AE.framework/Versions/A/AE
0x000000000a610000 	/System/Library/Frameworks/CoreServices.framework/Versions/A/Frameworks/LaunchServices.framework/Versions/A/LaunchServices
0x000000000a610000 	/System/Library/Frameworks/CoreServices.framework/Versions/A/Frameworks/DictionaryServices.framework/Versions/A/DictionaryServices
0x000000000a610000 	/System/Library/Frameworks/NetFS.framework/Versions/A/NetFS
0x000000000a610000 	/System/Library/PrivateFrameworks/NetAuth.framework/Versions/A/NetAuth
0x000000000a610000 	/System/Library/PrivateFrameworks/login.framework/Versions/A/Frameworks/loginsupport.framework/Versions/A/loginsupport
0x000000000a610000 	/System/Library/PrivateFrameworks/TCC.framework/Versions/A/TCC
0x000000000a610000 	/usr/lib/libmecabra.dylib
0x000000000a610000 	/System/Library/Frameworks/ApplicationServices.framework/Versions/A/Frameworks/ATS.framework/Versions/A/ATS
0x000000000a610000 	/System/Library/Frameworks/ApplicationServices.framework/Versions/A/Frameworks/ColorSync.framework/Versions/A/ColorSync
0x000000000a610000 	/System/Library/Frameworks/ApplicationServices.framework/Versions/A/Frameworks/HIServices.framework/Versions/A/HIServices
0x000000000a610000 	/System/Library/Frameworks/ApplicationServices.framework/Versions/A/Frameworks/LangAnalysis.framework/Versions/A/LangAnalysis
0x000000000a610000 	/System/Library/Frameworks/ApplicationServices.framework/Versions/A/Frameworks/PrintCore.framework/Versions/A/PrintCore
0x000000000a610000 	/System/Library/Frameworks/ApplicationServices.framework/Versions/A/Frameworks/QD.framework/Versions/A/QD
0x000000000a610000 	/System/Library/Frameworks/ApplicationServices.framework/Versions/A/Frameworks/SpeechSynthesis.framework/Versions/A/SpeechSynthesis
0x000000000a610000 	/System/Library/Frameworks/Accelerate.framework/Versions/A/Accelerate
0x000000000a610000 	/System/Library/Frameworks/Accelerate.framework/Versions/A/Frameworks/vImage.framework/Versions/A/vImage
0x000000000a610000 	/System/Library/Frameworks/Accelerate.framework/Versions/A/Frameworks/vecLib.framework/Versions/A/vecLib
0x000000000a610000 	/System/Library/Frameworks/Accelerate.framework/Versions/A/Frameworks/vecLib.framework/Versions/A/libvDSP.dylib
0x000000000a610000 	/System/Library/Frameworks/Accelerate.framework/Versions/A/Frameworks/vecLib.framework/Versions/A/libvMisc.dylib
0x000000000a610000 	/System/Library/Frameworks/Accelerate.framework/Versions/A/Frameworks/vecLib.framework/Versions/A/libLAPACK.dylib
0x000000000a610000 	/System/Library/Frameworks/Accelerate.framework/Versions/A/Frameworks/vecLib.framework/Versions/A/libBLAS.dylib
0x000000000a610000 	/System/Library/Frameworks/Accelerate.framework/Versions/A/Frameworks/vecLib.framework/Versions/A/libLinearAlgebra.dylib
0x000000000a610000 	/System/Library/Frameworks/ApplicationServices.framework/Versions/A/Frameworks/ATS.framework/Versions/A/Resources/libFontParser.dylib
0x000000000a610000 	/System/Library/Frameworks/ApplicationServices.framework/Versions/A/Frameworks/ATS.framework/Versions/A/Resources/libFontRegistry.dylib
0x000000000a610000 	/System/Library/PrivateFrameworks/AppleVPA.framework/Versions/A/AppleVPA
0x000000000a610000 	/System/Library/PrivateFrameworks/AppleJPEG.framework/Versions/A/AppleJPEG
0x000000000a610000 	/System/Library/Frameworks/ImageIO.framework/Versions/A/Resources/libJPEG.dylib
0x000000000a610000 	/System/Library/Frameworks/ImageIO.framework/Versions/A/Resources/libTIFF.dylib
0x000000000a610000 	/System/Library/Frameworks/ImageIO.framework/Versions/A/Resources/libPng.dylib
0x000000000a610000 	/System/Library/Frameworks/ImageIO.framework/Versions/A/Resources/libGIF.dylib
0x000000000a610000 	/System/Library/Frameworks/ImageIO.framework/Versions/A/Resources/libJP2.dylib
0x000000000a610000 	/System/Library/Frameworks/ImageIO.framework/Versions/A/Resources/libRadiance.dylib
0x000000000a610000 	/System/Library/Frameworks/CoreVideo.framework/Versions/A/CoreVideo
0x000000000a610000 	/System/Library/Frameworks/OpenGL.framework/Versions/A/Libraries/libGLU.dylib
0x000000000a610000 	/System/Library/Frameworks/OpenGL.framework/Versions/A/Libraries/libGFXShared.dylib
0x000000000a610000 	/System/Library/Frameworks/OpenGL.framework/Versions/A/Libraries/libGL.dylib
0x000000000a610000 	/System/Library/Frameworks/OpenGL.framework/Versions/A/Libraries/libGLImage.dylib
0x000000000a610000 	/System/Library/Frameworks/OpenGL.framework/Versions/A/Libraries/libCVMSPluginSupport.dylib
0x000000000a610000 	/System/Library/Frameworks/OpenGL.framework/Versions/A/Libraries/libCoreVMClient.dylib
0x000000000a610000 	/usr/lib/libcups.2.dylib
0x000000000a610000 	/System/Library/Frameworks/Kerberos.framework/Versions/A/Kerberos
0x000000000a610000 	/System/Library/Frameworks/GSS.framework/Versions/A/GSS
0x000000000a610000 	/usr/lib/libresolv.9.dylib
0x000000000a610000 	/usr/lib/libiconv.2.dylib
0x000000000a610000 	/System/Library/PrivateFrameworks/Heimdal.framework/Versions/A/Heimdal
0x000000000a610000 	/usr/lib/libheimdal-asn1.dylib
0x000000000a610000 	/System/Library/Frameworks/OpenDirectory.framework/Versions/A/OpenDirectory
0x000000000a610000 	/System/Library/PrivateFrameworks/CommonAuth.framework/Versions/A/CommonAuth
0x000000000a610000 	/System/Library/Frameworks/OpenDirectory.framework/Versions/A/Frameworks/CFOpenDirectory.framework/Versions/A/CFOpenDirectory
0x000000000a610000 	/System/Library/Frameworks/SecurityFoundation.framework/Versions/A/SecurityFoundation
0x000000000a610000 	/System/Library/PrivateFrameworks/LanguageModeling.framework/Versions/A/LanguageModeling
0x000000000a610000 	/usr/lib/libcmph.dylib
0x000000000a610000 	/System/Library/Frameworks/ServiceManagement.framework/Versions/A/ServiceManagement
0x000000000a610000 	/usr/lib/libxslt.1.dylib
0x000000000a610000 	/System/Library/Frameworks/Carbon.framework/Versions/A/Frameworks/Ink.framework/Versions/A/Ink
0x000000000a610000 	/System/Library/Frameworks/QuartzCore.framework/Versions/A/Frameworks/CoreImage.framework/Versions/A/CoreImage
0x000000000a610000 	/System/Library/PrivateFrameworks/CrashReporterSupport.framework/Versions/A/CrashReporterSupport
0x000000000a610000 	/System/Library/Frameworks/OpenCL.framework/Versions/A/OpenCL
0x000000000a610000 	/System/Library/PrivateFrameworks/FaceCore.framework/Versions/A/FaceCore
0x000000000a610000 	/System/Library/PrivateFrameworks/Ubiquity.framework/Versions/A/Ubiquity
0x000000000a610000 	/System/Library/PrivateFrameworks/IconServices.framework/Versions/A/IconServices
0x000000000a610000 	/System/Library/PrivateFrameworks/ChunkingLibrary.framework/Versions/A/ChunkingLibrary
0x000000000a610000 	/System/Library/PrivateFrameworks/Apple80211.framework/Versions/A/Apple80211
0x000000000a610000 	/System/Library/Frameworks/CoreWLAN.framework/Versions/A/CoreWLAN
0x000000000a610000 	/System/Library/Frameworks/IOBluetooth.framework/Versions/A/IOBluetooth
0x000000000a610000 	/System/Library/PrivateFrameworks/CoreWiFi.framework/Versions/A/CoreWiFi
0x000000000a610000 	/System/Library/Frameworks/CoreBluetooth.framework/Versions/A/CoreBluetooth
0x000000000a610000 	/System/Library/PrivateFrameworks/DebugSymbols.framework/Versions/A/DebugSymbols
0x000000000a610000 	/System/Library/PrivateFrameworks/CoreSymbolication.framework/Versions/A/CoreSymbolication
0x000000000a610000 	/System/Library/PrivateFrameworks/Symbolication.framework/Versions/A/Symbolication
0x000000000a610000 	/System/Library/PrivateFrameworks/SpeechRecognitionCore.framework/Versions/A/SpeechRecognitionCore
0x000000010ac00000 	/Library/Java/JavaVirtualMachines/jdk1.8.0_45.jdk/Contents/Home/jre/lib/server/libjvm.dylib
0x000000000a610000 	/usr/lib/libstdc++.6.dylib
0x0000000109b53000 	/Library/Java/JavaVirtualMachines/jdk1.8.0_45.jdk/Contents/Home/jre/lib/libverify.dylib
0x0000000109b61000 	/Library/Java/JavaVirtualMachines/jdk1.8.0_45.jdk/Contents/Home/jre/lib/libjava.dylib
0x0000000109ba0000 	/Library/Java/JavaVirtualMachines/jdk1.8.0_45.jdk/Contents/Home/jre/lib/libzip.dylib
0x0000000122d1f000 	/System/Library/Frameworks/JavaVM.framework/Frameworks/JavaRuntimeSupport.framework/JavaRuntimeSupport
0x0000000122d37000 	/System/Library/Frameworks/JavaVM.framework/Versions/A/Frameworks/JavaNativeFoundation.framework/Versions/A/JavaNativeFoundation
0x0000000122d4c000 	/System/Library/Frameworks/JavaVM.framework/Versions/A/JavaVM
0x000000000a610000 	/System/Library/Frameworks/Carbon.framework/Versions/A/Carbon
0x0000000122d59000 	/System/Library/PrivateFrameworks/JavaLaunching.framework/Versions/A/JavaLaunching
0x000000000a610000 	/System/Library/Frameworks/Carbon.framework/Versions/A/Frameworks/CommonPanels.framework/Versions/A/CommonPanels
0x000000000a610000 	/System/Library/Frameworks/Carbon.framework/Versions/A/Frameworks/Help.framework/Versions/A/Help
0x000000000a610000 	/System/Library/Frameworks/Carbon.framework/Versions/A/Frameworks/ImageCapture.framework/Versions/A/ImageCapture
0x000000000a610000 	/System/Library/Frameworks/Carbon.framework/Versions/A/Frameworks/OpenScripting.framework/Versions/A/OpenScripting
0x000000000a610000 	/System/Library/Frameworks/Carbon.framework/Versions/A/Frameworks/Print.framework/Versions/A/Print
0x000000000a610000 	/System/Library/Frameworks/Carbon.framework/Versions/A/Frameworks/SecurityHI.framework/Versions/A/SecurityHI
0x0000000124eac000 	/Library/Java/JavaVirtualMachines/jdk1.8.0_45.jdk/Contents/Home/jre/lib/libawt.dylib
0x0000000124f54000 	/Library/Java/JavaVirtualMachines/jdk1.8.0_45.jdk/Contents/Home/jre/lib/./libmlib_image.dylib
0x0000000125020000 	/Library/Java/JavaVirtualMachines/jdk1.8.0_45.jdk/Contents/Home/jre/lib/libawt_lwawt.dylib
0x00000001250d4000 	/Library/Java/JavaVirtualMachines/jdk1.8.0_45.jdk/Contents/Home/jre/lib/./libosxapp.dylib
0x000000000a610000 	/System/Library/Frameworks/ExceptionHandling.framework/Versions/A/ExceptionHandling
0x000000000a610000 	/System/Library/PrivateFrameworks/CoreServicesInternal.framework/Versions/A/CoreServicesInternal
0x000000000a610000 	/System/Library/PrivateFrameworks/CloudDocs.framework/Versions/A/CloudDocs
0x000000000a610000 	/System/Library/PrivateFrameworks/CoreDuet.framework/Versions/A/CoreDuet
0x000000000a610000 	/System/Library/Frameworks/CloudKit.framework/Versions/A/CloudKit
0x000000000a610000 	/System/Library/PrivateFrameworks/ProtocolBuffer.framework/Versions/A/ProtocolBuffer
0x000000000a610000 	/System/Library/PrivateFrameworks/CoreDuetDaemonProtocol.framework/Versions/A/CoreDuetDaemonProtocol
0x000000000a610000 	/System/Library/PrivateFrameworks/CoreDuetDebugLogging.framework/Versions/A/CoreDuetDebugLogging
0x000000000a610000 	/System/Library/PrivateFrameworks/MMCS.framework/Versions/A/MMCS
0x000000000a610000 	/System/Library/Frameworks/CoreLocation.framework/Versions/A/CoreLocation
0x000000000a610000 	/System/Library/PrivateFrameworks/ProtectedCloudStorage.framework/Versions/A/ProtectedCloudStorage
0x000000000a610000 	/System/Library/PrivateFrameworks/GeoServices.framework/Versions/A/GeoServices
0x000000000a610000 	/System/Library/Frameworks/CoreGraphics.framework/Versions/A/Resources/libCGCMS.A.dylib
0x000000000a610000 	/System/Library/Frameworks/CoreGraphics.framework/Versions/A/Resources/libRIP.A.dylib
0x000000000a610000 	/System/Library/Frameworks/CoreGraphics.framework/Versions/A/Resources/libCGXType.A.dylib
0x000000000a610000 	/System/Library/Frameworks/OpenCL.framework/Versions/A/Libraries/libcldcpuengine.dylib
0x000000000a610000 	/System/Library/PrivateFrameworks/DiskImages.framework/Versions/A/DiskImages
0x000000000a610000 	/System/Library/Frameworks/DiscRecording.framework/Versions/A/DiscRecording
0x000000000a610000 	/usr/lib/libcsfde.dylib
0x000000000a610000 	/usr/lib/libcurl.4.dylib
0x000000000a610000 	/System/Library/PrivateFrameworks/MediaKit.framework/Versions/A/MediaKit
0x000000000a610000 	/usr/lib/libCoreStorage.dylib
0x000000000a610000 	/System/Library/PrivateFrameworks/EFILogin.framework/Versions/A/EFILogin
0x000000000a610000 	/usr/lib/libutil.dylib
0x000000000a610000 	/System/Library/PrivateFrameworks/FindMyDevice.framework/Versions/A/FindMyDevice
0x000000000a610000 	/System/Library/Frameworks/LDAP.framework/Versions/A/LDAP
0x000000000a610000 	/usr/lib/libsasl2.2.dylib
0x000000000a610000 	/System/Library/PrivateFrameworks/CoreDaemon.framework/Versions/B/CoreDaemon
0x000000000a610000 	/usr/lib/libcrypto.0.9.8.dylib
0x000000000a610000 	/System/Library/PrivateFrameworks/AppleSRP.framework/Versions/A/AppleSRP
0x000000000a610000 	/System/Library/PrivateFrameworks/TrustEvaluationAgent.framework/Versions/A/TrustEvaluationAgent
0x0000000128396000 	cl_kernels
0x0000000128398000 	/System/Library/Frameworks/OpenCL.framework/Versions/A/Libraries/ImageFormats/unorm8_bgra.dylib
0x0000000128388000 	cl_kernels
0x000000000a610000 	/System/Library/PrivateFrameworks/FamilyControls.framework/Versions/A/FamilyControls
0x000000000a610000 	/System/Library/PrivateFrameworks/CommerceKit.framework/Versions/A/Frameworks/CommerceCore.framework/Versions/A/CommerceCore
0x000000000a610000 	/System/Library/PrivateFrameworks/SystemAdministration.framework/Versions/A/SystemAdministration
0x000000000a610000 	/System/Library/PrivateFrameworks/AppContainer.framework/Versions/A/AppContainer
0x000000000a610000 	/System/Library/PrivateFrameworks/SecCodeWrapper.framework/Versions/A/SecCodeWrapper
0x000000000a610000 	/System/Library/Frameworks/DirectoryService.framework/Versions/A/DirectoryService
0x000000000a610000 	/System/Library/PrivateFrameworks/LoginUIKit.framework/Versions/A/Frameworks/LoginUICore.framework/Versions/A/LoginUICore
0x000000000a610000 	/usr/lib/libodfde.dylib
0x000000000a610000 	/System/Library/Frameworks/OpenGL.framework/Versions/A/Resources/GLEngine.bundle/GLEngine
0x000000000a610000 	/System/Library/Frameworks/OpenGL.framework/Versions/A/Libraries/libGLProgrammability.dylib
0x0000000000000000 	/System/Library/Extensions/AppleIntelHD5000GraphicsGLDriver.bundle/Contents/MacOS/AppleIntelHD5000GraphicsGLDriver
0x000000000a610000 	/System/Library/PrivateFrameworks/IOAccelerator.framework/Versions/A/IOAccelerator
0x000000000a610000 	/System/Library/PrivateFrameworks/GPUSupport.framework/Versions/A/Libraries/libGPUSupportMercury.dylib
0x0000000000000000 	/System/Library/Extensions/GeForceGLDriver.bundle/Contents/MacOS/GeForceGLDriver
0x000000000a610000 	/System/Library/Extensions/GeForceGLDriver.bundle/Contents/MacOS/libclh.dylib
0x000000000a610000 	/System/Library/Frameworks/OpenGL.framework/Versions/A/Resources/GLRendererFloat.bundle/GLRendererFloat
0x000000012a7e4000 	/Library/Java/JavaVirtualMachines/jdk1.8.0_45.jdk/Contents/Home/jre/lib/libfontmanager.dylib
0x000000012a84b000 	/Library/Java/JavaVirtualMachines/jdk1.8.0_45.jdk/Contents/Home/jre/lib/libosxui.dylib
0x000000012adfb000 	/Library/Java/JavaVirtualMachines/jdk1.8.0_45.jdk/Contents/Home/jre/lib/libnet.dylib
0x000000012ae5a000 	/Library/Java/JavaVirtualMachines/jdk1.8.0_45.jdk/Contents/Home/jre/lib/libnio.dylib
0x000000000a610000 	/System/Library/Frameworks/Accelerate.framework/Versions/A/Frameworks/vImage.framework/Versions/A/Libraries/libCGInterfaces.dylib
0x000000012be21000 	/Library/Java/JavaVirtualMachines/jdk1.8.0_45.jdk/Contents/Home/jre/lib/libosx.dylib
0x000000012bfd7000 	/Library/Java/JavaVirtualMachines/jdk1.8.0_45.jdk/Contents/Home/jre/lib/libprism_es2.dylib
0x000000012c02c000 	/private/var/folders/_3/gr58kqxs4vq4rdz44_t3sk9c0000gn/T/jogamp_0000/file_cache/jln7035581892759329104/jln5605369059942516536/libgluegen-rt.jnilib
0x000000012c4df000 	/Library/Java/JavaVirtualMachines/jdk1.8.0_45.jdk/Contents/Home/jre/lib/libglass.dylib
0x000000012c033000 	/private/var/folders/_3/gr58kqxs4vq4rdz44_t3sk9c0000gn/T/jogamp_0000/file_cache/jln7035581892759329104/jln5605369059942516536/libnativewindow_awt.jnilib
0x000000012c132000 	/Library/Java/JavaVirtualMachines/jdk1.8.0_45.jdk/Contents/Home/jre/lib/libjawt.dylib
0x000000012ca1f000 	/private/var/folders/_3/gr58kqxs4vq4rdz44_t3sk9c0000gn/T/jogamp_0000/file_cache/jln7035581892759329104/jln5605369059942516536/libnativewindow_macosx.jnilib
0x000000012f2a0000 	/private/var/folders/_3/gr58kqxs4vq4rdz44_t3sk9c0000gn/T/jogamp_0000/file_cache/jln7035581892759329104/jln5605369059942516536/libjogl_desktop.jnilib
0x000000012f005000 	/private/var/folders/_3/gr58kqxs4vq4rdz44_t3sk9c0000gn/T/jogamp_0000/file_cache/jln7035581892759329104/jln5605369059942516536/libjogl_mobile.jnilib
0x0000000133e5b000 	/Users/stefanmeier/Documents/FHNW/JHelioviewer/JHelioviewer/lib/native/libkdu_jni.jnilib
0x0000000133f95000 	/Users/stefanmeier/Documents/FHNW/JHelioviewer/JHelioviewer/lib/native/libkdu_v75R.dylib
0x00000001340d4000 	/Users/stefanmeier/Documents/FHNW/JHelioviewer/JHelioviewer/lib/native/libkdu_a75R.dylib
0x0000000132288000 	/Library/Java/JavaVirtualMachines/jdk1.8.0_45.jdk/Contents/Home/jre/lib/libdcpr.dylib
0x000000000a610000 	/System/Library/PrivateFrameworks/Shortcut.framework/Versions/A/Shortcut
0x000000000a610000 	/System/Library/PrivateFrameworks/HelpData.framework/Versions/A/HelpData
0x000000000a610000 	/usr/lib/libtidy.A.dylib

VM Arguments:
jvm_args: -Dapple.laf.useScreenMenuBar=true -Xmx2048m -Djava.library.path=/Users/stefanmeier/Documents/FHNW/JHelioviewer/JHelioviewer/lib/native:/Users/stefanmeier/Documents/FHNW/JHelioviewer/JHelioviewer/lib/native -Dfile.encoding=UTF-8 
java_command: org.helioviewer.jhv.JHelioviewer
java_class_path (initial): /Users/stefanmeier/Documents/FHNW/JHelioviewer/JHelioviewer/bin:/Users/stefanmeier/Documents/FHNW/JHelioviewer/JHelioviewer/lib/fits.jar:/Users/stefanmeier/Documents/FHNW/JHelioviewer/JHelioviewer/lib/forms-1.3.0.jar:/Users/stefanmeier/Documents/FHNW/JHelioviewer/JHelioviewer/lib/gluegen-rt.jar:/Users/stefanmeier/Documents/FHNW/JHelioviewer/JHelioviewer/lib/jgoodies-forms-1.8.0.jar:/Users/stefanmeier/Documents/FHNW/JHelioviewer/JHelioviewer/lib/json.jar:/Users/stefanmeier/Documents/FHNW/JHelioviewer/JHelioviewer/lib/log4j-1.2.16.jar:/Users/stefanmeier/Documents/FHNW/JHelioviewer/JHelioviewer/lib/xuggle-xuggler-5.4-all.jar:/Users/stefanmeier/Documents/FHNW/JHelioviewer/JHelioviewer/lib/bzip2.jar:/Users/stefanmeier/Documents/FHNW/JHelioviewer/JHelioviewer/lib/slf4j-api-1.7.7.jar:/Users/stefanmeier/Documents/FHNW/JHelioviewer/JHelioviewer/lib/slf4j-nop-1.7.7.jar:/Users/stefanmeier/Documents/FHNW/JHelioviewer/JHelioviewer/lib/gson-2.2.4.jar:/Users/stefanmeier/Documents/FHNW/JHelioviewer/JHelioviewer/lib/i4jruntime.jar:/Users/stefanmeier/Documents/FHNW/JHelioviewer/JHelioviewer/lib/kdu.jar:/Users/stefanmeier/Documents/FHNW/JHelioviewer/JHelioviewer/lib/junrar-0.7.jar:/Users/stefanmeier/Documents/FHNW/JHelioviewer/JHelioviewer/lib/commons-logging-1.2.jar:/Users/stefanmeier/Documents/FHNW/JHelioviewer/JHelioviewer/lib/core-2.0.0.jar:/Users/stefanmeier/Documents/FHNW/JHelioviewer/JHelioviewer/lib/gluegen-rt-natives-linux-amd64.jar:/Users/stefanmeier/Documents/FHNW/JHelioviewer/JHelioviewer/lib/gluegen-rt-natives-linux-i586.jar:/Users/stefanmeier/Documents/FHNW/JHelioviewer/JHelioviewer/lib/gluegen-rt-natives-macosx-universal.jar:/Users/stefanmeier/Documents/FHNW/JHelioviewer/JHelioviewer/lib/gluegen-rt-natives-windows-amd64.jar:/Users/stefanmeier/Documents/FHNW/JHelioviewer/JHelioviewer/lib/gluegen-rt-natives-windows-i586.jar:/Users/stefanmeier/Documents/FHNW/JHelioviewer/JHelioviewer/lib/jogl-all-natives-linux-amd64.jar:/Users/stefanmeier/Docum
Launcher Type: SUN_STANDARD

Environment Variables:
PATH=/usr/bin:/bin:/usr/sbin:/sbin
SHELL=/bin/bash

Signal Handlers:
SIGSEGV: [libjvm.dylib+0x58ef95], sa_mask[0]=11111111011111110111111111111111, sa_flags=SA_ONSTACK|SA_RESTART|SA_SIGINFO
SIGBUS: [libjvm.dylib+0x58ef95], sa_mask[0]=11111111011111110111111111111111, sa_flags=SA_RESTART|SA_SIGINFO
SIGFPE: [libjvm.dylib+0x46c108], sa_mask[0]=11111111011111110111111111111111, sa_flags=SA_RESTART|SA_SIGINFO
SIGPIPE: SIG_IGN, sa_mask[0]=00000000000000000000000000000000, sa_flags=SA_RESTART
SIGXFSZ: [libjvm.dylib+0x46c108], sa_mask[0]=11111111011111110111111111111111, sa_flags=SA_RESTART|SA_SIGINFO
SIGILL: [libjvm.dylib+0x46c108], sa_mask[0]=11111111011111110111111111111111, sa_flags=SA_RESTART|SA_SIGINFO
SIGUSR1: SIG_DFL, sa_mask[0]=00000000000000000000000000000000, sa_flags=none
SIGUSR2: [libjvm.dylib+0x46bc26], sa_mask[0]=00100000000000000000000000000000, sa_flags=SA_RESTART|SA_SIGINFO
SIGHUP: [libjvm.dylib+0x46a1f9], sa_mask[0]=11111111011111110111111111111111, sa_flags=SA_RESTART|SA_SIGINFO
SIGINT: [libjvm.dylib+0x46a1f9], sa_mask[0]=11111111011111110111111111111111, sa_flags=SA_RESTART|SA_SIGINFO
SIGTERM: [libjvm.dylib+0x46a1f9], sa_mask[0]=11111111011111110111111111111111, sa_flags=SA_RESTART|SA_SIGINFO
SIGQUIT: [libjvm.dylib+0x46a1f9], sa_mask[0]=11111111011111110111111111111111, sa_flags=SA_RESTART|SA_SIGINFO


---------------  S Y S T E M  ---------------

OS:Bsduname:Darwin 14.4.0 Darwin Kernel Version 14.4.0: Thu May 28 11:35:04 PDT 2015; root:xnu-2782.30.5~1/RELEASE_X86_64 x86_64
rlimit: STACK 8192k, CORE 0k, NPROC 709, NOFILE 10240, AS infinity
load average:1.68 2.29 2.69

CPU:total 8 (4 cores per cpu, 2 threads per core) family 6 model 70 stepping 1, cmov, cx8, fxsr, mmx, sse, sse2, sse3, ssse3, sse4.1, sse4.2, popcnt, avx, avx2, aes, clmul, erms, rtm, lzcnt, ht, tsc, tscinvbit, bmi1, bmi2

Memory: 4k page, physical 16777216k(2171520k free)

/proc/meminfo:


vm_info: Java HotSpot(TM) 64-Bit Server VM (25.45-b02) for bsd-amd64 JRE (1.8.0_45-b14), built on Apr 10 2015 10:46:38 by "java_re" with gcc 4.2.1 (Based on Apple Inc. build 5658) (LLVM build 2336.11.00)

time: Fri Aug 21 15:17:44 2015
elapsed time: 24 seconds (0d 0h 0m 24s)

